2018-12-12 09:40:37,867 :: DEBUG :: ZEROBNL -> deploy.py :: run :: CREATE NODES
2018-12-12 09:40:39,112 :: DEBUG :: ZEROBNL -> deploy.py :: run :: CREATE ORCH
2018-12-12 09:40:40,442 :: DEBUG :: ZEROBNL -> deploy.py :: run :: LAUNCH NETWORK+REDIS
2018-12-12 09:40:40,451 :: DEBUG :: ZEROBNL -> deploy.py :: run :: DUMP YAML
2018-12-12 09:40:40,452 :: WARNING :: ZEROBNL -> deploy.py :: run :: Local node to run in [TMP_FOLDER\base2] > python wrapper.py
2018-12-12 09:40:40,455 :: WARNING :: ZEROBNL -> deploy.py :: run :: Local node to run in [TMP_FOLDER\base3] > python wrapper.py
2018-12-12 09:40:40,456 :: INFO :: ZEROBNL -> deploy.py :: run :: Waiting for local nodes to run...
2018-12-12 09:41:18,362 :: INFO :: ZEROBNL -> deploy.py :: run :: Simulation finished in 0 min and 38 sec
2018-12-12 09:41:18,363 :: DEBUG :: ZEROBNL -> deploy.py :: run :: FINISHED PROCESS
2018-12-12 09:41:18,416 :: INFO :: ZEROBNL -> results.py :: get_results_by_pattern :: Matching results: Base0 - demandFlag
2018-12-12 09:41:18,417 :: INFO :: ZEROBNL -> results.py :: get_results_by_pattern :: Matching results: Base0 - Tth
2018-12-12 09:41:18,647 :: INFO :: ZEROBNL -> results.py :: get_results_by_pattern :: Matching results: Base1 - COGwflag
2018-12-12 09:41:18,785 :: INFO :: ZEROBNL -> results.py :: get_results_by_pattern :: Matching results: Base0 - Tindoor
2018-12-12 09:41:18,786 :: INFO :: ZEROBNL -> results.py :: get_results_by_pattern :: Matching results: Base0 - mdotTOT
2018-12-12 09:41:18,821 :: INFO :: ZEROBNL -> results.py :: get_results_by_pattern :: Matching results: Base1 - demandOK
2018-12-12 09:41:18,850 :: INFO :: ZEROBNL -> results.py :: get_results_by_pattern :: Matching results: Base1 - COGwflag
2018-12-12 09:42:42,166 :: INFO :: ZEROBNL -> results.py :: get_results_by_pattern :: Matching results: Base3 - QDH
2018-12-12 09:42:42,168 :: INFO :: ZEROBNL -> results.py :: get_results_by_pattern :: Matching results: Base3 - Tindoor
2018-12-12 09:43:26,680 :: INFO :: ZEROBNL -> results.py :: get_results_by_pattern :: Matching results: Base2 - MDOTsupply
2018-12-12 09:43:26,682 :: INFO :: ZEROBNL -> results.py :: get_results_by_pattern :: Matching results: Base2 - Tsupply
