Step 1/9 : FROM python:3
 ---> 825141134528
Step 2/9 : RUN pip install --upgrade pip
 ---> Using cache
 ---> dbda9cd8eec2
Step 3/9 : ARG BRANCH=master
 ---> Using cache
 ---> 1cdbf744149e
Step 4/9 : RUN git clone --single-branch -b $BRANCH https://github.com/IntegrCiTy/zerobnl.git
 ---> Using cache
 ---> 2fe4a96838b3
Step 5/9 : RUN cd zerobnl && pip install --no-cache-dir -r requirements.txt
 ---> Using cache
 ---> 98c76df7b7a1
Step 6/9 : RUN cd zerobnl && python setup.py install
 ---> Using cache
 ---> 34840c1f2a77
Step 7/9 : WORKDIR /code
 ---> Using cache
 ---> afe4a9b800bc
Step 8/9 : ENV PYTHONDONTWRITEBYTECODE=1
 ---> Using cache
 ---> b69dab8a7aa5
Step 9/9 : ENTRYPOINT ["python"]
 ---> Using cache
 ---> 5c7d132ed2a5
Successfully built 5c7d132ed2a5
Successfully tagged tmp_folder_orch:latest
Step 1/9 : FROM python:3
 ---> 825141134528
Step 2/9 : RUN pip install --upgrade pip
 ---> Using cache
 ---> dbda9cd8eec2
Step 3/9 : ARG BRANCH=simple_feature
 ---> Using cache
 ---> b9c8b2a38c19
Step 4/9 : RUN git clone --single-branch -b $BRANCH https://github.com/IntegrCiTy/zerobnl.git
 ---> Using cache
 ---> be030f02c792
Step 5/9 : RUN cd zerobnl && pip install --no-cache-dir -r requirements.txt
 ---> Using cache
 ---> afc0dbdf4886
Step 6/9 : RUN cd zerobnl && python setup.py install
 ---> Using cache
 ---> 8b707c464277
Step 7/9 : WORKDIR /code
 ---> Using cache
 ---> 6f787890b547
Step 8/9 : ENV PYTHONDONTWRITEBYTECODE=1
 ---> Using cache
 ---> cb17bd358caf
Step 9/9 : ENTRYPOINT ["python"]
 ---> Using cache
 ---> ed1925be2551
Successfully built ed1925be2551
Successfully tagged tmp_folder_base3:latest
Step 1/9 : FROM python:3
 ---> 825141134528
Step 2/9 : RUN pip install --upgrade pip
 ---> Using cache
 ---> dbda9cd8eec2
Step 3/9 : ARG BRANCH=simple_feature
 ---> Using cache
 ---> b9c8b2a38c19
Step 4/9 : RUN git clone --single-branch -b $BRANCH https://github.com/IntegrCiTy/zerobnl.git
 ---> Using cache
 ---> be030f02c792
Step 5/9 : RUN cd zerobnl && pip install --no-cache-dir -r requirements.txt
 ---> Using cache
 ---> afc0dbdf4886
Step 6/9 : RUN cd zerobnl && python setup.py install
 ---> Using cache
 ---> 8b707c464277
Step 7/9 : WORKDIR /code
 ---> Using cache
 ---> 6f787890b547
Step 8/9 : ENV PYTHONDONTWRITEBYTECODE=1
 ---> Using cache
 ---> cb17bd358caf
Step 9/9 : ENTRYPOINT ["python"]
 ---> Using cache
 ---> ed1925be2551
Successfully built ed1925be2551
Successfully tagged tmp_folder_base1:latest
Attaching to orch, base3, base1
base3    | Priority is set
base3    | Plants are activated
base3 exited with code 0
Aborting on container exit...
