2018-12-10 14:38:27,241 :: DEBUG :: ZEROBNL -> node.py :: __init__ :: LOAD CONFIG NODE
2018-12-10 14:38:27,241 :: DEBUG :: ZEROBNL -> node.py :: __init__ :: CONNECT REDIS
2018-12-10 14:38:27,256 :: DEBUG :: ZEROBNL -> node.py :: __init__ :: CREATE SUB/SEND
2018-12-10 14:38:27,256 :: DEBUG :: ZEROBNL -> node.py :: __init__ :: CONNECT TO SUB/SEND
2018-12-10 14:38:27,256 :: DEBUG :: ZEROBNL -> node.py :: __init__ :: SUBSCRIBED TO GRP/ALL
2018-12-10 14:38:27,256 :: DEBUG :: ZEROBNL -> node.py :: __init__ :: INIT DONE
2018-12-10 14:38:27,891 :: DEBUG :: ZEROBNL -> node.py :: set_attribute :: SET ATTRIBUTE Treturn to 40
2018-12-10 14:38:27,891 :: DEBUG :: ZEROBNL -> node.py :: set_attribute :: SET ATTRIBUTE mdot_return to 0.04
2018-12-10 14:38:27,894 :: DEBUG :: ZEROBNL -> node.py :: set_attribute :: SET ATTRIBUTE COGw_Flag to 1
2018-12-10 14:38:27,894 :: DEBUG :: ZEROBNL -> node.py :: run :: INIT VALUES DONE
2018-12-10 14:38:27,897 :: DEBUG :: ZEROBNL -> node.py :: run :: UPDATE
2018-12-10 14:38:27,897 :: DEBUG :: ZEROBNL -> node.py :: _update_inputs :: INPUTS {}
2018-12-10 14:38:27,897 :: DEBUG :: ZEROBNL -> node.py :: run :: UPDATE DONE
2018-12-10 14:38:27,899 :: DEBUG :: ZEROBNL -> node.py :: run :: STEP
2018-12-10 14:38:27,899 :: DEBUG :: ZEROBNL -> node.py :: step :: NEW TIME
2018-12-10 14:38:27,989 :: DEBUG :: ZEROBNL -> node.py :: get_attribute :: GET ATTRIBUTE Tsupply
2018-12-10 14:38:27,989 :: DEBUG :: ZEROBNL -> node.py :: get_attribute :: GET ATTRIBUTE MDOTsupply
2018-12-10 14:38:27,996 :: DEBUG :: ZEROBNL -> node.py :: run :: STATE {'Tsupply': 43.97025039442919, 'MDOTsupply': 0.04}
2018-12-10 14:38:27,996 :: DEBUG :: ZEROBNL -> node.py :: run :: STEP DONE
2018-12-10 14:38:27,999 :: DEBUG :: ZEROBNL -> node.py :: run :: UPDATE
2018-12-10 14:38:27,999 :: DEBUG :: ZEROBNL -> node.py :: _update_inputs :: INPUTS {('Base0', 'Tsupply'): 43.97025039442919, ('Base0', 'MDOTsupply'): 0.04}
2018-12-10 14:38:28,000 :: DEBUG :: ZEROBNL -> node.py :: run :: UPDATE DONE
2018-12-10 14:38:28,008 :: DEBUG :: ZEROBNL -> node.py :: run :: UPDATE
2018-12-10 14:38:28,008 :: DEBUG :: ZEROBNL -> node.py :: _update_inputs :: INPUTS {('Base0', 'Tsupply'): 43.97025039442919, ('Base0', 'MDOTsupply'): 0.04, ('Base1', 'TS'): 43.97025039442919}
2018-12-10 14:38:28,009 :: DEBUG :: ZEROBNL -> node.py :: run :: UPDATE DONE
2018-12-10 14:38:28,013 :: DEBUG :: ZEROBNL -> node.py :: run :: UPDATE
2018-12-10 14:38:28,014 :: DEBUG :: ZEROBNL -> node.py :: _update_inputs :: INPUTS {('Base0', 'Tsupply'): 43.97025039442919, ('Base0', 'MDOTsupply'): 0.04, ('Base1', 'TS'): 43.97025039442919, ('Base2', 'CDEM_TR'): 13.970250394429193, ('Base2', 'CDEM_mdotR'): 0.04, ('Base2', 'CDEM_cmf'): 1.0}
2018-12-10 14:38:28,014 :: DEBUG :: ZEROBNL -> node.py :: set_attribute :: SET ATTRIBUTE Treturn to 13.970250394429193
2018-12-10 14:38:28,018 :: DEBUG :: ZEROBNL -> node.py :: set_attribute :: SET ATTRIBUTE mdot_return to 0.04
2018-12-10 14:38:28,021 :: DEBUG :: ZEROBNL -> node.py :: run :: UPDATE DONE
2018-12-10 14:38:28,025 :: DEBUG :: ZEROBNL -> node.py :: run :: UPDATE
2018-12-10 14:38:28,026 :: DEBUG :: ZEROBNL -> node.py :: _update_inputs :: INPUTS {('Base0', 'Tsupply'): 43.97025039442919, ('Base0', 'MDOTsupply'): 0.04, ('Base1', 'TS'): 43.97025039442919, ('Base2', 'CDEM_TR'): 13.970250394429193, ('Base2', 'CDEM_mdotR'): 0.04, ('Base2', 'CDEM_cmf'): 1.0, ('Base3', 'COGwflag'): 1}
2018-12-10 14:38:28,026 :: DEBUG :: ZEROBNL -> node.py :: set_attribute :: SET ATTRIBUTE Treturn to 13.970250394429193
2018-12-10 14:38:28,028 :: DEBUG :: ZEROBNL -> node.py :: set_attribute :: SET ATTRIBUTE mdot_return to 0.04
2018-12-10 14:38:28,030 :: DEBUG :: ZEROBNL -> node.py :: set_attribute :: SET ATTRIBUTE COGw_Flag to 1
2018-12-10 14:38:28,033 :: DEBUG :: ZEROBNL -> node.py :: run :: UPDATE DONE
2018-12-10 14:38:28,035 :: DEBUG :: ZEROBNL -> node.py :: run :: STEP
2018-12-10 14:38:28,035 :: DEBUG :: ZEROBNL -> node.py :: step :: NEW TIME
2018-12-10 14:38:28,045 :: DEBUG :: ZEROBNL -> node.py :: get_attribute :: GET ATTRIBUTE Tsupply
2018-12-10 14:38:28,045 :: DEBUG :: ZEROBNL -> node.py :: get_attribute :: GET ATTRIBUTE MDOTsupply
2018-12-10 14:38:28,051 :: DEBUG :: ZEROBNL -> node.py :: run :: STATE {'Tsupply': 43.953579310475426, 'MDOTsupply': 0.04}
2018-12-10 14:38:28,051 :: DEBUG :: ZEROBNL -> node.py :: run :: STEP DONE
2018-12-10 14:38:28,054 :: DEBUG :: ZEROBNL -> node.py :: run :: UPDATE
2018-12-10 14:38:28,055 :: DEBUG :: ZEROBNL -> node.py :: _update_inputs :: INPUTS {('Base0', 'Tsupply'): 43.953579310475426, ('Base0', 'MDOTsupply'): 0.04, ('Base1', 'TS'): 43.97025039442919, ('Base2', 'CDEM_TR'): 13.970250394429193, ('Base2', 'CDEM_mdotR'): 0.04, ('Base2', 'CDEM_cmf'): 1.0, ('Base3', 'COGwflag'): 1}
2018-12-10 14:38:28,055 :: DEBUG :: ZEROBNL -> node.py :: set_attribute :: SET ATTRIBUTE Treturn to 13.970250394429193
2018-12-10 14:38:28,057 :: DEBUG :: ZEROBNL -> node.py :: set_attribute :: SET ATTRIBUTE mdot_return to 0.04
2018-12-10 14:38:28,060 :: DEBUG :: ZEROBNL -> node.py :: set_attribute :: SET ATTRIBUTE COGw_Flag to 1
2018-12-10 14:38:28,062 :: DEBUG :: ZEROBNL -> node.py :: run :: UPDATE DONE
2018-12-10 14:38:28,066 :: DEBUG :: ZEROBNL -> node.py :: run :: UPDATE
2018-12-10 14:38:28,066 :: DEBUG :: ZEROBNL -> node.py :: _update_inputs :: INPUTS {('Base0', 'Tsupply'): 43.953579310475426, ('Base0', 'MDOTsupply'): 0.04, ('Base1', 'TS'): 43.953579310475426, ('Base2', 'CDEM_TR'): 13.970250394429193, ('Base2', 'CDEM_mdotR'): 0.04, ('Base2', 'CDEM_cmf'): 1.0, ('Base3', 'COGwflag'): 1}
2018-12-10 14:38:28,066 :: DEBUG :: ZEROBNL -> node.py :: set_attribute :: SET ATTRIBUTE Treturn to 13.970250394429193
2018-12-10 14:38:28,070 :: DEBUG :: ZEROBNL -> node.py :: set_attribute :: SET ATTRIBUTE mdot_return to 0.04
2018-12-10 14:38:28,072 :: DEBUG :: ZEROBNL -> node.py :: set_attribute :: SET ATTRIBUTE COGw_Flag to 1
2018-12-10 14:38:28,074 :: DEBUG :: ZEROBNL -> node.py :: run :: UPDATE DONE
2018-12-10 14:38:28,078 :: DEBUG :: ZEROBNL -> node.py :: run :: UPDATE
2018-12-10 14:38:28,079 :: DEBUG :: ZEROBNL -> node.py :: _update_inputs :: INPUTS {('Base0', 'Tsupply'): 43.953579310475426, ('Base0', 'MDOTsupply'): 0.04, ('Base1', 'TS'): 43.953579310475426, ('Base2', 'CDEM_TR'): 13.953579310475426, ('Base2', 'CDEM_mdotR'): 0.04, ('Base2', 'CDEM_cmf'): 1.0, ('Base3', 'COGwflag'): 1}
2018-12-10 14:38:28,079 :: DEBUG :: ZEROBNL -> node.py :: set_attribute :: SET ATTRIBUTE Treturn to 13.953579310475426
2018-12-10 14:38:28,081 :: DEBUG :: ZEROBNL -> node.py :: set_attribute :: SET ATTRIBUTE mdot_return to 0.04
2018-12-10 14:38:28,084 :: DEBUG :: ZEROBNL -> node.py :: set_attribute :: SET ATTRIBUTE COGw_Flag to 1
2018-12-10 14:38:28,088 :: DEBUG :: ZEROBNL -> node.py :: run :: UPDATE DONE
2018-12-10 14:38:28,091 :: DEBUG :: ZEROBNL -> node.py :: run :: UPDATE
2018-12-10 14:38:28,092 :: DEBUG :: ZEROBNL -> node.py :: _update_inputs :: INPUTS {('Base0', 'Tsupply'): 43.953579310475426, ('Base0', 'MDOTsupply'): 0.04, ('Base1', 'TS'): 43.953579310475426, ('Base2', 'CDEM_TR'): 13.953579310475426, ('Base2', 'CDEM_mdotR'): 0.04, ('Base2', 'CDEM_cmf'): 1.0, ('Base3', 'COGwflag'): 1}
2018-12-10 14:38:28,092 :: DEBUG :: ZEROBNL -> node.py :: set_attribute :: SET ATTRIBUTE Treturn to 13.953579310475426
2018-12-10 14:38:28,094 :: DEBUG :: ZEROBNL -> node.py :: set_attribute :: SET ATTRIBUTE mdot_return to 0.04
2018-12-10 14:38:28,097 :: DEBUG :: ZEROBNL -> node.py :: set_attribute :: SET ATTRIBUTE COGw_Flag to 1
2018-12-10 14:38:28,100 :: DEBUG :: ZEROBNL -> node.py :: run :: UPDATE DONE
2018-12-10 14:38:28,102 :: DEBUG :: ZEROBNL -> node.py :: run :: STEP
2018-12-10 14:38:28,102 :: DEBUG :: ZEROBNL -> node.py :: step :: NEW TIME
2018-12-10 14:38:28,111 :: DEBUG :: ZEROBNL -> node.py :: get_attribute :: GET ATTRIBUTE Tsupply
2018-12-10 14:38:28,111 :: DEBUG :: ZEROBNL -> node.py :: get_attribute :: GET ATTRIBUTE MDOTsupply
2018-12-10 14:38:28,116 :: DEBUG :: ZEROBNL -> node.py :: run :: STATE {'Tsupply': 43.95874992485089, 'MDOTsupply': 0.04}
2018-12-10 14:38:28,116 :: DEBUG :: ZEROBNL -> node.py :: run :: STEP DONE
2018-12-10 14:38:28,119 :: DEBUG :: ZEROBNL -> node.py :: run :: UPDATE
2018-12-10 14:38:28,119 :: DEBUG :: ZEROBNL -> node.py :: _update_inputs :: INPUTS {('Base0', 'Tsupply'): 43.95874992485089, ('Base0', 'MDOTsupply'): 0.04, ('Base1', 'TS'): 43.953579310475426, ('Base2', 'CDEM_TR'): 13.953579310475426, ('Base2', 'CDEM_mdotR'): 0.04, ('Base2', 'CDEM_cmf'): 1.0, ('Base3', 'COGwflag'): 1}
2018-12-10 14:38:28,120 :: DEBUG :: ZEROBNL -> node.py :: set_attribute :: SET ATTRIBUTE Treturn to 13.953579310475426
2018-12-10 14:38:28,123 :: DEBUG :: ZEROBNL -> node.py :: set_attribute :: SET ATTRIBUTE mdot_return to 0.04
2018-12-10 14:38:28,125 :: DEBUG :: ZEROBNL -> node.py :: set_attribute :: SET ATTRIBUTE COGw_Flag to 1
2018-12-10 14:38:28,128 :: DEBUG :: ZEROBNL -> node.py :: run :: UPDATE DONE
2018-12-10 14:38:28,131 :: DEBUG :: ZEROBNL -> node.py :: run :: UPDATE
2018-12-10 14:38:28,131 :: DEBUG :: ZEROBNL -> node.py :: _update_inputs :: INPUTS {('Base0', 'Tsupply'): 43.95874992485089, ('Base0', 'MDOTsupply'): 0.04, ('Base1', 'TS'): 43.95874992485089, ('Base2', 'CDEM_TR'): 13.953579310475426, ('Base2', 'CDEM_mdotR'): 0.04, ('Base2', 'CDEM_cmf'): 1.0, ('Base3', 'COGwflag'): 1}
2018-12-10 14:38:28,131 :: DEBUG :: ZEROBNL -> node.py :: set_attribute :: SET ATTRIBUTE Treturn to 13.953579310475426
2018-12-10 14:38:28,136 :: DEBUG :: ZEROBNL -> node.py :: set_attribute :: SET ATTRIBUTE mdot_return to 0.04
2018-12-10 14:38:28,139 :: DEBUG :: ZEROBNL -> node.py :: set_attribute :: SET ATTRIBUTE COGw_Flag to 1
2018-12-10 14:38:28,141 :: DEBUG :: ZEROBNL -> node.py :: run :: UPDATE DONE
2018-12-10 14:38:28,146 :: DEBUG :: ZEROBNL -> node.py :: run :: UPDATE
2018-12-10 14:38:28,146 :: DEBUG :: ZEROBNL -> node.py :: _update_inputs :: INPUTS {('Base0', 'Tsupply'): 43.95874992485089, ('Base0', 'MDOTsupply'): 0.04, ('Base1', 'TS'): 43.95874992485089, ('Base2', 'CDEM_TR'): 13.958749924850892, ('Base2', 'CDEM_mdotR'): 0.04, ('Base2', 'CDEM_cmf'): 1.0, ('Base3', 'COGwflag'): 1}
2018-12-10 14:38:28,146 :: DEBUG :: ZEROBNL -> node.py :: set_attribute :: SET ATTRIBUTE Treturn to 13.958749924850892
2018-12-10 14:38:28,149 :: DEBUG :: ZEROBNL -> node.py :: set_attribute :: SET ATTRIBUTE mdot_return to 0.04
2018-12-10 14:38:28,152 :: DEBUG :: ZEROBNL -> node.py :: set_attribute :: SET ATTRIBUTE COGw_Flag to 1
2018-12-10 14:38:28,155 :: DEBUG :: ZEROBNL -> node.py :: run :: UPDATE DONE
2018-12-10 14:38:28,158 :: DEBUG :: ZEROBNL -> node.py :: run :: UPDATE
2018-12-10 14:38:28,158 :: DEBUG :: ZEROBNL -> node.py :: _update_inputs :: INPUTS {('Base0', 'Tsupply'): 43.95874992485089, ('Base0', 'MDOTsupply'): 0.04, ('Base1', 'TS'): 43.95874992485089, ('Base2', 'CDEM_TR'): 13.958749924850892, ('Base2', 'CDEM_mdotR'): 0.04, ('Base2', 'CDEM_cmf'): 1.0, ('Base3', 'COGwflag'): 1}
2018-12-10 14:38:28,158 :: DEBUG :: ZEROBNL -> node.py :: set_attribute :: SET ATTRIBUTE Treturn to 13.958749924850892
2018-12-10 14:38:28,161 :: DEBUG :: ZEROBNL -> node.py :: set_attribute :: SET ATTRIBUTE mdot_return to 0.04
2018-12-10 14:38:28,164 :: DEBUG :: ZEROBNL -> node.py :: set_attribute :: SET ATTRIBUTE COGw_Flag to 1
2018-12-10 14:38:28,167 :: DEBUG :: ZEROBNL -> node.py :: run :: UPDATE DONE
2018-12-10 14:38:28,168 :: DEBUG :: ZEROBNL -> node.py :: run :: STEP
2018-12-10 14:38:28,169 :: DEBUG :: ZEROBNL -> node.py :: step :: NEW TIME
2018-12-10 14:38:28,180 :: DEBUG :: ZEROBNL -> node.py :: get_attribute :: GET ATTRIBUTE Tsupply
2018-12-10 14:38:28,180 :: DEBUG :: ZEROBNL -> node.py :: get_attribute :: GET ATTRIBUTE MDOTsupply
2018-12-10 14:38:28,185 :: DEBUG :: ZEROBNL -> node.py :: run :: STATE {'Tsupply': 43.955032880021626, 'MDOTsupply': 0.04}
2018-12-10 14:38:28,185 :: DEBUG :: ZEROBNL -> node.py :: run :: STEP DONE
2018-12-10 14:38:28,187 :: DEBUG :: ZEROBNL -> node.py :: run :: UPDATE
2018-12-10 14:38:28,187 :: DEBUG :: ZEROBNL -> node.py :: _update_inputs :: INPUTS {('Base0', 'Tsupply'): 43.955032880021626, ('Base0', 'MDOTsupply'): 0.04, ('Base1', 'TS'): 43.95874992485089, ('Base2', 'CDEM_TR'): 13.958749924850892, ('Base2', 'CDEM_mdotR'): 0.04, ('Base2', 'CDEM_cmf'): 1.0, ('Base3', 'COGwflag'): 1}
2018-12-10 14:38:28,187 :: DEBUG :: ZEROBNL -> node.py :: set_attribute :: SET ATTRIBUTE Treturn to 13.958749924850892
2018-12-10 14:38:28,190 :: DEBUG :: ZEROBNL -> node.py :: set_attribute :: SET ATTRIBUTE mdot_return to 0.04
2018-12-10 14:38:28,192 :: DEBUG :: ZEROBNL -> node.py :: set_attribute :: SET ATTRIBUTE COGw_Flag to 1
2018-12-10 14:38:28,194 :: DEBUG :: ZEROBNL -> node.py :: run :: UPDATE DONE
2018-12-10 14:38:28,198 :: DEBUG :: ZEROBNL -> node.py :: run :: UPDATE
2018-12-10 14:38:28,199 :: DEBUG :: ZEROBNL -> node.py :: _update_inputs :: INPUTS {('Base0', 'Tsupply'): 43.955032880021626, ('Base0', 'MDOTsupply'): 0.04, ('Base1', 'TS'): 43.955032880021626, ('Base2', 'CDEM_TR'): 13.958749924850892, ('Base2', 'CDEM_mdotR'): 0.04, ('Base2', 'CDEM_cmf'): 1.0, ('Base3', 'COGwflag'): 1}
2018-12-10 14:38:28,199 :: DEBUG :: ZEROBNL -> node.py :: set_attribute :: SET ATTRIBUTE Treturn to 13.958749924850892
2018-12-10 14:38:28,202 :: DEBUG :: ZEROBNL -> node.py :: set_attribute :: SET ATTRIBUTE mdot_return to 0.04
2018-12-10 14:38:28,205 :: DEBUG :: ZEROBNL -> node.py :: set_attribute :: SET ATTRIBUTE COGw_Flag to 1
2018-12-10 14:38:28,208 :: DEBUG :: ZEROBNL -> node.py :: run :: UPDATE DONE
2018-12-10 14:38:28,213 :: DEBUG :: ZEROBNL -> node.py :: run :: UPDATE
2018-12-10 14:38:28,213 :: DEBUG :: ZEROBNL -> node.py :: _update_inputs :: INPUTS {('Base0', 'Tsupply'): 43.955032880021626, ('Base0', 'MDOTsupply'): 0.04, ('Base1', 'TS'): 43.955032880021626, ('Base2', 'CDEM_TR'): 13.955032880021626, ('Base2', 'CDEM_mdotR'): 0.04, ('Base2', 'CDEM_cmf'): 1.0, ('Base3', 'COGwflag'): 1}
2018-12-10 14:38:28,214 :: DEBUG :: ZEROBNL -> node.py :: set_attribute :: SET ATTRIBUTE Treturn to 13.955032880021626
2018-12-10 14:38:28,217 :: DEBUG :: ZEROBNL -> node.py :: set_attribute :: SET ATTRIBUTE mdot_return to 0.04
2018-12-10 14:38:28,219 :: DEBUG :: ZEROBNL -> node.py :: set_attribute :: SET ATTRIBUTE COGw_Flag to 1
2018-12-10 14:38:28,222 :: DEBUG :: ZEROBNL -> node.py :: run :: UPDATE DONE
2018-12-10 14:38:28,225 :: DEBUG :: ZEROBNL -> node.py :: run :: UPDATE
2018-12-10 14:38:28,226 :: DEBUG :: ZEROBNL -> node.py :: _update_inputs :: INPUTS {('Base0', 'Tsupply'): 43.955032880021626, ('Base0', 'MDOTsupply'): 0.04, ('Base1', 'TS'): 43.955032880021626, ('Base2', 'CDEM_TR'): 13.955032880021626, ('Base2', 'CDEM_mdotR'): 0.04, ('Base2', 'CDEM_cmf'): 1.0, ('Base3', 'COGwflag'): 1}
2018-12-10 14:38:28,226 :: DEBUG :: ZEROBNL -> node.py :: set_attribute :: SET ATTRIBUTE Treturn to 13.955032880021626
2018-12-10 14:38:28,228 :: DEBUG :: ZEROBNL -> node.py :: set_attribute :: SET ATTRIBUTE mdot_return to 0.04
2018-12-10 14:38:28,231 :: DEBUG :: ZEROBNL -> node.py :: set_attribute :: SET ATTRIBUTE COGw_Flag to 1
2018-12-10 14:38:28,233 :: DEBUG :: ZEROBNL -> node.py :: run :: UPDATE DONE
2018-12-10 14:38:28,234 :: DEBUG :: ZEROBNL -> node.py :: run :: STEP
2018-12-10 14:38:28,234 :: DEBUG :: ZEROBNL -> node.py :: step :: NEW TIME
2018-12-10 14:38:28,250 :: DEBUG :: ZEROBNL -> node.py :: get_attribute :: GET ATTRIBUTE Tsupply
2018-12-10 14:38:28,250 :: DEBUG :: ZEROBNL -> node.py :: get_attribute :: GET ATTRIBUTE MDOTsupply
2018-12-10 14:38:28,256 :: DEBUG :: ZEROBNL -> node.py :: run :: STATE {'Tsupply': 43.95612221146615, 'MDOTsupply': 0.04}
2018-12-10 14:38:28,256 :: DEBUG :: ZEROBNL -> node.py :: run :: STEP DONE
2018-12-10 14:38:28,258 :: DEBUG :: ZEROBNL -> node.py :: run :: UPDATE
2018-12-10 14:38:28,258 :: DEBUG :: ZEROBNL -> node.py :: _update_inputs :: INPUTS {('Base0', 'Tsupply'): 43.95612221146615, ('Base0', 'MDOTsupply'): 0.04, ('Base1', 'TS'): 43.955032880021626, ('Base2', 'CDEM_TR'): 13.955032880021626, ('Base2', 'CDEM_mdotR'): 0.04, ('Base2', 'CDEM_cmf'): 1.0, ('Base3', 'COGwflag'): 1}
2018-12-10 14:38:28,258 :: DEBUG :: ZEROBNL -> node.py :: set_attribute :: SET ATTRIBUTE Treturn to 13.955032880021626
2018-12-10 14:38:28,262 :: DEBUG :: ZEROBNL -> node.py :: set_attribute :: SET ATTRIBUTE mdot_return to 0.04
2018-12-10 14:38:28,264 :: DEBUG :: ZEROBNL -> node.py :: set_attribute :: SET ATTRIBUTE COGw_Flag to 1
2018-12-10 14:38:28,268 :: DEBUG :: ZEROBNL -> node.py :: run :: UPDATE DONE
2018-12-10 14:38:28,273 :: DEBUG :: ZEROBNL -> node.py :: run :: UPDATE
2018-12-10 14:38:28,273 :: DEBUG :: ZEROBNL -> node.py :: _update_inputs :: INPUTS {('Base0', 'Tsupply'): 43.95612221146615, ('Base0', 'MDOTsupply'): 0.04, ('Base1', 'TS'): 43.95612221146615, ('Base2', 'CDEM_TR'): 13.955032880021626, ('Base2', 'CDEM_mdotR'): 0.04, ('Base2', 'CDEM_cmf'): 1.0, ('Base3', 'COGwflag'): 1}
2018-12-10 14:38:28,273 :: DEBUG :: ZEROBNL -> node.py :: set_attribute :: SET ATTRIBUTE Treturn to 13.955032880021626
2018-12-10 14:38:28,276 :: DEBUG :: ZEROBNL -> node.py :: set_attribute :: SET ATTRIBUTE mdot_return to 0.04
2018-12-10 14:38:28,279 :: DEBUG :: ZEROBNL -> node.py :: set_attribute :: SET ATTRIBUTE COGw_Flag to 1
2018-12-10 14:38:28,282 :: DEBUG :: ZEROBNL -> node.py :: run :: UPDATE DONE
2018-12-10 14:38:28,288 :: DEBUG :: ZEROBNL -> node.py :: run :: UPDATE
2018-12-10 14:38:28,288 :: DEBUG :: ZEROBNL -> node.py :: _update_inputs :: INPUTS {('Base0', 'Tsupply'): 43.95612221146615, ('Base0', 'MDOTsupply'): 0.04, ('Base1', 'TS'): 43.95612221146615, ('Base2', 'CDEM_TR'): 13.956122211466152, ('Base2', 'CDEM_mdotR'): 0.04, ('Base2', 'CDEM_cmf'): 1.0, ('Base3', 'COGwflag'): 1}
2018-12-10 14:38:28,288 :: DEBUG :: ZEROBNL -> node.py :: set_attribute :: SET ATTRIBUTE Treturn to 13.956122211466152
2018-12-10 14:38:28,291 :: DEBUG :: ZEROBNL -> node.py :: set_attribute :: SET ATTRIBUTE mdot_return to 0.04
2018-12-10 14:38:28,293 :: DEBUG :: ZEROBNL -> node.py :: set_attribute :: SET ATTRIBUTE COGw_Flag to 1
2018-12-10 14:38:28,296 :: DEBUG :: ZEROBNL -> node.py :: run :: UPDATE DONE
2018-12-10 14:38:28,299 :: DEBUG :: ZEROBNL -> node.py :: run :: UPDATE
2018-12-10 14:38:28,300 :: DEBUG :: ZEROBNL -> node.py :: _update_inputs :: INPUTS {('Base0', 'Tsupply'): 43.95612221146615, ('Base0', 'MDOTsupply'): 0.04, ('Base1', 'TS'): 43.95612221146615, ('Base2', 'CDEM_TR'): 13.956122211466152, ('Base2', 'CDEM_mdotR'): 0.04, ('Base2', 'CDEM_cmf'): 1.0, ('Base3', 'COGwflag'): 1}
2018-12-10 14:38:28,300 :: DEBUG :: ZEROBNL -> node.py :: set_attribute :: SET ATTRIBUTE Treturn to 13.956122211466152
2018-12-10 14:38:28,303 :: DEBUG :: ZEROBNL -> node.py :: set_attribute :: SET ATTRIBUTE mdot_return to 0.04
2018-12-10 14:38:28,305 :: DEBUG :: ZEROBNL -> node.py :: set_attribute :: SET ATTRIBUTE COGw_Flag to 1
2018-12-10 14:38:28,308 :: DEBUG :: ZEROBNL -> node.py :: run :: UPDATE DONE
2018-12-10 14:38:28,310 :: DEBUG :: ZEROBNL -> node.py :: run :: STEP
2018-12-10 14:38:28,310 :: DEBUG :: ZEROBNL -> node.py :: step :: NEW TIME
2018-12-10 14:38:28,322 :: DEBUG :: ZEROBNL -> node.py :: get_attribute :: GET ATTRIBUTE Tsupply
2018-12-10 14:38:28,322 :: DEBUG :: ZEROBNL -> node.py :: get_attribute :: GET ATTRIBUTE MDOTsupply
2018-12-10 14:38:28,327 :: DEBUG :: ZEROBNL -> node.py :: run :: STATE {'Tsupply': 43.95586306831089, 'MDOTsupply': 0.04}
2018-12-10 14:38:28,328 :: DEBUG :: ZEROBNL -> node.py :: run :: STEP DONE
2018-12-10 14:38:28,331 :: DEBUG :: ZEROBNL -> node.py :: run :: UPDATE
2018-12-10 14:38:28,332 :: DEBUG :: ZEROBNL -> node.py :: _update_inputs :: INPUTS {('Base0', 'Tsupply'): 43.95586306831089, ('Base0', 'MDOTsupply'): 0.04, ('Base1', 'TS'): 43.95612221146615, ('Base2', 'CDEM_TR'): 13.956122211466152, ('Base2', 'CDEM_mdotR'): 0.04, ('Base2', 'CDEM_cmf'): 1.0, ('Base3', 'COGwflag'): 1}
2018-12-10 14:38:28,332 :: DEBUG :: ZEROBNL -> node.py :: set_attribute :: SET ATTRIBUTE Treturn to 13.956122211466152
2018-12-10 14:38:28,335 :: DEBUG :: ZEROBNL -> node.py :: set_attribute :: SET ATTRIBUTE mdot_return to 0.04
2018-12-10 14:38:28,339 :: DEBUG :: ZEROBNL -> node.py :: set_attribute :: SET ATTRIBUTE COGw_Flag to 1
2018-12-10 14:38:28,341 :: DEBUG :: ZEROBNL -> node.py :: run :: UPDATE DONE
2018-12-10 14:38:28,346 :: DEBUG :: ZEROBNL -> node.py :: run :: UPDATE
2018-12-10 14:38:28,346 :: DEBUG :: ZEROBNL -> node.py :: _update_inputs :: INPUTS {('Base0', 'Tsupply'): 43.95586306831089, ('Base0', 'MDOTsupply'): 0.04, ('Base1', 'TS'): 43.95586306831089, ('Base2', 'CDEM_TR'): 13.956122211466152, ('Base2', 'CDEM_mdotR'): 0.04, ('Base2', 'CDEM_cmf'): 1.0, ('Base3', 'COGwflag'): 1}
2018-12-10 14:38:28,346 :: DEBUG :: ZEROBNL -> node.py :: set_attribute :: SET ATTRIBUTE Treturn to 13.956122211466152
2018-12-10 14:38:28,349 :: DEBUG :: ZEROBNL -> node.py :: set_attribute :: SET ATTRIBUTE mdot_return to 0.04
2018-12-10 14:38:28,352 :: DEBUG :: ZEROBNL -> node.py :: set_attribute :: SET ATTRIBUTE COGw_Flag to 1
2018-12-10 14:38:28,355 :: DEBUG :: ZEROBNL -> node.py :: run :: UPDATE DONE
2018-12-10 14:38:28,363 :: DEBUG :: ZEROBNL -> node.py :: run :: UPDATE
2018-12-10 14:38:28,364 :: DEBUG :: ZEROBNL -> node.py :: _update_inputs :: INPUTS {('Base0', 'Tsupply'): 43.95586306831089, ('Base0', 'MDOTsupply'): 0.04, ('Base1', 'TS'): 43.95586306831089, ('Base2', 'CDEM_TR'): 13.95586306831089, ('Base2', 'CDEM_mdotR'): 0.04, ('Base2', 'CDEM_cmf'): 1.0, ('Base3', 'COGwflag'): 1}
2018-12-10 14:38:28,364 :: DEBUG :: ZEROBNL -> node.py :: set_attribute :: SET ATTRIBUTE Treturn to 13.95586306831089
2018-12-10 14:38:28,372 :: DEBUG :: ZEROBNL -> node.py :: set_attribute :: SET ATTRIBUTE mdot_return to 0.04
2018-12-10 14:38:28,376 :: DEBUG :: ZEROBNL -> node.py :: set_attribute :: SET ATTRIBUTE COGw_Flag to 1
2018-12-10 14:38:28,380 :: DEBUG :: ZEROBNL -> node.py :: run :: UPDATE DONE
2018-12-10 14:38:28,386 :: DEBUG :: ZEROBNL -> node.py :: run :: UPDATE
2018-12-10 14:38:28,386 :: DEBUG :: ZEROBNL -> node.py :: _update_inputs :: INPUTS {('Base0', 'Tsupply'): 43.95586306831089, ('Base0', 'MDOTsupply'): 0.04, ('Base1', 'TS'): 43.95586306831089, ('Base2', 'CDEM_TR'): 13.95586306831089, ('Base2', 'CDEM_mdotR'): 0.04, ('Base2', 'CDEM_cmf'): 1.0, ('Base3', 'COGwflag'): 1}
2018-12-10 14:38:28,386 :: DEBUG :: ZEROBNL -> node.py :: set_attribute :: SET ATTRIBUTE Treturn to 13.95586306831089
2018-12-10 14:38:28,389 :: DEBUG :: ZEROBNL -> node.py :: set_attribute :: SET ATTRIBUTE mdot_return to 0.04
2018-12-10 14:38:28,392 :: DEBUG :: ZEROBNL -> node.py :: set_attribute :: SET ATTRIBUTE COGw_Flag to 1
2018-12-10 14:38:28,395 :: DEBUG :: ZEROBNL -> node.py :: run :: UPDATE DONE
2018-12-10 14:38:28,397 :: DEBUG :: ZEROBNL -> node.py :: run :: STEP
2018-12-10 14:38:28,397 :: DEBUG :: ZEROBNL -> node.py :: step :: NEW TIME
2018-12-10 14:38:28,408 :: DEBUG :: ZEROBNL -> node.py :: get_attribute :: GET ATTRIBUTE Tsupply
2018-12-10 14:38:28,408 :: DEBUG :: ZEROBNL -> node.py :: get_attribute :: GET ATTRIBUTE MDOTsupply
2018-12-10 14:38:28,413 :: DEBUG :: ZEROBNL -> node.py :: run :: STATE {'Tsupply': 43.95591911780098, 'MDOTsupply': 0.04}
2018-12-10 14:38:28,413 :: DEBUG :: ZEROBNL -> node.py :: run :: STEP DONE
2018-12-10 14:38:28,417 :: DEBUG :: ZEROBNL -> node.py :: run :: UPDATE
2018-12-10 14:38:28,417 :: DEBUG :: ZEROBNL -> node.py :: _update_inputs :: INPUTS {('Base0', 'Tsupply'): 43.95591911780098, ('Base0', 'MDOTsupply'): 0.04, ('Base1', 'TS'): 43.95586306831089, ('Base2', 'CDEM_TR'): 13.95586306831089, ('Base2', 'CDEM_mdotR'): 0.04, ('Base2', 'CDEM_cmf'): 1.0, ('Base3', 'COGwflag'): 1}
2018-12-10 14:38:28,418 :: DEBUG :: ZEROBNL -> node.py :: set_attribute :: SET ATTRIBUTE Treturn to 13.95586306831089
2018-12-10 14:38:28,420 :: DEBUG :: ZEROBNL -> node.py :: set_attribute :: SET ATTRIBUTE mdot_return to 0.04
2018-12-10 14:38:28,424 :: DEBUG :: ZEROBNL -> node.py :: set_attribute :: SET ATTRIBUTE COGw_Flag to 1
2018-12-10 14:38:28,427 :: DEBUG :: ZEROBNL -> node.py :: run :: UPDATE DONE
2018-12-10 14:38:28,434 :: DEBUG :: ZEROBNL -> node.py :: run :: UPDATE
2018-12-10 14:38:28,434 :: DEBUG :: ZEROBNL -> node.py :: _update_inputs :: INPUTS {('Base0', 'Tsupply'): 43.95591911780098, ('Base0', 'MDOTsupply'): 0.04, ('Base1', 'TS'): 43.95591911780098, ('Base2', 'CDEM_TR'): 13.95586306831089, ('Base2', 'CDEM_mdotR'): 0.04, ('Base2', 'CDEM_cmf'): 1.0, ('Base3', 'COGwflag'): 1}
2018-12-10 14:38:28,435 :: DEBUG :: ZEROBNL -> node.py :: set_attribute :: SET ATTRIBUTE Treturn to 13.95586306831089
2018-12-10 14:38:28,443 :: DEBUG :: ZEROBNL -> node.py :: set_attribute :: SET ATTRIBUTE mdot_return to 0.04
2018-12-10 14:38:28,447 :: DEBUG :: ZEROBNL -> node.py :: set_attribute :: SET ATTRIBUTE COGw_Flag to 1
2018-12-10 14:38:28,451 :: DEBUG :: ZEROBNL -> node.py :: run :: UPDATE DONE
2018-12-10 14:38:28,457 :: DEBUG :: ZEROBNL -> node.py :: run :: UPDATE
2018-12-10 14:38:28,458 :: DEBUG :: ZEROBNL -> node.py :: _update_inputs :: INPUTS {('Base0', 'Tsupply'): 43.95591911780098, ('Base0', 'MDOTsupply'): 0.04, ('Base1', 'TS'): 43.95591911780098, ('Base2', 'CDEM_TR'): 13.955919117800981, ('Base2', 'CDEM_mdotR'): 0.04, ('Base2', 'CDEM_cmf'): 1.0, ('Base3', 'COGwflag'): 1}
2018-12-10 14:38:28,458 :: DEBUG :: ZEROBNL -> node.py :: set_attribute :: SET ATTRIBUTE Treturn to 13.955919117800981
2018-12-10 14:38:28,462 :: DEBUG :: ZEROBNL -> node.py :: set_attribute :: SET ATTRIBUTE mdot_return to 0.04
2018-12-10 14:38:28,465 :: DEBUG :: ZEROBNL -> node.py :: set_attribute :: SET ATTRIBUTE COGw_Flag to 1
2018-12-10 14:38:28,468 :: DEBUG :: ZEROBNL -> node.py :: run :: UPDATE DONE
2018-12-10 14:38:28,472 :: DEBUG :: ZEROBNL -> node.py :: run :: UPDATE
2018-12-10 14:38:28,472 :: DEBUG :: ZEROBNL -> node.py :: _update_inputs :: INPUTS {('Base0', 'Tsupply'): 43.95591911780098, ('Base0', 'MDOTsupply'): 0.04, ('Base1', 'TS'): 43.95591911780098, ('Base2', 'CDEM_TR'): 13.955919117800981, ('Base2', 'CDEM_mdotR'): 0.04, ('Base2', 'CDEM_cmf'): 1.0, ('Base3', 'COGwflag'): 1}
2018-12-10 14:38:28,472 :: DEBUG :: ZEROBNL -> node.py :: set_attribute :: SET ATTRIBUTE Treturn to 13.955919117800981
2018-12-10 14:38:28,476 :: DEBUG :: ZEROBNL -> node.py :: set_attribute :: SET ATTRIBUTE mdot_return to 0.04
2018-12-10 14:38:28,479 :: DEBUG :: ZEROBNL -> node.py :: set_attribute :: SET ATTRIBUTE COGw_Flag to 1
2018-12-10 14:38:28,482 :: DEBUG :: ZEROBNL -> node.py :: run :: UPDATE DONE
2018-12-10 14:38:28,483 :: DEBUG :: ZEROBNL -> node.py :: run :: STEP
2018-12-10 14:38:28,484 :: DEBUG :: ZEROBNL -> node.py :: step :: NEW TIME
2018-12-10 14:38:28,495 :: DEBUG :: ZEROBNL -> node.py :: get_attribute :: GET ATTRIBUTE Tsupply
2018-12-10 14:38:28,495 :: DEBUG :: ZEROBNL -> node.py :: get_attribute :: GET ATTRIBUTE MDOTsupply
2018-12-10 14:38:28,500 :: DEBUG :: ZEROBNL -> node.py :: run :: STATE {'Tsupply': 43.955907637438706, 'MDOTsupply': 0.04}
2018-12-10 14:38:28,500 :: DEBUG :: ZEROBNL -> node.py :: run :: STEP DONE
2018-12-10 14:38:28,503 :: DEBUG :: ZEROBNL -> node.py :: run :: UPDATE
2018-12-10 14:38:28,504 :: DEBUG :: ZEROBNL -> node.py :: _update_inputs :: INPUTS {('Base0', 'Tsupply'): 43.955907637438706, ('Base0', 'MDOTsupply'): 0.04, ('Base1', 'TS'): 43.95591911780098, ('Base2', 'CDEM_TR'): 13.955919117800981, ('Base2', 'CDEM_mdotR'): 0.04, ('Base2', 'CDEM_cmf'): 1.0, ('Base3', 'COGwflag'): 1}
2018-12-10 14:38:28,504 :: DEBUG :: ZEROBNL -> node.py :: set_attribute :: SET ATTRIBUTE Treturn to 13.955919117800981
2018-12-10 14:38:28,507 :: DEBUG :: ZEROBNL -> node.py :: set_attribute :: SET ATTRIBUTE mdot_return to 0.04
2018-12-10 14:38:28,509 :: DEBUG :: ZEROBNL -> node.py :: set_attribute :: SET ATTRIBUTE COGw_Flag to 1
2018-12-10 14:38:28,512 :: DEBUG :: ZEROBNL -> node.py :: run :: UPDATE DONE
2018-12-10 14:38:28,516 :: DEBUG :: ZEROBNL -> node.py :: run :: UPDATE
2018-12-10 14:38:28,516 :: DEBUG :: ZEROBNL -> node.py :: _update_inputs :: INPUTS {('Base0', 'Tsupply'): 43.955907637438706, ('Base0', 'MDOTsupply'): 0.04, ('Base1', 'TS'): 43.955907637438706, ('Base2', 'CDEM_TR'): 13.955919117800981, ('Base2', 'CDEM_mdotR'): 0.04, ('Base2', 'CDEM_cmf'): 1.0, ('Base3', 'COGwflag'): 1}
2018-12-10 14:38:28,517 :: DEBUG :: ZEROBNL -> node.py :: set_attribute :: SET ATTRIBUTE Treturn to 13.955919117800981
2018-12-10 14:38:28,520 :: DEBUG :: ZEROBNL -> node.py :: set_attribute :: SET ATTRIBUTE mdot_return to 0.04
2018-12-10 14:38:28,523 :: DEBUG :: ZEROBNL -> node.py :: set_attribute :: SET ATTRIBUTE COGw_Flag to 1
2018-12-10 14:38:28,525 :: DEBUG :: ZEROBNL -> node.py :: run :: UPDATE DONE
2018-12-10 14:38:28,530 :: DEBUG :: ZEROBNL -> node.py :: run :: UPDATE
2018-12-10 14:38:28,530 :: DEBUG :: ZEROBNL -> node.py :: _update_inputs :: INPUTS {('Base0', 'Tsupply'): 43.955907637438706, ('Base0', 'MDOTsupply'): 0.04, ('Base1', 'TS'): 43.955907637438706, ('Base2', 'CDEM_TR'): 13.955907637438706, ('Base2', 'CDEM_mdotR'): 0.04, ('Base2', 'CDEM_cmf'): 1.0, ('Base3', 'COGwflag'): 1}
2018-12-10 14:38:28,531 :: DEBUG :: ZEROBNL -> node.py :: set_attribute :: SET ATTRIBUTE Treturn to 13.955907637438706
2018-12-10 14:38:28,534 :: DEBUG :: ZEROBNL -> node.py :: set_attribute :: SET ATTRIBUTE mdot_return to 0.04
2018-12-10 14:38:28,536 :: DEBUG :: ZEROBNL -> node.py :: set_attribute :: SET ATTRIBUTE COGw_Flag to 1
2018-12-10 14:38:28,539 :: DEBUG :: ZEROBNL -> node.py :: run :: UPDATE DONE
2018-12-10 14:38:28,542 :: DEBUG :: ZEROBNL -> node.py :: run :: UPDATE
2018-12-10 14:38:28,542 :: DEBUG :: ZEROBNL -> node.py :: _update_inputs :: INPUTS {('Base0', 'Tsupply'): 43.955907637438706, ('Base0', 'MDOTsupply'): 0.04, ('Base1', 'TS'): 43.955907637438706, ('Base2', 'CDEM_TR'): 13.955907637438706, ('Base2', 'CDEM_mdotR'): 0.04, ('Base2', 'CDEM_cmf'): 1.0, ('Base3', 'COGwflag'): 1}
2018-12-10 14:38:28,542 :: DEBUG :: ZEROBNL -> node.py :: set_attribute :: SET ATTRIBUTE Treturn to 13.955907637438706
2018-12-10 14:38:28,545 :: DEBUG :: ZEROBNL -> node.py :: set_attribute :: SET ATTRIBUTE mdot_return to 0.04
2018-12-10 14:38:28,548 :: DEBUG :: ZEROBNL -> node.py :: set_attribute :: SET ATTRIBUTE COGw_Flag to 1
2018-12-10 14:38:28,550 :: DEBUG :: ZEROBNL -> node.py :: run :: UPDATE DONE
2018-12-10 14:38:28,551 :: DEBUG :: ZEROBNL -> node.py :: run :: STEP
2018-12-10 14:38:28,552 :: DEBUG :: ZEROBNL -> node.py :: step :: NEW TIME
2018-12-10 14:38:28,563 :: DEBUG :: ZEROBNL -> node.py :: get_attribute :: GET ATTRIBUTE Tsupply
2018-12-10 14:38:28,563 :: DEBUG :: ZEROBNL -> node.py :: get_attribute :: GET ATTRIBUTE MDOTsupply
2018-12-10 14:38:28,568 :: DEBUG :: ZEROBNL -> node.py :: run :: STATE {'Tsupply': 43.955909907817784, 'MDOTsupply': 0.04}
2018-12-10 14:38:28,568 :: DEBUG :: ZEROBNL -> node.py :: run :: STEP DONE
2018-12-10 14:38:28,570 :: DEBUG :: ZEROBNL -> node.py :: run :: UPDATE
2018-12-10 14:38:28,570 :: DEBUG :: ZEROBNL -> node.py :: _update_inputs :: INPUTS {('Base0', 'Tsupply'): 43.955909907817784, ('Base0', 'MDOTsupply'): 0.04, ('Base1', 'TS'): 43.955907637438706, ('Base2', 'CDEM_TR'): 13.955907637438706, ('Base2', 'CDEM_mdotR'): 0.04, ('Base2', 'CDEM_cmf'): 1.0, ('Base3', 'COGwflag'): 1}
2018-12-10 14:38:28,571 :: DEBUG :: ZEROBNL -> node.py :: set_attribute :: SET ATTRIBUTE Treturn to 13.955907637438706
2018-12-10 14:38:28,573 :: DEBUG :: ZEROBNL -> node.py :: set_attribute :: SET ATTRIBUTE mdot_return to 0.04
2018-12-10 14:38:28,576 :: DEBUG :: ZEROBNL -> node.py :: set_attribute :: SET ATTRIBUTE COGw_Flag to 1
2018-12-10 14:38:28,578 :: DEBUG :: ZEROBNL -> node.py :: run :: UPDATE DONE
2018-12-10 14:38:28,582 :: DEBUG :: ZEROBNL -> node.py :: run :: UPDATE
2018-12-10 14:38:28,582 :: DEBUG :: ZEROBNL -> node.py :: _update_inputs :: INPUTS {('Base0', 'Tsupply'): 43.955909907817784, ('Base0', 'MDOTsupply'): 0.04, ('Base1', 'TS'): 43.955909907817784, ('Base2', 'CDEM_TR'): 13.955907637438706, ('Base2', 'CDEM_mdotR'): 0.04, ('Base2', 'CDEM_cmf'): 1.0, ('Base3', 'COGwflag'): 1}
2018-12-10 14:38:28,583 :: DEBUG :: ZEROBNL -> node.py :: set_attribute :: SET ATTRIBUTE Treturn to 13.955907637438706
2018-12-10 14:38:28,585 :: DEBUG :: ZEROBNL -> node.py :: set_attribute :: SET ATTRIBUTE mdot_return to 0.04
2018-12-10 14:38:28,589 :: DEBUG :: ZEROBNL -> node.py :: set_attribute :: SET ATTRIBUTE COGw_Flag to 1
2018-12-10 14:38:28,591 :: DEBUG :: ZEROBNL -> node.py :: run :: UPDATE DONE
2018-12-10 14:38:28,595 :: DEBUG :: ZEROBNL -> node.py :: run :: UPDATE
2018-12-10 14:38:28,595 :: DEBUG :: ZEROBNL -> node.py :: _update_inputs :: INPUTS {('Base0', 'Tsupply'): 43.955909907817784, ('Base0', 'MDOTsupply'): 0.04, ('Base1', 'TS'): 43.955909907817784, ('Base2', 'CDEM_TR'): 13.955909907817784, ('Base2', 'CDEM_mdotR'): 0.04, ('Base2', 'CDEM_cmf'): 1.0, ('Base3', 'COGwflag'): 1}
2018-12-10 14:38:28,595 :: DEBUG :: ZEROBNL -> node.py :: set_attribute :: SET ATTRIBUTE Treturn to 13.955909907817784
2018-12-10 14:38:28,598 :: DEBUG :: ZEROBNL -> node.py :: set_attribute :: SET ATTRIBUTE mdot_return to 0.04
2018-12-10 14:38:28,601 :: DEBUG :: ZEROBNL -> node.py :: set_attribute :: SET ATTRIBUTE COGw_Flag to 1
2018-12-10 14:38:28,603 :: DEBUG :: ZEROBNL -> node.py :: run :: UPDATE DONE
2018-12-10 14:38:28,607 :: DEBUG :: ZEROBNL -> node.py :: run :: UPDATE
2018-12-10 14:38:28,607 :: DEBUG :: ZEROBNL -> node.py :: _update_inputs :: INPUTS {('Base0', 'Tsupply'): 43.955909907817784, ('Base0', 'MDOTsupply'): 0.04, ('Base1', 'TS'): 43.955909907817784, ('Base2', 'CDEM_TR'): 13.955909907817784, ('Base2', 'CDEM_mdotR'): 0.04, ('Base2', 'CDEM_cmf'): 1.0, ('Base3', 'COGwflag'): 1}
2018-12-10 14:38:28,607 :: DEBUG :: ZEROBNL -> node.py :: set_attribute :: SET ATTRIBUTE Treturn to 13.955909907817784
2018-12-10 14:38:28,611 :: DEBUG :: ZEROBNL -> node.py :: set_attribute :: SET ATTRIBUTE mdot_return to 0.04
2018-12-10 14:38:28,613 :: DEBUG :: ZEROBNL -> node.py :: set_attribute :: SET ATTRIBUTE COGw_Flag to 1
2018-12-10 14:38:28,616 :: DEBUG :: ZEROBNL -> node.py :: run :: UPDATE DONE
2018-12-10 14:38:28,618 :: DEBUG :: ZEROBNL -> node.py :: run :: STEP
2018-12-10 14:38:28,618 :: DEBUG :: ZEROBNL -> node.py :: step :: NEW TIME
2018-12-10 14:38:28,629 :: DEBUG :: ZEROBNL -> node.py :: get_attribute :: GET ATTRIBUTE Tsupply
2018-12-10 14:38:28,629 :: DEBUG :: ZEROBNL -> node.py :: get_attribute :: GET ATTRIBUTE MDOTsupply
2018-12-10 14:38:28,635 :: DEBUG :: ZEROBNL -> node.py :: run :: STATE {'Tsupply': 43.95590946963424, 'MDOTsupply': 0.04}
2018-12-10 14:38:28,635 :: DEBUG :: ZEROBNL -> node.py :: run :: STEP DONE
2018-12-10 14:38:28,637 :: DEBUG :: ZEROBNL -> node.py :: run :: UPDATE
2018-12-10 14:38:28,637 :: DEBUG :: ZEROBNL -> node.py :: _update_inputs :: INPUTS {('Base0', 'Tsupply'): 43.95590946963424, ('Base0', 'MDOTsupply'): 0.04, ('Base1', 'TS'): 43.955909907817784, ('Base2', 'CDEM_TR'): 13.955909907817784, ('Base2', 'CDEM_mdotR'): 0.04, ('Base2', 'CDEM_cmf'): 1.0, ('Base3', 'COGwflag'): 1}
2018-12-10 14:38:28,637 :: DEBUG :: ZEROBNL -> node.py :: set_attribute :: SET ATTRIBUTE Treturn to 13.955909907817784
2018-12-10 14:38:28,640 :: DEBUG :: ZEROBNL -> node.py :: set_attribute :: SET ATTRIBUTE mdot_return to 0.04
2018-12-10 14:38:28,643 :: DEBUG :: ZEROBNL -> node.py :: set_attribute :: SET ATTRIBUTE COGw_Flag to 1
2018-12-10 14:38:28,646 :: DEBUG :: ZEROBNL -> node.py :: run :: UPDATE DONE
2018-12-10 14:38:28,650 :: DEBUG :: ZEROBNL -> node.py :: run :: UPDATE
2018-12-10 14:38:28,651 :: DEBUG :: ZEROBNL -> node.py :: _update_inputs :: INPUTS {('Base0', 'Tsupply'): 43.95590946963424, ('Base0', 'MDOTsupply'): 0.04, ('Base1', 'TS'): 43.95590946963424, ('Base2', 'CDEM_TR'): 13.955909907817784, ('Base2', 'CDEM_mdotR'): 0.04, ('Base2', 'CDEM_cmf'): 1.0, ('Base3', 'COGwflag'): 1}
2018-12-10 14:38:28,651 :: DEBUG :: ZEROBNL -> node.py :: set_attribute :: SET ATTRIBUTE Treturn to 13.955909907817784
2018-12-10 14:38:28,653 :: DEBUG :: ZEROBNL -> node.py :: set_attribute :: SET ATTRIBUTE mdot_return to 0.04
2018-12-10 14:38:28,655 :: DEBUG :: ZEROBNL -> node.py :: set_attribute :: SET ATTRIBUTE COGw_Flag to 1
2018-12-10 14:38:28,657 :: DEBUG :: ZEROBNL -> node.py :: run :: UPDATE DONE
2018-12-10 14:38:28,663 :: DEBUG :: ZEROBNL -> node.py :: run :: UPDATE
2018-12-10 14:38:28,664 :: DEBUG :: ZEROBNL -> node.py :: _update_inputs :: INPUTS {('Base0', 'Tsupply'): 43.95590946963424, ('Base0', 'MDOTsupply'): 0.04, ('Base1', 'TS'): 43.95590946963424, ('Base2', 'CDEM_TR'): 13.955909469634243, ('Base2', 'CDEM_mdotR'): 0.04, ('Base2', 'CDEM_cmf'): 1.0, ('Base3', 'COGwflag'): 1}
2018-12-10 14:38:28,664 :: DEBUG :: ZEROBNL -> node.py :: set_attribute :: SET ATTRIBUTE Treturn to 13.955909469634243
2018-12-10 14:38:28,668 :: DEBUG :: ZEROBNL -> node.py :: set_attribute :: SET ATTRIBUTE mdot_return to 0.04
2018-12-10 14:38:28,670 :: DEBUG :: ZEROBNL -> node.py :: set_attribute :: SET ATTRIBUTE COGw_Flag to 1
2018-12-10 14:38:28,673 :: DEBUG :: ZEROBNL -> node.py :: run :: UPDATE DONE
2018-12-10 14:38:28,676 :: DEBUG :: ZEROBNL -> node.py :: run :: UPDATE
2018-12-10 14:38:28,677 :: DEBUG :: ZEROBNL -> node.py :: _update_inputs :: INPUTS {('Base0', 'Tsupply'): 43.95590946963424, ('Base0', 'MDOTsupply'): 0.04, ('Base1', 'TS'): 43.95590946963424, ('Base2', 'CDEM_TR'): 13.955909469634243, ('Base2', 'CDEM_mdotR'): 0.04, ('Base2', 'CDEM_cmf'): 1.0, ('Base3', 'COGwflag'): 1}
2018-12-10 14:38:28,677 :: DEBUG :: ZEROBNL -> node.py :: set_attribute :: SET ATTRIBUTE Treturn to 13.955909469634243
2018-12-10 14:38:28,679 :: DEBUG :: ZEROBNL -> node.py :: set_attribute :: SET ATTRIBUTE mdot_return to 0.04
2018-12-10 14:38:28,682 :: DEBUG :: ZEROBNL -> node.py :: set_attribute :: SET ATTRIBUTE COGw_Flag to 1
2018-12-10 14:38:28,684 :: DEBUG :: ZEROBNL -> node.py :: run :: UPDATE DONE
2018-12-10 14:38:28,685 :: DEBUG :: ZEROBNL -> node.py :: run :: STEP
2018-12-10 14:38:28,686 :: DEBUG :: ZEROBNL -> node.py :: step :: NEW TIME
2018-12-10 14:38:28,695 :: DEBUG :: ZEROBNL -> node.py :: get_attribute :: GET ATTRIBUTE Tsupply
2018-12-10 14:38:28,695 :: DEBUG :: ZEROBNL -> node.py :: get_attribute :: GET ATTRIBUTE MDOTsupply
2018-12-10 14:38:28,700 :: DEBUG :: ZEROBNL -> node.py :: run :: STATE {'Tsupply': 43.955909552694294, 'MDOTsupply': 0.04}
2018-12-10 14:38:28,700 :: DEBUG :: ZEROBNL -> node.py :: run :: STEP DONE
2018-12-10 14:38:28,702 :: DEBUG :: ZEROBNL -> node.py :: run :: UPDATE
2018-12-10 14:38:28,702 :: DEBUG :: ZEROBNL -> node.py :: _update_inputs :: INPUTS {('Base0', 'Tsupply'): 43.955909552694294, ('Base0', 'MDOTsupply'): 0.04, ('Base1', 'TS'): 43.95590946963424, ('Base2', 'CDEM_TR'): 13.955909469634243, ('Base2', 'CDEM_mdotR'): 0.04, ('Base2', 'CDEM_cmf'): 1.0, ('Base3', 'COGwflag'): 1}
2018-12-10 14:38:28,703 :: DEBUG :: ZEROBNL -> node.py :: set_attribute :: SET ATTRIBUTE Treturn to 13.955909469634243
2018-12-10 14:38:28,706 :: DEBUG :: ZEROBNL -> node.py :: set_attribute :: SET ATTRIBUTE mdot_return to 0.04
2018-12-10 14:38:28,708 :: DEBUG :: ZEROBNL -> node.py :: set_attribute :: SET ATTRIBUTE COGw_Flag to 1
2018-12-10 14:38:28,711 :: DEBUG :: ZEROBNL -> node.py :: run :: UPDATE DONE
2018-12-10 14:38:28,714 :: DEBUG :: ZEROBNL -> node.py :: run :: UPDATE
2018-12-10 14:38:28,715 :: DEBUG :: ZEROBNL -> node.py :: _update_inputs :: INPUTS {('Base0', 'Tsupply'): 43.955909552694294, ('Base0', 'MDOTsupply'): 0.04, ('Base1', 'TS'): 43.955909552694294, ('Base2', 'CDEM_TR'): 13.955909469634243, ('Base2', 'CDEM_mdotR'): 0.04, ('Base2', 'CDEM_cmf'): 1.0, ('Base3', 'COGwflag'): 1}
2018-12-10 14:38:28,715 :: DEBUG :: ZEROBNL -> node.py :: set_attribute :: SET ATTRIBUTE Treturn to 13.955909469634243
2018-12-10 14:38:28,718 :: DEBUG :: ZEROBNL -> node.py :: set_attribute :: SET ATTRIBUTE mdot_return to 0.04
2018-12-10 14:38:28,721 :: DEBUG :: ZEROBNL -> node.py :: set_attribute :: SET ATTRIBUTE COGw_Flag to 1
2018-12-10 14:38:28,723 :: DEBUG :: ZEROBNL -> node.py :: run :: UPDATE DONE
2018-12-10 14:38:28,727 :: DEBUG :: ZEROBNL -> node.py :: run :: UPDATE
2018-12-10 14:38:28,728 :: DEBUG :: ZEROBNL -> node.py :: _update_inputs :: INPUTS {('Base0', 'Tsupply'): 43.955909552694294, ('Base0', 'MDOTsupply'): 0.04, ('Base1', 'TS'): 43.955909552694294, ('Base2', 'CDEM_TR'): 13.955909552694294, ('Base2', 'CDEM_mdotR'): 0.04, ('Base2', 'CDEM_cmf'): 1.0, ('Base3', 'COGwflag'): 1}
2018-12-10 14:38:28,728 :: DEBUG :: ZEROBNL -> node.py :: set_attribute :: SET ATTRIBUTE Treturn to 13.955909552694294
2018-12-10 14:38:28,730 :: DEBUG :: ZEROBNL -> node.py :: set_attribute :: SET ATTRIBUTE mdot_return to 0.04
2018-12-10 14:38:28,733 :: DEBUG :: ZEROBNL -> node.py :: set_attribute :: SET ATTRIBUTE COGw_Flag to 1
2018-12-10 14:38:28,736 :: DEBUG :: ZEROBNL -> node.py :: run :: UPDATE DONE
2018-12-10 14:38:28,740 :: DEBUG :: ZEROBNL -> node.py :: run :: UPDATE
2018-12-10 14:38:28,740 :: DEBUG :: ZEROBNL -> node.py :: _update_inputs :: INPUTS {('Base0', 'Tsupply'): 43.955909552694294, ('Base0', 'MDOTsupply'): 0.04, ('Base1', 'TS'): 43.955909552694294, ('Base2', 'CDEM_TR'): 13.955909552694294, ('Base2', 'CDEM_mdotR'): 0.04, ('Base2', 'CDEM_cmf'): 1.0, ('Base3', 'COGwflag'): 1}
2018-12-10 14:38:28,740 :: DEBUG :: ZEROBNL -> node.py :: set_attribute :: SET ATTRIBUTE Treturn to 13.955909552694294
2018-12-10 14:38:28,743 :: DEBUG :: ZEROBNL -> node.py :: set_attribute :: SET ATTRIBUTE mdot_return to 0.04
2018-12-10 14:38:28,745 :: DEBUG :: ZEROBNL -> node.py :: set_attribute :: SET ATTRIBUTE COGw_Flag to 1
2018-12-10 14:38:28,748 :: DEBUG :: ZEROBNL -> node.py :: run :: UPDATE DONE
2018-12-10 14:38:28,749 :: DEBUG :: ZEROBNL -> node.py :: run :: STEP
2018-12-10 14:38:28,750 :: DEBUG :: ZEROBNL -> node.py :: step :: NEW TIME
2018-12-10 14:38:28,761 :: DEBUG :: ZEROBNL -> node.py :: get_attribute :: GET ATTRIBUTE Tsupply
2018-12-10 14:38:28,761 :: DEBUG :: ZEROBNL -> node.py :: get_attribute :: GET ATTRIBUTE MDOTsupply
2018-12-10 14:38:28,766 :: DEBUG :: ZEROBNL -> node.py :: run :: STATE {'Tsupply': 43.955909537166015, 'MDOTsupply': 0.04}
2018-12-10 14:38:28,766 :: DEBUG :: ZEROBNL -> node.py :: run :: STEP DONE
2018-12-10 14:38:28,769 :: DEBUG :: ZEROBNL -> node.py :: run :: UPDATE
2018-12-10 14:38:28,769 :: DEBUG :: ZEROBNL -> node.py :: _update_inputs :: INPUTS {('Base0', 'Tsupply'): 43.955909537166015, ('Base0', 'MDOTsupply'): 0.04, ('Base1', 'TS'): 43.955909552694294, ('Base2', 'CDEM_TR'): 13.955909552694294, ('Base2', 'CDEM_mdotR'): 0.04, ('Base2', 'CDEM_cmf'): 1.0, ('Base3', 'COGwflag'): 1}
2018-12-10 14:38:28,769 :: DEBUG :: ZEROBNL -> node.py :: set_attribute :: SET ATTRIBUTE Treturn to 13.955909552694294
2018-12-10 14:38:28,774 :: DEBUG :: ZEROBNL -> node.py :: set_attribute :: SET ATTRIBUTE mdot_return to 0.04
2018-12-10 14:38:28,776 :: DEBUG :: ZEROBNL -> node.py :: set_attribute :: SET ATTRIBUTE COGw_Flag to 1
2018-12-10 14:38:28,778 :: DEBUG :: ZEROBNL -> node.py :: run :: UPDATE DONE
2018-12-10 14:38:28,783 :: DEBUG :: ZEROBNL -> node.py :: run :: UPDATE
2018-12-10 14:38:28,783 :: DEBUG :: ZEROBNL -> node.py :: _update_inputs :: INPUTS {('Base0', 'Tsupply'): 43.955909537166015, ('Base0', 'MDOTsupply'): 0.04, ('Base1', 'TS'): 43.955909537166015, ('Base2', 'CDEM_TR'): 13.955909552694294, ('Base2', 'CDEM_mdotR'): 0.04, ('Base2', 'CDEM_cmf'): 1.0, ('Base3', 'COGwflag'): 1}
2018-12-10 14:38:28,783 :: DEBUG :: ZEROBNL -> node.py :: set_attribute :: SET ATTRIBUTE Treturn to 13.955909552694294
2018-12-10 14:38:28,786 :: DEBUG :: ZEROBNL -> node.py :: set_attribute :: SET ATTRIBUTE mdot_return to 0.04
2018-12-10 14:38:28,788 :: DEBUG :: ZEROBNL -> node.py :: set_attribute :: SET ATTRIBUTE COGw_Flag to 1
2018-12-10 14:38:28,791 :: DEBUG :: ZEROBNL -> node.py :: run :: UPDATE DONE
2018-12-10 14:38:28,796 :: DEBUG :: ZEROBNL -> node.py :: run :: UPDATE
2018-12-10 14:38:28,796 :: DEBUG :: ZEROBNL -> node.py :: _update_inputs :: INPUTS {('Base0', 'Tsupply'): 43.955909537166015, ('Base0', 'MDOTsupply'): 0.04, ('Base1', 'TS'): 43.955909537166015, ('Base2', 'CDEM_TR'): 13.955909537166015, ('Base2', 'CDEM_mdotR'): 0.04, ('Base2', 'CDEM_cmf'): 1.0, ('Base3', 'COGwflag'): 1}
2018-12-10 14:38:28,796 :: DEBUG :: ZEROBNL -> node.py :: set_attribute :: SET ATTRIBUTE Treturn to 13.955909537166015
2018-12-10 14:38:28,798 :: DEBUG :: ZEROBNL -> node.py :: set_attribute :: SET ATTRIBUTE mdot_return to 0.04
2018-12-10 14:38:28,801 :: DEBUG :: ZEROBNL -> node.py :: set_attribute :: SET ATTRIBUTE COGw_Flag to 1
2018-12-10 14:38:28,803 :: DEBUG :: ZEROBNL -> node.py :: run :: UPDATE DONE
2018-12-10 14:38:28,807 :: DEBUG :: ZEROBNL -> node.py :: run :: UPDATE
2018-12-10 14:38:28,807 :: DEBUG :: ZEROBNL -> node.py :: _update_inputs :: INPUTS {('Base0', 'Tsupply'): 43.955909537166015, ('Base0', 'MDOTsupply'): 0.04, ('Base1', 'TS'): 43.955909537166015, ('Base2', 'CDEM_TR'): 13.955909537166015, ('Base2', 'CDEM_mdotR'): 0.04, ('Base2', 'CDEM_cmf'): 1.0, ('Base3', 'COGwflag'): 1}
2018-12-10 14:38:28,807 :: DEBUG :: ZEROBNL -> node.py :: set_attribute :: SET ATTRIBUTE Treturn to 13.955909537166015
2018-12-10 14:38:28,810 :: DEBUG :: ZEROBNL -> node.py :: set_attribute :: SET ATTRIBUTE mdot_return to 0.04
2018-12-10 14:38:28,812 :: DEBUG :: ZEROBNL -> node.py :: set_attribute :: SET ATTRIBUTE COGw_Flag to 1
2018-12-10 14:38:28,814 :: DEBUG :: ZEROBNL -> node.py :: run :: UPDATE DONE
2018-12-10 14:38:28,816 :: DEBUG :: ZEROBNL -> node.py :: run :: STEP
2018-12-10 14:38:28,816 :: DEBUG :: ZEROBNL -> node.py :: step :: NEW TIME
2018-12-10 14:38:28,826 :: DEBUG :: ZEROBNL -> node.py :: get_attribute :: GET ATTRIBUTE Tsupply
2018-12-10 14:38:28,826 :: DEBUG :: ZEROBNL -> node.py :: get_attribute :: GET ATTRIBUTE MDOTsupply
2018-12-10 14:38:28,830 :: DEBUG :: ZEROBNL -> node.py :: run :: STATE {'Tsupply': 43.955909540065484, 'MDOTsupply': 0.04}
2018-12-10 14:38:28,830 :: DEBUG :: ZEROBNL -> node.py :: run :: STEP DONE
2018-12-10 14:38:28,832 :: DEBUG :: ZEROBNL -> node.py :: run :: UPDATE
2018-12-10 14:38:28,832 :: DEBUG :: ZEROBNL -> node.py :: _update_inputs :: INPUTS {('Base0', 'Tsupply'): 43.955909540065484, ('Base0', 'MDOTsupply'): 0.04, ('Base1', 'TS'): 43.955909537166015, ('Base2', 'CDEM_TR'): 13.955909537166015, ('Base2', 'CDEM_mdotR'): 0.04, ('Base2', 'CDEM_cmf'): 1.0, ('Base3', 'COGwflag'): 1}
2018-12-10 14:38:28,833 :: DEBUG :: ZEROBNL -> node.py :: set_attribute :: SET ATTRIBUTE Treturn to 13.955909537166015
2018-12-10 14:38:28,836 :: DEBUG :: ZEROBNL -> node.py :: set_attribute :: SET ATTRIBUTE mdot_return to 0.04
2018-12-10 14:38:28,838 :: DEBUG :: ZEROBNL -> node.py :: set_attribute :: SET ATTRIBUTE COGw_Flag to 1
2018-12-10 14:38:28,841 :: DEBUG :: ZEROBNL -> node.py :: run :: UPDATE DONE
2018-12-10 14:38:28,845 :: DEBUG :: ZEROBNL -> node.py :: run :: UPDATE
2018-12-10 14:38:28,845 :: DEBUG :: ZEROBNL -> node.py :: _update_inputs :: INPUTS {('Base0', 'Tsupply'): 43.955909540065484, ('Base0', 'MDOTsupply'): 0.04, ('Base1', 'TS'): 43.955909540065484, ('Base2', 'CDEM_TR'): 13.955909537166015, ('Base2', 'CDEM_mdotR'): 0.04, ('Base2', 'CDEM_cmf'): 1.0, ('Base3', 'COGwflag'): 1}
2018-12-10 14:38:28,845 :: DEBUG :: ZEROBNL -> node.py :: set_attribute :: SET ATTRIBUTE Treturn to 13.955909537166015
2018-12-10 14:38:28,847 :: DEBUG :: ZEROBNL -> node.py :: set_attribute :: SET ATTRIBUTE mdot_return to 0.04
2018-12-10 14:38:28,850 :: DEBUG :: ZEROBNL -> node.py :: set_attribute :: SET ATTRIBUTE COGw_Flag to 1
2018-12-10 14:38:28,853 :: DEBUG :: ZEROBNL -> node.py :: run :: UPDATE DONE
2018-12-10 14:38:28,858 :: DEBUG :: ZEROBNL -> node.py :: run :: UPDATE
2018-12-10 14:38:28,858 :: DEBUG :: ZEROBNL -> node.py :: _update_inputs :: INPUTS {('Base0', 'Tsupply'): 43.955909540065484, ('Base0', 'MDOTsupply'): 0.04, ('Base1', 'TS'): 43.955909540065484, ('Base2', 'CDEM_TR'): 13.955909540065484, ('Base2', 'CDEM_mdotR'): 0.04, ('Base2', 'CDEM_cmf'): 1.0, ('Base3', 'COGwflag'): 1}
2018-12-10 14:38:28,859 :: DEBUG :: ZEROBNL -> node.py :: set_attribute :: SET ATTRIBUTE Treturn to 13.955909540065484
2018-12-10 14:38:28,861 :: DEBUG :: ZEROBNL -> node.py :: set_attribute :: SET ATTRIBUTE mdot_return to 0.04
2018-12-10 14:38:28,863 :: DEBUG :: ZEROBNL -> node.py :: set_attribute :: SET ATTRIBUTE COGw_Flag to 1
2018-12-10 14:38:28,866 :: DEBUG :: ZEROBNL -> node.py :: run :: UPDATE DONE
2018-12-10 14:38:28,869 :: DEBUG :: ZEROBNL -> node.py :: run :: UPDATE
2018-12-10 14:38:28,870 :: DEBUG :: ZEROBNL -> node.py :: _update_inputs :: INPUTS {('Base0', 'Tsupply'): 43.955909540065484, ('Base0', 'MDOTsupply'): 0.04, ('Base1', 'TS'): 43.955909540065484, ('Base2', 'CDEM_TR'): 13.955909540065484, ('Base2', 'CDEM_mdotR'): 0.04, ('Base2', 'CDEM_cmf'): 1.0, ('Base3', 'COGwflag'): 1}
2018-12-10 14:38:28,870 :: DEBUG :: ZEROBNL -> node.py :: set_attribute :: SET ATTRIBUTE Treturn to 13.955909540065484
2018-12-10 14:38:28,872 :: DEBUG :: ZEROBNL -> node.py :: set_attribute :: SET ATTRIBUTE mdot_return to 0.04
2018-12-10 14:38:28,874 :: DEBUG :: ZEROBNL -> node.py :: set_attribute :: SET ATTRIBUTE COGw_Flag to 1
2018-12-10 14:38:28,876 :: DEBUG :: ZEROBNL -> node.py :: run :: UPDATE DONE
2018-12-10 14:38:28,878 :: DEBUG :: ZEROBNL -> node.py :: run :: STEP
2018-12-10 14:38:28,878 :: DEBUG :: ZEROBNL -> node.py :: step :: NEW TIME
2018-12-10 14:38:28,891 :: DEBUG :: ZEROBNL -> node.py :: get_attribute :: GET ATTRIBUTE Tsupply
2018-12-10 14:38:28,891 :: DEBUG :: ZEROBNL -> node.py :: get_attribute :: GET ATTRIBUTE MDOTsupply
2018-12-10 14:38:28,896 :: DEBUG :: ZEROBNL -> node.py :: run :: STATE {'Tsupply': 43.95590953952677, 'MDOTsupply': 0.04}
2018-12-10 14:38:28,896 :: DEBUG :: ZEROBNL -> node.py :: run :: STEP DONE
2018-12-10 14:38:28,898 :: DEBUG :: ZEROBNL -> node.py :: run :: UPDATE
2018-12-10 14:38:28,898 :: DEBUG :: ZEROBNL -> node.py :: _update_inputs :: INPUTS {('Base0', 'Tsupply'): 43.95590953952677, ('Base0', 'MDOTsupply'): 0.04, ('Base1', 'TS'): 43.955909540065484, ('Base2', 'CDEM_TR'): 13.955909540065484, ('Base2', 'CDEM_mdotR'): 0.04, ('Base2', 'CDEM_cmf'): 1.0, ('Base3', 'COGwflag'): 1}
2018-12-10 14:38:28,898 :: DEBUG :: ZEROBNL -> node.py :: set_attribute :: SET ATTRIBUTE Treturn to 13.955909540065484
2018-12-10 14:38:28,903 :: DEBUG :: ZEROBNL -> node.py :: set_attribute :: SET ATTRIBUTE mdot_return to 0.04
2018-12-10 14:38:28,905 :: DEBUG :: ZEROBNL -> node.py :: set_attribute :: SET ATTRIBUTE COGw_Flag to 1
2018-12-10 14:38:28,908 :: DEBUG :: ZEROBNL -> node.py :: run :: UPDATE DONE
2018-12-10 14:38:28,912 :: DEBUG :: ZEROBNL -> node.py :: run :: UPDATE
2018-12-10 14:38:28,912 :: DEBUG :: ZEROBNL -> node.py :: _update_inputs :: INPUTS {('Base0', 'Tsupply'): 43.95590953952677, ('Base0', 'MDOTsupply'): 0.04, ('Base1', 'TS'): 43.95590953952677, ('Base2', 'CDEM_TR'): 13.955909540065484, ('Base2', 'CDEM_mdotR'): 0.04, ('Base2', 'CDEM_cmf'): 1.0, ('Base3', 'COGwflag'): 1}
2018-12-10 14:38:28,912 :: DEBUG :: ZEROBNL -> node.py :: set_attribute :: SET ATTRIBUTE Treturn to 13.955909540065484
2018-12-10 14:38:28,914 :: DEBUG :: ZEROBNL -> node.py :: set_attribute :: SET ATTRIBUTE mdot_return to 0.04
2018-12-10 14:38:28,917 :: DEBUG :: ZEROBNL -> node.py :: set_attribute :: SET ATTRIBUTE COGw_Flag to 1
2018-12-10 14:38:28,920 :: DEBUG :: ZEROBNL -> node.py :: run :: UPDATE DONE
2018-12-10 14:38:28,924 :: DEBUG :: ZEROBNL -> node.py :: run :: UPDATE
2018-12-10 14:38:28,925 :: DEBUG :: ZEROBNL -> node.py :: _update_inputs :: INPUTS {('Base0', 'Tsupply'): 43.95590953952677, ('Base0', 'MDOTsupply'): 0.04, ('Base1', 'TS'): 43.95590953952677, ('Base2', 'CDEM_TR'): 13.955909539526772, ('Base2', 'CDEM_mdotR'): 0.04, ('Base2', 'CDEM_cmf'): 1.0, ('Base3', 'COGwflag'): 1}
2018-12-10 14:38:28,925 :: DEBUG :: ZEROBNL -> node.py :: set_attribute :: SET ATTRIBUTE Treturn to 13.955909539526772
2018-12-10 14:38:28,928 :: DEBUG :: ZEROBNL -> node.py :: set_attribute :: SET ATTRIBUTE mdot_return to 0.04
2018-12-10 14:38:28,929 :: DEBUG :: ZEROBNL -> node.py :: set_attribute :: SET ATTRIBUTE COGw_Flag to 1
2018-12-10 14:38:28,931 :: DEBUG :: ZEROBNL -> node.py :: run :: UPDATE DONE
2018-12-10 14:38:28,935 :: DEBUG :: ZEROBNL -> node.py :: run :: UPDATE
2018-12-10 14:38:28,936 :: DEBUG :: ZEROBNL -> node.py :: _update_inputs :: INPUTS {('Base0', 'Tsupply'): 43.95590953952677, ('Base0', 'MDOTsupply'): 0.04, ('Base1', 'TS'): 43.95590953952677, ('Base2', 'CDEM_TR'): 13.955909539526772, ('Base2', 'CDEM_mdotR'): 0.04, ('Base2', 'CDEM_cmf'): 1.0, ('Base3', 'COGwflag'): 1}
2018-12-10 14:38:28,936 :: DEBUG :: ZEROBNL -> node.py :: set_attribute :: SET ATTRIBUTE Treturn to 13.955909539526772
2018-12-10 14:38:28,939 :: DEBUG :: ZEROBNL -> node.py :: set_attribute :: SET ATTRIBUTE mdot_return to 0.04
2018-12-10 14:38:28,942 :: DEBUG :: ZEROBNL -> node.py :: set_attribute :: SET ATTRIBUTE COGw_Flag to 1
2018-12-10 14:38:28,944 :: DEBUG :: ZEROBNL -> node.py :: run :: UPDATE DONE
2018-12-10 14:38:28,946 :: DEBUG :: ZEROBNL -> node.py :: run :: STEP
2018-12-10 14:38:28,946 :: DEBUG :: ZEROBNL -> node.py :: step :: NEW TIME
2018-12-10 14:38:28,962 :: DEBUG :: ZEROBNL -> node.py :: get_attribute :: GET ATTRIBUTE Tsupply
2018-12-10 14:38:28,962 :: DEBUG :: ZEROBNL -> node.py :: get_attribute :: GET ATTRIBUTE MDOTsupply
2018-12-10 14:38:28,968 :: DEBUG :: ZEROBNL -> node.py :: run :: STATE {'Tsupply': 43.955909539593975, 'MDOTsupply': 0.04}
2018-12-10 14:38:28,968 :: DEBUG :: ZEROBNL -> node.py :: run :: STEP DONE
2018-12-10 14:38:28,971 :: DEBUG :: ZEROBNL -> node.py :: run :: UPDATE
2018-12-10 14:38:28,971 :: DEBUG :: ZEROBNL -> node.py :: _update_inputs :: INPUTS {('Base0', 'Tsupply'): 43.955909539593975, ('Base0', 'MDOTsupply'): 0.04, ('Base1', 'TS'): 43.95590953952677, ('Base2', 'CDEM_TR'): 13.955909539526772, ('Base2', 'CDEM_mdotR'): 0.04, ('Base2', 'CDEM_cmf'): 1.0, ('Base3', 'COGwflag'): 1}
2018-12-10 14:38:28,971 :: DEBUG :: ZEROBNL -> node.py :: set_attribute :: SET ATTRIBUTE Treturn to 13.955909539526772
2018-12-10 14:38:28,974 :: DEBUG :: ZEROBNL -> node.py :: set_attribute :: SET ATTRIBUTE mdot_return to 0.04
2018-12-10 14:38:28,977 :: DEBUG :: ZEROBNL -> node.py :: set_attribute :: SET ATTRIBUTE COGw_Flag to 1
2018-12-10 14:38:28,979 :: DEBUG :: ZEROBNL -> node.py :: run :: UPDATE DONE
2018-12-10 14:38:28,984 :: DEBUG :: ZEROBNL -> node.py :: run :: UPDATE
2018-12-10 14:38:28,984 :: DEBUG :: ZEROBNL -> node.py :: _update_inputs :: INPUTS {('Base0', 'Tsupply'): 43.955909539593975, ('Base0', 'MDOTsupply'): 0.04, ('Base1', 'TS'): 43.955909539593975, ('Base2', 'CDEM_TR'): 13.955909539526772, ('Base2', 'CDEM_mdotR'): 0.04, ('Base2', 'CDEM_cmf'): 1.0, ('Base3', 'COGwflag'): 1}
2018-12-10 14:38:28,984 :: DEBUG :: ZEROBNL -> node.py :: set_attribute :: SET ATTRIBUTE Treturn to 13.955909539526772
2018-12-10 14:38:28,986 :: DEBUG :: ZEROBNL -> node.py :: set_attribute :: SET ATTRIBUTE mdot_return to 0.04
2018-12-10 14:38:28,989 :: DEBUG :: ZEROBNL -> node.py :: set_attribute :: SET ATTRIBUTE COGw_Flag to 1
2018-12-10 14:38:28,991 :: DEBUG :: ZEROBNL -> node.py :: run :: UPDATE DONE
2018-12-10 14:38:28,996 :: DEBUG :: ZEROBNL -> node.py :: run :: UPDATE
2018-12-10 14:38:28,996 :: DEBUG :: ZEROBNL -> node.py :: _update_inputs :: INPUTS {('Base0', 'Tsupply'): 43.955909539593975, ('Base0', 'MDOTsupply'): 0.04, ('Base1', 'TS'): 43.955909539593975, ('Base2', 'CDEM_TR'): 13.955909539593975, ('Base2', 'CDEM_mdotR'): 0.04, ('Base2', 'CDEM_cmf'): 1.0, ('Base3', 'COGwflag'): 1}
2018-12-10 14:38:28,996 :: DEBUG :: ZEROBNL -> node.py :: set_attribute :: SET ATTRIBUTE Treturn to 13.955909539593975
2018-12-10 14:38:28,999 :: DEBUG :: ZEROBNL -> node.py :: set_attribute :: SET ATTRIBUTE mdot_return to 0.04
2018-12-10 14:38:29,001 :: DEBUG :: ZEROBNL -> node.py :: set_attribute :: SET ATTRIBUTE COGw_Flag to 1
2018-12-10 14:38:29,003 :: DEBUG :: ZEROBNL -> node.py :: run :: UPDATE DONE
2018-12-10 14:38:29,007 :: DEBUG :: ZEROBNL -> node.py :: run :: UPDATE
2018-12-10 14:38:29,007 :: DEBUG :: ZEROBNL -> node.py :: _update_inputs :: INPUTS {('Base0', 'Tsupply'): 43.955909539593975, ('Base0', 'MDOTsupply'): 0.04, ('Base1', 'TS'): 43.955909539593975, ('Base2', 'CDEM_TR'): 13.955909539593975, ('Base2', 'CDEM_mdotR'): 0.04, ('Base2', 'CDEM_cmf'): 1.0, ('Base3', 'COGwflag'): 1}
2018-12-10 14:38:29,008 :: DEBUG :: ZEROBNL -> node.py :: set_attribute :: SET ATTRIBUTE Treturn to 13.955909539593975
2018-12-10 14:38:29,010 :: DEBUG :: ZEROBNL -> node.py :: set_attribute :: SET ATTRIBUTE mdot_return to 0.04
2018-12-10 14:38:29,012 :: DEBUG :: ZEROBNL -> node.py :: set_attribute :: SET ATTRIBUTE COGw_Flag to 1
2018-12-10 14:38:29,015 :: DEBUG :: ZEROBNL -> node.py :: run :: UPDATE DONE
2018-12-10 14:38:29,016 :: DEBUG :: ZEROBNL -> node.py :: run :: STEP
2018-12-10 14:38:29,016 :: DEBUG :: ZEROBNL -> node.py :: step :: NEW TIME
2018-12-10 14:38:29,032 :: DEBUG :: ZEROBNL -> node.py :: get_attribute :: GET ATTRIBUTE Tsupply
2018-12-10 14:38:29,032 :: DEBUG :: ZEROBNL -> node.py :: get_attribute :: GET ATTRIBUTE MDOTsupply
2018-12-10 14:38:29,037 :: DEBUG :: ZEROBNL -> node.py :: run :: STATE {'Tsupply': 43.95590953958388, 'MDOTsupply': 0.04}
2018-12-10 14:38:29,038 :: DEBUG :: ZEROBNL -> node.py :: run :: STEP DONE
2018-12-10 14:38:29,039 :: DEBUG :: ZEROBNL -> node.py :: run :: UPDATE
2018-12-10 14:38:29,040 :: DEBUG :: ZEROBNL -> node.py :: _update_inputs :: INPUTS {('Base0', 'Tsupply'): 43.95590953958388, ('Base0', 'MDOTsupply'): 0.04, ('Base1', 'TS'): 43.955909539593975, ('Base2', 'CDEM_TR'): 13.955909539593975, ('Base2', 'CDEM_mdotR'): 0.04, ('Base2', 'CDEM_cmf'): 1.0, ('Base3', 'COGwflag'): 1}
2018-12-10 14:38:29,040 :: DEBUG :: ZEROBNL -> node.py :: set_attribute :: SET ATTRIBUTE Treturn to 13.955909539593975
2018-12-10 14:38:29,042 :: DEBUG :: ZEROBNL -> node.py :: set_attribute :: SET ATTRIBUTE mdot_return to 0.04
2018-12-10 14:38:29,044 :: DEBUG :: ZEROBNL -> node.py :: set_attribute :: SET ATTRIBUTE COGw_Flag to 1
2018-12-10 14:38:29,047 :: DEBUG :: ZEROBNL -> node.py :: run :: UPDATE DONE
2018-12-10 14:38:29,051 :: DEBUG :: ZEROBNL -> node.py :: run :: UPDATE
2018-12-10 14:38:29,051 :: DEBUG :: ZEROBNL -> node.py :: _update_inputs :: INPUTS {('Base0', 'Tsupply'): 43.95590953958388, ('Base0', 'MDOTsupply'): 0.04, ('Base1', 'TS'): 43.95590953958388, ('Base2', 'CDEM_TR'): 13.955909539593975, ('Base2', 'CDEM_mdotR'): 0.04, ('Base2', 'CDEM_cmf'): 1.0, ('Base3', 'COGwflag'): 1}
2018-12-10 14:38:29,051 :: DEBUG :: ZEROBNL -> node.py :: set_attribute :: SET ATTRIBUTE Treturn to 13.955909539593975
2018-12-10 14:38:29,055 :: DEBUG :: ZEROBNL -> node.py :: set_attribute :: SET ATTRIBUTE mdot_return to 0.04
2018-12-10 14:38:29,057 :: DEBUG :: ZEROBNL -> node.py :: set_attribute :: SET ATTRIBUTE COGw_Flag to 1
2018-12-10 14:38:29,060 :: DEBUG :: ZEROBNL -> node.py :: run :: UPDATE DONE
2018-12-10 14:38:29,066 :: DEBUG :: ZEROBNL -> node.py :: run :: UPDATE
2018-12-10 14:38:29,066 :: DEBUG :: ZEROBNL -> node.py :: _update_inputs :: INPUTS {('Base0', 'Tsupply'): 43.95590953958388, ('Base0', 'MDOTsupply'): 0.04, ('Base1', 'TS'): 43.95590953958388, ('Base2', 'CDEM_TR'): 13.955909539583878, ('Base2', 'CDEM_mdotR'): 0.04, ('Base2', 'CDEM_cmf'): 1.0, ('Base3', 'COGwflag'): 1}
2018-12-10 14:38:29,066 :: DEBUG :: ZEROBNL -> node.py :: set_attribute :: SET ATTRIBUTE Treturn to 13.955909539583878
2018-12-10 14:38:29,068 :: DEBUG :: ZEROBNL -> node.py :: set_attribute :: SET ATTRIBUTE mdot_return to 0.04
2018-12-10 14:38:29,070 :: DEBUG :: ZEROBNL -> node.py :: set_attribute :: SET ATTRIBUTE COGw_Flag to 1
2018-12-10 14:38:29,072 :: DEBUG :: ZEROBNL -> node.py :: run :: UPDATE DONE
2018-12-10 14:38:29,076 :: DEBUG :: ZEROBNL -> node.py :: run :: UPDATE
2018-12-10 14:38:29,076 :: DEBUG :: ZEROBNL -> node.py :: _update_inputs :: INPUTS {('Base0', 'Tsupply'): 43.95590953958388, ('Base0', 'MDOTsupply'): 0.04, ('Base1', 'TS'): 43.95590953958388, ('Base2', 'CDEM_TR'): 13.955909539583878, ('Base2', 'CDEM_mdotR'): 0.04, ('Base2', 'CDEM_cmf'): 1.0, ('Base3', 'COGwflag'): 1}
2018-12-10 14:38:29,076 :: DEBUG :: ZEROBNL -> node.py :: set_attribute :: SET ATTRIBUTE Treturn to 13.955909539583878
2018-12-10 14:38:29,078 :: DEBUG :: ZEROBNL -> node.py :: set_attribute :: SET ATTRIBUTE mdot_return to 0.04
2018-12-10 14:38:29,081 :: DEBUG :: ZEROBNL -> node.py :: set_attribute :: SET ATTRIBUTE COGw_Flag to 1
2018-12-10 14:38:29,083 :: DEBUG :: ZEROBNL -> node.py :: run :: UPDATE DONE
2018-12-10 14:38:29,084 :: DEBUG :: ZEROBNL -> node.py :: run :: STEP
2018-12-10 14:38:29,085 :: DEBUG :: ZEROBNL -> node.py :: step :: NEW TIME
2018-12-10 14:38:29,096 :: DEBUG :: ZEROBNL -> node.py :: get_attribute :: GET ATTRIBUTE Tsupply
2018-12-10 14:38:29,096 :: DEBUG :: ZEROBNL -> node.py :: get_attribute :: GET ATTRIBUTE MDOTsupply
2018-12-10 14:38:29,101 :: DEBUG :: ZEROBNL -> node.py :: run :: STATE {'Tsupply': 43.955909539599986, 'MDOTsupply': 0.04}
2018-12-10 14:38:29,101 :: DEBUG :: ZEROBNL -> node.py :: run :: STEP DONE
2018-12-10 14:38:29,103 :: DEBUG :: ZEROBNL -> node.py :: run :: UPDATE
2018-12-10 14:38:29,103 :: DEBUG :: ZEROBNL -> node.py :: _update_inputs :: INPUTS {('Base0', 'Tsupply'): 43.955909539599986, ('Base0', 'MDOTsupply'): 0.04, ('Base1', 'TS'): 43.95590953958388, ('Base2', 'CDEM_TR'): 13.955909539583878, ('Base2', 'CDEM_mdotR'): 0.04, ('Base2', 'CDEM_cmf'): 1.0, ('Base3', 'COGwflag'): 1}
2018-12-10 14:38:29,103 :: DEBUG :: ZEROBNL -> node.py :: set_attribute :: SET ATTRIBUTE Treturn to 13.955909539583878
2018-12-10 14:38:29,106 :: DEBUG :: ZEROBNL -> node.py :: set_attribute :: SET ATTRIBUTE mdot_return to 0.04
2018-12-10 14:38:29,109 :: DEBUG :: ZEROBNL -> node.py :: set_attribute :: SET ATTRIBUTE COGw_Flag to 1
2018-12-10 14:38:29,111 :: DEBUG :: ZEROBNL -> node.py :: run :: UPDATE DONE
2018-12-10 14:38:29,115 :: DEBUG :: ZEROBNL -> node.py :: run :: UPDATE
2018-12-10 14:38:29,115 :: DEBUG :: ZEROBNL -> node.py :: _update_inputs :: INPUTS {('Base0', 'Tsupply'): 43.955909539599986, ('Base0', 'MDOTsupply'): 0.04, ('Base1', 'TS'): 43.955909539599986, ('Base2', 'CDEM_TR'): 13.955909539583878, ('Base2', 'CDEM_mdotR'): 0.04, ('Base2', 'CDEM_cmf'): 1.0, ('Base3', 'COGwflag'): 1}
2018-12-10 14:38:29,115 :: DEBUG :: ZEROBNL -> node.py :: set_attribute :: SET ATTRIBUTE Treturn to 13.955909539583878
2018-12-10 14:38:29,119 :: DEBUG :: ZEROBNL -> node.py :: set_attribute :: SET ATTRIBUTE mdot_return to 0.04
2018-12-10 14:38:29,121 :: DEBUG :: ZEROBNL -> node.py :: set_attribute :: SET ATTRIBUTE COGw_Flag to 1
2018-12-10 14:38:29,124 :: DEBUG :: ZEROBNL -> node.py :: run :: UPDATE DONE
2018-12-10 14:38:29,128 :: DEBUG :: ZEROBNL -> node.py :: run :: UPDATE
2018-12-10 14:38:29,129 :: DEBUG :: ZEROBNL -> node.py :: _update_inputs :: INPUTS {('Base0', 'Tsupply'): 43.955909539599986, ('Base0', 'MDOTsupply'): 0.04, ('Base1', 'TS'): 43.955909539599986, ('Base2', 'CDEM_TR'): 13.955909539599986, ('Base2', 'CDEM_mdotR'): 0.04, ('Base2', 'CDEM_cmf'): 1.0, ('Base3', 'COGwflag'): 1}
2018-12-10 14:38:29,129 :: DEBUG :: ZEROBNL -> node.py :: set_attribute :: SET ATTRIBUTE Treturn to 13.955909539599986
2018-12-10 14:38:29,133 :: DEBUG :: ZEROBNL -> node.py :: set_attribute :: SET ATTRIBUTE mdot_return to 0.04
2018-12-10 14:38:29,136 :: DEBUG :: ZEROBNL -> node.py :: set_attribute :: SET ATTRIBUTE COGw_Flag to 1
2018-12-10 14:38:29,138 :: DEBUG :: ZEROBNL -> node.py :: run :: UPDATE DONE
2018-12-10 14:38:29,142 :: DEBUG :: ZEROBNL -> node.py :: run :: UPDATE
2018-12-10 14:38:29,143 :: DEBUG :: ZEROBNL -> node.py :: _update_inputs :: INPUTS {('Base0', 'Tsupply'): 43.955909539599986, ('Base0', 'MDOTsupply'): 0.04, ('Base1', 'TS'): 43.955909539599986, ('Base2', 'CDEM_TR'): 13.955909539599986, ('Base2', 'CDEM_mdotR'): 0.04, ('Base2', 'CDEM_cmf'): 1.0, ('Base3', 'COGwflag'): 1}
2018-12-10 14:38:29,143 :: DEBUG :: ZEROBNL -> node.py :: set_attribute :: SET ATTRIBUTE Treturn to 13.955909539599986
2018-12-10 14:38:29,145 :: DEBUG :: ZEROBNL -> node.py :: set_attribute :: SET ATTRIBUTE mdot_return to 0.04
2018-12-10 14:38:29,147 :: DEBUG :: ZEROBNL -> node.py :: set_attribute :: SET ATTRIBUTE COGw_Flag to 1
2018-12-10 14:38:29,150 :: DEBUG :: ZEROBNL -> node.py :: run :: UPDATE DONE
2018-12-10 14:38:29,152 :: DEBUG :: ZEROBNL -> node.py :: run :: STEP
2018-12-10 14:38:29,152 :: DEBUG :: ZEROBNL -> node.py :: step :: NEW TIME
2018-12-10 14:38:29,161 :: DEBUG :: ZEROBNL -> node.py :: get_attribute :: GET ATTRIBUTE Tsupply
2018-12-10 14:38:29,161 :: DEBUG :: ZEROBNL -> node.py :: get_attribute :: GET ATTRIBUTE MDOTsupply
2018-12-10 14:38:29,165 :: DEBUG :: ZEROBNL -> node.py :: run :: STATE {'Tsupply': 43.95590953957898, 'MDOTsupply': 0.04}
2018-12-10 14:38:29,166 :: DEBUG :: ZEROBNL -> node.py :: run :: STEP DONE
2018-12-10 14:38:29,167 :: DEBUG :: ZEROBNL -> node.py :: run :: UPDATE
2018-12-10 14:38:29,168 :: DEBUG :: ZEROBNL -> node.py :: _update_inputs :: INPUTS {('Base0', 'Tsupply'): 43.95590953957898, ('Base0', 'MDOTsupply'): 0.04, ('Base1', 'TS'): 43.955909539599986, ('Base2', 'CDEM_TR'): 13.955909539599986, ('Base2', 'CDEM_mdotR'): 0.04, ('Base2', 'CDEM_cmf'): 1.0, ('Base3', 'COGwflag'): 1}
2018-12-10 14:38:29,168 :: DEBUG :: ZEROBNL -> node.py :: set_attribute :: SET ATTRIBUTE Treturn to 13.955909539599986
2018-12-10 14:38:29,171 :: DEBUG :: ZEROBNL -> node.py :: set_attribute :: SET ATTRIBUTE mdot_return to 0.04
2018-12-10 14:38:29,173 :: DEBUG :: ZEROBNL -> node.py :: set_attribute :: SET ATTRIBUTE COGw_Flag to 1
2018-12-10 14:38:29,176 :: DEBUG :: ZEROBNL -> node.py :: run :: UPDATE DONE
2018-12-10 14:38:29,179 :: DEBUG :: ZEROBNL -> node.py :: run :: UPDATE
2018-12-10 14:38:29,179 :: DEBUG :: ZEROBNL -> node.py :: _update_inputs :: INPUTS {('Base0', 'Tsupply'): 43.95590953957898, ('Base0', 'MDOTsupply'): 0.04, ('Base1', 'TS'): 43.95590953957898, ('Base2', 'CDEM_TR'): 13.955909539599986, ('Base2', 'CDEM_mdotR'): 0.04, ('Base2', 'CDEM_cmf'): 1.0, ('Base3', 'COGwflag'): 1}
2018-12-10 14:38:29,180 :: DEBUG :: ZEROBNL -> node.py :: set_attribute :: SET ATTRIBUTE Treturn to 13.955909539599986
2018-12-10 14:38:29,182 :: DEBUG :: ZEROBNL -> node.py :: set_attribute :: SET ATTRIBUTE mdot_return to 0.04
2018-12-10 14:38:29,185 :: DEBUG :: ZEROBNL -> node.py :: set_attribute :: SET ATTRIBUTE COGw_Flag to 1
2018-12-10 14:38:29,188 :: DEBUG :: ZEROBNL -> node.py :: run :: UPDATE DONE
2018-12-10 14:38:29,192 :: DEBUG :: ZEROBNL -> node.py :: run :: UPDATE
2018-12-10 14:38:29,192 :: DEBUG :: ZEROBNL -> node.py :: _update_inputs :: INPUTS {('Base0', 'Tsupply'): 43.95590953957898, ('Base0', 'MDOTsupply'): 0.04, ('Base1', 'TS'): 43.95590953957898, ('Base2', 'CDEM_TR'): 13.955909539578983, ('Base2', 'CDEM_mdotR'): 0.04, ('Base2', 'CDEM_cmf'): 1.0, ('Base3', 'COGwflag'): 1}
2018-12-10 14:38:29,192 :: DEBUG :: ZEROBNL -> node.py :: set_attribute :: SET ATTRIBUTE Treturn to 13.955909539578983
2018-12-10 14:38:29,195 :: DEBUG :: ZEROBNL -> node.py :: set_attribute :: SET ATTRIBUTE mdot_return to 0.04
2018-12-10 14:38:29,197 :: DEBUG :: ZEROBNL -> node.py :: set_attribute :: SET ATTRIBUTE COGw_Flag to 1
2018-12-10 14:38:29,200 :: DEBUG :: ZEROBNL -> node.py :: run :: UPDATE DONE
2018-12-10 14:38:29,205 :: DEBUG :: ZEROBNL -> node.py :: run :: UPDATE
2018-12-10 14:38:29,205 :: DEBUG :: ZEROBNL -> node.py :: _update_inputs :: INPUTS {('Base0', 'Tsupply'): 43.95590953957898, ('Base0', 'MDOTsupply'): 0.04, ('Base1', 'TS'): 43.95590953957898, ('Base2', 'CDEM_TR'): 13.955909539578983, ('Base2', 'CDEM_mdotR'): 0.04, ('Base2', 'CDEM_cmf'): 1.0, ('Base3', 'COGwflag'): 1}
2018-12-10 14:38:29,205 :: DEBUG :: ZEROBNL -> node.py :: set_attribute :: SET ATTRIBUTE Treturn to 13.955909539578983
2018-12-10 14:38:29,207 :: DEBUG :: ZEROBNL -> node.py :: set_attribute :: SET ATTRIBUTE mdot_return to 0.04
2018-12-10 14:38:29,209 :: DEBUG :: ZEROBNL -> node.py :: set_attribute :: SET ATTRIBUTE COGw_Flag to 1
2018-12-10 14:38:29,211 :: DEBUG :: ZEROBNL -> node.py :: run :: UPDATE DONE
2018-12-10 14:38:29,213 :: DEBUG :: ZEROBNL -> node.py :: run :: STEP
2018-12-10 14:38:29,213 :: DEBUG :: ZEROBNL -> node.py :: step :: NEW TIME
2018-12-10 14:38:29,224 :: DEBUG :: ZEROBNL -> node.py :: get_attribute :: GET ATTRIBUTE Tsupply
2018-12-10 14:38:29,224 :: DEBUG :: ZEROBNL -> node.py :: get_attribute :: GET ATTRIBUTE MDOTsupply
2018-12-10 14:38:29,228 :: DEBUG :: ZEROBNL -> node.py :: run :: STATE {'Tsupply': 43.95590953959705, 'MDOTsupply': 0.04}
2018-12-10 14:38:29,228 :: DEBUG :: ZEROBNL -> node.py :: run :: STEP DONE
2018-12-10 14:38:29,230 :: DEBUG :: ZEROBNL -> node.py :: run :: UPDATE
2018-12-10 14:38:29,230 :: DEBUG :: ZEROBNL -> node.py :: _update_inputs :: INPUTS {('Base0', 'Tsupply'): 43.95590953959705, ('Base0', 'MDOTsupply'): 0.04, ('Base1', 'TS'): 43.95590953957898, ('Base2', 'CDEM_TR'): 13.955909539578983, ('Base2', 'CDEM_mdotR'): 0.04, ('Base2', 'CDEM_cmf'): 1.0, ('Base3', 'COGwflag'): 1}
2018-12-10 14:38:29,231 :: DEBUG :: ZEROBNL -> node.py :: set_attribute :: SET ATTRIBUTE Treturn to 13.955909539578983
2018-12-10 14:38:29,234 :: DEBUG :: ZEROBNL -> node.py :: set_attribute :: SET ATTRIBUTE mdot_return to 0.04
2018-12-10 14:38:29,237 :: DEBUG :: ZEROBNL -> node.py :: set_attribute :: SET ATTRIBUTE COGw_Flag to 1
2018-12-10 14:38:29,239 :: DEBUG :: ZEROBNL -> node.py :: run :: UPDATE DONE
2018-12-10 14:38:29,242 :: DEBUG :: ZEROBNL -> node.py :: run :: UPDATE
2018-12-10 14:38:29,243 :: DEBUG :: ZEROBNL -> node.py :: _update_inputs :: INPUTS {('Base0', 'Tsupply'): 43.95590953959705, ('Base0', 'MDOTsupply'): 0.04, ('Base1', 'TS'): 43.95590953959705, ('Base2', 'CDEM_TR'): 13.955909539578983, ('Base2', 'CDEM_mdotR'): 0.04, ('Base2', 'CDEM_cmf'): 1.0, ('Base3', 'COGwflag'): 1}
2018-12-10 14:38:29,243 :: DEBUG :: ZEROBNL -> node.py :: set_attribute :: SET ATTRIBUTE Treturn to 13.955909539578983
2018-12-10 14:38:29,245 :: DEBUG :: ZEROBNL -> node.py :: set_attribute :: SET ATTRIBUTE mdot_return to 0.04
2018-12-10 14:38:29,248 :: DEBUG :: ZEROBNL -> node.py :: set_attribute :: SET ATTRIBUTE COGw_Flag to 1
2018-12-10 14:38:29,251 :: DEBUG :: ZEROBNL -> node.py :: run :: UPDATE DONE
2018-12-10 14:38:29,255 :: DEBUG :: ZEROBNL -> node.py :: run :: UPDATE
2018-12-10 14:38:29,255 :: DEBUG :: ZEROBNL -> node.py :: _update_inputs :: INPUTS {('Base0', 'Tsupply'): 43.95590953959705, ('Base0', 'MDOTsupply'): 0.04, ('Base1', 'TS'): 43.95590953959705, ('Base2', 'CDEM_TR'): 13.955909539597052, ('Base2', 'CDEM_mdotR'): 0.04, ('Base2', 'CDEM_cmf'): 1.0, ('Base3', 'COGwflag'): 1}
2018-12-10 14:38:29,256 :: DEBUG :: ZEROBNL -> node.py :: set_attribute :: SET ATTRIBUTE Treturn to 13.955909539597052
2018-12-10 14:38:29,258 :: DEBUG :: ZEROBNL -> node.py :: set_attribute :: SET ATTRIBUTE mdot_return to 0.04
2018-12-10 14:38:29,261 :: DEBUG :: ZEROBNL -> node.py :: set_attribute :: SET ATTRIBUTE COGw_Flag to 1
2018-12-10 14:38:29,264 :: DEBUG :: ZEROBNL -> node.py :: run :: UPDATE DONE
2018-12-10 14:38:29,267 :: DEBUG :: ZEROBNL -> node.py :: run :: UPDATE
2018-12-10 14:38:29,268 :: DEBUG :: ZEROBNL -> node.py :: _update_inputs :: INPUTS {('Base0', 'Tsupply'): 43.95590953959705, ('Base0', 'MDOTsupply'): 0.04, ('Base1', 'TS'): 43.95590953959705, ('Base2', 'CDEM_TR'): 13.955909539597052, ('Base2', 'CDEM_mdotR'): 0.04, ('Base2', 'CDEM_cmf'): 1.0, ('Base3', 'COGwflag'): 1}
2018-12-10 14:38:29,268 :: DEBUG :: ZEROBNL -> node.py :: set_attribute :: SET ATTRIBUTE Treturn to 13.955909539597052
2018-12-10 14:38:29,271 :: DEBUG :: ZEROBNL -> node.py :: set_attribute :: SET ATTRIBUTE mdot_return to 0.04
2018-12-10 14:38:29,273 :: DEBUG :: ZEROBNL -> node.py :: set_attribute :: SET ATTRIBUTE COGw_Flag to 1
2018-12-10 14:38:29,275 :: DEBUG :: ZEROBNL -> node.py :: run :: UPDATE DONE
2018-12-10 14:38:29,277 :: DEBUG :: ZEROBNL -> node.py :: run :: STEP
2018-12-10 14:38:29,277 :: DEBUG :: ZEROBNL -> node.py :: step :: NEW TIME
2018-12-10 14:38:29,290 :: DEBUG :: ZEROBNL -> node.py :: get_attribute :: GET ATTRIBUTE Tsupply
2018-12-10 14:38:29,290 :: DEBUG :: ZEROBNL -> node.py :: get_attribute :: GET ATTRIBUTE MDOTsupply
2018-12-10 14:38:29,295 :: DEBUG :: ZEROBNL -> node.py :: run :: STATE {'Tsupply': 43.95590953960147, 'MDOTsupply': 0.04}
2018-12-10 14:38:29,295 :: DEBUG :: ZEROBNL -> node.py :: run :: STEP DONE
2018-12-10 14:38:29,297 :: DEBUG :: ZEROBNL -> node.py :: run :: UPDATE
2018-12-10 14:38:29,297 :: DEBUG :: ZEROBNL -> node.py :: _update_inputs :: INPUTS {('Base0', 'Tsupply'): 43.95590953960147, ('Base0', 'MDOTsupply'): 0.04, ('Base1', 'TS'): 43.95590953959705, ('Base2', 'CDEM_TR'): 13.955909539597052, ('Base2', 'CDEM_mdotR'): 0.04, ('Base2', 'CDEM_cmf'): 1.0, ('Base3', 'COGwflag'): 1}
2018-12-10 14:38:29,297 :: DEBUG :: ZEROBNL -> node.py :: set_attribute :: SET ATTRIBUTE Treturn to 13.955909539597052
2018-12-10 14:38:29,301 :: DEBUG :: ZEROBNL -> node.py :: set_attribute :: SET ATTRIBUTE mdot_return to 0.04
2018-12-10 14:38:29,304 :: DEBUG :: ZEROBNL -> node.py :: set_attribute :: SET ATTRIBUTE COGw_Flag to 1
2018-12-10 14:38:29,306 :: DEBUG :: ZEROBNL -> node.py :: run :: UPDATE DONE
2018-12-10 14:38:29,309 :: DEBUG :: ZEROBNL -> node.py :: run :: UPDATE
2018-12-10 14:38:29,310 :: DEBUG :: ZEROBNL -> node.py :: _update_inputs :: INPUTS {('Base0', 'Tsupply'): 43.95590953960147, ('Base0', 'MDOTsupply'): 0.04, ('Base1', 'TS'): 43.95590953960147, ('Base2', 'CDEM_TR'): 13.955909539597052, ('Base2', 'CDEM_mdotR'): 0.04, ('Base2', 'CDEM_cmf'): 1.0, ('Base3', 'COGwflag'): 1}
2018-12-10 14:38:29,310 :: DEBUG :: ZEROBNL -> node.py :: set_attribute :: SET ATTRIBUTE Treturn to 13.955909539597052
2018-12-10 14:38:29,312 :: DEBUG :: ZEROBNL -> node.py :: set_attribute :: SET ATTRIBUTE mdot_return to 0.04
2018-12-10 14:38:29,314 :: DEBUG :: ZEROBNL -> node.py :: set_attribute :: SET ATTRIBUTE COGw_Flag to 1
2018-12-10 14:38:29,318 :: DEBUG :: ZEROBNL -> node.py :: run :: UPDATE DONE
2018-12-10 14:38:29,322 :: DEBUG :: ZEROBNL -> node.py :: run :: UPDATE
2018-12-10 14:38:29,323 :: DEBUG :: ZEROBNL -> node.py :: _update_inputs :: INPUTS {('Base0', 'Tsupply'): 43.95590953960147, ('Base0', 'MDOTsupply'): 0.04, ('Base1', 'TS'): 43.95590953960147, ('Base2', 'CDEM_TR'): 13.955909539601471, ('Base2', 'CDEM_mdotR'): 0.04, ('Base2', 'CDEM_cmf'): 1.0, ('Base3', 'COGwflag'): 1}
2018-12-10 14:38:29,323 :: DEBUG :: ZEROBNL -> node.py :: set_attribute :: SET ATTRIBUTE Treturn to 13.955909539601471
2018-12-10 14:38:29,326 :: DEBUG :: ZEROBNL -> node.py :: set_attribute :: SET ATTRIBUTE mdot_return to 0.04
2018-12-10 14:38:29,328 :: DEBUG :: ZEROBNL -> node.py :: set_attribute :: SET ATTRIBUTE COGw_Flag to 1
2018-12-10 14:38:29,331 :: DEBUG :: ZEROBNL -> node.py :: run :: UPDATE DONE
2018-12-10 14:38:29,335 :: DEBUG :: ZEROBNL -> node.py :: run :: UPDATE
2018-12-10 14:38:29,336 :: DEBUG :: ZEROBNL -> node.py :: _update_inputs :: INPUTS {('Base0', 'Tsupply'): 43.95590953960147, ('Base0', 'MDOTsupply'): 0.04, ('Base1', 'TS'): 43.95590953960147, ('Base2', 'CDEM_TR'): 13.955909539601471, ('Base2', 'CDEM_mdotR'): 0.04, ('Base2', 'CDEM_cmf'): 1.0, ('Base3', 'COGwflag'): 1}
2018-12-10 14:38:29,337 :: DEBUG :: ZEROBNL -> node.py :: set_attribute :: SET ATTRIBUTE Treturn to 13.955909539601471
2018-12-10 14:38:29,338 :: DEBUG :: ZEROBNL -> node.py :: set_attribute :: SET ATTRIBUTE mdot_return to 0.04
2018-12-10 14:38:29,341 :: DEBUG :: ZEROBNL -> node.py :: set_attribute :: SET ATTRIBUTE COGw_Flag to 1
2018-12-10 14:38:29,344 :: DEBUG :: ZEROBNL -> node.py :: run :: UPDATE DONE
2018-12-10 14:38:29,345 :: DEBUG :: ZEROBNL -> node.py :: run :: STEP
2018-12-10 14:38:29,345 :: DEBUG :: ZEROBNL -> node.py :: step :: NEW TIME
2018-12-10 14:38:29,357 :: DEBUG :: ZEROBNL -> node.py :: get_attribute :: GET ATTRIBUTE Tsupply
2018-12-10 14:38:29,357 :: DEBUG :: ZEROBNL -> node.py :: get_attribute :: GET ATTRIBUTE MDOTsupply
2018-12-10 14:38:29,361 :: DEBUG :: ZEROBNL -> node.py :: run :: STATE {'Tsupply': 43.95590953960019, 'MDOTsupply': 0.04}
2018-12-10 14:38:29,362 :: DEBUG :: ZEROBNL -> node.py :: run :: STEP DONE
2018-12-10 14:38:29,363 :: DEBUG :: ZEROBNL -> node.py :: run :: UPDATE
2018-12-10 14:38:29,364 :: DEBUG :: ZEROBNL -> node.py :: _update_inputs :: INPUTS {('Base0', 'Tsupply'): 43.95590953960019, ('Base0', 'MDOTsupply'): 0.04, ('Base1', 'TS'): 43.95590953960147, ('Base2', 'CDEM_TR'): 13.955909539601471, ('Base2', 'CDEM_mdotR'): 0.04, ('Base2', 'CDEM_cmf'): 1.0, ('Base3', 'COGwflag'): 1}
2018-12-10 14:38:29,364 :: DEBUG :: ZEROBNL -> node.py :: set_attribute :: SET ATTRIBUTE Treturn to 13.955909539601471
2018-12-10 14:38:29,368 :: DEBUG :: ZEROBNL -> node.py :: set_attribute :: SET ATTRIBUTE mdot_return to 0.04
2018-12-10 14:38:29,372 :: DEBUG :: ZEROBNL -> node.py :: set_attribute :: SET ATTRIBUTE COGw_Flag to 1
2018-12-10 14:38:29,374 :: DEBUG :: ZEROBNL -> node.py :: run :: UPDATE DONE
2018-12-10 14:38:29,377 :: DEBUG :: ZEROBNL -> node.py :: run :: UPDATE
2018-12-10 14:38:29,378 :: DEBUG :: ZEROBNL -> node.py :: _update_inputs :: INPUTS {('Base0', 'Tsupply'): 43.95590953960019, ('Base0', 'MDOTsupply'): 0.04, ('Base1', 'TS'): 43.95590953960019, ('Base2', 'CDEM_TR'): 13.955909539601471, ('Base2', 'CDEM_mdotR'): 0.04, ('Base2', 'CDEM_cmf'): 1.0, ('Base3', 'COGwflag'): 1}
2018-12-10 14:38:29,378 :: DEBUG :: ZEROBNL -> node.py :: set_attribute :: SET ATTRIBUTE Treturn to 13.955909539601471
2018-12-10 14:38:29,380 :: DEBUG :: ZEROBNL -> node.py :: set_attribute :: SET ATTRIBUTE mdot_return to 0.04
2018-12-10 14:38:29,383 :: DEBUG :: ZEROBNL -> node.py :: set_attribute :: SET ATTRIBUTE COGw_Flag to 1
2018-12-10 14:38:29,386 :: DEBUG :: ZEROBNL -> node.py :: run :: UPDATE DONE
2018-12-10 14:38:29,391 :: DEBUG :: ZEROBNL -> node.py :: run :: UPDATE
2018-12-10 14:38:29,392 :: DEBUG :: ZEROBNL -> node.py :: _update_inputs :: INPUTS {('Base0', 'Tsupply'): 43.95590953960019, ('Base0', 'MDOTsupply'): 0.04, ('Base1', 'TS'): 43.95590953960019, ('Base2', 'CDEM_TR'): 13.955909539600192, ('Base2', 'CDEM_mdotR'): 0.04, ('Base2', 'CDEM_cmf'): 1.0, ('Base3', 'COGwflag'): 1}
2018-12-10 14:38:29,392 :: DEBUG :: ZEROBNL -> node.py :: set_attribute :: SET ATTRIBUTE Treturn to 13.955909539600192
2018-12-10 14:38:29,395 :: DEBUG :: ZEROBNL -> node.py :: set_attribute :: SET ATTRIBUTE mdot_return to 0.04
2018-12-10 14:38:29,397 :: DEBUG :: ZEROBNL -> node.py :: set_attribute :: SET ATTRIBUTE COGw_Flag to 1
2018-12-10 14:38:29,401 :: DEBUG :: ZEROBNL -> node.py :: run :: UPDATE DONE
2018-12-10 14:38:29,405 :: DEBUG :: ZEROBNL -> node.py :: run :: UPDATE
2018-12-10 14:38:29,405 :: DEBUG :: ZEROBNL -> node.py :: _update_inputs :: INPUTS {('Base0', 'Tsupply'): 43.95590953960019, ('Base0', 'MDOTsupply'): 0.04, ('Base1', 'TS'): 43.95590953960019, ('Base2', 'CDEM_TR'): 13.955909539600192, ('Base2', 'CDEM_mdotR'): 0.04, ('Base2', 'CDEM_cmf'): 1.0, ('Base3', 'COGwflag'): 1}
2018-12-10 14:38:29,406 :: DEBUG :: ZEROBNL -> node.py :: set_attribute :: SET ATTRIBUTE Treturn to 13.955909539600192
2018-12-10 14:38:29,409 :: DEBUG :: ZEROBNL -> node.py :: set_attribute :: SET ATTRIBUTE mdot_return to 0.04
2018-12-10 14:38:29,412 :: DEBUG :: ZEROBNL -> node.py :: set_attribute :: SET ATTRIBUTE COGw_Flag to 1
2018-12-10 14:38:29,416 :: DEBUG :: ZEROBNL -> node.py :: run :: UPDATE DONE
2018-12-10 14:38:29,418 :: DEBUG :: ZEROBNL -> node.py :: run :: STEP
2018-12-10 14:38:29,418 :: DEBUG :: ZEROBNL -> node.py :: step :: NEW TIME
2018-12-10 14:38:29,429 :: DEBUG :: ZEROBNL -> node.py :: get_attribute :: GET ATTRIBUTE Tsupply
2018-12-10 14:38:29,429 :: DEBUG :: ZEROBNL -> node.py :: get_attribute :: GET ATTRIBUTE MDOTsupply
2018-12-10 14:38:29,435 :: DEBUG :: ZEROBNL -> node.py :: run :: STATE {'Tsupply': 43.95590953957773, 'MDOTsupply': 0.04}
2018-12-10 14:38:29,436 :: DEBUG :: ZEROBNL -> node.py :: run :: STEP DONE
2018-12-10 14:38:29,439 :: DEBUG :: ZEROBNL -> node.py :: run :: UPDATE
2018-12-10 14:38:29,439 :: DEBUG :: ZEROBNL -> node.py :: _update_inputs :: INPUTS {('Base0', 'Tsupply'): 43.95590953957773, ('Base0', 'MDOTsupply'): 0.04, ('Base1', 'TS'): 43.95590953960019, ('Base2', 'CDEM_TR'): 13.955909539600192, ('Base2', 'CDEM_mdotR'): 0.04, ('Base2', 'CDEM_cmf'): 1.0, ('Base3', 'COGwflag'): 1}
2018-12-10 14:38:29,439 :: DEBUG :: ZEROBNL -> node.py :: set_attribute :: SET ATTRIBUTE Treturn to 13.955909539600192
2018-12-10 14:38:29,442 :: DEBUG :: ZEROBNL -> node.py :: set_attribute :: SET ATTRIBUTE mdot_return to 0.04
2018-12-10 14:38:29,445 :: DEBUG :: ZEROBNL -> node.py :: set_attribute :: SET ATTRIBUTE COGw_Flag to 1
2018-12-10 14:38:29,447 :: DEBUG :: ZEROBNL -> node.py :: run :: UPDATE DONE
2018-12-10 14:38:29,452 :: DEBUG :: ZEROBNL -> node.py :: run :: UPDATE
2018-12-10 14:38:29,452 :: DEBUG :: ZEROBNL -> node.py :: _update_inputs :: INPUTS {('Base0', 'Tsupply'): 43.95590953957773, ('Base0', 'MDOTsupply'): 0.04, ('Base1', 'TS'): 43.95590953957773, ('Base2', 'CDEM_TR'): 13.955909539600192, ('Base2', 'CDEM_mdotR'): 0.04, ('Base2', 'CDEM_cmf'): 1.0, ('Base3', 'COGwflag'): 1}
2018-12-10 14:38:29,453 :: DEBUG :: ZEROBNL -> node.py :: set_attribute :: SET ATTRIBUTE Treturn to 13.955909539600192
2018-12-10 14:38:29,456 :: DEBUG :: ZEROBNL -> node.py :: set_attribute :: SET ATTRIBUTE mdot_return to 0.04
2018-12-10 14:38:29,459 :: DEBUG :: ZEROBNL -> node.py :: set_attribute :: SET ATTRIBUTE COGw_Flag to 1
2018-12-10 14:38:29,462 :: DEBUG :: ZEROBNL -> node.py :: run :: UPDATE DONE
2018-12-10 14:38:29,467 :: DEBUG :: ZEROBNL -> node.py :: run :: UPDATE
2018-12-10 14:38:29,467 :: DEBUG :: ZEROBNL -> node.py :: _update_inputs :: INPUTS {('Base0', 'Tsupply'): 43.95590953957773, ('Base0', 'MDOTsupply'): 0.04, ('Base1', 'TS'): 43.95590953957773, ('Base2', 'CDEM_TR'): 13.955909539577732, ('Base2', 'CDEM_mdotR'): 0.04, ('Base2', 'CDEM_cmf'): 1.0, ('Base3', 'COGwflag'): 1}
2018-12-10 14:38:29,467 :: DEBUG :: ZEROBNL -> node.py :: set_attribute :: SET ATTRIBUTE Treturn to 13.955909539577732
2018-12-10 14:38:29,470 :: DEBUG :: ZEROBNL -> node.py :: set_attribute :: SET ATTRIBUTE mdot_return to 0.04
2018-12-10 14:38:29,473 :: DEBUG :: ZEROBNL -> node.py :: set_attribute :: SET ATTRIBUTE COGw_Flag to 1
2018-12-10 14:38:29,476 :: DEBUG :: ZEROBNL -> node.py :: run :: UPDATE DONE
2018-12-10 14:38:29,479 :: DEBUG :: ZEROBNL -> node.py :: run :: UPDATE
2018-12-10 14:38:29,480 :: DEBUG :: ZEROBNL -> node.py :: _update_inputs :: INPUTS {('Base0', 'Tsupply'): 43.95590953957773, ('Base0', 'MDOTsupply'): 0.04, ('Base1', 'TS'): 43.95590953957773, ('Base2', 'CDEM_TR'): 13.955909539577732, ('Base2', 'CDEM_mdotR'): 0.04, ('Base2', 'CDEM_cmf'): 1.0, ('Base3', 'COGwflag'): 1}
2018-12-10 14:38:29,480 :: DEBUG :: ZEROBNL -> node.py :: set_attribute :: SET ATTRIBUTE Treturn to 13.955909539577732
2018-12-10 14:38:29,483 :: DEBUG :: ZEROBNL -> node.py :: set_attribute :: SET ATTRIBUTE mdot_return to 0.04
2018-12-10 14:38:29,485 :: DEBUG :: ZEROBNL -> node.py :: set_attribute :: SET ATTRIBUTE COGw_Flag to 1
2018-12-10 14:38:29,487 :: DEBUG :: ZEROBNL -> node.py :: run :: UPDATE DONE
2018-12-10 14:38:29,489 :: DEBUG :: ZEROBNL -> node.py :: run :: STEP
2018-12-10 14:38:29,489 :: DEBUG :: ZEROBNL -> node.py :: step :: NEW TIME
2018-12-10 14:38:29,498 :: DEBUG :: ZEROBNL -> node.py :: get_attribute :: GET ATTRIBUTE Tsupply
2018-12-10 14:38:29,498 :: DEBUG :: ZEROBNL -> node.py :: get_attribute :: GET ATTRIBUTE MDOTsupply
2018-12-10 14:38:29,504 :: DEBUG :: ZEROBNL -> node.py :: run :: STATE {'Tsupply': 43.955909539611255, 'MDOTsupply': 0.04}
2018-12-10 14:38:29,505 :: DEBUG :: ZEROBNL -> node.py :: run :: STEP DONE
2018-12-10 14:38:29,507 :: DEBUG :: ZEROBNL -> node.py :: run :: UPDATE
2018-12-10 14:38:29,507 :: DEBUG :: ZEROBNL -> node.py :: _update_inputs :: INPUTS {('Base0', 'Tsupply'): 43.955909539611255, ('Base0', 'MDOTsupply'): 0.04, ('Base1', 'TS'): 43.95590953957773, ('Base2', 'CDEM_TR'): 13.955909539577732, ('Base2', 'CDEM_mdotR'): 0.04, ('Base2', 'CDEM_cmf'): 1.0, ('Base3', 'COGwflag'): 1}
2018-12-10 14:38:29,507 :: DEBUG :: ZEROBNL -> node.py :: set_attribute :: SET ATTRIBUTE Treturn to 13.955909539577732
2018-12-10 14:38:29,510 :: DEBUG :: ZEROBNL -> node.py :: set_attribute :: SET ATTRIBUTE mdot_return to 0.04
2018-12-10 14:38:29,513 :: DEBUG :: ZEROBNL -> node.py :: set_attribute :: SET ATTRIBUTE COGw_Flag to 1
2018-12-10 14:38:29,516 :: DEBUG :: ZEROBNL -> node.py :: run :: UPDATE DONE
2018-12-10 14:38:29,520 :: DEBUG :: ZEROBNL -> node.py :: run :: UPDATE
2018-12-10 14:38:29,520 :: DEBUG :: ZEROBNL -> node.py :: _update_inputs :: INPUTS {('Base0', 'Tsupply'): 43.955909539611255, ('Base0', 'MDOTsupply'): 0.04, ('Base1', 'TS'): 43.955909539611255, ('Base2', 'CDEM_TR'): 13.955909539577732, ('Base2', 'CDEM_mdotR'): 0.04, ('Base2', 'CDEM_cmf'): 1.0, ('Base3', 'COGwflag'): 1}
2018-12-10 14:38:29,520 :: DEBUG :: ZEROBNL -> node.py :: set_attribute :: SET ATTRIBUTE Treturn to 13.955909539577732
2018-12-10 14:38:29,524 :: DEBUG :: ZEROBNL -> node.py :: set_attribute :: SET ATTRIBUTE mdot_return to 0.04
2018-12-10 14:38:29,526 :: DEBUG :: ZEROBNL -> node.py :: set_attribute :: SET ATTRIBUTE COGw_Flag to 1
2018-12-10 14:38:29,529 :: DEBUG :: ZEROBNL -> node.py :: run :: UPDATE DONE
2018-12-10 14:38:29,534 :: DEBUG :: ZEROBNL -> node.py :: run :: UPDATE
2018-12-10 14:38:29,535 :: DEBUG :: ZEROBNL -> node.py :: _update_inputs :: INPUTS {('Base0', 'Tsupply'): 43.955909539611255, ('Base0', 'MDOTsupply'): 0.04, ('Base1', 'TS'): 43.955909539611255, ('Base2', 'CDEM_TR'): 13.955909539611255, ('Base2', 'CDEM_mdotR'): 0.04, ('Base2', 'CDEM_cmf'): 1.0, ('Base3', 'COGwflag'): 1}
2018-12-10 14:38:29,535 :: DEBUG :: ZEROBNL -> node.py :: set_attribute :: SET ATTRIBUTE Treturn to 13.955909539611255
2018-12-10 14:38:29,538 :: DEBUG :: ZEROBNL -> node.py :: set_attribute :: SET ATTRIBUTE mdot_return to 0.04
2018-12-10 14:38:29,541 :: DEBUG :: ZEROBNL -> node.py :: set_attribute :: SET ATTRIBUTE COGw_Flag to 1
2018-12-10 14:38:29,543 :: DEBUG :: ZEROBNL -> node.py :: run :: UPDATE DONE
2018-12-10 14:38:29,547 :: DEBUG :: ZEROBNL -> node.py :: run :: UPDATE
2018-12-10 14:38:29,548 :: DEBUG :: ZEROBNL -> node.py :: _update_inputs :: INPUTS {('Base0', 'Tsupply'): 43.955909539611255, ('Base0', 'MDOTsupply'): 0.04, ('Base1', 'TS'): 43.955909539611255, ('Base2', 'CDEM_TR'): 13.955909539611255, ('Base2', 'CDEM_mdotR'): 0.04, ('Base2', 'CDEM_cmf'): 1.0, ('Base3', 'COGwflag'): 1}
2018-12-10 14:38:29,548 :: DEBUG :: ZEROBNL -> node.py :: set_attribute :: SET ATTRIBUTE Treturn to 13.955909539611255
2018-12-10 14:38:29,553 :: DEBUG :: ZEROBNL -> node.py :: set_attribute :: SET ATTRIBUTE mdot_return to 0.04
2018-12-10 14:38:29,556 :: DEBUG :: ZEROBNL -> node.py :: set_attribute :: SET ATTRIBUTE COGw_Flag to 1
2018-12-10 14:38:29,559 :: DEBUG :: ZEROBNL -> node.py :: run :: UPDATE DONE
2018-12-10 14:38:29,561 :: DEBUG :: ZEROBNL -> node.py :: run :: STEP
2018-12-10 14:38:29,562 :: DEBUG :: ZEROBNL -> node.py :: step :: NEW TIME
2018-12-10 14:38:29,576 :: DEBUG :: ZEROBNL -> node.py :: get_attribute :: GET ATTRIBUTE Tsupply
2018-12-10 14:38:29,576 :: DEBUG :: ZEROBNL -> node.py :: get_attribute :: GET ATTRIBUTE MDOTsupply
2018-12-10 14:38:29,582 :: DEBUG :: ZEROBNL -> node.py :: run :: STATE {'Tsupply': 43.955909539581654, 'MDOTsupply': 0.04}
2018-12-10 14:38:29,582 :: DEBUG :: ZEROBNL -> node.py :: run :: STEP DONE
2018-12-10 14:38:29,586 :: DEBUG :: ZEROBNL -> node.py :: run :: UPDATE
2018-12-10 14:38:29,586 :: DEBUG :: ZEROBNL -> node.py :: _update_inputs :: INPUTS {('Base0', 'Tsupply'): 43.955909539581654, ('Base0', 'MDOTsupply'): 0.04, ('Base1', 'TS'): 43.955909539611255, ('Base2', 'CDEM_TR'): 13.955909539611255, ('Base2', 'CDEM_mdotR'): 0.04, ('Base2', 'CDEM_cmf'): 1.0, ('Base3', 'COGwflag'): 1}
2018-12-10 14:38:29,586 :: DEBUG :: ZEROBNL -> node.py :: set_attribute :: SET ATTRIBUTE Treturn to 13.955909539611255
2018-12-10 14:38:29,590 :: DEBUG :: ZEROBNL -> node.py :: set_attribute :: SET ATTRIBUTE mdot_return to 0.04
2018-12-10 14:38:29,593 :: DEBUG :: ZEROBNL -> node.py :: set_attribute :: SET ATTRIBUTE COGw_Flag to 1
2018-12-10 14:38:29,597 :: DEBUG :: ZEROBNL -> node.py :: run :: UPDATE DONE
2018-12-10 14:38:29,602 :: DEBUG :: ZEROBNL -> node.py :: run :: UPDATE
2018-12-10 14:38:29,603 :: DEBUG :: ZEROBNL -> node.py :: _update_inputs :: INPUTS {('Base0', 'Tsupply'): 43.955909539581654, ('Base0', 'MDOTsupply'): 0.04, ('Base1', 'TS'): 43.955909539581654, ('Base2', 'CDEM_TR'): 13.955909539611255, ('Base2', 'CDEM_mdotR'): 0.04, ('Base2', 'CDEM_cmf'): 1.0, ('Base3', 'COGwflag'): 1}
2018-12-10 14:38:29,603 :: DEBUG :: ZEROBNL -> node.py :: set_attribute :: SET ATTRIBUTE Treturn to 13.955909539611255
2018-12-10 14:38:29,605 :: DEBUG :: ZEROBNL -> node.py :: set_attribute :: SET ATTRIBUTE mdot_return to 0.04
2018-12-10 14:38:29,608 :: DEBUG :: ZEROBNL -> node.py :: set_attribute :: SET ATTRIBUTE COGw_Flag to 1
2018-12-10 14:38:29,611 :: DEBUG :: ZEROBNL -> node.py :: run :: UPDATE DONE
2018-12-10 14:38:29,618 :: DEBUG :: ZEROBNL -> node.py :: run :: UPDATE
2018-12-10 14:38:29,618 :: DEBUG :: ZEROBNL -> node.py :: _update_inputs :: INPUTS {('Base0', 'Tsupply'): 43.955909539581654, ('Base0', 'MDOTsupply'): 0.04, ('Base1', 'TS'): 43.955909539581654, ('Base2', 'CDEM_TR'): 13.955909539581654, ('Base2', 'CDEM_mdotR'): 0.04, ('Base2', 'CDEM_cmf'): 1.0, ('Base3', 'COGwflag'): 1}
2018-12-10 14:38:29,619 :: DEBUG :: ZEROBNL -> node.py :: set_attribute :: SET ATTRIBUTE Treturn to 13.955909539581654
2018-12-10 14:38:29,623 :: DEBUG :: ZEROBNL -> node.py :: set_attribute :: SET ATTRIBUTE mdot_return to 0.04
2018-12-10 14:38:29,625 :: DEBUG :: ZEROBNL -> node.py :: set_attribute :: SET ATTRIBUTE COGw_Flag to 1
2018-12-10 14:38:29,628 :: DEBUG :: ZEROBNL -> node.py :: run :: UPDATE DONE
2018-12-10 14:38:29,632 :: DEBUG :: ZEROBNL -> node.py :: exit :: EXIT
