 TIME                    	Output                   	
    0.00
   34.98
    0.50
   34.98
    1.00
   34.98
    1.50
   34.10
    2.00
   33.21
    2.50
   32.78
    3.00
   32.34
    3.50
   31.67
    4.00
   31.00
    4.50
   31.33
    5.00
   31.67
    5.50
   32.28
    6.00
   32.88
    6.50
   33.57
    7.00
   34.26
    7.50
   34.86
    8.00
   35.45
    8.50
   37.75
    9.00
   40.05
    9.50
   40.62
   10.00
   41.19
   10.50
   41.12
   11.00
   41.06
   11.50
   41.03
   12.00
   40.99
   12.50
   40.92
   13.00
   40.85
   13.50
   41.05
   14.00
   41.24
   14.50
   40.63
   15.00
   40.01
   15.50
   39.70
   16.00
   39.38
   16.50
   39.41
   17.00
   39.43
   17.50
   39.39
   18.00
   39.35
   18.50
   39.40
   19.00
   39.46
   19.50
   38.79
   20.00
   38.12
   20.50
   38.03
   21.00
   37.95
   21.50
   37.89
   22.00
   37.84
   22.50
   37.87
   23.00
   37.90
   23.50
   36.92
   24.00
   35.93
   24.50
   34.63
   25.00
   33.33
   25.50
   33.29
   26.00
   33.26
   26.50
   33.23
   27.00
   33.20
   27.50
   32.44
   28.00
   31.69
   28.50
   30.08
   29.00
   28.48
   29.50
   28.43
   30.00
   28.39
   30.50
   28.41
   31.00
   28.43
   31.50
   29.78
   32.00
   31.12
   32.50
   31.24
   33.00
   31.37
   33.50
   31.36
   34.00
   31.35
   34.50
   31.35
   35.00
   31.34
   35.50
   31.32
   36.00
   31.30
   36.50
   31.27
   37.00
   31.23
   37.50
   31.20
   38.00
   31.16
   38.50
   31.18
   39.00
   31.20
   39.50
   31.24
   40.00
   31.27
   40.50
   31.25
   41.00
   31.22
   41.50
   31.25
   42.00
   31.28
   42.50
   31.37
   43.00
   31.46
   43.50
   31.48
   44.00
   31.51
   44.50
   31.48
   45.00
   31.45
   45.50
   31.44
   46.00
   31.43
   46.50
   31.42
   47.00
   31.42
   47.50
   31.45
   48.00
   31.48
   48.50
   31.46
   49.00
   31.44
   49.50
   31.43
   50.00
   31.42
   50.50
   31.48
   51.00
   31.54
   51.50
   31.53
   52.00
   31.53
   52.50
   31.55
   53.00
   31.57
   53.50
   31.53
   54.00
   31.48
   54.50
   31.48
   55.00
   31.47
   55.50
   31.49
   56.00
   31.50
   56.50
   31.50
   57.00
   31.50
   57.50
   31.41
   58.00
   31.32
   58.50
   31.32
   59.00
   31.32
   59.50
   31.34
   60.00
   31.36
   60.50
   31.22
   61.00
   31.09
   61.50
   31.04
   62.00
   30.99
   62.50
   30.99
   63.00
   31.00
   63.50
   30.99
   64.00
   30.98
   64.50
   31.02
   65.00
   31.06
   65.50
   31.06
   66.00
   31.06
   66.50
   31.04
   67.00
   31.01
   67.50
   31.00
   68.00
   30.98
   68.50
   30.99
   69.00
   31.00
   69.50
   31.10
   70.00
   31.19
   70.50
   31.09
   71.00
   30.99
   71.50
   30.97
   72.00
   30.95
   72.50
   30.96
   73.00
   30.98
   73.50
   30.95
   74.00
   30.91
   74.50
   30.95
   75.00
   30.98
   75.50
   30.91
   76.00
   30.84
   76.50
   30.79
   77.00
   30.73
   77.50
   30.89
   78.00
   31.04
   78.50
   31.06
   79.00
   31.08
   79.50
   31.27
   80.00
   31.46
   80.50
   31.53
   81.00
   31.60
   81.50
   31.64
   82.00
   31.68
   82.50
   32.60
   83.00
   33.53
   83.50
   33.99
   84.00
   34.45
   84.50
   34.38
   85.00
   34.32
   85.50
   34.26
   86.00
   34.20
   86.50
   34.21
   87.00
   34.22
   87.50
   34.27
   88.00
   34.32
   88.50
   34.26
   89.00
   34.20
   89.50
   33.04
   90.00
   31.89
   90.50
   31.71
   91.00
   31.53
   91.50
   31.51
   92.00
   31.50
   92.50
   31.02
   93.00
   30.54
   93.50
   28.16
   94.00
   25.78
   94.50
   25.79
   95.00
   25.79
   95.50
   25.79
   96.00
   25.80
   96.50
   25.57
   97.00
   25.34
   97.50
   25.23
   98.00
   25.12
   98.50
   25.11
   99.00
   25.11
   99.50
   25.09
  100.00
   25.08
  100.50
   25.08
  101.00
   25.08
  101.50
   25.61
  102.00
   26.14
  102.50
   27.53
  103.00
   28.92
  103.50
   29.63
  104.00
   30.34
  104.50
   30.03
  105.00
   29.72
  105.50
   30.69
  106.00
   31.65
  106.50
   35.58
  107.00
   39.51
  107.50
   42.17
  108.00
   44.83
  108.50
   45.07
  109.00
   45.31
  109.50
   45.31
  110.00
   45.30
  110.50
   45.59
  111.00
   45.88
  111.50
   45.94
  112.00
   46.01
  112.50
   45.84
  113.00
   45.68
  113.50
   45.81
  114.00
   45.95
  114.50
   45.96
  115.00
   45.96
  115.50
   45.93
  116.00
   45.89
  116.50
   45.88
  117.00
   45.87
  117.50
   45.89
  118.00
   45.90
  118.50
   45.90
  119.00
   45.89
  119.50
   45.89
  120.00
   45.90
  120.50
   45.86
  121.00
   45.83
  121.50
   45.67
  122.00
   45.51
  122.50
   45.50
  123.00
   45.50
  123.50
   45.50
  124.00
   45.50
  124.50
   45.53
  125.00
   45.56
  125.50
   45.55
  126.00
   45.55
  126.50
   45.58
  127.00
   45.60
  127.50
   45.56
  128.00
   45.52
  128.50
   45.49
  129.00
   45.45
  129.50
   45.40
  130.00
   45.34
  130.50
   45.30
  131.00
   45.26
  131.50
   45.22
  132.00
   45.17
  132.50
   45.19
  133.00
   45.21
  133.50
   45.21
  134.00
   45.21
  134.50
   45.33
  135.00
   45.44
  135.50
   45.42
  136.00
   45.39
  136.50
   45.22
  137.00
   45.06
  137.50
   45.28
  138.00
   45.51
  138.50
   45.50
  139.00
   45.48
  139.50
   45.46
  140.00
   45.44
  140.50
   45.41
  141.00
   45.39
  141.50
   45.30
  142.00
   45.21
  142.50
   45.23
  143.00
   45.25
  143.50
   45.26
  144.00
   45.28
  144.50
   45.28
  145.00
   45.28
  145.50
   45.30
  146.00
   45.32
  146.50
   45.32
  147.00
   45.32
  147.50
   45.35
  148.00
   45.37
  148.50
   45.34
  149.00
   45.31
  149.50
   45.34
  150.00
   45.36
  150.50
   45.37
  151.00
   45.37
  151.50
   45.38
  152.00
   45.39
  152.50
   45.33
  153.00
   45.27
  153.50
   45.12
  154.00
   44.97
  154.50
   44.99
  155.00
   45.01
  155.50
   44.96
  156.00
   44.90
  156.50
   45.25
  157.00
   45.59
  157.50
   45.48
  158.00
   45.37
  158.50
   45.36
  159.00
   45.35
  159.50
   41.23
  160.00
   37.10
  160.50
   35.33
  161.00
   33.56
  161.50
   33.50
  162.00
   33.44
  162.50
   33.26
  163.00
   33.07
  163.50
   32.73
  164.00
   32.39
  164.50
   31.85
  165.00
   31.32
  165.50
   30.61
  166.00
   29.89
  166.50
   29.53
  167.00
   29.17
  167.50
   28.73
  168.00
   28.29
