2018-12-12 09:41:09,193 :: DEBUG :: ZEROBNL -> node.py :: __init__ :: LOAD CONFIG NODE
2018-12-12 09:41:09,194 :: DEBUG :: ZEROBNL -> node.py :: __init__ :: CONNECT REDIS
2018-12-12 09:41:09,213 :: DEBUG :: ZEROBNL -> node.py :: __init__ :: CREATE SUB/SEND
2018-12-12 09:41:09,213 :: DEBUG :: ZEROBNL -> node.py :: __init__ :: CONNECT TO SUB/SEND
2018-12-12 09:41:09,214 :: DEBUG :: ZEROBNL -> node.py :: __init__ :: SUBSCRIBED TO GRP/ALL
2018-12-12 09:41:09,214 :: DEBUG :: ZEROBNL -> node.py :: __init__ :: INIT DONE
2018-12-12 09:41:09,898 :: DEBUG :: ZEROBNL -> node.py :: set_attribute :: SET ATTRIBUTE QDH to 2000
2018-12-12 09:41:09,899 :: DEBUG :: ZEROBNL -> node.py :: set_attribute :: SET ATTRIBUTE COGw_Flag to 1
2018-12-12 09:41:09,901 :: DEBUG :: ZEROBNL -> node.py :: run :: INIT VALUES DONE
2018-12-12 09:41:14,388 :: DEBUG :: ZEROBNL -> node.py :: run :: UPDATE
2018-12-12 09:41:14,389 :: DEBUG :: ZEROBNL -> node.py :: _update_inputs :: INPUTS {}
2018-12-12 09:41:14,389 :: DEBUG :: ZEROBNL -> node.py :: run :: UPDATE DONE
2018-12-12 09:41:14,399 :: DEBUG :: ZEROBNL -> node.py :: run :: UPDATE
2018-12-12 09:41:14,399 :: DEBUG :: ZEROBNL -> node.py :: _update_inputs :: INPUTS {('Base0', 'Tth'): 20, ('Base0', 'demandFlag'): 0}
2018-12-12 09:41:14,399 :: DEBUG :: ZEROBNL -> node.py :: run :: UPDATE DONE
2018-12-12 09:41:14,413 :: DEBUG :: ZEROBNL -> node.py :: run :: UPDATE
2018-12-12 09:41:14,414 :: DEBUG :: ZEROBNL -> node.py :: _update_inputs :: INPUTS {('Base0', 'Tth'): 20, ('Base0', 'demandFlag'): 0, ('Base1', 'COGwflag'): 1}
2018-12-12 09:41:14,414 :: DEBUG :: ZEROBNL -> node.py :: set_attribute :: SET ATTRIBUTE COGw_Flag to 1
2018-12-12 09:41:14,423 :: DEBUG :: ZEROBNL -> node.py :: run :: UPDATE DONE
2018-12-12 09:41:14,425 :: DEBUG :: ZEROBNL -> node.py :: run :: STEP
2018-12-12 09:41:14,425 :: DEBUG :: ZEROBNL -> node.py :: step :: NEW TIME
2018-12-12 09:41:14,543 :: DEBUG :: ZEROBNL -> node.py :: get_attribute :: GET ATTRIBUTE Tsupply
2018-12-12 09:41:14,543 :: DEBUG :: ZEROBNL -> node.py :: get_attribute :: GET ATTRIBUTE MDOTsupply
2018-12-12 09:41:14,550 :: DEBUG :: ZEROBNL -> node.py :: run :: STATE {'Tsupply': 60.0, 'MDOTsupply': 0.019934353138878525}
2018-12-12 09:41:14,550 :: DEBUG :: ZEROBNL -> node.py :: run :: STEP DONE
2018-12-12 09:41:14,553 :: DEBUG :: ZEROBNL -> node.py :: run :: UPDATE
2018-12-12 09:41:14,553 :: DEBUG :: ZEROBNL -> node.py :: _update_inputs :: INPUTS {('Base0', 'Tth'): 20, ('Base0', 'demandFlag'): 0, ('Base1', 'COGwflag'): 1, ('Base2', 'Tsupply'): 60.0, ('Base2', 'MDOTsupply'): 0.019934353138878525}
2018-12-12 09:41:14,553 :: DEBUG :: ZEROBNL -> node.py :: set_attribute :: SET ATTRIBUTE COGw_Flag to 1
2018-12-12 09:41:14,559 :: DEBUG :: ZEROBNL -> node.py :: run :: UPDATE DONE
2018-12-12 09:41:14,647 :: DEBUG :: ZEROBNL -> node.py :: run :: UPDATE
2018-12-12 09:41:14,648 :: DEBUG :: ZEROBNL -> node.py :: _update_inputs :: INPUTS {('Base0', 'Tth'): 20, ('Base0', 'demandFlag'): 0, ('Base1', 'COGwflag'): 1, ('Base2', 'Tsupply'): 60.0, ('Base2', 'MDOTsupply'): 0.019934353138878525, ('Base3', 'QDH'): 1154.79917707783, ('Base3', 'Tindoor'): 20.34543329029867}
2018-12-12 09:41:14,648 :: DEBUG :: ZEROBNL -> node.py :: set_attribute :: SET ATTRIBUTE COGw_Flag to 1
2018-12-12 09:41:14,653 :: DEBUG :: ZEROBNL -> node.py :: set_attribute :: SET ATTRIBUTE QDH to 1154.79917707783
2018-12-12 09:41:14,657 :: DEBUG :: ZEROBNL -> node.py :: run :: UPDATE DONE
2018-12-12 09:41:14,664 :: DEBUG :: ZEROBNL -> node.py :: run :: UPDATE
2018-12-12 09:41:14,665 :: DEBUG :: ZEROBNL -> node.py :: _update_inputs :: INPUTS {('Base0', 'Tth'): 20, ('Base0', 'demandFlag'): 0, ('Base1', 'COGwflag'): 1, ('Base2', 'Tsupply'): 60.0, ('Base2', 'MDOTsupply'): 0.019934353138878525, ('Base3', 'QDH'): 1154.79917707783, ('Base3', 'Tindoor'): 20.34543329029867}
2018-12-12 09:41:14,665 :: DEBUG :: ZEROBNL -> node.py :: set_attribute :: SET ATTRIBUTE COGw_Flag to 1
2018-12-12 09:41:14,670 :: DEBUG :: ZEROBNL -> node.py :: set_attribute :: SET ATTRIBUTE QDH to 1154.79917707783
2018-12-12 09:41:14,673 :: DEBUG :: ZEROBNL -> node.py :: run :: UPDATE DONE
2018-12-12 09:41:14,678 :: DEBUG :: ZEROBNL -> node.py :: run :: UPDATE
2018-12-12 09:41:14,678 :: DEBUG :: ZEROBNL -> node.py :: _update_inputs :: INPUTS {('Base0', 'Tth'): 20, ('Base0', 'demandFlag'): 0, ('Base1', 'COGwflag'): 1, ('Base2', 'Tsupply'): 60.0, ('Base2', 'MDOTsupply'): 0.019934353138878525, ('Base3', 'QDH'): 1154.79917707783, ('Base3', 'Tindoor'): 20.34543329029867}
2018-12-12 09:41:14,678 :: DEBUG :: ZEROBNL -> node.py :: set_attribute :: SET ATTRIBUTE COGw_Flag to 1
2018-12-12 09:41:14,682 :: DEBUG :: ZEROBNL -> node.py :: set_attribute :: SET ATTRIBUTE QDH to 1154.79917707783
2018-12-12 09:41:14,686 :: DEBUG :: ZEROBNL -> node.py :: run :: UPDATE DONE
2018-12-12 09:41:14,689 :: DEBUG :: ZEROBNL -> node.py :: run :: STEP
2018-12-12 09:41:14,689 :: DEBUG :: ZEROBNL -> node.py :: step :: NEW TIME
2018-12-12 09:41:14,703 :: DEBUG :: ZEROBNL -> node.py :: get_attribute :: GET ATTRIBUTE Tsupply
2018-12-12 09:41:14,703 :: DEBUG :: ZEROBNL -> node.py :: get_attribute :: GET ATTRIBUTE MDOTsupply
2018-12-12 09:41:14,708 :: DEBUG :: ZEROBNL -> node.py :: run :: STATE {'Tsupply': 60.0, 'MDOTsupply': 0.011514931968428064}
2018-12-12 09:41:14,708 :: DEBUG :: ZEROBNL -> node.py :: run :: STEP DONE
2018-12-12 09:41:14,711 :: DEBUG :: ZEROBNL -> node.py :: run :: UPDATE
2018-12-12 09:41:14,712 :: DEBUG :: ZEROBNL -> node.py :: _update_inputs :: INPUTS {('Base0', 'Tth'): 20, ('Base0', 'demandFlag'): 0, ('Base1', 'COGwflag'): 1, ('Base2', 'Tsupply'): 60.0, ('Base2', 'MDOTsupply'): 0.011514931968428064, ('Base3', 'QDH'): 1154.79917707783, ('Base3', 'Tindoor'): 20.34543329029867}
2018-12-12 09:41:14,712 :: DEBUG :: ZEROBNL -> node.py :: set_attribute :: SET ATTRIBUTE COGw_Flag to 1
2018-12-12 09:41:14,716 :: DEBUG :: ZEROBNL -> node.py :: set_attribute :: SET ATTRIBUTE QDH to 1154.79917707783
2018-12-12 09:41:14,719 :: DEBUG :: ZEROBNL -> node.py :: run :: UPDATE DONE
2018-12-12 09:41:14,734 :: DEBUG :: ZEROBNL -> node.py :: run :: UPDATE
2018-12-12 09:41:14,734 :: DEBUG :: ZEROBNL -> node.py :: _update_inputs :: INPUTS {('Base0', 'Tth'): 20, ('Base0', 'demandFlag'): 0, ('Base1', 'COGwflag'): 1, ('Base2', 'Tsupply'): 60.0, ('Base2', 'MDOTsupply'): 0.011514931968428064, ('Base3', 'QDH'): 1070.470864860057, ('Base3', 'Tindoor'): 20.32074302313774}
2018-12-12 09:41:14,734 :: DEBUG :: ZEROBNL -> node.py :: set_attribute :: SET ATTRIBUTE COGw_Flag to 1
2018-12-12 09:41:14,739 :: DEBUG :: ZEROBNL -> node.py :: set_attribute :: SET ATTRIBUTE QDH to 1070.470864860057
2018-12-12 09:41:14,743 :: DEBUG :: ZEROBNL -> node.py :: run :: UPDATE DONE
2018-12-12 09:41:14,750 :: DEBUG :: ZEROBNL -> node.py :: run :: UPDATE
2018-12-12 09:41:14,750 :: DEBUG :: ZEROBNL -> node.py :: _update_inputs :: INPUTS {('Base0', 'Tth'): 20, ('Base0', 'demandFlag'): 0, ('Base1', 'COGwflag'): 1, ('Base2', 'Tsupply'): 60.0, ('Base2', 'MDOTsupply'): 0.011514931968428064, ('Base3', 'QDH'): 1070.470864860057, ('Base3', 'Tindoor'): 20.32074302313774}
2018-12-12 09:41:14,750 :: DEBUG :: ZEROBNL -> node.py :: set_attribute :: SET ATTRIBUTE COGw_Flag to 1
2018-12-12 09:41:14,754 :: DEBUG :: ZEROBNL -> node.py :: set_attribute :: SET ATTRIBUTE QDH to 1070.470864860057
2018-12-12 09:41:14,758 :: DEBUG :: ZEROBNL -> node.py :: run :: UPDATE DONE
2018-12-12 09:41:14,763 :: DEBUG :: ZEROBNL -> node.py :: run :: UPDATE
2018-12-12 09:41:14,763 :: DEBUG :: ZEROBNL -> node.py :: _update_inputs :: INPUTS {('Base0', 'Tth'): 20, ('Base0', 'demandFlag'): 0, ('Base1', 'COGwflag'): 1, ('Base2', 'Tsupply'): 60.0, ('Base2', 'MDOTsupply'): 0.011514931968428064, ('Base3', 'QDH'): 1070.470864860057, ('Base3', 'Tindoor'): 20.32074302313774}
2018-12-12 09:41:14,763 :: DEBUG :: ZEROBNL -> node.py :: set_attribute :: SET ATTRIBUTE COGw_Flag to 1
2018-12-12 09:41:14,767 :: DEBUG :: ZEROBNL -> node.py :: set_attribute :: SET ATTRIBUTE QDH to 1070.470864860057
2018-12-12 09:41:14,771 :: DEBUG :: ZEROBNL -> node.py :: run :: UPDATE DONE
2018-12-12 09:41:14,773 :: DEBUG :: ZEROBNL -> node.py :: run :: STEP
2018-12-12 09:41:14,773 :: DEBUG :: ZEROBNL -> node.py :: step :: NEW TIME
2018-12-12 09:41:14,782 :: DEBUG :: ZEROBNL -> node.py :: get_attribute :: GET ATTRIBUTE Tsupply
2018-12-12 09:41:14,782 :: DEBUG :: ZEROBNL -> node.py :: get_attribute :: GET ATTRIBUTE MDOTsupply
2018-12-12 09:41:14,788 :: DEBUG :: ZEROBNL -> node.py :: run :: STATE {'Tsupply': 60.0, 'MDOTsupply': 0.010674177528293648}
2018-12-12 09:41:14,788 :: DEBUG :: ZEROBNL -> node.py :: run :: STEP DONE
2018-12-12 09:41:14,791 :: DEBUG :: ZEROBNL -> node.py :: run :: UPDATE
2018-12-12 09:41:14,791 :: DEBUG :: ZEROBNL -> node.py :: _update_inputs :: INPUTS {('Base0', 'Tth'): 20, ('Base0', 'demandFlag'): 0, ('Base1', 'COGwflag'): 1, ('Base2', 'Tsupply'): 60.0, ('Base2', 'MDOTsupply'): 0.010674177528293648, ('Base3', 'QDH'): 1070.470864860057, ('Base3', 'Tindoor'): 20.32074302313774}
2018-12-12 09:41:14,792 :: DEBUG :: ZEROBNL -> node.py :: set_attribute :: SET ATTRIBUTE COGw_Flag to 1
2018-12-12 09:41:14,797 :: DEBUG :: ZEROBNL -> node.py :: set_attribute :: SET ATTRIBUTE QDH to 1070.470864860057
2018-12-12 09:41:14,800 :: DEBUG :: ZEROBNL -> node.py :: run :: UPDATE DONE
2018-12-12 09:41:14,813 :: DEBUG :: ZEROBNL -> node.py :: run :: UPDATE
2018-12-12 09:41:14,814 :: DEBUG :: ZEROBNL -> node.py :: _update_inputs :: INPUTS {('Base0', 'Tth'): 20, ('Base0', 'demandFlag'): 0, ('Base1', 'COGwflag'): 1, ('Base2', 'Tsupply'): 60.0, ('Base2', 'MDOTsupply'): 0.010674177528293648, ('Base3', 'QDH'): 1007.785084687353, ('Base3', 'Tindoor'): 20.30479569112124}
2018-12-12 09:41:14,814 :: DEBUG :: ZEROBNL -> node.py :: set_attribute :: SET ATTRIBUTE COGw_Flag to 1
2018-12-12 09:41:14,817 :: DEBUG :: ZEROBNL -> node.py :: set_attribute :: SET ATTRIBUTE QDH to 1007.785084687353
2018-12-12 09:41:14,821 :: DEBUG :: ZEROBNL -> node.py :: run :: UPDATE DONE
2018-12-12 09:41:14,834 :: DEBUG :: ZEROBNL -> node.py :: run :: UPDATE
2018-12-12 09:41:14,835 :: DEBUG :: ZEROBNL -> node.py :: _update_inputs :: INPUTS {('Base0', 'Tth'): 20, ('Base0', 'demandFlag'): 0, ('Base1', 'COGwflag'): 1, ('Base2', 'Tsupply'): 60.0, ('Base2', 'MDOTsupply'): 0.010674177528293648, ('Base3', 'QDH'): 1007.785084687353, ('Base3', 'Tindoor'): 20.30479569112124}
2018-12-12 09:41:14,835 :: DEBUG :: ZEROBNL -> node.py :: set_attribute :: SET ATTRIBUTE COGw_Flag to 1
2018-12-12 09:41:14,842 :: DEBUG :: ZEROBNL -> node.py :: set_attribute :: SET ATTRIBUTE QDH to 1007.785084687353
2018-12-12 09:41:14,847 :: DEBUG :: ZEROBNL -> node.py :: run :: UPDATE DONE
2018-12-12 09:41:14,853 :: DEBUG :: ZEROBNL -> node.py :: run :: UPDATE
2018-12-12 09:41:14,853 :: DEBUG :: ZEROBNL -> node.py :: _update_inputs :: INPUTS {('Base0', 'Tth'): 20, ('Base0', 'demandFlag'): 0, ('Base1', 'COGwflag'): 1, ('Base2', 'Tsupply'): 60.0, ('Base2', 'MDOTsupply'): 0.010674177528293648, ('Base3', 'QDH'): 1007.785084687353, ('Base3', 'Tindoor'): 20.30479569112124}
2018-12-12 09:41:14,853 :: DEBUG :: ZEROBNL -> node.py :: set_attribute :: SET ATTRIBUTE COGw_Flag to 1
2018-12-12 09:41:14,856 :: DEBUG :: ZEROBNL -> node.py :: set_attribute :: SET ATTRIBUTE QDH to 1007.785084687353
2018-12-12 09:41:14,863 :: DEBUG :: ZEROBNL -> node.py :: run :: UPDATE DONE
2018-12-12 09:41:14,865 :: DEBUG :: ZEROBNL -> node.py :: run :: STEP
2018-12-12 09:41:14,865 :: DEBUG :: ZEROBNL -> node.py :: step :: NEW TIME
2018-12-12 09:41:14,877 :: DEBUG :: ZEROBNL -> node.py :: get_attribute :: GET ATTRIBUTE Tsupply
2018-12-12 09:41:14,877 :: DEBUG :: ZEROBNL -> node.py :: get_attribute :: GET ATTRIBUTE MDOTsupply
2018-12-12 09:41:14,882 :: DEBUG :: ZEROBNL -> node.py :: run :: STATE {'Tsupply': 60.0, 'MDOTsupply': 0.010050337040409127}
2018-12-12 09:41:14,883 :: DEBUG :: ZEROBNL -> node.py :: run :: STEP DONE
2018-12-12 09:41:14,887 :: DEBUG :: ZEROBNL -> node.py :: run :: UPDATE
2018-12-12 09:41:14,887 :: DEBUG :: ZEROBNL -> node.py :: _update_inputs :: INPUTS {('Base0', 'Tth'): 20, ('Base0', 'demandFlag'): 0, ('Base1', 'COGwflag'): 1, ('Base2', 'Tsupply'): 60.0, ('Base2', 'MDOTsupply'): 0.010050337040409127, ('Base3', 'QDH'): 1007.785084687353, ('Base3', 'Tindoor'): 20.30479569112124}
2018-12-12 09:41:14,887 :: DEBUG :: ZEROBNL -> node.py :: set_attribute :: SET ATTRIBUTE COGw_Flag to 1
2018-12-12 09:41:14,891 :: DEBUG :: ZEROBNL -> node.py :: set_attribute :: SET ATTRIBUTE QDH to 1007.785084687353
2018-12-12 09:41:14,895 :: DEBUG :: ZEROBNL -> node.py :: run :: UPDATE DONE
2018-12-12 09:41:14,908 :: DEBUG :: ZEROBNL -> node.py :: run :: UPDATE
2018-12-12 09:41:14,909 :: DEBUG :: ZEROBNL -> node.py :: _update_inputs :: INPUTS {('Base0', 'Tth'): 20, ('Base0', 'demandFlag'): 0, ('Base1', 'COGwflag'): 1, ('Base2', 'Tsupply'): 60.0, ('Base2', 'MDOTsupply'): 0.010050337040409127, ('Base3', 'QDH'): 965.5934212042657, ('Base3', 'Tindoor'): 20.29524035226195}
2018-12-12 09:41:14,909 :: DEBUG :: ZEROBNL -> node.py :: set_attribute :: SET ATTRIBUTE COGw_Flag to 1
2018-12-12 09:41:14,913 :: DEBUG :: ZEROBNL -> node.py :: set_attribute :: SET ATTRIBUTE QDH to 965.5934212042657
2018-12-12 09:41:14,915 :: DEBUG :: ZEROBNL -> node.py :: run :: UPDATE DONE
2018-12-12 09:41:14,920 :: DEBUG :: ZEROBNL -> node.py :: run :: UPDATE
2018-12-12 09:41:14,920 :: DEBUG :: ZEROBNL -> node.py :: _update_inputs :: INPUTS {('Base0', 'Tth'): 20, ('Base0', 'demandFlag'): 0, ('Base1', 'COGwflag'): 1, ('Base2', 'Tsupply'): 60.0, ('Base2', 'MDOTsupply'): 0.010050337040409127, ('Base3', 'QDH'): 965.5934212042657, ('Base3', 'Tindoor'): 20.29524035226195}
2018-12-12 09:41:14,921 :: DEBUG :: ZEROBNL -> node.py :: set_attribute :: SET ATTRIBUTE COGw_Flag to 1
2018-12-12 09:41:14,926 :: DEBUG :: ZEROBNL -> node.py :: set_attribute :: SET ATTRIBUTE QDH to 965.5934212042657
2018-12-12 09:41:14,930 :: DEBUG :: ZEROBNL -> node.py :: run :: UPDATE DONE
2018-12-12 09:41:14,935 :: DEBUG :: ZEROBNL -> node.py :: run :: UPDATE
2018-12-12 09:41:14,936 :: DEBUG :: ZEROBNL -> node.py :: _update_inputs :: INPUTS {('Base0', 'Tth'): 20, ('Base0', 'demandFlag'): 0, ('Base1', 'COGwflag'): 1, ('Base2', 'Tsupply'): 60.0, ('Base2', 'MDOTsupply'): 0.010050337040409127, ('Base3', 'QDH'): 965.5934212042657, ('Base3', 'Tindoor'): 20.29524035226195}
2018-12-12 09:41:14,936 :: DEBUG :: ZEROBNL -> node.py :: set_attribute :: SET ATTRIBUTE COGw_Flag to 1
2018-12-12 09:41:14,941 :: DEBUG :: ZEROBNL -> node.py :: set_attribute :: SET ATTRIBUTE QDH to 965.5934212042657
2018-12-12 09:41:14,945 :: DEBUG :: ZEROBNL -> node.py :: run :: UPDATE DONE
2018-12-12 09:41:14,946 :: DEBUG :: ZEROBNL -> node.py :: run :: STEP
2018-12-12 09:41:14,946 :: DEBUG :: ZEROBNL -> node.py :: step :: NEW TIME
2018-12-12 09:41:14,957 :: DEBUG :: ZEROBNL -> node.py :: get_attribute :: GET ATTRIBUTE Tsupply
2018-12-12 09:41:14,957 :: DEBUG :: ZEROBNL -> node.py :: get_attribute :: GET ATTRIBUTE MDOTsupply
2018-12-12 09:41:14,962 :: DEBUG :: ZEROBNL -> node.py :: run :: STATE {'Tsupply': 60.0, 'MDOTsupply': 0.00962921432202158}
2018-12-12 09:41:14,962 :: DEBUG :: ZEROBNL -> node.py :: run :: STEP DONE
2018-12-12 09:41:14,964 :: DEBUG :: ZEROBNL -> node.py :: run :: UPDATE
2018-12-12 09:41:14,964 :: DEBUG :: ZEROBNL -> node.py :: _update_inputs :: INPUTS {('Base0', 'Tth'): 20, ('Base0', 'demandFlag'): 0, ('Base1', 'COGwflag'): 1, ('Base2', 'Tsupply'): 60.0, ('Base2', 'MDOTsupply'): 0.00962921432202158, ('Base3', 'QDH'): 965.5934212042657, ('Base3', 'Tindoor'): 20.29524035226195}
2018-12-12 09:41:14,965 :: DEBUG :: ZEROBNL -> node.py :: set_attribute :: SET ATTRIBUTE COGw_Flag to 1
2018-12-12 09:41:14,972 :: DEBUG :: ZEROBNL -> node.py :: set_attribute :: SET ATTRIBUTE QDH to 965.5934212042657
2018-12-12 09:41:14,976 :: DEBUG :: ZEROBNL -> node.py :: run :: UPDATE DONE
2018-12-12 09:41:14,990 :: DEBUG :: ZEROBNL -> node.py :: run :: UPDATE
2018-12-12 09:41:14,990 :: DEBUG :: ZEROBNL -> node.py :: _update_inputs :: INPUTS {('Base0', 'Tth'): 20, ('Base0', 'demandFlag'): 0, ('Base1', 'COGwflag'): 1, ('Base2', 'Tsupply'): 60.0, ('Base2', 'MDOTsupply'): 0.00962921432202158, ('Base3', 'QDH'): 937.5456487243838, ('Base3', 'Tindoor'): 20.28569481747127}
2018-12-12 09:41:14,990 :: DEBUG :: ZEROBNL -> node.py :: set_attribute :: SET ATTRIBUTE COGw_Flag to 1
2018-12-12 09:41:14,998 :: DEBUG :: ZEROBNL -> node.py :: set_attribute :: SET ATTRIBUTE QDH to 937.5456487243838
2018-12-12 09:41:15,001 :: DEBUG :: ZEROBNL -> node.py :: run :: UPDATE DONE
2018-12-12 09:41:15,006 :: DEBUG :: ZEROBNL -> node.py :: run :: UPDATE
2018-12-12 09:41:15,007 :: DEBUG :: ZEROBNL -> node.py :: _update_inputs :: INPUTS {('Base0', 'Tth'): 20, ('Base0', 'demandFlag'): 0, ('Base1', 'COGwflag'): 1, ('Base2', 'Tsupply'): 60.0, ('Base2', 'MDOTsupply'): 0.00962921432202158, ('Base3', 'QDH'): 937.5456487243838, ('Base3', 'Tindoor'): 20.28569481747127}
2018-12-12 09:41:15,007 :: DEBUG :: ZEROBNL -> node.py :: set_attribute :: SET ATTRIBUTE COGw_Flag to 1
2018-12-12 09:41:15,012 :: DEBUG :: ZEROBNL -> node.py :: set_attribute :: SET ATTRIBUTE QDH to 937.5456487243838
2018-12-12 09:41:15,016 :: DEBUG :: ZEROBNL -> node.py :: run :: UPDATE DONE
2018-12-12 09:41:15,021 :: DEBUG :: ZEROBNL -> node.py :: run :: UPDATE
2018-12-12 09:41:15,021 :: DEBUG :: ZEROBNL -> node.py :: _update_inputs :: INPUTS {('Base0', 'Tth'): 20, ('Base0', 'demandFlag'): 0, ('Base1', 'COGwflag'): 1, ('Base2', 'Tsupply'): 60.0, ('Base2', 'MDOTsupply'): 0.00962921432202158, ('Base3', 'QDH'): 937.5456487243838, ('Base3', 'Tindoor'): 20.28569481747127}
2018-12-12 09:41:15,021 :: DEBUG :: ZEROBNL -> node.py :: set_attribute :: SET ATTRIBUTE COGw_Flag to 1
2018-12-12 09:41:15,027 :: DEBUG :: ZEROBNL -> node.py :: set_attribute :: SET ATTRIBUTE QDH to 937.5456487243838
2018-12-12 09:41:15,031 :: DEBUG :: ZEROBNL -> node.py :: run :: UPDATE DONE
2018-12-12 09:41:15,033 :: DEBUG :: ZEROBNL -> node.py :: run :: STEP
2018-12-12 09:41:15,033 :: DEBUG :: ZEROBNL -> node.py :: step :: NEW TIME
2018-12-12 09:41:15,042 :: DEBUG :: ZEROBNL -> node.py :: get_attribute :: GET ATTRIBUTE Tsupply
2018-12-12 09:41:15,042 :: DEBUG :: ZEROBNL -> node.py :: get_attribute :: GET ATTRIBUTE MDOTsupply
2018-12-12 09:41:15,047 :: DEBUG :: ZEROBNL -> node.py :: run :: STATE {'Tsupply': 60.0, 'MDOTsupply': 0.009349593245410383}
2018-12-12 09:41:15,048 :: DEBUG :: ZEROBNL -> node.py :: run :: STEP DONE
2018-12-12 09:41:15,049 :: DEBUG :: ZEROBNL -> node.py :: run :: UPDATE
2018-12-12 09:41:15,050 :: DEBUG :: ZEROBNL -> node.py :: _update_inputs :: INPUTS {('Base0', 'Tth'): 20, ('Base0', 'demandFlag'): 0, ('Base1', 'COGwflag'): 1, ('Base2', 'Tsupply'): 60.0, ('Base2', 'MDOTsupply'): 0.009349593245410383, ('Base3', 'QDH'): 937.5456487243838, ('Base3', 'Tindoor'): 20.28569481747127}
2018-12-12 09:41:15,050 :: DEBUG :: ZEROBNL -> node.py :: set_attribute :: SET ATTRIBUTE COGw_Flag to 1
2018-12-12 09:41:15,055 :: DEBUG :: ZEROBNL -> node.py :: set_attribute :: SET ATTRIBUTE QDH to 937.5456487243838
2018-12-12 09:41:15,058 :: DEBUG :: ZEROBNL -> node.py :: run :: UPDATE DONE
2018-12-12 09:41:15,073 :: DEBUG :: ZEROBNL -> node.py :: run :: UPDATE
2018-12-12 09:41:15,073 :: DEBUG :: ZEROBNL -> node.py :: _update_inputs :: INPUTS {('Base0', 'Tth'): 20, ('Base0', 'demandFlag'): 0, ('Base1', 'COGwflag'): 1, ('Base2', 'Tsupply'): 60.0, ('Base2', 'MDOTsupply'): 0.009349593245410383, ('Base3', 'QDH'): 919.4685000054737, ('Base3', 'Tindoor'): 20.28074472581056}
2018-12-12 09:41:15,073 :: DEBUG :: ZEROBNL -> node.py :: set_attribute :: SET ATTRIBUTE COGw_Flag to 1
2018-12-12 09:41:15,079 :: DEBUG :: ZEROBNL -> node.py :: set_attribute :: SET ATTRIBUTE QDH to 919.4685000054737
2018-12-12 09:41:15,083 :: DEBUG :: ZEROBNL -> node.py :: run :: UPDATE DONE
2018-12-12 09:41:15,088 :: DEBUG :: ZEROBNL -> node.py :: run :: UPDATE
2018-12-12 09:41:15,088 :: DEBUG :: ZEROBNL -> node.py :: _update_inputs :: INPUTS {('Base0', 'Tth'): 20, ('Base0', 'demandFlag'): 0, ('Base1', 'COGwflag'): 1, ('Base2', 'Tsupply'): 60.0, ('Base2', 'MDOTsupply'): 0.009349593245410383, ('Base3', 'QDH'): 919.4685000054737, ('Base3', 'Tindoor'): 20.28074472581056}
2018-12-12 09:41:15,088 :: DEBUG :: ZEROBNL -> node.py :: set_attribute :: SET ATTRIBUTE COGw_Flag to 1
2018-12-12 09:41:15,092 :: DEBUG :: ZEROBNL -> node.py :: set_attribute :: SET ATTRIBUTE QDH to 919.4685000054737
2018-12-12 09:41:15,097 :: DEBUG :: ZEROBNL -> node.py :: run :: UPDATE DONE
2018-12-12 09:41:15,101 :: DEBUG :: ZEROBNL -> node.py :: run :: UPDATE
2018-12-12 09:41:15,102 :: DEBUG :: ZEROBNL -> node.py :: _update_inputs :: INPUTS {('Base0', 'Tth'): 20, ('Base0', 'demandFlag'): 0, ('Base1', 'COGwflag'): 1, ('Base2', 'Tsupply'): 60.0, ('Base2', 'MDOTsupply'): 0.009349593245410383, ('Base3', 'QDH'): 919.4685000054737, ('Base3', 'Tindoor'): 20.28074472581056}
2018-12-12 09:41:15,102 :: DEBUG :: ZEROBNL -> node.py :: set_attribute :: SET ATTRIBUTE COGw_Flag to 1
2018-12-12 09:41:15,105 :: DEBUG :: ZEROBNL -> node.py :: set_attribute :: SET ATTRIBUTE QDH to 919.4685000054737
2018-12-12 09:41:15,108 :: DEBUG :: ZEROBNL -> node.py :: run :: UPDATE DONE
2018-12-12 09:41:15,110 :: DEBUG :: ZEROBNL -> node.py :: run :: STEP
2018-12-12 09:41:15,110 :: DEBUG :: ZEROBNL -> node.py :: step :: NEW TIME
2018-12-12 09:41:15,118 :: DEBUG :: ZEROBNL -> node.py :: get_attribute :: GET ATTRIBUTE Tsupply
2018-12-12 09:41:15,118 :: DEBUG :: ZEROBNL -> node.py :: get_attribute :: GET ATTRIBUTE MDOTsupply
2018-12-12 09:41:15,124 :: DEBUG :: ZEROBNL -> node.py :: run :: STATE {'Tsupply': 60.0, 'MDOTsupply': 0.009169304036428915}
2018-12-12 09:41:15,124 :: DEBUG :: ZEROBNL -> node.py :: run :: STEP DONE
2018-12-12 09:41:15,128 :: DEBUG :: ZEROBNL -> node.py :: run :: UPDATE
2018-12-12 09:41:15,129 :: DEBUG :: ZEROBNL -> node.py :: _update_inputs :: INPUTS {('Base0', 'Tth'): 20, ('Base0', 'demandFlag'): 0, ('Base1', 'COGwflag'): 1, ('Base2', 'Tsupply'): 60.0, ('Base2', 'MDOTsupply'): 0.009169304036428915, ('Base3', 'QDH'): 919.4685000054737, ('Base3', 'Tindoor'): 20.28074472581056}
2018-12-12 09:41:15,129 :: DEBUG :: ZEROBNL -> node.py :: set_attribute :: SET ATTRIBUTE COGw_Flag to 1
2018-12-12 09:41:15,133 :: DEBUG :: ZEROBNL -> node.py :: set_attribute :: SET ATTRIBUTE QDH to 919.4685000054737
2018-12-12 09:41:15,135 :: DEBUG :: ZEROBNL -> node.py :: run :: UPDATE DONE
2018-12-12 09:41:15,161 :: DEBUG :: ZEROBNL -> node.py :: run :: UPDATE
2018-12-12 09:41:15,162 :: DEBUG :: ZEROBNL -> node.py :: _update_inputs :: INPUTS {('Base0', 'Tth'): 20, ('Base0', 'demandFlag'): 0, ('Base1', 'COGwflag'): 1, ('Base2', 'Tsupply'): 60.0, ('Base2', 'MDOTsupply'): 0.009169304036428915, ('Base3', 'QDH'): 913.5652882865211, ('Base3', 'Tindoor'): 20.2767514141321}
2018-12-12 09:41:15,162 :: DEBUG :: ZEROBNL -> node.py :: set_attribute :: SET ATTRIBUTE COGw_Flag to 1
2018-12-12 09:41:15,168 :: DEBUG :: ZEROBNL -> node.py :: set_attribute :: SET ATTRIBUTE QDH to 913.5652882865211
2018-12-12 09:41:15,172 :: DEBUG :: ZEROBNL -> node.py :: run :: UPDATE DONE
2018-12-12 09:41:15,178 :: DEBUG :: ZEROBNL -> node.py :: run :: UPDATE
2018-12-12 09:41:15,179 :: DEBUG :: ZEROBNL -> node.py :: _update_inputs :: INPUTS {('Base0', 'Tth'): 20, ('Base0', 'demandFlag'): 0, ('Base1', 'COGwflag'): 1, ('Base2', 'Tsupply'): 60.0, ('Base2', 'MDOTsupply'): 0.009169304036428915, ('Base3', 'QDH'): 913.5652882865211, ('Base3', 'Tindoor'): 20.2767514141321}
2018-12-12 09:41:15,179 :: DEBUG :: ZEROBNL -> node.py :: set_attribute :: SET ATTRIBUTE COGw_Flag to 1
2018-12-12 09:41:15,182 :: DEBUG :: ZEROBNL -> node.py :: set_attribute :: SET ATTRIBUTE QDH to 913.5652882865211
2018-12-12 09:41:15,185 :: DEBUG :: ZEROBNL -> node.py :: run :: UPDATE DONE
2018-12-12 09:41:15,191 :: DEBUG :: ZEROBNL -> node.py :: run :: UPDATE
2018-12-12 09:41:15,191 :: DEBUG :: ZEROBNL -> node.py :: _update_inputs :: INPUTS {('Base0', 'Tth'): 20, ('Base0', 'demandFlag'): 0, ('Base1', 'COGwflag'): 1, ('Base2', 'Tsupply'): 60.0, ('Base2', 'MDOTsupply'): 0.009169304036428915, ('Base3', 'QDH'): 913.5652882865211, ('Base3', 'Tindoor'): 20.2767514141321}
2018-12-12 09:41:15,191 :: DEBUG :: ZEROBNL -> node.py :: set_attribute :: SET ATTRIBUTE COGw_Flag to 1
2018-12-12 09:41:15,196 :: DEBUG :: ZEROBNL -> node.py :: set_attribute :: SET ATTRIBUTE QDH to 913.5652882865211
2018-12-12 09:41:15,199 :: DEBUG :: ZEROBNL -> node.py :: run :: UPDATE DONE
2018-12-12 09:41:15,200 :: DEBUG :: ZEROBNL -> node.py :: run :: STEP
2018-12-12 09:41:15,201 :: DEBUG :: ZEROBNL -> node.py :: step :: NEW TIME
2018-12-12 09:41:15,210 :: DEBUG :: ZEROBNL -> node.py :: get_attribute :: GET ATTRIBUTE Tsupply
2018-12-12 09:41:15,210 :: DEBUG :: ZEROBNL -> node.py :: get_attribute :: GET ATTRIBUTE MDOTsupply
2018-12-12 09:41:15,215 :: DEBUG :: ZEROBNL -> node.py :: run :: STATE {'Tsupply': 60.0, 'MDOTsupply': 0.009110438066535706}
2018-12-12 09:41:15,215 :: DEBUG :: ZEROBNL -> node.py :: run :: STEP DONE
2018-12-12 09:41:15,217 :: DEBUG :: ZEROBNL -> node.py :: run :: UPDATE
2018-12-12 09:41:15,217 :: DEBUG :: ZEROBNL -> node.py :: _update_inputs :: INPUTS {('Base0', 'Tth'): 20, ('Base0', 'demandFlag'): 0, ('Base1', 'COGwflag'): 1, ('Base2', 'Tsupply'): 60.0, ('Base2', 'MDOTsupply'): 0.009110438066535706, ('Base3', 'QDH'): 913.5652882865211, ('Base3', 'Tindoor'): 20.2767514141321}
2018-12-12 09:41:15,217 :: DEBUG :: ZEROBNL -> node.py :: set_attribute :: SET ATTRIBUTE COGw_Flag to 1
2018-12-12 09:41:15,221 :: DEBUG :: ZEROBNL -> node.py :: set_attribute :: SET ATTRIBUTE QDH to 913.5652882865211
2018-12-12 09:41:15,224 :: DEBUG :: ZEROBNL -> node.py :: run :: UPDATE DONE
2018-12-12 09:41:15,239 :: DEBUG :: ZEROBNL -> node.py :: run :: UPDATE
2018-12-12 09:41:15,239 :: DEBUG :: ZEROBNL -> node.py :: _update_inputs :: INPUTS {('Base0', 'Tth'): 20, ('Base0', 'demandFlag'): 0, ('Base1', 'COGwflag'): 1, ('Base2', 'Tsupply'): 60.0, ('Base2', 'MDOTsupply'): 0.009110438066535706, ('Base3', 'QDH'): 953.785361081958, ('Base3', 'Tindoor'): 20.28785051729228}
2018-12-12 09:41:15,239 :: DEBUG :: ZEROBNL -> node.py :: set_attribute :: SET ATTRIBUTE COGw_Flag to 1
2018-12-12 09:41:15,244 :: DEBUG :: ZEROBNL -> node.py :: set_attribute :: SET ATTRIBUTE QDH to 953.785361081958
2018-12-12 09:41:15,247 :: DEBUG :: ZEROBNL -> node.py :: run :: UPDATE DONE
2018-12-12 09:41:15,251 :: DEBUG :: ZEROBNL -> node.py :: run :: UPDATE
2018-12-12 09:41:15,251 :: DEBUG :: ZEROBNL -> node.py :: _update_inputs :: INPUTS {('Base0', 'Tth'): 20, ('Base0', 'demandFlag'): 0, ('Base1', 'COGwflag'): 1, ('Base2', 'Tsupply'): 60.0, ('Base2', 'MDOTsupply'): 0.009110438066535706, ('Base3', 'QDH'): 953.785361081958, ('Base3', 'Tindoor'): 20.28785051729228}
2018-12-12 09:41:15,251 :: DEBUG :: ZEROBNL -> node.py :: set_attribute :: SET ATTRIBUTE COGw_Flag to 1
2018-12-12 09:41:15,256 :: DEBUG :: ZEROBNL -> node.py :: set_attribute :: SET ATTRIBUTE QDH to 953.785361081958
2018-12-12 09:41:15,259 :: DEBUG :: ZEROBNL -> node.py :: run :: UPDATE DONE
2018-12-12 09:41:15,263 :: DEBUG :: ZEROBNL -> node.py :: run :: UPDATE
2018-12-12 09:41:15,263 :: DEBUG :: ZEROBNL -> node.py :: _update_inputs :: INPUTS {('Base0', 'Tth'): 20, ('Base0', 'demandFlag'): 0, ('Base1', 'COGwflag'): 1, ('Base2', 'Tsupply'): 60.0, ('Base2', 'MDOTsupply'): 0.009110438066535706, ('Base3', 'QDH'): 953.785361081958, ('Base3', 'Tindoor'): 20.28785051729228}
2018-12-12 09:41:15,263 :: DEBUG :: ZEROBNL -> node.py :: set_attribute :: SET ATTRIBUTE COGw_Flag to 1
2018-12-12 09:41:15,266 :: DEBUG :: ZEROBNL -> node.py :: set_attribute :: SET ATTRIBUTE QDH to 953.785361081958
2018-12-12 09:41:15,269 :: DEBUG :: ZEROBNL -> node.py :: run :: UPDATE DONE
2018-12-12 09:41:15,271 :: DEBUG :: ZEROBNL -> node.py :: run :: STEP
2018-12-12 09:41:15,271 :: DEBUG :: ZEROBNL -> node.py :: step :: NEW TIME
2018-12-12 09:41:15,281 :: DEBUG :: ZEROBNL -> node.py :: get_attribute :: GET ATTRIBUTE Tsupply
2018-12-12 09:41:15,281 :: DEBUG :: ZEROBNL -> node.py :: get_attribute :: GET ATTRIBUTE MDOTsupply
2018-12-12 09:41:15,286 :: DEBUG :: ZEROBNL -> node.py :: run :: STATE {'Tsupply': 60.0, 'MDOTsupply': 0.009511528070253175}
2018-12-12 09:41:15,287 :: DEBUG :: ZEROBNL -> node.py :: run :: STEP DONE
2018-12-12 09:41:15,288 :: DEBUG :: ZEROBNL -> node.py :: run :: UPDATE
2018-12-12 09:41:15,289 :: DEBUG :: ZEROBNL -> node.py :: _update_inputs :: INPUTS {('Base0', 'Tth'): 20, ('Base0', 'demandFlag'): 0, ('Base1', 'COGwflag'): 1, ('Base2', 'Tsupply'): 60.0, ('Base2', 'MDOTsupply'): 0.009511528070253175, ('Base3', 'QDH'): 953.785361081958, ('Base3', 'Tindoor'): 20.28785051729228}
2018-12-12 09:41:15,289 :: DEBUG :: ZEROBNL -> node.py :: set_attribute :: SET ATTRIBUTE COGw_Flag to 1
2018-12-12 09:41:15,295 :: DEBUG :: ZEROBNL -> node.py :: set_attribute :: SET ATTRIBUTE QDH to 953.785361081958
2018-12-12 09:41:15,298 :: DEBUG :: ZEROBNL -> node.py :: run :: UPDATE DONE
2018-12-12 09:41:15,311 :: DEBUG :: ZEROBNL -> node.py :: run :: UPDATE
2018-12-12 09:41:15,311 :: DEBUG :: ZEROBNL -> node.py :: _update_inputs :: INPUTS {('Base0', 'Tth'): 20, ('Base0', 'demandFlag'): 0, ('Base1', 'COGwflag'): 1, ('Base2', 'Tsupply'): 60.0, ('Base2', 'MDOTsupply'): 0.009511528070253175, ('Base3', 'QDH'): 1001.530066000505, ('Base3', 'Tindoor'): 20.30018012540348}
2018-12-12 09:41:15,312 :: DEBUG :: ZEROBNL -> node.py :: set_attribute :: SET ATTRIBUTE COGw_Flag to 1
2018-12-12 09:41:15,315 :: DEBUG :: ZEROBNL -> node.py :: set_attribute :: SET ATTRIBUTE QDH to 1001.530066000505
2018-12-12 09:41:15,318 :: DEBUG :: ZEROBNL -> node.py :: run :: UPDATE DONE
2018-12-12 09:41:15,323 :: DEBUG :: ZEROBNL -> node.py :: run :: UPDATE
2018-12-12 09:41:15,324 :: DEBUG :: ZEROBNL -> node.py :: _update_inputs :: INPUTS {('Base0', 'Tth'): 20, ('Base0', 'demandFlag'): 0, ('Base1', 'COGwflag'): 1, ('Base2', 'Tsupply'): 60.0, ('Base2', 'MDOTsupply'): 0.009511528070253175, ('Base3', 'QDH'): 1001.530066000505, ('Base3', 'Tindoor'): 20.30018012540348}
2018-12-12 09:41:15,324 :: DEBUG :: ZEROBNL -> node.py :: set_attribute :: SET ATTRIBUTE COGw_Flag to 1
2018-12-12 09:41:15,332 :: DEBUG :: ZEROBNL -> node.py :: set_attribute :: SET ATTRIBUTE QDH to 1001.530066000505
2018-12-12 09:41:15,335 :: DEBUG :: ZEROBNL -> node.py :: run :: UPDATE DONE
2018-12-12 09:41:15,340 :: DEBUG :: ZEROBNL -> node.py :: run :: UPDATE
2018-12-12 09:41:15,340 :: DEBUG :: ZEROBNL -> node.py :: _update_inputs :: INPUTS {('Base0', 'Tth'): 20, ('Base0', 'demandFlag'): 0, ('Base1', 'COGwflag'): 1, ('Base2', 'Tsupply'): 60.0, ('Base2', 'MDOTsupply'): 0.009511528070253175, ('Base3', 'QDH'): 1001.530066000505, ('Base3', 'Tindoor'): 20.30018012540348}
2018-12-12 09:41:15,340 :: DEBUG :: ZEROBNL -> node.py :: set_attribute :: SET ATTRIBUTE COGw_Flag to 1
2018-12-12 09:41:15,345 :: DEBUG :: ZEROBNL -> node.py :: set_attribute :: SET ATTRIBUTE QDH to 1001.530066000505
2018-12-12 09:41:15,349 :: DEBUG :: ZEROBNL -> node.py :: run :: UPDATE DONE
2018-12-12 09:41:15,351 :: DEBUG :: ZEROBNL -> node.py :: run :: STEP
2018-12-12 09:41:15,351 :: DEBUG :: ZEROBNL -> node.py :: step :: NEW TIME
2018-12-12 09:41:15,363 :: DEBUG :: ZEROBNL -> node.py :: get_attribute :: GET ATTRIBUTE Tsupply
2018-12-12 09:41:15,363 :: DEBUG :: ZEROBNL -> node.py :: get_attribute :: GET ATTRIBUTE MDOTsupply
2018-12-12 09:41:15,368 :: DEBUG :: ZEROBNL -> node.py :: run :: STATE {'Tsupply': 60.0, 'MDOTsupply': 0.009987657435234845}
2018-12-12 09:41:15,369 :: DEBUG :: ZEROBNL -> node.py :: run :: STEP DONE
2018-12-12 09:41:15,371 :: DEBUG :: ZEROBNL -> node.py :: run :: UPDATE
2018-12-12 09:41:15,371 :: DEBUG :: ZEROBNL -> node.py :: _update_inputs :: INPUTS {('Base0', 'Tth'): 20, ('Base0', 'demandFlag'): 0, ('Base1', 'COGwflag'): 1, ('Base2', 'Tsupply'): 60.0, ('Base2', 'MDOTsupply'): 0.009987657435234845, ('Base3', 'QDH'): 1001.530066000505, ('Base3', 'Tindoor'): 20.30018012540348}
2018-12-12 09:41:15,371 :: DEBUG :: ZEROBNL -> node.py :: set_attribute :: SET ATTRIBUTE COGw_Flag to 1
2018-12-12 09:41:15,377 :: DEBUG :: ZEROBNL -> node.py :: set_attribute :: SET ATTRIBUTE QDH to 1001.530066000505
2018-12-12 09:41:15,380 :: DEBUG :: ZEROBNL -> node.py :: run :: UPDATE DONE
2018-12-12 09:41:15,394 :: DEBUG :: ZEROBNL -> node.py :: run :: UPDATE
2018-12-12 09:41:15,394 :: DEBUG :: ZEROBNL -> node.py :: _update_inputs :: INPUTS {('Base0', 'Tth'): 20, ('Base0', 'demandFlag'): 0, ('Base1', 'COGwflag'): 1, ('Base2', 'Tsupply'): 60.0, ('Base2', 'MDOTsupply'): 0.009987657435234845, ('Base3', 'QDH'): 1020.7046825706, ('Base3', 'Tindoor'): 20.3065454079714}
2018-12-12 09:41:15,394 :: DEBUG :: ZEROBNL -> node.py :: set_attribute :: SET ATTRIBUTE COGw_Flag to 1
2018-12-12 09:41:15,400 :: DEBUG :: ZEROBNL -> node.py :: set_attribute :: SET ATTRIBUTE QDH to 1020.7046825706
2018-12-12 09:41:15,403 :: DEBUG :: ZEROBNL -> node.py :: run :: UPDATE DONE
2018-12-12 09:41:15,407 :: DEBUG :: ZEROBNL -> node.py :: run :: UPDATE
2018-12-12 09:41:15,407 :: DEBUG :: ZEROBNL -> node.py :: _update_inputs :: INPUTS {('Base0', 'Tth'): 20, ('Base0', 'demandFlag'): 0, ('Base1', 'COGwflag'): 1, ('Base2', 'Tsupply'): 60.0, ('Base2', 'MDOTsupply'): 0.009987657435234845, ('Base3', 'QDH'): 1020.7046825706, ('Base3', 'Tindoor'): 20.3065454079714}
2018-12-12 09:41:15,407 :: DEBUG :: ZEROBNL -> node.py :: set_attribute :: SET ATTRIBUTE COGw_Flag to 1
2018-12-12 09:41:15,412 :: DEBUG :: ZEROBNL -> node.py :: set_attribute :: SET ATTRIBUTE QDH to 1020.7046825706
2018-12-12 09:41:15,416 :: DEBUG :: ZEROBNL -> node.py :: run :: UPDATE DONE
2018-12-12 09:41:15,421 :: DEBUG :: ZEROBNL -> node.py :: run :: UPDATE
2018-12-12 09:41:15,421 :: DEBUG :: ZEROBNL -> node.py :: _update_inputs :: INPUTS {('Base0', 'Tth'): 20, ('Base0', 'demandFlag'): 0, ('Base1', 'COGwflag'): 1, ('Base2', 'Tsupply'): 60.0, ('Base2', 'MDOTsupply'): 0.009987657435234845, ('Base3', 'QDH'): 1020.7046825706, ('Base3', 'Tindoor'): 20.3065454079714}
2018-12-12 09:41:15,421 :: DEBUG :: ZEROBNL -> node.py :: set_attribute :: SET ATTRIBUTE COGw_Flag to 1
2018-12-12 09:41:15,425 :: DEBUG :: ZEROBNL -> node.py :: set_attribute :: SET ATTRIBUTE QDH to 1020.7046825706
2018-12-12 09:41:15,429 :: DEBUG :: ZEROBNL -> node.py :: run :: UPDATE DONE
2018-12-12 09:41:15,430 :: DEBUG :: ZEROBNL -> node.py :: run :: STEP
2018-12-12 09:41:15,430 :: DEBUG :: ZEROBNL -> node.py :: step :: NEW TIME
2018-12-12 09:41:15,440 :: DEBUG :: ZEROBNL -> node.py :: get_attribute :: GET ATTRIBUTE Tsupply
2018-12-12 09:41:15,440 :: DEBUG :: ZEROBNL -> node.py :: get_attribute :: GET ATTRIBUTE MDOTsupply
2018-12-12 09:41:15,445 :: DEBUG :: ZEROBNL -> node.py :: run :: STATE {'Tsupply': 60.0, 'MDOTsupply': 0.010178874339604477}
2018-12-12 09:41:15,445 :: DEBUG :: ZEROBNL -> node.py :: run :: STEP DONE
2018-12-12 09:41:15,447 :: DEBUG :: ZEROBNL -> node.py :: run :: UPDATE
2018-12-12 09:41:15,447 :: DEBUG :: ZEROBNL -> node.py :: _update_inputs :: INPUTS {('Base0', 'Tth'): 20, ('Base0', 'demandFlag'): 0, ('Base1', 'COGwflag'): 1, ('Base2', 'Tsupply'): 60.0, ('Base2', 'MDOTsupply'): 0.010178874339604477, ('Base3', 'QDH'): 1020.7046825706, ('Base3', 'Tindoor'): 20.3065454079714}
2018-12-12 09:41:15,447 :: DEBUG :: ZEROBNL -> node.py :: set_attribute :: SET ATTRIBUTE COGw_Flag to 1
2018-12-12 09:41:15,451 :: DEBUG :: ZEROBNL -> node.py :: set_attribute :: SET ATTRIBUTE QDH to 1020.7046825706
2018-12-12 09:41:15,454 :: DEBUG :: ZEROBNL -> node.py :: run :: UPDATE DONE
2018-12-12 09:41:15,466 :: DEBUG :: ZEROBNL -> node.py :: run :: UPDATE
2018-12-12 09:41:15,467 :: DEBUG :: ZEROBNL -> node.py :: _update_inputs :: INPUTS {('Base0', 'Tth'): 20, ('Base0', 'demandFlag'): 0, ('Base1', 'COGwflag'): 1, ('Base2', 'Tsupply'): 60.0, ('Base2', 'MDOTsupply'): 0.010178874339604477, ('Base3', 'QDH'): 929.4140537781735, ('Base3', 'Tindoor'): 20.28267714709914}
2018-12-12 09:41:15,468 :: DEBUG :: ZEROBNL -> node.py :: set_attribute :: SET ATTRIBUTE COGw_Flag to 1
2018-12-12 09:41:15,471 :: DEBUG :: ZEROBNL -> node.py :: set_attribute :: SET ATTRIBUTE QDH to 929.4140537781735
2018-12-12 09:41:15,474 :: DEBUG :: ZEROBNL -> node.py :: run :: UPDATE DONE
2018-12-12 09:41:15,477 :: DEBUG :: ZEROBNL -> node.py :: run :: UPDATE
2018-12-12 09:41:15,478 :: DEBUG :: ZEROBNL -> node.py :: _update_inputs :: INPUTS {('Base0', 'Tth'): 20, ('Base0', 'demandFlag'): 0, ('Base1', 'COGwflag'): 1, ('Base2', 'Tsupply'): 60.0, ('Base2', 'MDOTsupply'): 0.010178874339604477, ('Base3', 'QDH'): 929.4140537781735, ('Base3', 'Tindoor'): 20.28267714709914}
2018-12-12 09:41:15,478 :: DEBUG :: ZEROBNL -> node.py :: set_attribute :: SET ATTRIBUTE COGw_Flag to 1
2018-12-12 09:41:15,481 :: DEBUG :: ZEROBNL -> node.py :: set_attribute :: SET ATTRIBUTE QDH to 929.4140537781735
2018-12-12 09:41:15,484 :: DEBUG :: ZEROBNL -> node.py :: run :: UPDATE DONE
2018-12-12 09:41:15,488 :: DEBUG :: ZEROBNL -> node.py :: run :: UPDATE
2018-12-12 09:41:15,489 :: DEBUG :: ZEROBNL -> node.py :: _update_inputs :: INPUTS {('Base0', 'Tth'): 20, ('Base0', 'demandFlag'): 0, ('Base1', 'COGwflag'): 1, ('Base2', 'Tsupply'): 60.0, ('Base2', 'MDOTsupply'): 0.010178874339604477, ('Base3', 'QDH'): 929.4140537781735, ('Base3', 'Tindoor'): 20.28267714709914}
2018-12-12 09:41:15,489 :: DEBUG :: ZEROBNL -> node.py :: set_attribute :: SET ATTRIBUTE COGw_Flag to 1
2018-12-12 09:41:15,494 :: DEBUG :: ZEROBNL -> node.py :: set_attribute :: SET ATTRIBUTE QDH to 929.4140537781735
2018-12-12 09:41:15,497 :: DEBUG :: ZEROBNL -> node.py :: run :: UPDATE DONE
2018-12-12 09:41:15,499 :: DEBUG :: ZEROBNL -> node.py :: run :: STEP
2018-12-12 09:41:15,499 :: DEBUG :: ZEROBNL -> node.py :: step :: NEW TIME
2018-12-12 09:41:15,509 :: DEBUG :: ZEROBNL -> node.py :: get_attribute :: GET ATTRIBUTE Tsupply
2018-12-12 09:41:15,509 :: DEBUG :: ZEROBNL -> node.py :: get_attribute :: GET ATTRIBUTE MDOTsupply
2018-12-12 09:41:15,515 :: DEBUG :: ZEROBNL -> node.py :: run :: STATE {'Tsupply': 60.0, 'MDOTsupply': 0.009268487769529736}
2018-12-12 09:41:15,515 :: DEBUG :: ZEROBNL -> node.py :: run :: STEP DONE
2018-12-12 09:41:15,516 :: DEBUG :: ZEROBNL -> node.py :: run :: UPDATE
2018-12-12 09:41:15,517 :: DEBUG :: ZEROBNL -> node.py :: _update_inputs :: INPUTS {('Base0', 'Tth'): 20, ('Base0', 'demandFlag'): 0, ('Base1', 'COGwflag'): 1, ('Base2', 'Tsupply'): 60.0, ('Base2', 'MDOTsupply'): 0.009268487769529736, ('Base3', 'QDH'): 929.4140537781735, ('Base3', 'Tindoor'): 20.28267714709914}
2018-12-12 09:41:15,517 :: DEBUG :: ZEROBNL -> node.py :: set_attribute :: SET ATTRIBUTE COGw_Flag to 1
2018-12-12 09:41:15,521 :: DEBUG :: ZEROBNL -> node.py :: set_attribute :: SET ATTRIBUTE QDH to 929.4140537781735
2018-12-12 09:41:15,524 :: DEBUG :: ZEROBNL -> node.py :: run :: UPDATE DONE
2018-12-12 09:41:15,539 :: DEBUG :: ZEROBNL -> node.py :: run :: UPDATE
2018-12-12 09:41:15,540 :: DEBUG :: ZEROBNL -> node.py :: _update_inputs :: INPUTS {('Base0', 'Tth'): 20, ('Base0', 'demandFlag'): 0, ('Base1', 'COGwflag'): 1, ('Base2', 'Tsupply'): 60.0, ('Base2', 'MDOTsupply'): 0.009268487769529736, ('Base3', 'QDH'): 864.67735499046, ('Base3', 'Tindoor'): 20.25910423374785}
2018-12-12 09:41:15,540 :: DEBUG :: ZEROBNL -> node.py :: set_attribute :: SET ATTRIBUTE COGw_Flag to 1
2018-12-12 09:41:15,544 :: DEBUG :: ZEROBNL -> node.py :: set_attribute :: SET ATTRIBUTE QDH to 864.67735499046
2018-12-12 09:41:15,548 :: DEBUG :: ZEROBNL -> node.py :: run :: UPDATE DONE
2018-12-12 09:41:15,558 :: DEBUG :: ZEROBNL -> node.py :: run :: UPDATE
2018-12-12 09:41:15,559 :: DEBUG :: ZEROBNL -> node.py :: _update_inputs :: INPUTS {('Base0', 'Tth'): 20, ('Base0', 'demandFlag'): 0, ('Base1', 'COGwflag'): 1, ('Base2', 'Tsupply'): 60.0, ('Base2', 'MDOTsupply'): 0.009268487769529736, ('Base3', 'QDH'): 864.67735499046, ('Base3', 'Tindoor'): 20.25910423374785}
2018-12-12 09:41:15,559 :: DEBUG :: ZEROBNL -> node.py :: set_attribute :: SET ATTRIBUTE COGw_Flag to 1
2018-12-12 09:41:15,566 :: DEBUG :: ZEROBNL -> node.py :: set_attribute :: SET ATTRIBUTE QDH to 864.67735499046
2018-12-12 09:41:15,571 :: DEBUG :: ZEROBNL -> node.py :: run :: UPDATE DONE
2018-12-12 09:41:15,576 :: DEBUG :: ZEROBNL -> node.py :: run :: UPDATE
2018-12-12 09:41:15,577 :: DEBUG :: ZEROBNL -> node.py :: _update_inputs :: INPUTS {('Base0', 'Tth'): 20, ('Base0', 'demandFlag'): 0, ('Base1', 'COGwflag'): 1, ('Base2', 'Tsupply'): 60.0, ('Base2', 'MDOTsupply'): 0.009268487769529736, ('Base3', 'QDH'): 864.67735499046, ('Base3', 'Tindoor'): 20.25910423374785}
2018-12-12 09:41:15,577 :: DEBUG :: ZEROBNL -> node.py :: set_attribute :: SET ATTRIBUTE COGw_Flag to 1
2018-12-12 09:41:15,582 :: DEBUG :: ZEROBNL -> node.py :: set_attribute :: SET ATTRIBUTE QDH to 864.67735499046
2018-12-12 09:41:15,586 :: DEBUG :: ZEROBNL -> node.py :: run :: UPDATE DONE
2018-12-12 09:41:15,588 :: DEBUG :: ZEROBNL -> node.py :: run :: STEP
2018-12-12 09:41:15,588 :: DEBUG :: ZEROBNL -> node.py :: step :: NEW TIME
2018-12-12 09:41:15,620 :: DEBUG :: ZEROBNL -> node.py :: get_attribute :: GET ATTRIBUTE Tsupply
2018-12-12 09:41:15,620 :: DEBUG :: ZEROBNL -> node.py :: get_attribute :: GET ATTRIBUTE MDOTsupply
2018-12-12 09:41:15,626 :: DEBUG :: ZEROBNL -> node.py :: run :: STATE {'Tsupply': 60.0, 'MDOTsupply': 0.00862290757941992}
2018-12-12 09:41:15,626 :: DEBUG :: ZEROBNL -> node.py :: run :: STEP DONE
2018-12-12 09:41:15,629 :: DEBUG :: ZEROBNL -> node.py :: run :: UPDATE
2018-12-12 09:41:15,629 :: DEBUG :: ZEROBNL -> node.py :: _update_inputs :: INPUTS {('Base0', 'Tth'): 20, ('Base0', 'demandFlag'): 0, ('Base1', 'COGwflag'): 1, ('Base2', 'Tsupply'): 60.0, ('Base2', 'MDOTsupply'): 0.00862290757941992, ('Base3', 'QDH'): 864.67735499046, ('Base3', 'Tindoor'): 20.25910423374785}
2018-12-12 09:41:15,630 :: DEBUG :: ZEROBNL -> node.py :: set_attribute :: SET ATTRIBUTE COGw_Flag to 1
2018-12-12 09:41:15,633 :: DEBUG :: ZEROBNL -> node.py :: set_attribute :: SET ATTRIBUTE QDH to 864.67735499046
2018-12-12 09:41:15,637 :: DEBUG :: ZEROBNL -> node.py :: run :: UPDATE DONE
2018-12-12 09:41:15,654 :: DEBUG :: ZEROBNL -> node.py :: run :: UPDATE
2018-12-12 09:41:15,654 :: DEBUG :: ZEROBNL -> node.py :: _update_inputs :: INPUTS {('Base0', 'Tth'): 20, ('Base0', 'demandFlag'): 0, ('Base1', 'COGwflag'): 1, ('Base2', 'Tsupply'): 60.0, ('Base2', 'MDOTsupply'): 0.00862290757941992, ('Base3', 'QDH'): 834.3374413190234, ('Base3', 'Tindoor'): 20.2534338979532}
2018-12-12 09:41:15,654 :: DEBUG :: ZEROBNL -> node.py :: set_attribute :: SET ATTRIBUTE COGw_Flag to 1
2018-12-12 09:41:15,660 :: DEBUG :: ZEROBNL -> node.py :: set_attribute :: SET ATTRIBUTE QDH to 834.3374413190234
2018-12-12 09:41:15,664 :: DEBUG :: ZEROBNL -> node.py :: run :: UPDATE DONE
2018-12-12 09:41:15,668 :: DEBUG :: ZEROBNL -> node.py :: run :: UPDATE
2018-12-12 09:41:15,669 :: DEBUG :: ZEROBNL -> node.py :: _update_inputs :: INPUTS {('Base0', 'Tth'): 20, ('Base0', 'demandFlag'): 0, ('Base1', 'COGwflag'): 1, ('Base2', 'Tsupply'): 60.0, ('Base2', 'MDOTsupply'): 0.00862290757941992, ('Base3', 'QDH'): 834.3374413190234, ('Base3', 'Tindoor'): 20.2534338979532}
2018-12-12 09:41:15,669 :: DEBUG :: ZEROBNL -> node.py :: set_attribute :: SET ATTRIBUTE COGw_Flag to 1
2018-12-12 09:41:15,672 :: DEBUG :: ZEROBNL -> node.py :: set_attribute :: SET ATTRIBUTE QDH to 834.3374413190234
2018-12-12 09:41:15,678 :: DEBUG :: ZEROBNL -> node.py :: run :: UPDATE DONE
2018-12-12 09:41:15,683 :: DEBUG :: ZEROBNL -> node.py :: run :: UPDATE
2018-12-12 09:41:15,683 :: DEBUG :: ZEROBNL -> node.py :: _update_inputs :: INPUTS {('Base0', 'Tth'): 20, ('Base0', 'demandFlag'): 0, ('Base1', 'COGwflag'): 1, ('Base2', 'Tsupply'): 60.0, ('Base2', 'MDOTsupply'): 0.00862290757941992, ('Base3', 'QDH'): 834.3374413190234, ('Base3', 'Tindoor'): 20.2534338979532}
2018-12-12 09:41:15,683 :: DEBUG :: ZEROBNL -> node.py :: set_attribute :: SET ATTRIBUTE COGw_Flag to 1
2018-12-12 09:41:15,688 :: DEBUG :: ZEROBNL -> node.py :: set_attribute :: SET ATTRIBUTE QDH to 834.3374413190234
2018-12-12 09:41:15,692 :: DEBUG :: ZEROBNL -> node.py :: run :: UPDATE DONE
2018-12-12 09:41:15,697 :: DEBUG :: ZEROBNL -> node.py :: run :: STEP
2018-12-12 09:41:15,697 :: DEBUG :: ZEROBNL -> node.py :: step :: NEW TIME
2018-12-12 09:41:15,709 :: DEBUG :: ZEROBNL -> node.py :: get_attribute :: GET ATTRIBUTE Tsupply
2018-12-12 09:41:15,710 :: DEBUG :: ZEROBNL -> node.py :: get_attribute :: GET ATTRIBUTE MDOTsupply
2018-12-12 09:41:15,716 :: DEBUG :: ZEROBNL -> node.py :: run :: STATE {'Tsupply': 60.0, 'MDOTsupply': 0.008320345855141546}
2018-12-12 09:41:15,717 :: DEBUG :: ZEROBNL -> node.py :: run :: STEP DONE
2018-12-12 09:41:15,720 :: DEBUG :: ZEROBNL -> node.py :: run :: UPDATE
2018-12-12 09:41:15,721 :: DEBUG :: ZEROBNL -> node.py :: _update_inputs :: INPUTS {('Base0', 'Tth'): 20, ('Base0', 'demandFlag'): 0, ('Base1', 'COGwflag'): 1, ('Base2', 'Tsupply'): 60.0, ('Base2', 'MDOTsupply'): 0.008320345855141546, ('Base3', 'QDH'): 834.3374413190234, ('Base3', 'Tindoor'): 20.2534338979532}
2018-12-12 09:41:15,721 :: DEBUG :: ZEROBNL -> node.py :: set_attribute :: SET ATTRIBUTE COGw_Flag to 1
2018-12-12 09:41:15,728 :: DEBUG :: ZEROBNL -> node.py :: set_attribute :: SET ATTRIBUTE QDH to 834.3374413190234
2018-12-12 09:41:15,731 :: DEBUG :: ZEROBNL -> node.py :: run :: UPDATE DONE
2018-12-12 09:41:15,743 :: DEBUG :: ZEROBNL -> node.py :: run :: UPDATE
2018-12-12 09:41:15,744 :: DEBUG :: ZEROBNL -> node.py :: _update_inputs :: INPUTS {('Base0', 'Tth'): 20, ('Base0', 'demandFlag'): 0, ('Base1', 'COGwflag'): 1, ('Base2', 'Tsupply'): 60.0, ('Base2', 'MDOTsupply'): 0.008320345855141546, ('Base3', 'QDH'): 841.2967749389782, ('Base3', 'Tindoor'): 20.25396382973608}
2018-12-12 09:41:15,744 :: DEBUG :: ZEROBNL -> node.py :: set_attribute :: SET ATTRIBUTE COGw_Flag to 1
2018-12-12 09:41:15,750 :: DEBUG :: ZEROBNL -> node.py :: set_attribute :: SET ATTRIBUTE QDH to 841.2967749389782
2018-12-12 09:41:15,752 :: DEBUG :: ZEROBNL -> node.py :: run :: UPDATE DONE
2018-12-12 09:41:15,756 :: DEBUG :: ZEROBNL -> node.py :: run :: UPDATE
2018-12-12 09:41:15,757 :: DEBUG :: ZEROBNL -> node.py :: _update_inputs :: INPUTS {('Base0', 'Tth'): 20, ('Base0', 'demandFlag'): 0, ('Base1', 'COGwflag'): 1, ('Base2', 'Tsupply'): 60.0, ('Base2', 'MDOTsupply'): 0.008320345855141546, ('Base3', 'QDH'): 841.2967749389782, ('Base3', 'Tindoor'): 20.25396382973608}
2018-12-12 09:41:15,757 :: DEBUG :: ZEROBNL -> node.py :: set_attribute :: SET ATTRIBUTE COGw_Flag to 1
2018-12-12 09:41:15,761 :: DEBUG :: ZEROBNL -> node.py :: set_attribute :: SET ATTRIBUTE QDH to 841.2967749389782
2018-12-12 09:41:15,765 :: DEBUG :: ZEROBNL -> node.py :: run :: UPDATE DONE
2018-12-12 09:41:15,769 :: DEBUG :: ZEROBNL -> node.py :: run :: UPDATE
2018-12-12 09:41:15,769 :: DEBUG :: ZEROBNL -> node.py :: _update_inputs :: INPUTS {('Base0', 'Tth'): 20, ('Base0', 'demandFlag'): 0, ('Base1', 'COGwflag'): 1, ('Base2', 'Tsupply'): 60.0, ('Base2', 'MDOTsupply'): 0.008320345855141546, ('Base3', 'QDH'): 841.2967749389782, ('Base3', 'Tindoor'): 20.25396382973608}
2018-12-12 09:41:15,769 :: DEBUG :: ZEROBNL -> node.py :: set_attribute :: SET ATTRIBUTE COGw_Flag to 1
2018-12-12 09:41:15,773 :: DEBUG :: ZEROBNL -> node.py :: set_attribute :: SET ATTRIBUTE QDH to 841.2967749389782
2018-12-12 09:41:15,776 :: DEBUG :: ZEROBNL -> node.py :: run :: UPDATE DONE
2018-12-12 09:41:15,778 :: DEBUG :: ZEROBNL -> node.py :: run :: STEP
2018-12-12 09:41:15,778 :: DEBUG :: ZEROBNL -> node.py :: step :: NEW TIME
2018-12-12 09:41:15,790 :: DEBUG :: ZEROBNL -> node.py :: get_attribute :: GET ATTRIBUTE Tsupply
2018-12-12 09:41:15,790 :: DEBUG :: ZEROBNL -> node.py :: get_attribute :: GET ATTRIBUTE MDOTsupply
2018-12-12 09:41:15,795 :: DEBUG :: ZEROBNL -> node.py :: run :: STATE {'Tsupply': 60.0, 'MDOTsupply': 0.008389747106671262}
2018-12-12 09:41:15,795 :: DEBUG :: ZEROBNL -> node.py :: run :: STEP DONE
2018-12-12 09:41:15,798 :: DEBUG :: ZEROBNL -> node.py :: run :: UPDATE
2018-12-12 09:41:15,799 :: DEBUG :: ZEROBNL -> node.py :: _update_inputs :: INPUTS {('Base0', 'Tth'): 20, ('Base0', 'demandFlag'): 0, ('Base1', 'COGwflag'): 1, ('Base2', 'Tsupply'): 60.0, ('Base2', 'MDOTsupply'): 0.008389747106671262, ('Base3', 'QDH'): 841.2967749389782, ('Base3', 'Tindoor'): 20.25396382973608}
2018-12-12 09:41:15,799 :: DEBUG :: ZEROBNL -> node.py :: set_attribute :: SET ATTRIBUTE COGw_Flag to 1
2018-12-12 09:41:15,804 :: DEBUG :: ZEROBNL -> node.py :: set_attribute :: SET ATTRIBUTE QDH to 841.2967749389782
2018-12-12 09:41:15,806 :: DEBUG :: ZEROBNL -> node.py :: run :: UPDATE DONE
2018-12-12 09:41:15,819 :: DEBUG :: ZEROBNL -> node.py :: run :: UPDATE
2018-12-12 09:41:15,819 :: DEBUG :: ZEROBNL -> node.py :: _update_inputs :: INPUTS {('Base0', 'Tth'): 20, ('Base0', 'demandFlag'): 0, ('Base1', 'COGwflag'): 1, ('Base2', 'Tsupply'): 60.0, ('Base2', 'MDOTsupply'): 0.008389747106671262, ('Base3', 'QDH'): 1039.836157448557, ('Base3', 'Tindoor'): 20.29644265282545}
2018-12-12 09:41:15,820 :: DEBUG :: ZEROBNL -> node.py :: set_attribute :: SET ATTRIBUTE COGw_Flag to 1
2018-12-12 09:41:15,824 :: DEBUG :: ZEROBNL -> node.py :: set_attribute :: SET ATTRIBUTE QDH to 1039.836157448557
2018-12-12 09:41:15,828 :: DEBUG :: ZEROBNL -> node.py :: run :: UPDATE DONE
2018-12-12 09:41:15,833 :: DEBUG :: ZEROBNL -> node.py :: run :: UPDATE
2018-12-12 09:41:15,833 :: DEBUG :: ZEROBNL -> node.py :: _update_inputs :: INPUTS {('Base0', 'Tth'): 20, ('Base0', 'demandFlag'): 0, ('Base1', 'COGwflag'): 1, ('Base2', 'Tsupply'): 60.0, ('Base2', 'MDOTsupply'): 0.008389747106671262, ('Base3', 'QDH'): 1039.836157448557, ('Base3', 'Tindoor'): 20.29644265282545}
2018-12-12 09:41:15,834 :: DEBUG :: ZEROBNL -> node.py :: set_attribute :: SET ATTRIBUTE COGw_Flag to 1
2018-12-12 09:41:15,838 :: DEBUG :: ZEROBNL -> node.py :: set_attribute :: SET ATTRIBUTE QDH to 1039.836157448557
2018-12-12 09:41:15,841 :: DEBUG :: ZEROBNL -> node.py :: run :: UPDATE DONE
2018-12-12 09:41:15,846 :: DEBUG :: ZEROBNL -> node.py :: run :: UPDATE
2018-12-12 09:41:15,846 :: DEBUG :: ZEROBNL -> node.py :: _update_inputs :: INPUTS {('Base0', 'Tth'): 20, ('Base0', 'demandFlag'): 0, ('Base1', 'COGwflag'): 1, ('Base2', 'Tsupply'): 60.0, ('Base2', 'MDOTsupply'): 0.008389747106671262, ('Base3', 'QDH'): 1039.836157448557, ('Base3', 'Tindoor'): 20.29644265282545}
2018-12-12 09:41:15,847 :: DEBUG :: ZEROBNL -> node.py :: set_attribute :: SET ATTRIBUTE COGw_Flag to 1
2018-12-12 09:41:15,851 :: DEBUG :: ZEROBNL -> node.py :: set_attribute :: SET ATTRIBUTE QDH to 1039.836157448557
2018-12-12 09:41:15,854 :: DEBUG :: ZEROBNL -> node.py :: run :: UPDATE DONE
2018-12-12 09:41:15,856 :: DEBUG :: ZEROBNL -> node.py :: run :: STEP
2018-12-12 09:41:15,857 :: DEBUG :: ZEROBNL -> node.py :: step :: NEW TIME
2018-12-12 09:41:15,867 :: DEBUG :: ZEROBNL -> node.py :: get_attribute :: GET ATTRIBUTE Tsupply
2018-12-12 09:41:15,867 :: DEBUG :: ZEROBNL -> node.py :: get_attribute :: GET ATTRIBUTE MDOTsupply
2018-12-12 09:41:15,872 :: DEBUG :: ZEROBNL -> node.py :: run :: STATE {'Tsupply': 60.0, 'MDOTsupply': 0.010369661043810628}
2018-12-12 09:41:15,873 :: DEBUG :: ZEROBNL -> node.py :: run :: STEP DONE
2018-12-12 09:41:15,874 :: DEBUG :: ZEROBNL -> node.py :: run :: UPDATE
2018-12-12 09:41:15,875 :: DEBUG :: ZEROBNL -> node.py :: _update_inputs :: INPUTS {('Base0', 'Tth'): 20, ('Base0', 'demandFlag'): 0, ('Base1', 'COGwflag'): 1, ('Base2', 'Tsupply'): 60.0, ('Base2', 'MDOTsupply'): 0.010369661043810628, ('Base3', 'QDH'): 1039.836157448557, ('Base3', 'Tindoor'): 20.29644265282545}
2018-12-12 09:41:15,875 :: DEBUG :: ZEROBNL -> node.py :: set_attribute :: SET ATTRIBUTE COGw_Flag to 1
2018-12-12 09:41:15,879 :: DEBUG :: ZEROBNL -> node.py :: set_attribute :: SET ATTRIBUTE QDH to 1039.836157448557
2018-12-12 09:41:15,882 :: DEBUG :: ZEROBNL -> node.py :: run :: UPDATE DONE
2018-12-12 09:41:15,897 :: DEBUG :: ZEROBNL -> node.py :: run :: UPDATE
2018-12-12 09:41:15,897 :: DEBUG :: ZEROBNL -> node.py :: _update_inputs :: INPUTS {('Base0', 'Tth'): 20, ('Base0', 'demandFlag'): 0, ('Base1', 'COGwflag'): 1, ('Base2', 'Tsupply'): 60.0, ('Base2', 'MDOTsupply'): 0.010369661043810628, ('Base3', 'QDH'): 1177.260391042223, ('Base3', 'Tindoor'): 20.34471943044725}
2018-12-12 09:41:15,897 :: DEBUG :: ZEROBNL -> node.py :: set_attribute :: SET ATTRIBUTE COGw_Flag to 1
2018-12-12 09:41:15,902 :: DEBUG :: ZEROBNL -> node.py :: set_attribute :: SET ATTRIBUTE QDH to 1177.260391042223
2018-12-12 09:41:15,905 :: DEBUG :: ZEROBNL -> node.py :: run :: UPDATE DONE
2018-12-12 09:41:15,910 :: DEBUG :: ZEROBNL -> node.py :: run :: UPDATE
2018-12-12 09:41:15,911 :: DEBUG :: ZEROBNL -> node.py :: _update_inputs :: INPUTS {('Base0', 'Tth'): 20, ('Base0', 'demandFlag'): 0, ('Base1', 'COGwflag'): 1, ('Base2', 'Tsupply'): 60.0, ('Base2', 'MDOTsupply'): 0.010369661043810628, ('Base3', 'QDH'): 1177.260391042223, ('Base3', 'Tindoor'): 20.34471943044725}
2018-12-12 09:41:15,911 :: DEBUG :: ZEROBNL -> node.py :: set_attribute :: SET ATTRIBUTE COGw_Flag to 1
2018-12-12 09:41:15,914 :: DEBUG :: ZEROBNL -> node.py :: set_attribute :: SET ATTRIBUTE QDH to 1177.260391042223
2018-12-12 09:41:15,917 :: DEBUG :: ZEROBNL -> node.py :: run :: UPDATE DONE
2018-12-12 09:41:15,921 :: DEBUG :: ZEROBNL -> node.py :: run :: UPDATE
2018-12-12 09:41:15,921 :: DEBUG :: ZEROBNL -> node.py :: _update_inputs :: INPUTS {('Base0', 'Tth'): 20, ('Base0', 'demandFlag'): 0, ('Base1', 'COGwflag'): 1, ('Base2', 'Tsupply'): 60.0, ('Base2', 'MDOTsupply'): 0.010369661043810628, ('Base3', 'QDH'): 1177.260391042223, ('Base3', 'Tindoor'): 20.34471943044725}
2018-12-12 09:41:15,921 :: DEBUG :: ZEROBNL -> node.py :: set_attribute :: SET ATTRIBUTE COGw_Flag to 1
2018-12-12 09:41:15,925 :: DEBUG :: ZEROBNL -> node.py :: set_attribute :: SET ATTRIBUTE QDH to 1177.260391042223
2018-12-12 09:41:15,928 :: DEBUG :: ZEROBNL -> node.py :: run :: UPDATE DONE
2018-12-12 09:41:15,930 :: DEBUG :: ZEROBNL -> node.py :: run :: STEP
2018-12-12 09:41:15,930 :: DEBUG :: ZEROBNL -> node.py :: step :: NEW TIME
2018-12-12 09:41:15,942 :: DEBUG :: ZEROBNL -> node.py :: get_attribute :: GET ATTRIBUTE Tsupply
2018-12-12 09:41:15,942 :: DEBUG :: ZEROBNL -> node.py :: get_attribute :: GET ATTRIBUTE MDOTsupply
2018-12-12 09:41:15,948 :: DEBUG :: ZEROBNL -> node.py :: run :: STATE {'Tsupply': 60.0, 'MDOTsupply': 0.01174011033177156}
2018-12-12 09:41:15,948 :: DEBUG :: ZEROBNL -> node.py :: run :: STEP DONE
2018-12-12 09:41:15,950 :: DEBUG :: ZEROBNL -> node.py :: run :: UPDATE
2018-12-12 09:41:15,951 :: DEBUG :: ZEROBNL -> node.py :: _update_inputs :: INPUTS {('Base0', 'Tth'): 20, ('Base0', 'demandFlag'): 0, ('Base1', 'COGwflag'): 1, ('Base2', 'Tsupply'): 60.0, ('Base2', 'MDOTsupply'): 0.01174011033177156, ('Base3', 'QDH'): 1177.260391042223, ('Base3', 'Tindoor'): 20.34471943044725}
2018-12-12 09:41:15,951 :: DEBUG :: ZEROBNL -> node.py :: set_attribute :: SET ATTRIBUTE COGw_Flag to 1
2018-12-12 09:41:15,956 :: DEBUG :: ZEROBNL -> node.py :: set_attribute :: SET ATTRIBUTE QDH to 1177.260391042223
2018-12-12 09:41:15,960 :: DEBUG :: ZEROBNL -> node.py :: run :: UPDATE DONE
2018-12-12 09:41:15,974 :: DEBUG :: ZEROBNL -> node.py :: run :: UPDATE
2018-12-12 09:41:15,975 :: DEBUG :: ZEROBNL -> node.py :: _update_inputs :: INPUTS {('Base0', 'Tth'): 20, ('Base0', 'demandFlag'): 0, ('Base1', 'COGwflag'): 1, ('Base2', 'Tsupply'): 60.0, ('Base2', 'MDOTsupply'): 0.01174011033177156, ('Base3', 'QDH'): 1226.097943163851, ('Base3', 'Tindoor'): 20.36346548458718}
2018-12-12 09:41:15,975 :: DEBUG :: ZEROBNL -> node.py :: set_attribute :: SET ATTRIBUTE COGw_Flag to 1
2018-12-12 09:41:15,980 :: DEBUG :: ZEROBNL -> node.py :: set_attribute :: SET ATTRIBUTE QDH to 1226.097943163851
2018-12-12 09:41:15,983 :: DEBUG :: ZEROBNL -> node.py :: run :: UPDATE DONE
2018-12-12 09:41:15,988 :: DEBUG :: ZEROBNL -> node.py :: run :: UPDATE
2018-12-12 09:41:15,988 :: DEBUG :: ZEROBNL -> node.py :: _update_inputs :: INPUTS {('Base0', 'Tth'): 20, ('Base0', 'demandFlag'): 0, ('Base1', 'COGwflag'): 1, ('Base2', 'Tsupply'): 60.0, ('Base2', 'MDOTsupply'): 0.01174011033177156, ('Base3', 'QDH'): 1226.097943163851, ('Base3', 'Tindoor'): 20.36346548458718}
2018-12-12 09:41:15,989 :: DEBUG :: ZEROBNL -> node.py :: set_attribute :: SET ATTRIBUTE COGw_Flag to 1
2018-12-12 09:41:15,992 :: DEBUG :: ZEROBNL -> node.py :: set_attribute :: SET ATTRIBUTE QDH to 1226.097943163851
2018-12-12 09:41:15,997 :: DEBUG :: ZEROBNL -> node.py :: run :: UPDATE DONE
2018-12-12 09:41:16,000 :: DEBUG :: ZEROBNL -> node.py :: run :: UPDATE
2018-12-12 09:41:16,001 :: DEBUG :: ZEROBNL -> node.py :: _update_inputs :: INPUTS {('Base0', 'Tth'): 20, ('Base0', 'demandFlag'): 0, ('Base1', 'COGwflag'): 1, ('Base2', 'Tsupply'): 60.0, ('Base2', 'MDOTsupply'): 0.01174011033177156, ('Base3', 'QDH'): 1226.097943163851, ('Base3', 'Tindoor'): 20.36346548458718}
2018-12-12 09:41:16,001 :: DEBUG :: ZEROBNL -> node.py :: set_attribute :: SET ATTRIBUTE COGw_Flag to 1
2018-12-12 09:41:16,005 :: DEBUG :: ZEROBNL -> node.py :: set_attribute :: SET ATTRIBUTE QDH to 1226.097943163851
2018-12-12 09:41:16,008 :: DEBUG :: ZEROBNL -> node.py :: run :: UPDATE DONE
2018-12-12 09:41:16,010 :: DEBUG :: ZEROBNL -> node.py :: run :: STEP
2018-12-12 09:41:16,010 :: DEBUG :: ZEROBNL -> node.py :: step :: NEW TIME
2018-12-12 09:41:16,022 :: DEBUG :: ZEROBNL -> node.py :: get_attribute :: GET ATTRIBUTE Tsupply
2018-12-12 09:41:16,022 :: DEBUG :: ZEROBNL -> node.py :: get_attribute :: GET ATTRIBUTE MDOTsupply
2018-12-12 09:41:16,027 :: DEBUG :: ZEROBNL -> node.py :: run :: STATE {'Tsupply': 60.0, 'MDOTsupply': 0.012227137887112015}
2018-12-12 09:41:16,028 :: DEBUG :: ZEROBNL -> node.py :: run :: STEP DONE
2018-12-12 09:41:16,030 :: DEBUG :: ZEROBNL -> node.py :: run :: UPDATE
2018-12-12 09:41:16,030 :: DEBUG :: ZEROBNL -> node.py :: _update_inputs :: INPUTS {('Base0', 'Tth'): 20, ('Base0', 'demandFlag'): 0, ('Base1', 'COGwflag'): 1, ('Base2', 'Tsupply'): 60.0, ('Base2', 'MDOTsupply'): 0.012227137887112015, ('Base3', 'QDH'): 1226.097943163851, ('Base3', 'Tindoor'): 20.36346548458718}
2018-12-12 09:41:16,030 :: DEBUG :: ZEROBNL -> node.py :: set_attribute :: SET ATTRIBUTE COGw_Flag to 1
2018-12-12 09:41:16,035 :: DEBUG :: ZEROBNL -> node.py :: set_attribute :: SET ATTRIBUTE QDH to 1226.097943163851
2018-12-12 09:41:16,039 :: DEBUG :: ZEROBNL -> node.py :: run :: UPDATE DONE
2018-12-12 09:41:16,050 :: DEBUG :: ZEROBNL -> node.py :: run :: UPDATE
2018-12-12 09:41:16,050 :: DEBUG :: ZEROBNL -> node.py :: _update_inputs :: INPUTS {('Base0', 'Tth'): 20, ('Base0', 'demandFlag'): 0, ('Base1', 'COGwflag'): 1, ('Base2', 'Tsupply'): 60.0, ('Base2', 'MDOTsupply'): 0.012227137887112015, ('Base3', 'QDH'): 1249.043278028008, ('Base3', 'Tindoor'): 20.36590295320037}
2018-12-12 09:41:16,050 :: DEBUG :: ZEROBNL -> node.py :: set_attribute :: SET ATTRIBUTE COGw_Flag to 1
2018-12-12 09:41:16,054 :: DEBUG :: ZEROBNL -> node.py :: set_attribute :: SET ATTRIBUTE QDH to 1249.043278028008
2018-12-12 09:41:16,057 :: DEBUG :: ZEROBNL -> node.py :: run :: UPDATE DONE
2018-12-12 09:41:16,062 :: DEBUG :: ZEROBNL -> node.py :: run :: UPDATE
2018-12-12 09:41:16,062 :: DEBUG :: ZEROBNL -> node.py :: _update_inputs :: INPUTS {('Base0', 'Tth'): 20, ('Base0', 'demandFlag'): 0, ('Base1', 'COGwflag'): 1, ('Base2', 'Tsupply'): 60.0, ('Base2', 'MDOTsupply'): 0.012227137887112015, ('Base3', 'QDH'): 1249.043278028008, ('Base3', 'Tindoor'): 20.36590295320037}
2018-12-12 09:41:16,063 :: DEBUG :: ZEROBNL -> node.py :: set_attribute :: SET ATTRIBUTE COGw_Flag to 1
2018-12-12 09:41:16,066 :: DEBUG :: ZEROBNL -> node.py :: set_attribute :: SET ATTRIBUTE QDH to 1249.043278028008
2018-12-12 09:41:16,078 :: DEBUG :: ZEROBNL -> node.py :: run :: UPDATE DONE
2018-12-12 09:41:16,084 :: DEBUG :: ZEROBNL -> node.py :: run :: UPDATE
2018-12-12 09:41:16,084 :: DEBUG :: ZEROBNL -> node.py :: _update_inputs :: INPUTS {('Base0', 'Tth'): 20, ('Base0', 'demandFlag'): 0, ('Base1', 'COGwflag'): 1, ('Base2', 'Tsupply'): 60.0, ('Base2', 'MDOTsupply'): 0.012227137887112015, ('Base3', 'QDH'): 1249.043278028008, ('Base3', 'Tindoor'): 20.36590295320037}
2018-12-12 09:41:16,084 :: DEBUG :: ZEROBNL -> node.py :: set_attribute :: SET ATTRIBUTE COGw_Flag to 1
2018-12-12 09:41:16,089 :: DEBUG :: ZEROBNL -> node.py :: set_attribute :: SET ATTRIBUTE QDH to 1249.043278028008
2018-12-12 09:41:16,092 :: DEBUG :: ZEROBNL -> node.py :: run :: UPDATE DONE
2018-12-12 09:41:16,094 :: DEBUG :: ZEROBNL -> node.py :: run :: STEP
2018-12-12 09:41:16,094 :: DEBUG :: ZEROBNL -> node.py :: step :: NEW TIME
2018-12-12 09:41:16,105 :: DEBUG :: ZEROBNL -> node.py :: get_attribute :: GET ATTRIBUTE Tsupply
2018-12-12 09:41:16,105 :: DEBUG :: ZEROBNL -> node.py :: get_attribute :: GET ATTRIBUTE MDOTsupply
2018-12-12 09:41:16,109 :: DEBUG :: ZEROBNL -> node.py :: run :: STATE {'Tsupply': 60.0, 'MDOTsupply': 0.012455957921279433}
2018-12-12 09:41:16,110 :: DEBUG :: ZEROBNL -> node.py :: run :: STEP DONE
2018-12-12 09:41:16,112 :: DEBUG :: ZEROBNL -> node.py :: run :: UPDATE
2018-12-12 09:41:16,112 :: DEBUG :: ZEROBNL -> node.py :: _update_inputs :: INPUTS {('Base0', 'Tth'): 20, ('Base0', 'demandFlag'): 0, ('Base1', 'COGwflag'): 1, ('Base2', 'Tsupply'): 60.0, ('Base2', 'MDOTsupply'): 0.012455957921279433, ('Base3', 'QDH'): 1249.043278028008, ('Base3', 'Tindoor'): 20.36590295320037}
2018-12-12 09:41:16,112 :: DEBUG :: ZEROBNL -> node.py :: set_attribute :: SET ATTRIBUTE COGw_Flag to 1
2018-12-12 09:41:16,117 :: DEBUG :: ZEROBNL -> node.py :: set_attribute :: SET ATTRIBUTE QDH to 1249.043278028008
2018-12-12 09:41:16,120 :: DEBUG :: ZEROBNL -> node.py :: run :: UPDATE DONE
2018-12-12 09:41:16,132 :: DEBUG :: ZEROBNL -> node.py :: run :: UPDATE
2018-12-12 09:41:16,132 :: DEBUG :: ZEROBNL -> node.py :: _update_inputs :: INPUTS {('Base0', 'Tth'): 20, ('Base0', 'demandFlag'): 0, ('Base1', 'COGwflag'): 1, ('Base2', 'Tsupply'): 60.0, ('Base2', 'MDOTsupply'): 0.012455957921279433, ('Base3', 'QDH'): 1266.247811892271, ('Base3', 'Tindoor'): 20.37607275805511}
2018-12-12 09:41:16,133 :: DEBUG :: ZEROBNL -> node.py :: set_attribute :: SET ATTRIBUTE COGw_Flag to 1
2018-12-12 09:41:16,136 :: DEBUG :: ZEROBNL -> node.py :: set_attribute :: SET ATTRIBUTE QDH to 1266.247811892271
2018-12-12 09:41:16,139 :: DEBUG :: ZEROBNL -> node.py :: run :: UPDATE DONE
2018-12-12 09:41:16,143 :: DEBUG :: ZEROBNL -> node.py :: run :: UPDATE
2018-12-12 09:41:16,143 :: DEBUG :: ZEROBNL -> node.py :: _update_inputs :: INPUTS {('Base0', 'Tth'): 20, ('Base0', 'demandFlag'): 0, ('Base1', 'COGwflag'): 1, ('Base2', 'Tsupply'): 60.0, ('Base2', 'MDOTsupply'): 0.012455957921279433, ('Base3', 'QDH'): 1266.247811892271, ('Base3', 'Tindoor'): 20.37607275805511}
2018-12-12 09:41:16,144 :: DEBUG :: ZEROBNL -> node.py :: set_attribute :: SET ATTRIBUTE COGw_Flag to 1
2018-12-12 09:41:16,149 :: DEBUG :: ZEROBNL -> node.py :: set_attribute :: SET ATTRIBUTE QDH to 1266.247811892271
2018-12-12 09:41:16,151 :: DEBUG :: ZEROBNL -> node.py :: run :: UPDATE DONE
2018-12-12 09:41:16,155 :: DEBUG :: ZEROBNL -> node.py :: run :: UPDATE
2018-12-12 09:41:16,156 :: DEBUG :: ZEROBNL -> node.py :: _update_inputs :: INPUTS {('Base0', 'Tth'): 20, ('Base0', 'demandFlag'): 0, ('Base1', 'COGwflag'): 1, ('Base2', 'Tsupply'): 60.0, ('Base2', 'MDOTsupply'): 0.012455957921279433, ('Base3', 'QDH'): 1266.247811892271, ('Base3', 'Tindoor'): 20.37607275805511}
2018-12-12 09:41:16,156 :: DEBUG :: ZEROBNL -> node.py :: set_attribute :: SET ATTRIBUTE COGw_Flag to 1
2018-12-12 09:41:16,159 :: DEBUG :: ZEROBNL -> node.py :: set_attribute :: SET ATTRIBUTE QDH to 1266.247811892271
2018-12-12 09:41:16,163 :: DEBUG :: ZEROBNL -> node.py :: run :: UPDATE DONE
2018-12-12 09:41:16,165 :: DEBUG :: ZEROBNL -> node.py :: run :: STEP
2018-12-12 09:41:16,165 :: DEBUG :: ZEROBNL -> node.py :: step :: NEW TIME
2018-12-12 09:41:16,175 :: DEBUG :: ZEROBNL -> node.py :: get_attribute :: GET ATTRIBUTE Tsupply
2018-12-12 09:41:16,175 :: DEBUG :: ZEROBNL -> node.py :: get_attribute :: GET ATTRIBUTE MDOTsupply
2018-12-12 09:41:16,180 :: DEBUG :: ZEROBNL -> node.py :: run :: STATE {'Tsupply': 60.0, 'MDOTsupply': 0.012627528397367678}
2018-12-12 09:41:16,180 :: DEBUG :: ZEROBNL -> node.py :: run :: STEP DONE
2018-12-12 09:41:16,182 :: DEBUG :: ZEROBNL -> node.py :: run :: UPDATE
2018-12-12 09:41:16,182 :: DEBUG :: ZEROBNL -> node.py :: _update_inputs :: INPUTS {('Base0', 'Tth'): 20, ('Base0', 'demandFlag'): 0, ('Base1', 'COGwflag'): 1, ('Base2', 'Tsupply'): 60.0, ('Base2', 'MDOTsupply'): 0.012627528397367678, ('Base3', 'QDH'): 1266.247811892271, ('Base3', 'Tindoor'): 20.37607275805511}
2018-12-12 09:41:16,182 :: DEBUG :: ZEROBNL -> node.py :: set_attribute :: SET ATTRIBUTE COGw_Flag to 1
2018-12-12 09:41:16,187 :: DEBUG :: ZEROBNL -> node.py :: set_attribute :: SET ATTRIBUTE QDH to 1266.247811892271
2018-12-12 09:41:16,189 :: DEBUG :: ZEROBNL -> node.py :: run :: UPDATE DONE
2018-12-12 09:41:16,201 :: DEBUG :: ZEROBNL -> node.py :: run :: UPDATE
2018-12-12 09:41:16,201 :: DEBUG :: ZEROBNL -> node.py :: _update_inputs :: INPUTS {('Base0', 'Tth'): 20, ('Base0', 'demandFlag'): 0, ('Base1', 'COGwflag'): 1, ('Base2', 'Tsupply'): 60.0, ('Base2', 'MDOTsupply'): 0.012627528397367678, ('Base3', 'QDH'): 1265.57579963824, ('Base3', 'Tindoor'): 20.37535480024352}
2018-12-12 09:41:16,201 :: DEBUG :: ZEROBNL -> node.py :: set_attribute :: SET ATTRIBUTE COGw_Flag to 1
2018-12-12 09:41:16,206 :: DEBUG :: ZEROBNL -> node.py :: set_attribute :: SET ATTRIBUTE QDH to 1265.57579963824
2018-12-12 09:41:16,209 :: DEBUG :: ZEROBNL -> node.py :: run :: UPDATE DONE
2018-12-12 09:41:16,213 :: DEBUG :: ZEROBNL -> node.py :: run :: UPDATE
2018-12-12 09:41:16,213 :: DEBUG :: ZEROBNL -> node.py :: _update_inputs :: INPUTS {('Base0', 'Tth'): 20, ('Base0', 'demandFlag'): 0, ('Base1', 'COGwflag'): 1, ('Base2', 'Tsupply'): 60.0, ('Base2', 'MDOTsupply'): 0.012627528397367678, ('Base3', 'QDH'): 1265.57579963824, ('Base3', 'Tindoor'): 20.37535480024352}
2018-12-12 09:41:16,213 :: DEBUG :: ZEROBNL -> node.py :: set_attribute :: SET ATTRIBUTE COGw_Flag to 1
2018-12-12 09:41:16,217 :: DEBUG :: ZEROBNL -> node.py :: set_attribute :: SET ATTRIBUTE QDH to 1265.57579963824
2018-12-12 09:41:16,220 :: DEBUG :: ZEROBNL -> node.py :: run :: UPDATE DONE
2018-12-12 09:41:16,223 :: DEBUG :: ZEROBNL -> node.py :: run :: UPDATE
2018-12-12 09:41:16,223 :: DEBUG :: ZEROBNL -> node.py :: _update_inputs :: INPUTS {('Base0', 'Tth'): 20, ('Base0', 'demandFlag'): 0, ('Base1', 'COGwflag'): 1, ('Base2', 'Tsupply'): 60.0, ('Base2', 'MDOTsupply'): 0.012627528397367678, ('Base3', 'QDH'): 1265.57579963824, ('Base3', 'Tindoor'): 20.37535480024352}
2018-12-12 09:41:16,224 :: DEBUG :: ZEROBNL -> node.py :: set_attribute :: SET ATTRIBUTE COGw_Flag to 1
2018-12-12 09:41:16,229 :: DEBUG :: ZEROBNL -> node.py :: set_attribute :: SET ATTRIBUTE QDH to 1265.57579963824
2018-12-12 09:41:16,232 :: DEBUG :: ZEROBNL -> node.py :: run :: UPDATE DONE
2018-12-12 09:41:16,233 :: DEBUG :: ZEROBNL -> node.py :: run :: STEP
2018-12-12 09:41:16,233 :: DEBUG :: ZEROBNL -> node.py :: step :: NEW TIME
2018-12-12 09:41:16,242 :: DEBUG :: ZEROBNL -> node.py :: get_attribute :: GET ATTRIBUTE Tsupply
2018-12-12 09:41:16,242 :: DEBUG :: ZEROBNL -> node.py :: get_attribute :: GET ATTRIBUTE MDOTsupply
2018-12-12 09:41:16,247 :: DEBUG :: ZEROBNL -> node.py :: run :: STATE {'Tsupply': 60.0, 'MDOTsupply': 0.012620826823040875}
2018-12-12 09:41:16,247 :: DEBUG :: ZEROBNL -> node.py :: run :: STEP DONE
2018-12-12 09:41:16,249 :: DEBUG :: ZEROBNL -> node.py :: run :: UPDATE
2018-12-12 09:41:16,249 :: DEBUG :: ZEROBNL -> node.py :: _update_inputs :: INPUTS {('Base0', 'Tth'): 20, ('Base0', 'demandFlag'): 0, ('Base1', 'COGwflag'): 1, ('Base2', 'Tsupply'): 60.0, ('Base2', 'MDOTsupply'): 0.012620826823040875, ('Base3', 'QDH'): 1265.57579963824, ('Base3', 'Tindoor'): 20.37535480024352}
2018-12-12 09:41:16,249 :: DEBUG :: ZEROBNL -> node.py :: set_attribute :: SET ATTRIBUTE COGw_Flag to 1
2018-12-12 09:41:16,253 :: DEBUG :: ZEROBNL -> node.py :: set_attribute :: SET ATTRIBUTE QDH to 1265.57579963824
2018-12-12 09:41:16,256 :: DEBUG :: ZEROBNL -> node.py :: run :: UPDATE DONE
2018-12-12 09:41:16,268 :: DEBUG :: ZEROBNL -> node.py :: run :: UPDATE
2018-12-12 09:41:16,268 :: DEBUG :: ZEROBNL -> node.py :: _update_inputs :: INPUTS {('Base0', 'Tth'): 20, ('Base0', 'demandFlag'): 0, ('Base1', 'COGwflag'): 1, ('Base2', 'Tsupply'): 60.0, ('Base2', 'MDOTsupply'): 0.012620826823040875, ('Base3', 'QDH'): 1264.071790436385, ('Base3', 'Tindoor'): 20.37427822756668}
2018-12-12 09:41:16,268 :: DEBUG :: ZEROBNL -> node.py :: set_attribute :: SET ATTRIBUTE COGw_Flag to 1
2018-12-12 09:41:16,273 :: DEBUG :: ZEROBNL -> node.py :: set_attribute :: SET ATTRIBUTE QDH to 1264.071790436385
2018-12-12 09:41:16,276 :: DEBUG :: ZEROBNL -> node.py :: run :: UPDATE DONE
2018-12-12 09:41:16,280 :: DEBUG :: ZEROBNL -> node.py :: run :: UPDATE
2018-12-12 09:41:16,281 :: DEBUG :: ZEROBNL -> node.py :: _update_inputs :: INPUTS {('Base0', 'Tth'): 20, ('Base0', 'demandFlag'): 0, ('Base1', 'COGwflag'): 1, ('Base2', 'Tsupply'): 60.0, ('Base2', 'MDOTsupply'): 0.012620826823040875, ('Base3', 'QDH'): 1264.071790436385, ('Base3', 'Tindoor'): 20.37427822756668}
2018-12-12 09:41:16,281 :: DEBUG :: ZEROBNL -> node.py :: set_attribute :: SET ATTRIBUTE COGw_Flag to 1
2018-12-12 09:41:16,284 :: DEBUG :: ZEROBNL -> node.py :: set_attribute :: SET ATTRIBUTE QDH to 1264.071790436385
2018-12-12 09:41:16,288 :: DEBUG :: ZEROBNL -> node.py :: run :: UPDATE DONE
2018-12-12 09:41:16,291 :: DEBUG :: ZEROBNL -> node.py :: run :: UPDATE
2018-12-12 09:41:16,291 :: DEBUG :: ZEROBNL -> node.py :: _update_inputs :: INPUTS {('Base0', 'Tth'): 20, ('Base0', 'demandFlag'): 0, ('Base1', 'COGwflag'): 1, ('Base2', 'Tsupply'): 60.0, ('Base2', 'MDOTsupply'): 0.012620826823040875, ('Base3', 'QDH'): 1264.071790436385, ('Base3', 'Tindoor'): 20.37427822756668}
2018-12-12 09:41:16,291 :: DEBUG :: ZEROBNL -> node.py :: set_attribute :: SET ATTRIBUTE COGw_Flag to 1
2018-12-12 09:41:16,295 :: DEBUG :: ZEROBNL -> node.py :: set_attribute :: SET ATTRIBUTE QDH to 1264.071790436385
2018-12-12 09:41:16,299 :: DEBUG :: ZEROBNL -> node.py :: run :: UPDATE DONE
2018-12-12 09:41:16,301 :: DEBUG :: ZEROBNL -> node.py :: run :: STEP
2018-12-12 09:41:16,301 :: DEBUG :: ZEROBNL -> node.py :: step :: NEW TIME
2018-12-12 09:41:16,314 :: DEBUG :: ZEROBNL -> node.py :: get_attribute :: GET ATTRIBUTE Tsupply
2018-12-12 09:41:16,314 :: DEBUG :: ZEROBNL -> node.py :: get_attribute :: GET ATTRIBUTE MDOTsupply
2018-12-12 09:41:16,318 :: DEBUG :: ZEROBNL -> node.py :: run :: STATE {'Tsupply': 60.0, 'MDOTsupply': 0.012605828243203712}
2018-12-12 09:41:16,319 :: DEBUG :: ZEROBNL -> node.py :: run :: STEP DONE
2018-12-12 09:41:16,321 :: DEBUG :: ZEROBNL -> node.py :: run :: UPDATE
2018-12-12 09:41:16,321 :: DEBUG :: ZEROBNL -> node.py :: _update_inputs :: INPUTS {('Base0', 'Tth'): 20, ('Base0', 'demandFlag'): 0, ('Base1', 'COGwflag'): 1, ('Base2', 'Tsupply'): 60.0, ('Base2', 'MDOTsupply'): 0.012605828243203712, ('Base3', 'QDH'): 1264.071790436385, ('Base3', 'Tindoor'): 20.37427822756668}
2018-12-12 09:41:16,321 :: DEBUG :: ZEROBNL -> node.py :: set_attribute :: SET ATTRIBUTE COGw_Flag to 1
2018-12-12 09:41:16,326 :: DEBUG :: ZEROBNL -> node.py :: set_attribute :: SET ATTRIBUTE QDH to 1264.071790436385
2018-12-12 09:41:16,330 :: DEBUG :: ZEROBNL -> node.py :: run :: UPDATE DONE
2018-12-12 09:41:16,343 :: DEBUG :: ZEROBNL -> node.py :: run :: UPDATE
2018-12-12 09:41:16,344 :: DEBUG :: ZEROBNL -> node.py :: _update_inputs :: INPUTS {('Base0', 'Tth'): 20, ('Base0', 'demandFlag'): 0, ('Base1', 'COGwflag'): 1, ('Base2', 'Tsupply'): 60.0, ('Base2', 'MDOTsupply'): 0.012605828243203712, ('Base3', 'QDH'): 1261.512151531688, ('Base3', 'Tindoor'): 20.3754098164394}
2018-12-12 09:41:16,344 :: DEBUG :: ZEROBNL -> node.py :: set_attribute :: SET ATTRIBUTE COGw_Flag to 1
2018-12-12 09:41:16,348 :: DEBUG :: ZEROBNL -> node.py :: set_attribute :: SET ATTRIBUTE QDH to 1261.512151531688
2018-12-12 09:41:16,350 :: DEBUG :: ZEROBNL -> node.py :: run :: UPDATE DONE
2018-12-12 09:41:16,355 :: DEBUG :: ZEROBNL -> node.py :: run :: UPDATE
2018-12-12 09:41:16,355 :: DEBUG :: ZEROBNL -> node.py :: _update_inputs :: INPUTS {('Base0', 'Tth'): 20, ('Base0', 'demandFlag'): 0, ('Base1', 'COGwflag'): 1, ('Base2', 'Tsupply'): 60.0, ('Base2', 'MDOTsupply'): 0.012605828243203712, ('Base3', 'QDH'): 1261.512151531688, ('Base3', 'Tindoor'): 20.3754098164394}
2018-12-12 09:41:16,355 :: DEBUG :: ZEROBNL -> node.py :: set_attribute :: SET ATTRIBUTE COGw_Flag to 1
2018-12-12 09:41:16,359 :: DEBUG :: ZEROBNL -> node.py :: set_attribute :: SET ATTRIBUTE QDH to 1261.512151531688
2018-12-12 09:41:16,363 :: DEBUG :: ZEROBNL -> node.py :: run :: UPDATE DONE
2018-12-12 09:41:16,367 :: DEBUG :: ZEROBNL -> node.py :: run :: UPDATE
2018-12-12 09:41:16,368 :: DEBUG :: ZEROBNL -> node.py :: _update_inputs :: INPUTS {('Base0', 'Tth'): 20, ('Base0', 'demandFlag'): 0, ('Base1', 'COGwflag'): 1, ('Base2', 'Tsupply'): 60.0, ('Base2', 'MDOTsupply'): 0.012605828243203712, ('Base3', 'QDH'): 1261.512151531688, ('Base3', 'Tindoor'): 20.3754098164394}
2018-12-12 09:41:16,368 :: DEBUG :: ZEROBNL -> node.py :: set_attribute :: SET ATTRIBUTE COGw_Flag to 1
2018-12-12 09:41:16,374 :: DEBUG :: ZEROBNL -> node.py :: set_attribute :: SET ATTRIBUTE QDH to 1261.512151531688
2018-12-12 09:41:16,379 :: DEBUG :: ZEROBNL -> node.py :: run :: UPDATE DONE
2018-12-12 09:41:16,381 :: DEBUG :: ZEROBNL -> node.py :: run :: STEP
2018-12-12 09:41:16,381 :: DEBUG :: ZEROBNL -> node.py :: step :: NEW TIME
2018-12-12 09:41:16,393 :: DEBUG :: ZEROBNL -> node.py :: get_attribute :: GET ATTRIBUTE Tsupply
2018-12-12 09:41:16,394 :: DEBUG :: ZEROBNL -> node.py :: get_attribute :: GET ATTRIBUTE MDOTsupply
2018-12-12 09:41:16,400 :: DEBUG :: ZEROBNL -> node.py :: run :: STATE {'Tsupply': 60.0, 'MDOTsupply': 0.012580302502786243}
2018-12-12 09:41:16,400 :: DEBUG :: ZEROBNL -> node.py :: run :: STEP DONE
2018-12-12 09:41:16,402 :: DEBUG :: ZEROBNL -> node.py :: run :: UPDATE
2018-12-12 09:41:16,403 :: DEBUG :: ZEROBNL -> node.py :: _update_inputs :: INPUTS {('Base0', 'Tth'): 20, ('Base0', 'demandFlag'): 0, ('Base1', 'COGwflag'): 1, ('Base2', 'Tsupply'): 60.0, ('Base2', 'MDOTsupply'): 0.012580302502786243, ('Base3', 'QDH'): 1261.512151531688, ('Base3', 'Tindoor'): 20.3754098164394}
2018-12-12 09:41:16,403 :: DEBUG :: ZEROBNL -> node.py :: set_attribute :: SET ATTRIBUTE COGw_Flag to 1
2018-12-12 09:41:16,409 :: DEBUG :: ZEROBNL -> node.py :: set_attribute :: SET ATTRIBUTE QDH to 1261.512151531688
2018-12-12 09:41:16,413 :: DEBUG :: ZEROBNL -> node.py :: run :: UPDATE DONE
2018-12-12 09:41:16,425 :: DEBUG :: ZEROBNL -> node.py :: run :: UPDATE
2018-12-12 09:41:16,425 :: DEBUG :: ZEROBNL -> node.py :: _update_inputs :: INPUTS {('Base0', 'Tth'): 20, ('Base0', 'demandFlag'): 0, ('Base1', 'COGwflag'): 1, ('Base2', 'Tsupply'): 60.0, ('Base2', 'MDOTsupply'): 0.012580302502786243, ('Base3', 'QDH'): 1261.757558918539, ('Base3', 'Tindoor'): 20.37671977713849}
2018-12-12 09:41:16,425 :: DEBUG :: ZEROBNL -> node.py :: set_attribute :: SET ATTRIBUTE COGw_Flag to 1
2018-12-12 09:41:16,430 :: DEBUG :: ZEROBNL -> node.py :: set_attribute :: SET ATTRIBUTE QDH to 1261.757558918539
2018-12-12 09:41:16,433 :: DEBUG :: ZEROBNL -> node.py :: run :: UPDATE DONE
2018-12-12 09:41:16,438 :: DEBUG :: ZEROBNL -> node.py :: run :: UPDATE
2018-12-12 09:41:16,439 :: DEBUG :: ZEROBNL -> node.py :: _update_inputs :: INPUTS {('Base0', 'Tth'): 20, ('Base0', 'demandFlag'): 0, ('Base1', 'COGwflag'): 1, ('Base2', 'Tsupply'): 60.0, ('Base2', 'MDOTsupply'): 0.012580302502786243, ('Base3', 'QDH'): 1261.757558918539, ('Base3', 'Tindoor'): 20.37671977713849}
2018-12-12 09:41:16,439 :: DEBUG :: ZEROBNL -> node.py :: set_attribute :: SET ATTRIBUTE COGw_Flag to 1
2018-12-12 09:41:16,443 :: DEBUG :: ZEROBNL -> node.py :: set_attribute :: SET ATTRIBUTE QDH to 1261.757558918539
2018-12-12 09:41:16,446 :: DEBUG :: ZEROBNL -> node.py :: run :: UPDATE DONE
2018-12-12 09:41:16,450 :: DEBUG :: ZEROBNL -> node.py :: run :: UPDATE
2018-12-12 09:41:16,451 :: DEBUG :: ZEROBNL -> node.py :: _update_inputs :: INPUTS {('Base0', 'Tth'): 20, ('Base0', 'demandFlag'): 0, ('Base1', 'COGwflag'): 1, ('Base2', 'Tsupply'): 60.0, ('Base2', 'MDOTsupply'): 0.012580302502786243, ('Base3', 'QDH'): 1261.757558918539, ('Base3', 'Tindoor'): 20.37671977713849}
2018-12-12 09:41:16,451 :: DEBUG :: ZEROBNL -> node.py :: set_attribute :: SET ATTRIBUTE COGw_Flag to 1
2018-12-12 09:41:16,455 :: DEBUG :: ZEROBNL -> node.py :: set_attribute :: SET ATTRIBUTE QDH to 1261.757558918539
2018-12-12 09:41:16,458 :: DEBUG :: ZEROBNL -> node.py :: run :: UPDATE DONE
2018-12-12 09:41:16,459 :: DEBUG :: ZEROBNL -> node.py :: run :: STEP
2018-12-12 09:41:16,460 :: DEBUG :: ZEROBNL -> node.py :: step :: NEW TIME
2018-12-12 09:41:16,471 :: DEBUG :: ZEROBNL -> node.py :: get_attribute :: GET ATTRIBUTE Tsupply
2018-12-12 09:41:16,471 :: DEBUG :: ZEROBNL -> node.py :: get_attribute :: GET ATTRIBUTE MDOTsupply
2018-12-12 09:41:16,476 :: DEBUG :: ZEROBNL -> node.py :: run :: STATE {'Tsupply': 60.0, 'MDOTsupply': 0.012582749803158409}
2018-12-12 09:41:16,476 :: DEBUG :: ZEROBNL -> node.py :: run :: STEP DONE
2018-12-12 09:41:16,478 :: DEBUG :: ZEROBNL -> node.py :: run :: UPDATE
2018-12-12 09:41:16,479 :: DEBUG :: ZEROBNL -> node.py :: _update_inputs :: INPUTS {('Base0', 'Tth'): 20, ('Base0', 'demandFlag'): 0, ('Base1', 'COGwflag'): 1, ('Base2', 'Tsupply'): 60.0, ('Base2', 'MDOTsupply'): 0.012582749803158409, ('Base3', 'QDH'): 1261.757558918539, ('Base3', 'Tindoor'): 20.37671977713849}
2018-12-12 09:41:16,479 :: DEBUG :: ZEROBNL -> node.py :: set_attribute :: SET ATTRIBUTE COGw_Flag to 1
2018-12-12 09:41:16,483 :: DEBUG :: ZEROBNL -> node.py :: set_attribute :: SET ATTRIBUTE QDH to 1261.757558918539
2018-12-12 09:41:16,486 :: DEBUG :: ZEROBNL -> node.py :: run :: UPDATE DONE
2018-12-12 09:41:16,500 :: DEBUG :: ZEROBNL -> node.py :: exit :: EXIT
