2018-12-10 13:38:25,174 :: DEBUG :: ZEROBNL -> node.py :: __init__ :: LOAD CONFIG NODE
2018-12-10 13:38:25,174 :: DEBUG :: ZEROBNL -> node.py :: __init__ :: CONNECT REDIS
2018-12-10 13:38:25,175 :: DEBUG :: ZEROBNL -> node.py :: __init__ :: CREATE SUB/SEND
2018-12-10 13:38:25,175 :: DEBUG :: ZEROBNL -> node.py :: __init__ :: CONNECT TO SUB/SEND
2018-12-10 13:38:25,175 :: DEBUG :: ZEROBNL -> node.py :: __init__ :: SUBSCRIBED TO GRP/ALL
2018-12-10 13:38:25,175 :: DEBUG :: ZEROBNL -> node.py :: __init__ :: INIT DONE
2018-12-10 13:38:25,175 :: DEBUG :: ZEROBNL -> node.py :: run :: INIT VALUES DONE
2018-12-10 13:38:27,897 :: DEBUG :: ZEROBNL -> node.py :: run :: UPDATE
2018-12-10 13:38:27,897 :: DEBUG :: ZEROBNL -> node.py :: _update_inputs :: INPUTS {}
2018-12-10 13:38:27,897 :: DEBUG :: ZEROBNL -> node.py :: run :: UPDATE DONE
2018-12-10 13:38:27,998 :: DEBUG :: ZEROBNL -> node.py :: run :: UPDATE
2018-12-10 13:38:27,998 :: DEBUG :: ZEROBNL -> node.py :: _update_inputs :: INPUTS {('Base0', 'Tsupply'): 43.97025039442919, ('Base0', 'MDOTsupply'): 0.04}
2018-12-10 13:38:27,999 :: DEBUG :: ZEROBNL -> node.py :: run :: UPDATE DONE
2018-12-10 13:38:28,005 :: DEBUG :: ZEROBNL -> node.py :: run :: UPDATE
2018-12-10 13:38:28,006 :: DEBUG :: ZEROBNL -> node.py :: _update_inputs :: INPUTS {('Base0', 'Tsupply'): 43.97025039442919, ('Base0', 'MDOTsupply'): 0.04, ('Base1', 'TS'): 43.97025039442919}
2018-12-10 13:38:28,006 :: DEBUG :: ZEROBNL -> node.py :: set_attribute :: SET ATTRIBUTE Ts_second to 43.97025039442919
2018-12-10 13:38:28,006 :: DEBUG :: ZEROBNL -> node.py :: get_attribute :: GET ATTRIBUTE Ts_second
2018-12-10 13:38:28,008 :: DEBUG :: ZEROBNL -> node.py :: run :: UPDATE DONE
2018-12-10 13:38:28,011 :: DEBUG :: ZEROBNL -> node.py :: run :: STEP
2018-12-10 13:38:28,011 :: DEBUG :: ZEROBNL -> node.py :: step :: NEW TIME
2018-12-10 13:38:28,011 :: DEBUG :: ZEROBNL -> node.py :: get_attribute :: GET ATTRIBUTE CDEM_TR
2018-12-10 13:38:28,011 :: DEBUG :: ZEROBNL -> node.py :: get_attribute :: GET ATTRIBUTE CDEM_mdotR
2018-12-10 13:38:28,012 :: DEBUG :: ZEROBNL -> node.py :: get_attribute :: GET ATTRIBUTE CDEM_cmf
2018-12-10 13:38:28,013 :: DEBUG :: ZEROBNL -> node.py :: get_attribute :: GET ATTRIBUTE CDEM_TR
2018-12-10 13:38:28,013 :: DEBUG :: ZEROBNL -> node.py :: get_attribute :: GET ATTRIBUTE CDEM_mdotR
2018-12-10 13:38:28,013 :: DEBUG :: ZEROBNL -> node.py :: get_attribute :: GET ATTRIBUTE CDEM_cmf
2018-12-10 13:38:28,013 :: DEBUG :: ZEROBNL -> node.py :: run :: STATE {'CDEM_TR': 13.970250394429193, 'CDEM_mdotR': 0.04, 'CDEM_cmf': 1.0}
2018-12-10 13:38:28,013 :: DEBUG :: ZEROBNL -> node.py :: run :: STEP DONE
2018-12-10 13:38:28,014 :: DEBUG :: ZEROBNL -> node.py :: run :: UPDATE
2018-12-10 13:38:28,014 :: DEBUG :: ZEROBNL -> node.py :: _update_inputs :: INPUTS {('Base0', 'Tsupply'): 43.97025039442919, ('Base0', 'MDOTsupply'): 0.04, ('Base1', 'TS'): 43.97025039442919, ('Base2', 'CDEM_TR'): 13.970250394429193, ('Base2', 'CDEM_mdotR'): 0.04, ('Base2', 'CDEM_cmf'): 1.0}
2018-12-10 13:38:28,014 :: DEBUG :: ZEROBNL -> node.py :: set_attribute :: SET ATTRIBUTE Ts_second to 43.97025039442919
2018-12-10 13:38:28,014 :: DEBUG :: ZEROBNL -> node.py :: get_attribute :: GET ATTRIBUTE Ts_second
2018-12-10 13:38:28,018 :: DEBUG :: ZEROBNL -> node.py :: run :: UPDATE DONE
2018-12-10 13:38:28,025 :: DEBUG :: ZEROBNL -> node.py :: run :: UPDATE
2018-12-10 13:38:28,025 :: DEBUG :: ZEROBNL -> node.py :: _update_inputs :: INPUTS {('Base0', 'Tsupply'): 43.97025039442919, ('Base0', 'MDOTsupply'): 0.04, ('Base1', 'TS'): 43.97025039442919, ('Base2', 'CDEM_TR'): 13.970250394429193, ('Base2', 'CDEM_mdotR'): 0.04, ('Base2', 'CDEM_cmf'): 1.0, ('Base3', 'COGwflag'): 1}
2018-12-10 13:38:28,025 :: DEBUG :: ZEROBNL -> node.py :: set_attribute :: SET ATTRIBUTE Ts_second to 43.97025039442919
2018-12-10 13:38:28,025 :: DEBUG :: ZEROBNL -> node.py :: get_attribute :: GET ATTRIBUTE Ts_second
2018-12-10 13:38:28,028 :: DEBUG :: ZEROBNL -> node.py :: run :: UPDATE DONE
2018-12-10 13:38:28,053 :: DEBUG :: ZEROBNL -> node.py :: run :: UPDATE
2018-12-10 13:38:28,054 :: DEBUG :: ZEROBNL -> node.py :: _update_inputs :: INPUTS {('Base0', 'Tsupply'): 43.953579310475426, ('Base0', 'MDOTsupply'): 0.04, ('Base1', 'TS'): 43.97025039442919, ('Base2', 'CDEM_TR'): 13.970250394429193, ('Base2', 'CDEM_mdotR'): 0.04, ('Base2', 'CDEM_cmf'): 1.0, ('Base3', 'COGwflag'): 1}
2018-12-10 13:38:28,054 :: DEBUG :: ZEROBNL -> node.py :: set_attribute :: SET ATTRIBUTE Ts_second to 43.97025039442919
2018-12-10 13:38:28,054 :: DEBUG :: ZEROBNL -> node.py :: get_attribute :: GET ATTRIBUTE Ts_second
2018-12-10 13:38:28,056 :: DEBUG :: ZEROBNL -> node.py :: run :: UPDATE DONE
2018-12-10 13:38:28,066 :: DEBUG :: ZEROBNL -> node.py :: run :: UPDATE
2018-12-10 13:38:28,068 :: DEBUG :: ZEROBNL -> node.py :: _update_inputs :: INPUTS {('Base0', 'Tsupply'): 43.953579310475426, ('Base0', 'MDOTsupply'): 0.04, ('Base1', 'TS'): 43.953579310475426, ('Base2', 'CDEM_TR'): 13.970250394429193, ('Base2', 'CDEM_mdotR'): 0.04, ('Base2', 'CDEM_cmf'): 1.0, ('Base3', 'COGwflag'): 1}
2018-12-10 13:38:28,069 :: DEBUG :: ZEROBNL -> node.py :: set_attribute :: SET ATTRIBUTE Ts_second to 43.953579310475426
2018-12-10 13:38:28,070 :: DEBUG :: ZEROBNL -> node.py :: get_attribute :: GET ATTRIBUTE Ts_second
2018-12-10 13:38:28,071 :: DEBUG :: ZEROBNL -> node.py :: run :: UPDATE DONE
2018-12-10 13:38:28,076 :: DEBUG :: ZEROBNL -> node.py :: run :: STEP
2018-12-10 13:38:28,076 :: DEBUG :: ZEROBNL -> node.py :: step :: NEW TIME
2018-12-10 13:38:28,076 :: DEBUG :: ZEROBNL -> node.py :: get_attribute :: GET ATTRIBUTE CDEM_TR
2018-12-10 13:38:28,077 :: DEBUG :: ZEROBNL -> node.py :: get_attribute :: GET ATTRIBUTE CDEM_mdotR
2018-12-10 13:38:28,077 :: DEBUG :: ZEROBNL -> node.py :: get_attribute :: GET ATTRIBUTE CDEM_cmf
2018-12-10 13:38:28,078 :: DEBUG :: ZEROBNL -> node.py :: get_attribute :: GET ATTRIBUTE CDEM_TR
2018-12-10 13:38:28,078 :: DEBUG :: ZEROBNL -> node.py :: get_attribute :: GET ATTRIBUTE CDEM_mdotR
2018-12-10 13:38:28,078 :: DEBUG :: ZEROBNL -> node.py :: get_attribute :: GET ATTRIBUTE CDEM_cmf
2018-12-10 13:38:28,078 :: DEBUG :: ZEROBNL -> node.py :: run :: STATE {'CDEM_TR': 13.953579310475426, 'CDEM_mdotR': 0.04, 'CDEM_cmf': 1.0}
2018-12-10 13:38:28,078 :: DEBUG :: ZEROBNL -> node.py :: run :: STEP DONE
2018-12-10 13:38:28,078 :: DEBUG :: ZEROBNL -> node.py :: run :: UPDATE
2018-12-10 13:38:28,078 :: DEBUG :: ZEROBNL -> node.py :: _update_inputs :: INPUTS {('Base0', 'Tsupply'): 43.953579310475426, ('Base0', 'MDOTsupply'): 0.04, ('Base1', 'TS'): 43.953579310475426, ('Base2', 'CDEM_TR'): 13.953579310475426, ('Base2', 'CDEM_mdotR'): 0.04, ('Base2', 'CDEM_cmf'): 1.0, ('Base3', 'COGwflag'): 1}
2018-12-10 13:38:28,079 :: DEBUG :: ZEROBNL -> node.py :: set_attribute :: SET ATTRIBUTE Ts_second to 43.953579310475426
2018-12-10 13:38:28,079 :: DEBUG :: ZEROBNL -> node.py :: get_attribute :: GET ATTRIBUTE Ts_second
2018-12-10 13:38:28,079 :: DEBUG :: ZEROBNL -> node.py :: run :: UPDATE DONE
2018-12-10 13:38:28,091 :: DEBUG :: ZEROBNL -> node.py :: run :: UPDATE
2018-12-10 13:38:28,092 :: DEBUG :: ZEROBNL -> node.py :: _update_inputs :: INPUTS {('Base0', 'Tsupply'): 43.953579310475426, ('Base0', 'MDOTsupply'): 0.04, ('Base1', 'TS'): 43.953579310475426, ('Base2', 'CDEM_TR'): 13.953579310475426, ('Base2', 'CDEM_mdotR'): 0.04, ('Base2', 'CDEM_cmf'): 1.0, ('Base3', 'COGwflag'): 1}
2018-12-10 13:38:28,092 :: DEBUG :: ZEROBNL -> node.py :: set_attribute :: SET ATTRIBUTE Ts_second to 43.953579310475426
2018-12-10 13:38:28,092 :: DEBUG :: ZEROBNL -> node.py :: get_attribute :: GET ATTRIBUTE Ts_second
2018-12-10 13:38:28,093 :: DEBUG :: ZEROBNL -> node.py :: run :: UPDATE DONE
2018-12-10 13:38:28,119 :: DEBUG :: ZEROBNL -> node.py :: run :: UPDATE
2018-12-10 13:38:28,119 :: DEBUG :: ZEROBNL -> node.py :: _update_inputs :: INPUTS {('Base0', 'Tsupply'): 43.95874992485089, ('Base0', 'MDOTsupply'): 0.04, ('Base1', 'TS'): 43.953579310475426, ('Base2', 'CDEM_TR'): 13.953579310475426, ('Base2', 'CDEM_mdotR'): 0.04, ('Base2', 'CDEM_cmf'): 1.0, ('Base3', 'COGwflag'): 1}
2018-12-10 13:38:28,119 :: DEBUG :: ZEROBNL -> node.py :: set_attribute :: SET ATTRIBUTE Ts_second to 43.953579310475426
2018-12-10 13:38:28,119 :: DEBUG :: ZEROBNL -> node.py :: get_attribute :: GET ATTRIBUTE Ts_second
2018-12-10 13:38:28,120 :: DEBUG :: ZEROBNL -> node.py :: run :: UPDATE DONE
2018-12-10 13:38:28,131 :: DEBUG :: ZEROBNL -> node.py :: run :: UPDATE
2018-12-10 13:38:28,131 :: DEBUG :: ZEROBNL -> node.py :: _update_inputs :: INPUTS {('Base0', 'Tsupply'): 43.95874992485089, ('Base0', 'MDOTsupply'): 0.04, ('Base1', 'TS'): 43.95874992485089, ('Base2', 'CDEM_TR'): 13.953579310475426, ('Base2', 'CDEM_mdotR'): 0.04, ('Base2', 'CDEM_cmf'): 1.0, ('Base3', 'COGwflag'): 1}
2018-12-10 13:38:28,131 :: DEBUG :: ZEROBNL -> node.py :: set_attribute :: SET ATTRIBUTE Ts_second to 43.95874992485089
2018-12-10 13:38:28,131 :: DEBUG :: ZEROBNL -> node.py :: get_attribute :: GET ATTRIBUTE Ts_second
2018-12-10 13:38:28,132 :: DEBUG :: ZEROBNL -> node.py :: run :: UPDATE DONE
2018-12-10 13:38:28,142 :: DEBUG :: ZEROBNL -> node.py :: run :: STEP
2018-12-10 13:38:28,143 :: DEBUG :: ZEROBNL -> node.py :: step :: NEW TIME
2018-12-10 13:38:28,143 :: DEBUG :: ZEROBNL -> node.py :: get_attribute :: GET ATTRIBUTE CDEM_TR
2018-12-10 13:38:28,144 :: DEBUG :: ZEROBNL -> node.py :: get_attribute :: GET ATTRIBUTE CDEM_mdotR
2018-12-10 13:38:28,144 :: DEBUG :: ZEROBNL -> node.py :: get_attribute :: GET ATTRIBUTE CDEM_cmf
2018-12-10 13:38:28,145 :: DEBUG :: ZEROBNL -> node.py :: get_attribute :: GET ATTRIBUTE CDEM_TR
2018-12-10 13:38:28,145 :: DEBUG :: ZEROBNL -> node.py :: get_attribute :: GET ATTRIBUTE CDEM_mdotR
2018-12-10 13:38:28,145 :: DEBUG :: ZEROBNL -> node.py :: get_attribute :: GET ATTRIBUTE CDEM_cmf
2018-12-10 13:38:28,145 :: DEBUG :: ZEROBNL -> node.py :: run :: STATE {'CDEM_TR': 13.958749924850892, 'CDEM_mdotR': 0.04, 'CDEM_cmf': 1.0}
2018-12-10 13:38:28,145 :: DEBUG :: ZEROBNL -> node.py :: run :: STEP DONE
2018-12-10 13:38:28,146 :: DEBUG :: ZEROBNL -> node.py :: run :: UPDATE
2018-12-10 13:38:28,146 :: DEBUG :: ZEROBNL -> node.py :: _update_inputs :: INPUTS {('Base0', 'Tsupply'): 43.95874992485089, ('Base0', 'MDOTsupply'): 0.04, ('Base1', 'TS'): 43.95874992485089, ('Base2', 'CDEM_TR'): 13.958749924850892, ('Base2', 'CDEM_mdotR'): 0.04, ('Base2', 'CDEM_cmf'): 1.0, ('Base3', 'COGwflag'): 1}
2018-12-10 13:38:28,146 :: DEBUG :: ZEROBNL -> node.py :: set_attribute :: SET ATTRIBUTE Ts_second to 43.95874992485089
2018-12-10 13:38:28,146 :: DEBUG :: ZEROBNL -> node.py :: get_attribute :: GET ATTRIBUTE Ts_second
2018-12-10 13:38:28,148 :: DEBUG :: ZEROBNL -> node.py :: run :: UPDATE DONE
2018-12-10 13:38:28,158 :: DEBUG :: ZEROBNL -> node.py :: run :: UPDATE
2018-12-10 13:38:28,158 :: DEBUG :: ZEROBNL -> node.py :: _update_inputs :: INPUTS {('Base0', 'Tsupply'): 43.95874992485089, ('Base0', 'MDOTsupply'): 0.04, ('Base1', 'TS'): 43.95874992485089, ('Base2', 'CDEM_TR'): 13.958749924850892, ('Base2', 'CDEM_mdotR'): 0.04, ('Base2', 'CDEM_cmf'): 1.0, ('Base3', 'COGwflag'): 1}
2018-12-10 13:38:28,159 :: DEBUG :: ZEROBNL -> node.py :: set_attribute :: SET ATTRIBUTE Ts_second to 43.95874992485089
2018-12-10 13:38:28,159 :: DEBUG :: ZEROBNL -> node.py :: get_attribute :: GET ATTRIBUTE Ts_second
2018-12-10 13:38:28,159 :: DEBUG :: ZEROBNL -> node.py :: run :: UPDATE DONE
2018-12-10 13:38:28,187 :: DEBUG :: ZEROBNL -> node.py :: run :: UPDATE
2018-12-10 13:38:28,187 :: DEBUG :: ZEROBNL -> node.py :: _update_inputs :: INPUTS {('Base0', 'Tsupply'): 43.955032880021626, ('Base0', 'MDOTsupply'): 0.04, ('Base1', 'TS'): 43.95874992485089, ('Base2', 'CDEM_TR'): 13.958749924850892, ('Base2', 'CDEM_mdotR'): 0.04, ('Base2', 'CDEM_cmf'): 1.0, ('Base3', 'COGwflag'): 1}
2018-12-10 13:38:28,187 :: DEBUG :: ZEROBNL -> node.py :: set_attribute :: SET ATTRIBUTE Ts_second to 43.95874992485089
2018-12-10 13:38:28,187 :: DEBUG :: ZEROBNL -> node.py :: get_attribute :: GET ATTRIBUTE Ts_second
2018-12-10 13:38:28,188 :: DEBUG :: ZEROBNL -> node.py :: run :: UPDATE DONE
2018-12-10 13:38:28,198 :: DEBUG :: ZEROBNL -> node.py :: run :: UPDATE
2018-12-10 13:38:28,198 :: DEBUG :: ZEROBNL -> node.py :: _update_inputs :: INPUTS {('Base0', 'Tsupply'): 43.955032880021626, ('Base0', 'MDOTsupply'): 0.04, ('Base1', 'TS'): 43.955032880021626, ('Base2', 'CDEM_TR'): 13.958749924850892, ('Base2', 'CDEM_mdotR'): 0.04, ('Base2', 'CDEM_cmf'): 1.0, ('Base3', 'COGwflag'): 1}
2018-12-10 13:38:28,198 :: DEBUG :: ZEROBNL -> node.py :: set_attribute :: SET ATTRIBUTE Ts_second to 43.955032880021626
2018-12-10 13:38:28,198 :: DEBUG :: ZEROBNL -> node.py :: get_attribute :: GET ATTRIBUTE Ts_second
2018-12-10 13:38:28,199 :: DEBUG :: ZEROBNL -> node.py :: run :: UPDATE DONE
2018-12-10 13:38:28,209 :: DEBUG :: ZEROBNL -> node.py :: run :: STEP
2018-12-10 13:38:28,209 :: DEBUG :: ZEROBNL -> node.py :: step :: NEW TIME
2018-12-10 13:38:28,210 :: DEBUG :: ZEROBNL -> node.py :: get_attribute :: GET ATTRIBUTE CDEM_TR
2018-12-10 13:38:28,210 :: DEBUG :: ZEROBNL -> node.py :: get_attribute :: GET ATTRIBUTE CDEM_mdotR
2018-12-10 13:38:28,211 :: DEBUG :: ZEROBNL -> node.py :: get_attribute :: GET ATTRIBUTE CDEM_cmf
2018-12-10 13:38:28,211 :: DEBUG :: ZEROBNL -> node.py :: get_attribute :: GET ATTRIBUTE CDEM_TR
2018-12-10 13:38:28,211 :: DEBUG :: ZEROBNL -> node.py :: get_attribute :: GET ATTRIBUTE CDEM_mdotR
2018-12-10 13:38:28,211 :: DEBUG :: ZEROBNL -> node.py :: get_attribute :: GET ATTRIBUTE CDEM_cmf
2018-12-10 13:38:28,211 :: DEBUG :: ZEROBNL -> node.py :: run :: STATE {'CDEM_TR': 13.955032880021626, 'CDEM_mdotR': 0.04, 'CDEM_cmf': 1.0}
2018-12-10 13:38:28,212 :: DEBUG :: ZEROBNL -> node.py :: run :: STEP DONE
2018-12-10 13:38:28,212 :: DEBUG :: ZEROBNL -> node.py :: run :: UPDATE
2018-12-10 13:38:28,212 :: DEBUG :: ZEROBNL -> node.py :: _update_inputs :: INPUTS {('Base0', 'Tsupply'): 43.955032880021626, ('Base0', 'MDOTsupply'): 0.04, ('Base1', 'TS'): 43.955032880021626, ('Base2', 'CDEM_TR'): 13.955032880021626, ('Base2', 'CDEM_mdotR'): 0.04, ('Base2', 'CDEM_cmf'): 1.0, ('Base3', 'COGwflag'): 1}
2018-12-10 13:38:28,212 :: DEBUG :: ZEROBNL -> node.py :: set_attribute :: SET ATTRIBUTE Ts_second to 43.955032880021626
2018-12-10 13:38:28,212 :: DEBUG :: ZEROBNL -> node.py :: get_attribute :: GET ATTRIBUTE Ts_second
2018-12-10 13:38:28,213 :: DEBUG :: ZEROBNL -> node.py :: run :: UPDATE DONE
2018-12-10 13:38:28,225 :: DEBUG :: ZEROBNL -> node.py :: run :: UPDATE
2018-12-10 13:38:28,226 :: DEBUG :: ZEROBNL -> node.py :: _update_inputs :: INPUTS {('Base0', 'Tsupply'): 43.955032880021626, ('Base0', 'MDOTsupply'): 0.04, ('Base1', 'TS'): 43.955032880021626, ('Base2', 'CDEM_TR'): 13.955032880021626, ('Base2', 'CDEM_mdotR'): 0.04, ('Base2', 'CDEM_cmf'): 1.0, ('Base3', 'COGwflag'): 1}
2018-12-10 13:38:28,226 :: DEBUG :: ZEROBNL -> node.py :: set_attribute :: SET ATTRIBUTE Ts_second to 43.955032880021626
2018-12-10 13:38:28,226 :: DEBUG :: ZEROBNL -> node.py :: get_attribute :: GET ATTRIBUTE Ts_second
2018-12-10 13:38:28,227 :: DEBUG :: ZEROBNL -> node.py :: run :: UPDATE DONE
2018-12-10 13:38:28,258 :: DEBUG :: ZEROBNL -> node.py :: run :: UPDATE
2018-12-10 13:38:28,258 :: DEBUG :: ZEROBNL -> node.py :: _update_inputs :: INPUTS {('Base0', 'Tsupply'): 43.95612221146615, ('Base0', 'MDOTsupply'): 0.04, ('Base1', 'TS'): 43.955032880021626, ('Base2', 'CDEM_TR'): 13.955032880021626, ('Base2', 'CDEM_mdotR'): 0.04, ('Base2', 'CDEM_cmf'): 1.0, ('Base3', 'COGwflag'): 1}
2018-12-10 13:38:28,258 :: DEBUG :: ZEROBNL -> node.py :: set_attribute :: SET ATTRIBUTE Ts_second to 43.955032880021626
2018-12-10 13:38:28,258 :: DEBUG :: ZEROBNL -> node.py :: get_attribute :: GET ATTRIBUTE Ts_second
2018-12-10 13:38:28,260 :: DEBUG :: ZEROBNL -> node.py :: run :: UPDATE DONE
2018-12-10 13:38:28,272 :: DEBUG :: ZEROBNL -> node.py :: run :: UPDATE
2018-12-10 13:38:28,272 :: DEBUG :: ZEROBNL -> node.py :: _update_inputs :: INPUTS {('Base0', 'Tsupply'): 43.95612221146615, ('Base0', 'MDOTsupply'): 0.04, ('Base1', 'TS'): 43.95612221146615, ('Base2', 'CDEM_TR'): 13.955032880021626, ('Base2', 'CDEM_mdotR'): 0.04, ('Base2', 'CDEM_cmf'): 1.0, ('Base3', 'COGwflag'): 1}
2018-12-10 13:38:28,272 :: DEBUG :: ZEROBNL -> node.py :: set_attribute :: SET ATTRIBUTE Ts_second to 43.95612221146615
2018-12-10 13:38:28,272 :: DEBUG :: ZEROBNL -> node.py :: get_attribute :: GET ATTRIBUTE Ts_second
2018-12-10 13:38:28,273 :: DEBUG :: ZEROBNL -> node.py :: run :: UPDATE DONE
2018-12-10 13:38:28,283 :: DEBUG :: ZEROBNL -> node.py :: run :: STEP
2018-12-10 13:38:28,284 :: DEBUG :: ZEROBNL -> node.py :: step :: NEW TIME
2018-12-10 13:38:28,284 :: DEBUG :: ZEROBNL -> node.py :: get_attribute :: GET ATTRIBUTE CDEM_TR
2018-12-10 13:38:28,285 :: DEBUG :: ZEROBNL -> node.py :: get_attribute :: GET ATTRIBUTE CDEM_mdotR
2018-12-10 13:38:28,285 :: DEBUG :: ZEROBNL -> node.py :: get_attribute :: GET ATTRIBUTE CDEM_cmf
2018-12-10 13:38:28,286 :: DEBUG :: ZEROBNL -> node.py :: get_attribute :: GET ATTRIBUTE CDEM_TR
2018-12-10 13:38:28,286 :: DEBUG :: ZEROBNL -> node.py :: get_attribute :: GET ATTRIBUTE CDEM_mdotR
2018-12-10 13:38:28,286 :: DEBUG :: ZEROBNL -> node.py :: get_attribute :: GET ATTRIBUTE CDEM_cmf
2018-12-10 13:38:28,286 :: DEBUG :: ZEROBNL -> node.py :: run :: STATE {'CDEM_TR': 13.956122211466152, 'CDEM_mdotR': 0.04, 'CDEM_cmf': 1.0}
2018-12-10 13:38:28,286 :: DEBUG :: ZEROBNL -> node.py :: run :: STEP DONE
2018-12-10 13:38:28,287 :: DEBUG :: ZEROBNL -> node.py :: run :: UPDATE
2018-12-10 13:38:28,287 :: DEBUG :: ZEROBNL -> node.py :: _update_inputs :: INPUTS {('Base0', 'Tsupply'): 43.95612221146615, ('Base0', 'MDOTsupply'): 0.04, ('Base1', 'TS'): 43.95612221146615, ('Base2', 'CDEM_TR'): 13.956122211466152, ('Base2', 'CDEM_mdotR'): 0.04, ('Base2', 'CDEM_cmf'): 1.0, ('Base3', 'COGwflag'): 1}
2018-12-10 13:38:28,287 :: DEBUG :: ZEROBNL -> node.py :: set_attribute :: SET ATTRIBUTE Ts_second to 43.95612221146615
2018-12-10 13:38:28,287 :: DEBUG :: ZEROBNL -> node.py :: get_attribute :: GET ATTRIBUTE Ts_second
2018-12-10 13:38:28,287 :: DEBUG :: ZEROBNL -> node.py :: run :: UPDATE DONE
2018-12-10 13:38:28,299 :: DEBUG :: ZEROBNL -> node.py :: run :: UPDATE
2018-12-10 13:38:28,300 :: DEBUG :: ZEROBNL -> node.py :: _update_inputs :: INPUTS {('Base0', 'Tsupply'): 43.95612221146615, ('Base0', 'MDOTsupply'): 0.04, ('Base1', 'TS'): 43.95612221146615, ('Base2', 'CDEM_TR'): 13.956122211466152, ('Base2', 'CDEM_mdotR'): 0.04, ('Base2', 'CDEM_cmf'): 1.0, ('Base3', 'COGwflag'): 1}
2018-12-10 13:38:28,300 :: DEBUG :: ZEROBNL -> node.py :: set_attribute :: SET ATTRIBUTE Ts_second to 43.95612221146615
2018-12-10 13:38:28,300 :: DEBUG :: ZEROBNL -> node.py :: get_attribute :: GET ATTRIBUTE Ts_second
2018-12-10 13:38:28,300 :: DEBUG :: ZEROBNL -> node.py :: run :: UPDATE DONE
2018-12-10 13:38:28,329 :: DEBUG :: ZEROBNL -> node.py :: run :: UPDATE
2018-12-10 13:38:28,330 :: DEBUG :: ZEROBNL -> node.py :: _update_inputs :: INPUTS {('Base0', 'Tsupply'): 43.95586306831089, ('Base0', 'MDOTsupply'): 0.04, ('Base1', 'TS'): 43.95612221146615, ('Base2', 'CDEM_TR'): 13.956122211466152, ('Base2', 'CDEM_mdotR'): 0.04, ('Base2', 'CDEM_cmf'): 1.0, ('Base3', 'COGwflag'): 1}
2018-12-10 13:38:28,330 :: DEBUG :: ZEROBNL -> node.py :: set_attribute :: SET ATTRIBUTE Ts_second to 43.95612221146615
2018-12-10 13:38:28,330 :: DEBUG :: ZEROBNL -> node.py :: get_attribute :: GET ATTRIBUTE Ts_second
2018-12-10 13:38:28,331 :: DEBUG :: ZEROBNL -> node.py :: run :: UPDATE DONE
2018-12-10 13:38:28,344 :: DEBUG :: ZEROBNL -> node.py :: run :: UPDATE
2018-12-10 13:38:28,345 :: DEBUG :: ZEROBNL -> node.py :: _update_inputs :: INPUTS {('Base0', 'Tsupply'): 43.95586306831089, ('Base0', 'MDOTsupply'): 0.04, ('Base1', 'TS'): 43.95586306831089, ('Base2', 'CDEM_TR'): 13.956122211466152, ('Base2', 'CDEM_mdotR'): 0.04, ('Base2', 'CDEM_cmf'): 1.0, ('Base3', 'COGwflag'): 1}
2018-12-10 13:38:28,345 :: DEBUG :: ZEROBNL -> node.py :: set_attribute :: SET ATTRIBUTE Ts_second to 43.95586306831089
2018-12-10 13:38:28,345 :: DEBUG :: ZEROBNL -> node.py :: get_attribute :: GET ATTRIBUTE Ts_second
2018-12-10 13:38:28,346 :: DEBUG :: ZEROBNL -> node.py :: run :: UPDATE DONE
2018-12-10 13:38:28,357 :: DEBUG :: ZEROBNL -> node.py :: run :: STEP
2018-12-10 13:38:28,357 :: DEBUG :: ZEROBNL -> node.py :: step :: NEW TIME
2018-12-10 13:38:28,357 :: DEBUG :: ZEROBNL -> node.py :: get_attribute :: GET ATTRIBUTE CDEM_TR
2018-12-10 13:38:28,358 :: DEBUG :: ZEROBNL -> node.py :: get_attribute :: GET ATTRIBUTE CDEM_mdotR
2018-12-10 13:38:28,359 :: DEBUG :: ZEROBNL -> node.py :: get_attribute :: GET ATTRIBUTE CDEM_cmf
2018-12-10 13:38:28,360 :: DEBUG :: ZEROBNL -> node.py :: get_attribute :: GET ATTRIBUTE CDEM_TR
2018-12-10 13:38:28,360 :: DEBUG :: ZEROBNL -> node.py :: get_attribute :: GET ATTRIBUTE CDEM_mdotR
2018-12-10 13:38:28,360 :: DEBUG :: ZEROBNL -> node.py :: get_attribute :: GET ATTRIBUTE CDEM_cmf
2018-12-10 13:38:28,360 :: DEBUG :: ZEROBNL -> node.py :: run :: STATE {'CDEM_TR': 13.95586306831089, 'CDEM_mdotR': 0.04, 'CDEM_cmf': 1.0}
2018-12-10 13:38:28,360 :: DEBUG :: ZEROBNL -> node.py :: run :: STEP DONE
2018-12-10 13:38:28,365 :: DEBUG :: ZEROBNL -> node.py :: run :: UPDATE
2018-12-10 13:38:28,365 :: DEBUG :: ZEROBNL -> node.py :: _update_inputs :: INPUTS {('Base0', 'Tsupply'): 43.95586306831089, ('Base0', 'MDOTsupply'): 0.04, ('Base1', 'TS'): 43.95586306831089, ('Base2', 'CDEM_TR'): 13.95586306831089, ('Base2', 'CDEM_mdotR'): 0.04, ('Base2', 'CDEM_cmf'): 1.0, ('Base3', 'COGwflag'): 1}
2018-12-10 13:38:28,365 :: DEBUG :: ZEROBNL -> node.py :: set_attribute :: SET ATTRIBUTE Ts_second to 43.95586306831089
2018-12-10 13:38:28,365 :: DEBUG :: ZEROBNL -> node.py :: get_attribute :: GET ATTRIBUTE Ts_second
2018-12-10 13:38:28,366 :: DEBUG :: ZEROBNL -> node.py :: run :: UPDATE DONE
2018-12-10 13:38:28,384 :: DEBUG :: ZEROBNL -> node.py :: run :: UPDATE
2018-12-10 13:38:28,384 :: DEBUG :: ZEROBNL -> node.py :: _update_inputs :: INPUTS {('Base0', 'Tsupply'): 43.95586306831089, ('Base0', 'MDOTsupply'): 0.04, ('Base1', 'TS'): 43.95586306831089, ('Base2', 'CDEM_TR'): 13.95586306831089, ('Base2', 'CDEM_mdotR'): 0.04, ('Base2', 'CDEM_cmf'): 1.0, ('Base3', 'COGwflag'): 1}
2018-12-10 13:38:28,385 :: DEBUG :: ZEROBNL -> node.py :: set_attribute :: SET ATTRIBUTE Ts_second to 43.95586306831089
2018-12-10 13:38:28,385 :: DEBUG :: ZEROBNL -> node.py :: get_attribute :: GET ATTRIBUTE Ts_second
2018-12-10 13:38:28,386 :: DEBUG :: ZEROBNL -> node.py :: run :: UPDATE DONE
2018-12-10 13:38:28,416 :: DEBUG :: ZEROBNL -> node.py :: run :: UPDATE
2018-12-10 13:38:28,416 :: DEBUG :: ZEROBNL -> node.py :: _update_inputs :: INPUTS {('Base0', 'Tsupply'): 43.95591911780098, ('Base0', 'MDOTsupply'): 0.04, ('Base1', 'TS'): 43.95586306831089, ('Base2', 'CDEM_TR'): 13.95586306831089, ('Base2', 'CDEM_mdotR'): 0.04, ('Base2', 'CDEM_cmf'): 1.0, ('Base3', 'COGwflag'): 1}
2018-12-10 13:38:28,416 :: DEBUG :: ZEROBNL -> node.py :: set_attribute :: SET ATTRIBUTE Ts_second to 43.95586306831089
2018-12-10 13:38:28,416 :: DEBUG :: ZEROBNL -> node.py :: get_attribute :: GET ATTRIBUTE Ts_second
2018-12-10 13:38:28,417 :: DEBUG :: ZEROBNL -> node.py :: run :: UPDATE DONE
2018-12-10 13:38:28,432 :: DEBUG :: ZEROBNL -> node.py :: run :: UPDATE
2018-12-10 13:38:28,433 :: DEBUG :: ZEROBNL -> node.py :: _update_inputs :: INPUTS {('Base0', 'Tsupply'): 43.95591911780098, ('Base0', 'MDOTsupply'): 0.04, ('Base1', 'TS'): 43.95591911780098, ('Base2', 'CDEM_TR'): 13.95586306831089, ('Base2', 'CDEM_mdotR'): 0.04, ('Base2', 'CDEM_cmf'): 1.0, ('Base3', 'COGwflag'): 1}
2018-12-10 13:38:28,433 :: DEBUG :: ZEROBNL -> node.py :: set_attribute :: SET ATTRIBUTE Ts_second to 43.95591911780098
2018-12-10 13:38:28,433 :: DEBUG :: ZEROBNL -> node.py :: get_attribute :: GET ATTRIBUTE Ts_second
2018-12-10 13:38:28,442 :: DEBUG :: ZEROBNL -> node.py :: run :: UPDATE DONE
2018-12-10 13:38:28,453 :: DEBUG :: ZEROBNL -> node.py :: run :: STEP
2018-12-10 13:38:28,454 :: DEBUG :: ZEROBNL -> node.py :: step :: NEW TIME
2018-12-10 13:38:28,454 :: DEBUG :: ZEROBNL -> node.py :: get_attribute :: GET ATTRIBUTE CDEM_TR
2018-12-10 13:38:28,454 :: DEBUG :: ZEROBNL -> node.py :: get_attribute :: GET ATTRIBUTE CDEM_mdotR
2018-12-10 13:38:28,455 :: DEBUG :: ZEROBNL -> node.py :: get_attribute :: GET ATTRIBUTE CDEM_cmf
2018-12-10 13:38:28,456 :: DEBUG :: ZEROBNL -> node.py :: get_attribute :: GET ATTRIBUTE CDEM_TR
2018-12-10 13:38:28,456 :: DEBUG :: ZEROBNL -> node.py :: get_attribute :: GET ATTRIBUTE CDEM_mdotR
2018-12-10 13:38:28,456 :: DEBUG :: ZEROBNL -> node.py :: get_attribute :: GET ATTRIBUTE CDEM_cmf
2018-12-10 13:38:28,456 :: DEBUG :: ZEROBNL -> node.py :: run :: STATE {'CDEM_TR': 13.955919117800981, 'CDEM_mdotR': 0.04, 'CDEM_cmf': 1.0}
2018-12-10 13:38:28,456 :: DEBUG :: ZEROBNL -> node.py :: run :: STEP DONE
2018-12-10 13:38:28,457 :: DEBUG :: ZEROBNL -> node.py :: run :: UPDATE
2018-12-10 13:38:28,457 :: DEBUG :: ZEROBNL -> node.py :: _update_inputs :: INPUTS {('Base0', 'Tsupply'): 43.95591911780098, ('Base0', 'MDOTsupply'): 0.04, ('Base1', 'TS'): 43.95591911780098, ('Base2', 'CDEM_TR'): 13.955919117800981, ('Base2', 'CDEM_mdotR'): 0.04, ('Base2', 'CDEM_cmf'): 1.0, ('Base3', 'COGwflag'): 1}
2018-12-10 13:38:28,457 :: DEBUG :: ZEROBNL -> node.py :: set_attribute :: SET ATTRIBUTE Ts_second to 43.95591911780098
2018-12-10 13:38:28,457 :: DEBUG :: ZEROBNL -> node.py :: get_attribute :: GET ATTRIBUTE Ts_second
2018-12-10 13:38:28,461 :: DEBUG :: ZEROBNL -> node.py :: run :: UPDATE DONE
2018-12-10 13:38:28,472 :: DEBUG :: ZEROBNL -> node.py :: run :: UPDATE
2018-12-10 13:38:28,472 :: DEBUG :: ZEROBNL -> node.py :: _update_inputs :: INPUTS {('Base0', 'Tsupply'): 43.95591911780098, ('Base0', 'MDOTsupply'): 0.04, ('Base1', 'TS'): 43.95591911780098, ('Base2', 'CDEM_TR'): 13.955919117800981, ('Base2', 'CDEM_mdotR'): 0.04, ('Base2', 'CDEM_cmf'): 1.0, ('Base3', 'COGwflag'): 1}
2018-12-10 13:38:28,473 :: DEBUG :: ZEROBNL -> node.py :: set_attribute :: SET ATTRIBUTE Ts_second to 43.95591911780098
2018-12-10 13:38:28,473 :: DEBUG :: ZEROBNL -> node.py :: get_attribute :: GET ATTRIBUTE Ts_second
2018-12-10 13:38:28,477 :: DEBUG :: ZEROBNL -> node.py :: run :: UPDATE DONE
2018-12-10 13:38:28,503 :: DEBUG :: ZEROBNL -> node.py :: run :: UPDATE
2018-12-10 13:38:28,503 :: DEBUG :: ZEROBNL -> node.py :: _update_inputs :: INPUTS {('Base0', 'Tsupply'): 43.955907637438706, ('Base0', 'MDOTsupply'): 0.04, ('Base1', 'TS'): 43.95591911780098, ('Base2', 'CDEM_TR'): 13.955919117800981, ('Base2', 'CDEM_mdotR'): 0.04, ('Base2', 'CDEM_cmf'): 1.0, ('Base3', 'COGwflag'): 1}
2018-12-10 13:38:28,503 :: DEBUG :: ZEROBNL -> node.py :: set_attribute :: SET ATTRIBUTE Ts_second to 43.95591911780098
2018-12-10 13:38:28,503 :: DEBUG :: ZEROBNL -> node.py :: get_attribute :: GET ATTRIBUTE Ts_second
2018-12-10 13:38:28,506 :: DEBUG :: ZEROBNL -> node.py :: run :: UPDATE DONE
2018-12-10 13:38:28,516 :: DEBUG :: ZEROBNL -> node.py :: run :: UPDATE
2018-12-10 13:38:28,516 :: DEBUG :: ZEROBNL -> node.py :: _update_inputs :: INPUTS {('Base0', 'Tsupply'): 43.955907637438706, ('Base0', 'MDOTsupply'): 0.04, ('Base1', 'TS'): 43.955907637438706, ('Base2', 'CDEM_TR'): 13.955919117800981, ('Base2', 'CDEM_mdotR'): 0.04, ('Base2', 'CDEM_cmf'): 1.0, ('Base3', 'COGwflag'): 1}
2018-12-10 13:38:28,516 :: DEBUG :: ZEROBNL -> node.py :: set_attribute :: SET ATTRIBUTE Ts_second to 43.955907637438706
2018-12-10 13:38:28,516 :: DEBUG :: ZEROBNL -> node.py :: get_attribute :: GET ATTRIBUTE Ts_second
2018-12-10 13:38:28,520 :: DEBUG :: ZEROBNL -> node.py :: run :: UPDATE DONE
2018-12-10 13:38:28,527 :: DEBUG :: ZEROBNL -> node.py :: run :: STEP
2018-12-10 13:38:28,527 :: DEBUG :: ZEROBNL -> node.py :: step :: NEW TIME
2018-12-10 13:38:28,528 :: DEBUG :: ZEROBNL -> node.py :: get_attribute :: GET ATTRIBUTE CDEM_TR
2018-12-10 13:38:28,528 :: DEBUG :: ZEROBNL -> node.py :: get_attribute :: GET ATTRIBUTE CDEM_mdotR
2018-12-10 13:38:28,529 :: DEBUG :: ZEROBNL -> node.py :: get_attribute :: GET ATTRIBUTE CDEM_cmf
2018-12-10 13:38:28,529 :: DEBUG :: ZEROBNL -> node.py :: get_attribute :: GET ATTRIBUTE CDEM_TR
2018-12-10 13:38:28,529 :: DEBUG :: ZEROBNL -> node.py :: get_attribute :: GET ATTRIBUTE CDEM_mdotR
2018-12-10 13:38:28,530 :: DEBUG :: ZEROBNL -> node.py :: get_attribute :: GET ATTRIBUTE CDEM_cmf
2018-12-10 13:38:28,530 :: DEBUG :: ZEROBNL -> node.py :: run :: STATE {'CDEM_TR': 13.955907637438706, 'CDEM_mdotR': 0.04, 'CDEM_cmf': 1.0}
2018-12-10 13:38:28,530 :: DEBUG :: ZEROBNL -> node.py :: run :: STEP DONE
2018-12-10 13:38:28,530 :: DEBUG :: ZEROBNL -> node.py :: run :: UPDATE
2018-12-10 13:38:28,531 :: DEBUG :: ZEROBNL -> node.py :: _update_inputs :: INPUTS {('Base0', 'Tsupply'): 43.955907637438706, ('Base0', 'MDOTsupply'): 0.04, ('Base1', 'TS'): 43.955907637438706, ('Base2', 'CDEM_TR'): 13.955907637438706, ('Base2', 'CDEM_mdotR'): 0.04, ('Base2', 'CDEM_cmf'): 1.0, ('Base3', 'COGwflag'): 1}
2018-12-10 13:38:28,531 :: DEBUG :: ZEROBNL -> node.py :: set_attribute :: SET ATTRIBUTE Ts_second to 43.955907637438706
2018-12-10 13:38:28,531 :: DEBUG :: ZEROBNL -> node.py :: get_attribute :: GET ATTRIBUTE Ts_second
2018-12-10 13:38:28,533 :: DEBUG :: ZEROBNL -> node.py :: run :: UPDATE DONE
2018-12-10 13:38:28,542 :: DEBUG :: ZEROBNL -> node.py :: run :: UPDATE
2018-12-10 13:38:28,543 :: DEBUG :: ZEROBNL -> node.py :: _update_inputs :: INPUTS {('Base0', 'Tsupply'): 43.955907637438706, ('Base0', 'MDOTsupply'): 0.04, ('Base1', 'TS'): 43.955907637438706, ('Base2', 'CDEM_TR'): 13.955907637438706, ('Base2', 'CDEM_mdotR'): 0.04, ('Base2', 'CDEM_cmf'): 1.0, ('Base3', 'COGwflag'): 1}
2018-12-10 13:38:28,543 :: DEBUG :: ZEROBNL -> node.py :: set_attribute :: SET ATTRIBUTE Ts_second to 43.955907637438706
2018-12-10 13:38:28,543 :: DEBUG :: ZEROBNL -> node.py :: get_attribute :: GET ATTRIBUTE Ts_second
2018-12-10 13:38:28,544 :: DEBUG :: ZEROBNL -> node.py :: run :: UPDATE DONE
2018-12-10 13:38:28,571 :: DEBUG :: ZEROBNL -> node.py :: run :: UPDATE
2018-12-10 13:38:28,571 :: DEBUG :: ZEROBNL -> node.py :: _update_inputs :: INPUTS {('Base0', 'Tsupply'): 43.955909907817784, ('Base0', 'MDOTsupply'): 0.04, ('Base1', 'TS'): 43.955907637438706, ('Base2', 'CDEM_TR'): 13.955907637438706, ('Base2', 'CDEM_mdotR'): 0.04, ('Base2', 'CDEM_cmf'): 1.0, ('Base3', 'COGwflag'): 1}
2018-12-10 13:38:28,571 :: DEBUG :: ZEROBNL -> node.py :: set_attribute :: SET ATTRIBUTE Ts_second to 43.955907637438706
2018-12-10 13:38:28,571 :: DEBUG :: ZEROBNL -> node.py :: get_attribute :: GET ATTRIBUTE Ts_second
2018-12-10 13:38:28,574 :: DEBUG :: ZEROBNL -> node.py :: run :: UPDATE DONE
2018-12-10 13:38:28,582 :: DEBUG :: ZEROBNL -> node.py :: run :: UPDATE
2018-12-10 13:38:28,586 :: DEBUG :: ZEROBNL -> node.py :: _update_inputs :: INPUTS {('Base0', 'Tsupply'): 43.955909907817784, ('Base0', 'MDOTsupply'): 0.04, ('Base1', 'TS'): 43.955909907817784, ('Base2', 'CDEM_TR'): 13.955907637438706, ('Base2', 'CDEM_mdotR'): 0.04, ('Base2', 'CDEM_cmf'): 1.0, ('Base3', 'COGwflag'): 1}
2018-12-10 13:38:28,586 :: DEBUG :: ZEROBNL -> node.py :: set_attribute :: SET ATTRIBUTE Ts_second to 43.955909907817784
2018-12-10 13:38:28,586 :: DEBUG :: ZEROBNL -> node.py :: get_attribute :: GET ATTRIBUTE Ts_second
2018-12-10 13:38:28,587 :: DEBUG :: ZEROBNL -> node.py :: run :: UPDATE DONE
2018-12-10 13:38:28,593 :: DEBUG :: ZEROBNL -> node.py :: run :: STEP
2018-12-10 13:38:28,593 :: DEBUG :: ZEROBNL -> node.py :: step :: NEW TIME
2018-12-10 13:38:28,593 :: DEBUG :: ZEROBNL -> node.py :: get_attribute :: GET ATTRIBUTE CDEM_TR
2018-12-10 13:38:28,594 :: DEBUG :: ZEROBNL -> node.py :: get_attribute :: GET ATTRIBUTE CDEM_mdotR
2018-12-10 13:38:28,594 :: DEBUG :: ZEROBNL -> node.py :: get_attribute :: GET ATTRIBUTE CDEM_cmf
2018-12-10 13:38:28,595 :: DEBUG :: ZEROBNL -> node.py :: get_attribute :: GET ATTRIBUTE CDEM_TR
2018-12-10 13:38:28,595 :: DEBUG :: ZEROBNL -> node.py :: get_attribute :: GET ATTRIBUTE CDEM_mdotR
2018-12-10 13:38:28,595 :: DEBUG :: ZEROBNL -> node.py :: get_attribute :: GET ATTRIBUTE CDEM_cmf
2018-12-10 13:38:28,595 :: DEBUG :: ZEROBNL -> node.py :: run :: STATE {'CDEM_TR': 13.955909907817784, 'CDEM_mdotR': 0.04, 'CDEM_cmf': 1.0}
2018-12-10 13:38:28,595 :: DEBUG :: ZEROBNL -> node.py :: run :: STEP DONE
2018-12-10 13:38:28,595 :: DEBUG :: ZEROBNL -> node.py :: run :: UPDATE
2018-12-10 13:38:28,596 :: DEBUG :: ZEROBNL -> node.py :: _update_inputs :: INPUTS {('Base0', 'Tsupply'): 43.955909907817784, ('Base0', 'MDOTsupply'): 0.04, ('Base1', 'TS'): 43.955909907817784, ('Base2', 'CDEM_TR'): 13.955909907817784, ('Base2', 'CDEM_mdotR'): 0.04, ('Base2', 'CDEM_cmf'): 1.0, ('Base3', 'COGwflag'): 1}
2018-12-10 13:38:28,596 :: DEBUG :: ZEROBNL -> node.py :: set_attribute :: SET ATTRIBUTE Ts_second to 43.955909907817784
2018-12-10 13:38:28,597 :: DEBUG :: ZEROBNL -> node.py :: get_attribute :: GET ATTRIBUTE Ts_second
2018-12-10 13:38:28,598 :: DEBUG :: ZEROBNL -> node.py :: run :: UPDATE DONE
2018-12-10 13:38:28,610 :: DEBUG :: ZEROBNL -> node.py :: run :: UPDATE
2018-12-10 13:38:28,610 :: DEBUG :: ZEROBNL -> node.py :: _update_inputs :: INPUTS {('Base0', 'Tsupply'): 43.955909907817784, ('Base0', 'MDOTsupply'): 0.04, ('Base1', 'TS'): 43.955909907817784, ('Base2', 'CDEM_TR'): 13.955909907817784, ('Base2', 'CDEM_mdotR'): 0.04, ('Base2', 'CDEM_cmf'): 1.0, ('Base3', 'COGwflag'): 1}
2018-12-10 13:38:28,610 :: DEBUG :: ZEROBNL -> node.py :: set_attribute :: SET ATTRIBUTE Ts_second to 43.955909907817784
2018-12-10 13:38:28,610 :: DEBUG :: ZEROBNL -> node.py :: get_attribute :: GET ATTRIBUTE Ts_second
2018-12-10 13:38:28,611 :: DEBUG :: ZEROBNL -> node.py :: run :: UPDATE DONE
2018-12-10 13:38:28,637 :: DEBUG :: ZEROBNL -> node.py :: run :: UPDATE
2018-12-10 13:38:28,638 :: DEBUG :: ZEROBNL -> node.py :: _update_inputs :: INPUTS {('Base0', 'Tsupply'): 43.95590946963424, ('Base0', 'MDOTsupply'): 0.04, ('Base1', 'TS'): 43.955909907817784, ('Base2', 'CDEM_TR'): 13.955909907817784, ('Base2', 'CDEM_mdotR'): 0.04, ('Base2', 'CDEM_cmf'): 1.0, ('Base3', 'COGwflag'): 1}
2018-12-10 13:38:28,638 :: DEBUG :: ZEROBNL -> node.py :: set_attribute :: SET ATTRIBUTE Ts_second to 43.955909907817784
2018-12-10 13:38:28,638 :: DEBUG :: ZEROBNL -> node.py :: get_attribute :: GET ATTRIBUTE Ts_second
2018-12-10 13:38:28,639 :: DEBUG :: ZEROBNL -> node.py :: run :: UPDATE DONE
2018-12-10 13:38:28,651 :: DEBUG :: ZEROBNL -> node.py :: run :: UPDATE
2018-12-10 13:38:28,651 :: DEBUG :: ZEROBNL -> node.py :: _update_inputs :: INPUTS {('Base0', 'Tsupply'): 43.95590946963424, ('Base0', 'MDOTsupply'): 0.04, ('Base1', 'TS'): 43.95590946963424, ('Base2', 'CDEM_TR'): 13.955909907817784, ('Base2', 'CDEM_mdotR'): 0.04, ('Base2', 'CDEM_cmf'): 1.0, ('Base3', 'COGwflag'): 1}
2018-12-10 13:38:28,651 :: DEBUG :: ZEROBNL -> node.py :: set_attribute :: SET ATTRIBUTE Ts_second to 43.95590946963424
2018-12-10 13:38:28,651 :: DEBUG :: ZEROBNL -> node.py :: get_attribute :: GET ATTRIBUTE Ts_second
2018-12-10 13:38:28,652 :: DEBUG :: ZEROBNL -> node.py :: run :: UPDATE DONE
2018-12-10 13:38:28,659 :: DEBUG :: ZEROBNL -> node.py :: run :: STEP
2018-12-10 13:38:28,660 :: DEBUG :: ZEROBNL -> node.py :: step :: NEW TIME
2018-12-10 13:38:28,660 :: DEBUG :: ZEROBNL -> node.py :: get_attribute :: GET ATTRIBUTE CDEM_TR
2018-12-10 13:38:28,661 :: DEBUG :: ZEROBNL -> node.py :: get_attribute :: GET ATTRIBUTE CDEM_mdotR
2018-12-10 13:38:28,661 :: DEBUG :: ZEROBNL -> node.py :: get_attribute :: GET ATTRIBUTE CDEM_cmf
2018-12-10 13:38:28,662 :: DEBUG :: ZEROBNL -> node.py :: get_attribute :: GET ATTRIBUTE CDEM_TR
2018-12-10 13:38:28,662 :: DEBUG :: ZEROBNL -> node.py :: get_attribute :: GET ATTRIBUTE CDEM_mdotR
2018-12-10 13:38:28,662 :: DEBUG :: ZEROBNL -> node.py :: get_attribute :: GET ATTRIBUTE CDEM_cmf
2018-12-10 13:38:28,662 :: DEBUG :: ZEROBNL -> node.py :: run :: STATE {'CDEM_TR': 13.955909469634243, 'CDEM_mdotR': 0.04, 'CDEM_cmf': 1.0}
2018-12-10 13:38:28,662 :: DEBUG :: ZEROBNL -> node.py :: run :: STEP DONE
2018-12-10 13:38:28,668 :: DEBUG :: ZEROBNL -> node.py :: run :: UPDATE
2018-12-10 13:38:28,668 :: DEBUG :: ZEROBNL -> node.py :: _update_inputs :: INPUTS {('Base0', 'Tsupply'): 43.95590946963424, ('Base0', 'MDOTsupply'): 0.04, ('Base1', 'TS'): 43.95590946963424, ('Base2', 'CDEM_TR'): 13.955909469634243, ('Base2', 'CDEM_mdotR'): 0.04, ('Base2', 'CDEM_cmf'): 1.0, ('Base3', 'COGwflag'): 1}
2018-12-10 13:38:28,669 :: DEBUG :: ZEROBNL -> node.py :: set_attribute :: SET ATTRIBUTE Ts_second to 43.95590946963424
2018-12-10 13:38:28,669 :: DEBUG :: ZEROBNL -> node.py :: get_attribute :: GET ATTRIBUTE Ts_second
2018-12-10 13:38:28,670 :: DEBUG :: ZEROBNL -> node.py :: run :: UPDATE DONE
2018-12-10 13:38:28,677 :: DEBUG :: ZEROBNL -> node.py :: run :: UPDATE
2018-12-10 13:38:28,677 :: DEBUG :: ZEROBNL -> node.py :: _update_inputs :: INPUTS {('Base0', 'Tsupply'): 43.95590946963424, ('Base0', 'MDOTsupply'): 0.04, ('Base1', 'TS'): 43.95590946963424, ('Base2', 'CDEM_TR'): 13.955909469634243, ('Base2', 'CDEM_mdotR'): 0.04, ('Base2', 'CDEM_cmf'): 1.0, ('Base3', 'COGwflag'): 1}
2018-12-10 13:38:28,677 :: DEBUG :: ZEROBNL -> node.py :: set_attribute :: SET ATTRIBUTE Ts_second to 43.95590946963424
2018-12-10 13:38:28,678 :: DEBUG :: ZEROBNL -> node.py :: get_attribute :: GET ATTRIBUTE Ts_second
2018-12-10 13:38:28,679 :: DEBUG :: ZEROBNL -> node.py :: run :: UPDATE DONE
2018-12-10 13:38:28,703 :: DEBUG :: ZEROBNL -> node.py :: run :: UPDATE
2018-12-10 13:38:28,703 :: DEBUG :: ZEROBNL -> node.py :: _update_inputs :: INPUTS {('Base0', 'Tsupply'): 43.955909552694294, ('Base0', 'MDOTsupply'): 0.04, ('Base1', 'TS'): 43.95590946963424, ('Base2', 'CDEM_TR'): 13.955909469634243, ('Base2', 'CDEM_mdotR'): 0.04, ('Base2', 'CDEM_cmf'): 1.0, ('Base3', 'COGwflag'): 1}
2018-12-10 13:38:28,703 :: DEBUG :: ZEROBNL -> node.py :: set_attribute :: SET ATTRIBUTE Ts_second to 43.95590946963424
2018-12-10 13:38:28,703 :: DEBUG :: ZEROBNL -> node.py :: get_attribute :: GET ATTRIBUTE Ts_second
2018-12-10 13:38:28,705 :: DEBUG :: ZEROBNL -> node.py :: run :: UPDATE DONE
2018-12-10 13:38:28,720 :: DEBUG :: ZEROBNL -> node.py :: run :: UPDATE
2018-12-10 13:38:28,721 :: DEBUG :: ZEROBNL -> node.py :: _update_inputs :: INPUTS {('Base0', 'Tsupply'): 43.955909552694294, ('Base0', 'MDOTsupply'): 0.04, ('Base1', 'TS'): 43.955909552694294, ('Base2', 'CDEM_TR'): 13.955909469634243, ('Base2', 'CDEM_mdotR'): 0.04, ('Base2', 'CDEM_cmf'): 1.0, ('Base3', 'COGwflag'): 1}
2018-12-10 13:38:28,722 :: DEBUG :: ZEROBNL -> node.py :: set_attribute :: SET ATTRIBUTE Ts_second to 43.955909552694294
2018-12-10 13:38:28,722 :: DEBUG :: ZEROBNL -> node.py :: get_attribute :: GET ATTRIBUTE Ts_second
2018-12-10 13:38:28,723 :: DEBUG :: ZEROBNL -> node.py :: run :: UPDATE DONE
2018-12-10 13:38:28,725 :: DEBUG :: ZEROBNL -> node.py :: run :: STEP
2018-12-10 13:38:28,725 :: DEBUG :: ZEROBNL -> node.py :: step :: NEW TIME
2018-12-10 13:38:28,725 :: DEBUG :: ZEROBNL -> node.py :: get_attribute :: GET ATTRIBUTE CDEM_TR
2018-12-10 13:38:28,726 :: DEBUG :: ZEROBNL -> node.py :: get_attribute :: GET ATTRIBUTE CDEM_mdotR
2018-12-10 13:38:28,726 :: DEBUG :: ZEROBNL -> node.py :: get_attribute :: GET ATTRIBUTE CDEM_cmf
2018-12-10 13:38:28,727 :: DEBUG :: ZEROBNL -> node.py :: get_attribute :: GET ATTRIBUTE CDEM_TR
2018-12-10 13:38:28,727 :: DEBUG :: ZEROBNL -> node.py :: get_attribute :: GET ATTRIBUTE CDEM_mdotR
2018-12-10 13:38:28,727 :: DEBUG :: ZEROBNL -> node.py :: get_attribute :: GET ATTRIBUTE CDEM_cmf
2018-12-10 13:38:28,727 :: DEBUG :: ZEROBNL -> node.py :: run :: STATE {'CDEM_TR': 13.955909552694294, 'CDEM_mdotR': 0.04, 'CDEM_cmf': 1.0}
2018-12-10 13:38:28,727 :: DEBUG :: ZEROBNL -> node.py :: run :: STEP DONE
2018-12-10 13:38:28,728 :: DEBUG :: ZEROBNL -> node.py :: run :: UPDATE
2018-12-10 13:38:28,728 :: DEBUG :: ZEROBNL -> node.py :: _update_inputs :: INPUTS {('Base0', 'Tsupply'): 43.955909552694294, ('Base0', 'MDOTsupply'): 0.04, ('Base1', 'TS'): 43.955909552694294, ('Base2', 'CDEM_TR'): 13.955909552694294, ('Base2', 'CDEM_mdotR'): 0.04, ('Base2', 'CDEM_cmf'): 1.0, ('Base3', 'COGwflag'): 1}
2018-12-10 13:38:28,728 :: DEBUG :: ZEROBNL -> node.py :: set_attribute :: SET ATTRIBUTE Ts_second to 43.955909552694294
2018-12-10 13:38:28,728 :: DEBUG :: ZEROBNL -> node.py :: get_attribute :: GET ATTRIBUTE Ts_second
2018-12-10 13:38:28,730 :: DEBUG :: ZEROBNL -> node.py :: run :: UPDATE DONE
2018-12-10 13:38:28,741 :: DEBUG :: ZEROBNL -> node.py :: run :: UPDATE
2018-12-10 13:38:28,741 :: DEBUG :: ZEROBNL -> node.py :: _update_inputs :: INPUTS {('Base0', 'Tsupply'): 43.955909552694294, ('Base0', 'MDOTsupply'): 0.04, ('Base1', 'TS'): 43.955909552694294, ('Base2', 'CDEM_TR'): 13.955909552694294, ('Base2', 'CDEM_mdotR'): 0.04, ('Base2', 'CDEM_cmf'): 1.0, ('Base3', 'COGwflag'): 1}
2018-12-10 13:38:28,741 :: DEBUG :: ZEROBNL -> node.py :: set_attribute :: SET ATTRIBUTE Ts_second to 43.955909552694294
2018-12-10 13:38:28,741 :: DEBUG :: ZEROBNL -> node.py :: get_attribute :: GET ATTRIBUTE Ts_second
2018-12-10 13:38:28,743 :: DEBUG :: ZEROBNL -> node.py :: run :: UPDATE DONE
2018-12-10 13:38:28,771 :: DEBUG :: ZEROBNL -> node.py :: run :: UPDATE
2018-12-10 13:38:28,771 :: DEBUG :: ZEROBNL -> node.py :: _update_inputs :: INPUTS {('Base0', 'Tsupply'): 43.955909537166015, ('Base0', 'MDOTsupply'): 0.04, ('Base1', 'TS'): 43.955909552694294, ('Base2', 'CDEM_TR'): 13.955909552694294, ('Base2', 'CDEM_mdotR'): 0.04, ('Base2', 'CDEM_cmf'): 1.0, ('Base3', 'COGwflag'): 1}
2018-12-10 13:38:28,771 :: DEBUG :: ZEROBNL -> node.py :: set_attribute :: SET ATTRIBUTE Ts_second to 43.955909552694294
2018-12-10 13:38:28,771 :: DEBUG :: ZEROBNL -> node.py :: get_attribute :: GET ATTRIBUTE Ts_second
2018-12-10 13:38:28,772 :: DEBUG :: ZEROBNL -> node.py :: run :: UPDATE DONE
2018-12-10 13:38:28,785 :: DEBUG :: ZEROBNL -> node.py :: run :: UPDATE
2018-12-10 13:38:28,786 :: DEBUG :: ZEROBNL -> node.py :: _update_inputs :: INPUTS {('Base0', 'Tsupply'): 43.955909537166015, ('Base0', 'MDOTsupply'): 0.04, ('Base1', 'TS'): 43.955909537166015, ('Base2', 'CDEM_TR'): 13.955909552694294, ('Base2', 'CDEM_mdotR'): 0.04, ('Base2', 'CDEM_cmf'): 1.0, ('Base3', 'COGwflag'): 1}
2018-12-10 13:38:28,786 :: DEBUG :: ZEROBNL -> node.py :: set_attribute :: SET ATTRIBUTE Ts_second to 43.955909537166015
2018-12-10 13:38:28,786 :: DEBUG :: ZEROBNL -> node.py :: get_attribute :: GET ATTRIBUTE Ts_second
2018-12-10 13:38:28,788 :: DEBUG :: ZEROBNL -> node.py :: run :: UPDATE DONE
2018-12-10 13:38:28,793 :: DEBUG :: ZEROBNL -> node.py :: run :: STEP
2018-12-10 13:38:28,793 :: DEBUG :: ZEROBNL -> node.py :: step :: NEW TIME
2018-12-10 13:38:28,793 :: DEBUG :: ZEROBNL -> node.py :: get_attribute :: GET ATTRIBUTE CDEM_TR
2018-12-10 13:38:28,794 :: DEBUG :: ZEROBNL -> node.py :: get_attribute :: GET ATTRIBUTE CDEM_mdotR
2018-12-10 13:38:28,794 :: DEBUG :: ZEROBNL -> node.py :: get_attribute :: GET ATTRIBUTE CDEM_cmf
2018-12-10 13:38:28,795 :: DEBUG :: ZEROBNL -> node.py :: get_attribute :: GET ATTRIBUTE CDEM_TR
2018-12-10 13:38:28,795 :: DEBUG :: ZEROBNL -> node.py :: get_attribute :: GET ATTRIBUTE CDEM_mdotR
2018-12-10 13:38:28,795 :: DEBUG :: ZEROBNL -> node.py :: get_attribute :: GET ATTRIBUTE CDEM_cmf
2018-12-10 13:38:28,795 :: DEBUG :: ZEROBNL -> node.py :: run :: STATE {'CDEM_TR': 13.955909537166015, 'CDEM_mdotR': 0.04, 'CDEM_cmf': 1.0}
2018-12-10 13:38:28,795 :: DEBUG :: ZEROBNL -> node.py :: run :: STEP DONE
2018-12-10 13:38:28,795 :: DEBUG :: ZEROBNL -> node.py :: run :: UPDATE
2018-12-10 13:38:28,798 :: DEBUG :: ZEROBNL -> node.py :: _update_inputs :: INPUTS {('Base0', 'Tsupply'): 43.955909537166015, ('Base0', 'MDOTsupply'): 0.04, ('Base1', 'TS'): 43.955909537166015, ('Base2', 'CDEM_TR'): 13.955909537166015, ('Base2', 'CDEM_mdotR'): 0.04, ('Base2', 'CDEM_cmf'): 1.0, ('Base3', 'COGwflag'): 1}
2018-12-10 13:38:28,799 :: DEBUG :: ZEROBNL -> node.py :: set_attribute :: SET ATTRIBUTE Ts_second to 43.955909537166015
2018-12-10 13:38:28,799 :: DEBUG :: ZEROBNL -> node.py :: get_attribute :: GET ATTRIBUTE Ts_second
2018-12-10 13:38:28,801 :: DEBUG :: ZEROBNL -> node.py :: run :: UPDATE DONE
2018-12-10 13:38:28,809 :: DEBUG :: ZEROBNL -> node.py :: run :: UPDATE
2018-12-10 13:38:28,810 :: DEBUG :: ZEROBNL -> node.py :: _update_inputs :: INPUTS {('Base0', 'Tsupply'): 43.955909537166015, ('Base0', 'MDOTsupply'): 0.04, ('Base1', 'TS'): 43.955909537166015, ('Base2', 'CDEM_TR'): 13.955909537166015, ('Base2', 'CDEM_mdotR'): 0.04, ('Base2', 'CDEM_cmf'): 1.0, ('Base3', 'COGwflag'): 1}
2018-12-10 13:38:28,810 :: DEBUG :: ZEROBNL -> node.py :: set_attribute :: SET ATTRIBUTE Ts_second to 43.955909537166015
2018-12-10 13:38:28,810 :: DEBUG :: ZEROBNL -> node.py :: get_attribute :: GET ATTRIBUTE Ts_second
2018-12-10 13:38:28,812 :: DEBUG :: ZEROBNL -> node.py :: run :: UPDATE DONE
2018-12-10 13:38:28,832 :: DEBUG :: ZEROBNL -> node.py :: run :: UPDATE
2018-12-10 13:38:28,836 :: DEBUG :: ZEROBNL -> node.py :: _update_inputs :: INPUTS {('Base0', 'Tsupply'): 43.955909540065484, ('Base0', 'MDOTsupply'): 0.04, ('Base1', 'TS'): 43.955909537166015, ('Base2', 'CDEM_TR'): 13.955909537166015, ('Base2', 'CDEM_mdotR'): 0.04, ('Base2', 'CDEM_cmf'): 1.0, ('Base3', 'COGwflag'): 1}
2018-12-10 13:38:28,837 :: DEBUG :: ZEROBNL -> node.py :: set_attribute :: SET ATTRIBUTE Ts_second to 43.955909537166015
2018-12-10 13:38:28,837 :: DEBUG :: ZEROBNL -> node.py :: get_attribute :: GET ATTRIBUTE Ts_second
2018-12-10 13:38:28,838 :: DEBUG :: ZEROBNL -> node.py :: run :: UPDATE DONE
2018-12-10 13:38:28,846 :: DEBUG :: ZEROBNL -> node.py :: run :: UPDATE
2018-12-10 13:38:28,847 :: DEBUG :: ZEROBNL -> node.py :: _update_inputs :: INPUTS {('Base0', 'Tsupply'): 43.955909540065484, ('Base0', 'MDOTsupply'): 0.04, ('Base1', 'TS'): 43.955909540065484, ('Base2', 'CDEM_TR'): 13.955909537166015, ('Base2', 'CDEM_mdotR'): 0.04, ('Base2', 'CDEM_cmf'): 1.0, ('Base3', 'COGwflag'): 1}
2018-12-10 13:38:28,847 :: DEBUG :: ZEROBNL -> node.py :: set_attribute :: SET ATTRIBUTE Ts_second to 43.955909540065484
2018-12-10 13:38:28,848 :: DEBUG :: ZEROBNL -> node.py :: get_attribute :: GET ATTRIBUTE Ts_second
2018-12-10 13:38:28,849 :: DEBUG :: ZEROBNL -> node.py :: run :: UPDATE DONE
2018-12-10 13:38:28,855 :: DEBUG :: ZEROBNL -> node.py :: run :: STEP
2018-12-10 13:38:28,855 :: DEBUG :: ZEROBNL -> node.py :: step :: NEW TIME
2018-12-10 13:38:28,855 :: DEBUG :: ZEROBNL -> node.py :: get_attribute :: GET ATTRIBUTE CDEM_TR
2018-12-10 13:38:28,856 :: DEBUG :: ZEROBNL -> node.py :: get_attribute :: GET ATTRIBUTE CDEM_mdotR
2018-12-10 13:38:28,857 :: DEBUG :: ZEROBNL -> node.py :: get_attribute :: GET ATTRIBUTE CDEM_cmf
2018-12-10 13:38:28,857 :: DEBUG :: ZEROBNL -> node.py :: get_attribute :: GET ATTRIBUTE CDEM_TR
2018-12-10 13:38:28,858 :: DEBUG :: ZEROBNL -> node.py :: get_attribute :: GET ATTRIBUTE CDEM_mdotR
2018-12-10 13:38:28,858 :: DEBUG :: ZEROBNL -> node.py :: get_attribute :: GET ATTRIBUTE CDEM_cmf
2018-12-10 13:38:28,858 :: DEBUG :: ZEROBNL -> node.py :: run :: STATE {'CDEM_TR': 13.955909540065484, 'CDEM_mdotR': 0.04, 'CDEM_cmf': 1.0}
2018-12-10 13:38:28,858 :: DEBUG :: ZEROBNL -> node.py :: run :: STEP DONE
2018-12-10 13:38:28,858 :: DEBUG :: ZEROBNL -> node.py :: run :: UPDATE
2018-12-10 13:38:28,859 :: DEBUG :: ZEROBNL -> node.py :: _update_inputs :: INPUTS {('Base0', 'Tsupply'): 43.955909540065484, ('Base0', 'MDOTsupply'): 0.04, ('Base1', 'TS'): 43.955909540065484, ('Base2', 'CDEM_TR'): 13.955909540065484, ('Base2', 'CDEM_mdotR'): 0.04, ('Base2', 'CDEM_cmf'): 1.0, ('Base3', 'COGwflag'): 1}
2018-12-10 13:38:28,859 :: DEBUG :: ZEROBNL -> node.py :: set_attribute :: SET ATTRIBUTE Ts_second to 43.955909540065484
2018-12-10 13:38:28,859 :: DEBUG :: ZEROBNL -> node.py :: get_attribute :: GET ATTRIBUTE Ts_second
2018-12-10 13:38:28,860 :: DEBUG :: ZEROBNL -> node.py :: run :: UPDATE DONE
2018-12-10 13:38:28,870 :: DEBUG :: ZEROBNL -> node.py :: run :: UPDATE
2018-12-10 13:38:28,871 :: DEBUG :: ZEROBNL -> node.py :: _update_inputs :: INPUTS {('Base0', 'Tsupply'): 43.955909540065484, ('Base0', 'MDOTsupply'): 0.04, ('Base1', 'TS'): 43.955909540065484, ('Base2', 'CDEM_TR'): 13.955909540065484, ('Base2', 'CDEM_mdotR'): 0.04, ('Base2', 'CDEM_cmf'): 1.0, ('Base3', 'COGwflag'): 1}
2018-12-10 13:38:28,871 :: DEBUG :: ZEROBNL -> node.py :: set_attribute :: SET ATTRIBUTE Ts_second to 43.955909540065484
2018-12-10 13:38:28,871 :: DEBUG :: ZEROBNL -> node.py :: get_attribute :: GET ATTRIBUTE Ts_second
2018-12-10 13:38:28,872 :: DEBUG :: ZEROBNL -> node.py :: run :: UPDATE DONE
2018-12-10 13:38:28,898 :: DEBUG :: ZEROBNL -> node.py :: run :: UPDATE
2018-12-10 13:38:28,900 :: DEBUG :: ZEROBNL -> node.py :: _update_inputs :: INPUTS {('Base0', 'Tsupply'): 43.95590953952677, ('Base0', 'MDOTsupply'): 0.04, ('Base1', 'TS'): 43.955909540065484, ('Base2', 'CDEM_TR'): 13.955909540065484, ('Base2', 'CDEM_mdotR'): 0.04, ('Base2', 'CDEM_cmf'): 1.0, ('Base3', 'COGwflag'): 1}
2018-12-10 13:38:28,900 :: DEBUG :: ZEROBNL -> node.py :: set_attribute :: SET ATTRIBUTE Ts_second to 43.955909540065484
2018-12-10 13:38:28,900 :: DEBUG :: ZEROBNL -> node.py :: get_attribute :: GET ATTRIBUTE Ts_second
2018-12-10 13:38:28,901 :: DEBUG :: ZEROBNL -> node.py :: run :: UPDATE DONE
2018-12-10 13:38:28,917 :: DEBUG :: ZEROBNL -> node.py :: run :: UPDATE
2018-12-10 13:38:28,918 :: DEBUG :: ZEROBNL -> node.py :: _update_inputs :: INPUTS {('Base0', 'Tsupply'): 43.95590953952677, ('Base0', 'MDOTsupply'): 0.04, ('Base1', 'TS'): 43.95590953952677, ('Base2', 'CDEM_TR'): 13.955909540065484, ('Base2', 'CDEM_mdotR'): 0.04, ('Base2', 'CDEM_cmf'): 1.0, ('Base3', 'COGwflag'): 1}
2018-12-10 13:38:28,918 :: DEBUG :: ZEROBNL -> node.py :: set_attribute :: SET ATTRIBUTE Ts_second to 43.95590953952677
2018-12-10 13:38:28,918 :: DEBUG :: ZEROBNL -> node.py :: get_attribute :: GET ATTRIBUTE Ts_second
2018-12-10 13:38:28,919 :: DEBUG :: ZEROBNL -> node.py :: run :: UPDATE DONE
2018-12-10 13:38:28,922 :: DEBUG :: ZEROBNL -> node.py :: run :: STEP
2018-12-10 13:38:28,922 :: DEBUG :: ZEROBNL -> node.py :: step :: NEW TIME
2018-12-10 13:38:28,922 :: DEBUG :: ZEROBNL -> node.py :: get_attribute :: GET ATTRIBUTE CDEM_TR
2018-12-10 13:38:28,923 :: DEBUG :: ZEROBNL -> node.py :: get_attribute :: GET ATTRIBUTE CDEM_mdotR
2018-12-10 13:38:28,923 :: DEBUG :: ZEROBNL -> node.py :: get_attribute :: GET ATTRIBUTE CDEM_cmf
2018-12-10 13:38:28,924 :: DEBUG :: ZEROBNL -> node.py :: get_attribute :: GET ATTRIBUTE CDEM_TR
2018-12-10 13:38:28,924 :: DEBUG :: ZEROBNL -> node.py :: get_attribute :: GET ATTRIBUTE CDEM_mdotR
2018-12-10 13:38:28,924 :: DEBUG :: ZEROBNL -> node.py :: get_attribute :: GET ATTRIBUTE CDEM_cmf
2018-12-10 13:38:28,924 :: DEBUG :: ZEROBNL -> node.py :: run :: STATE {'CDEM_TR': 13.955909539526772, 'CDEM_mdotR': 0.04, 'CDEM_cmf': 1.0}
2018-12-10 13:38:28,924 :: DEBUG :: ZEROBNL -> node.py :: run :: STEP DONE
2018-12-10 13:38:28,925 :: DEBUG :: ZEROBNL -> node.py :: run :: UPDATE
2018-12-10 13:38:28,926 :: DEBUG :: ZEROBNL -> node.py :: _update_inputs :: INPUTS {('Base0', 'Tsupply'): 43.95590953952677, ('Base0', 'MDOTsupply'): 0.04, ('Base1', 'TS'): 43.95590953952677, ('Base2', 'CDEM_TR'): 13.955909539526772, ('Base2', 'CDEM_mdotR'): 0.04, ('Base2', 'CDEM_cmf'): 1.0, ('Base3', 'COGwflag'): 1}
2018-12-10 13:38:28,927 :: DEBUG :: ZEROBNL -> node.py :: set_attribute :: SET ATTRIBUTE Ts_second to 43.95590953952677
2018-12-10 13:38:28,927 :: DEBUG :: ZEROBNL -> node.py :: get_attribute :: GET ATTRIBUTE Ts_second
2018-12-10 13:38:28,928 :: DEBUG :: ZEROBNL -> node.py :: run :: UPDATE DONE
2018-12-10 13:38:28,939 :: DEBUG :: ZEROBNL -> node.py :: run :: UPDATE
2018-12-10 13:38:28,939 :: DEBUG :: ZEROBNL -> node.py :: _update_inputs :: INPUTS {('Base0', 'Tsupply'): 43.95590953952677, ('Base0', 'MDOTsupply'): 0.04, ('Base1', 'TS'): 43.95590953952677, ('Base2', 'CDEM_TR'): 13.955909539526772, ('Base2', 'CDEM_mdotR'): 0.04, ('Base2', 'CDEM_cmf'): 1.0, ('Base3', 'COGwflag'): 1}
2018-12-10 13:38:28,939 :: DEBUG :: ZEROBNL -> node.py :: set_attribute :: SET ATTRIBUTE Ts_second to 43.95590953952677
2018-12-10 13:38:28,939 :: DEBUG :: ZEROBNL -> node.py :: get_attribute :: GET ATTRIBUTE Ts_second
2018-12-10 13:38:28,940 :: DEBUG :: ZEROBNL -> node.py :: run :: UPDATE DONE
2018-12-10 13:38:28,973 :: DEBUG :: ZEROBNL -> node.py :: run :: UPDATE
2018-12-10 13:38:28,973 :: DEBUG :: ZEROBNL -> node.py :: _update_inputs :: INPUTS {('Base0', 'Tsupply'): 43.955909539593975, ('Base0', 'MDOTsupply'): 0.04, ('Base1', 'TS'): 43.95590953952677, ('Base2', 'CDEM_TR'): 13.955909539526772, ('Base2', 'CDEM_mdotR'): 0.04, ('Base2', 'CDEM_cmf'): 1.0, ('Base3', 'COGwflag'): 1}
2018-12-10 13:38:28,973 :: DEBUG :: ZEROBNL -> node.py :: set_attribute :: SET ATTRIBUTE Ts_second to 43.95590953952677
2018-12-10 13:38:28,974 :: DEBUG :: ZEROBNL -> node.py :: get_attribute :: GET ATTRIBUTE Ts_second
2018-12-10 13:38:28,974 :: DEBUG :: ZEROBNL -> node.py :: run :: UPDATE DONE
2018-12-10 13:38:28,989 :: DEBUG :: ZEROBNL -> node.py :: run :: UPDATE
2018-12-10 13:38:28,989 :: DEBUG :: ZEROBNL -> node.py :: _update_inputs :: INPUTS {('Base0', 'Tsupply'): 43.955909539593975, ('Base0', 'MDOTsupply'): 0.04, ('Base1', 'TS'): 43.955909539593975, ('Base2', 'CDEM_TR'): 13.955909539526772, ('Base2', 'CDEM_mdotR'): 0.04, ('Base2', 'CDEM_cmf'): 1.0, ('Base3', 'COGwflag'): 1}
2018-12-10 13:38:28,989 :: DEBUG :: ZEROBNL -> node.py :: set_attribute :: SET ATTRIBUTE Ts_second to 43.955909539593975
2018-12-10 13:38:28,989 :: DEBUG :: ZEROBNL -> node.py :: get_attribute :: GET ATTRIBUTE Ts_second
2018-12-10 13:38:28,990 :: DEBUG :: ZEROBNL -> node.py :: run :: UPDATE DONE
2018-12-10 13:38:28,993 :: DEBUG :: ZEROBNL -> node.py :: run :: STEP
2018-12-10 13:38:28,993 :: DEBUG :: ZEROBNL -> node.py :: step :: NEW TIME
2018-12-10 13:38:28,993 :: DEBUG :: ZEROBNL -> node.py :: get_attribute :: GET ATTRIBUTE CDEM_TR
2018-12-10 13:38:28,994 :: DEBUG :: ZEROBNL -> node.py :: get_attribute :: GET ATTRIBUTE CDEM_mdotR
2018-12-10 13:38:28,994 :: DEBUG :: ZEROBNL -> node.py :: get_attribute :: GET ATTRIBUTE CDEM_cmf
2018-12-10 13:38:28,995 :: DEBUG :: ZEROBNL -> node.py :: get_attribute :: GET ATTRIBUTE CDEM_TR
2018-12-10 13:38:28,995 :: DEBUG :: ZEROBNL -> node.py :: get_attribute :: GET ATTRIBUTE CDEM_mdotR
2018-12-10 13:38:28,995 :: DEBUG :: ZEROBNL -> node.py :: get_attribute :: GET ATTRIBUTE CDEM_cmf
2018-12-10 13:38:28,995 :: DEBUG :: ZEROBNL -> node.py :: run :: STATE {'CDEM_TR': 13.955909539593975, 'CDEM_mdotR': 0.04, 'CDEM_cmf': 1.0}
2018-12-10 13:38:28,995 :: DEBUG :: ZEROBNL -> node.py :: run :: STEP DONE
2018-12-10 13:38:28,996 :: DEBUG :: ZEROBNL -> node.py :: run :: UPDATE
2018-12-10 13:38:28,996 :: DEBUG :: ZEROBNL -> node.py :: _update_inputs :: INPUTS {('Base0', 'Tsupply'): 43.955909539593975, ('Base0', 'MDOTsupply'): 0.04, ('Base1', 'TS'): 43.955909539593975, ('Base2', 'CDEM_TR'): 13.955909539593975, ('Base2', 'CDEM_mdotR'): 0.04, ('Base2', 'CDEM_cmf'): 1.0, ('Base3', 'COGwflag'): 1}
2018-12-10 13:38:28,996 :: DEBUG :: ZEROBNL -> node.py :: set_attribute :: SET ATTRIBUTE Ts_second to 43.955909539593975
2018-12-10 13:38:28,996 :: DEBUG :: ZEROBNL -> node.py :: get_attribute :: GET ATTRIBUTE Ts_second
2018-12-10 13:38:28,997 :: DEBUG :: ZEROBNL -> node.py :: run :: UPDATE DONE
2018-12-10 13:38:29,008 :: DEBUG :: ZEROBNL -> node.py :: run :: UPDATE
2018-12-10 13:38:29,009 :: DEBUG :: ZEROBNL -> node.py :: _update_inputs :: INPUTS {('Base0', 'Tsupply'): 43.955909539593975, ('Base0', 'MDOTsupply'): 0.04, ('Base1', 'TS'): 43.955909539593975, ('Base2', 'CDEM_TR'): 13.955909539593975, ('Base2', 'CDEM_mdotR'): 0.04, ('Base2', 'CDEM_cmf'): 1.0, ('Base3', 'COGwflag'): 1}
2018-12-10 13:38:29,009 :: DEBUG :: ZEROBNL -> node.py :: set_attribute :: SET ATTRIBUTE Ts_second to 43.955909539593975
2018-12-10 13:38:29,009 :: DEBUG :: ZEROBNL -> node.py :: get_attribute :: GET ATTRIBUTE Ts_second
2018-12-10 13:38:29,010 :: DEBUG :: ZEROBNL -> node.py :: run :: UPDATE DONE
2018-12-10 13:38:29,040 :: DEBUG :: ZEROBNL -> node.py :: run :: UPDATE
2018-12-10 13:38:29,040 :: DEBUG :: ZEROBNL -> node.py :: _update_inputs :: INPUTS {('Base0', 'Tsupply'): 43.95590953958388, ('Base0', 'MDOTsupply'): 0.04, ('Base1', 'TS'): 43.955909539593975, ('Base2', 'CDEM_TR'): 13.955909539593975, ('Base2', 'CDEM_mdotR'): 0.04, ('Base2', 'CDEM_cmf'): 1.0, ('Base3', 'COGwflag'): 1}
2018-12-10 13:38:29,041 :: DEBUG :: ZEROBNL -> node.py :: set_attribute :: SET ATTRIBUTE Ts_second to 43.955909539593975
2018-12-10 13:38:29,041 :: DEBUG :: ZEROBNL -> node.py :: get_attribute :: GET ATTRIBUTE Ts_second
2018-12-10 13:38:29,042 :: DEBUG :: ZEROBNL -> node.py :: run :: UPDATE DONE
2018-12-10 13:38:29,051 :: DEBUG :: ZEROBNL -> node.py :: run :: UPDATE
2018-12-10 13:38:29,052 :: DEBUG :: ZEROBNL -> node.py :: _update_inputs :: INPUTS {('Base0', 'Tsupply'): 43.95590953958388, ('Base0', 'MDOTsupply'): 0.04, ('Base1', 'TS'): 43.95590953958388, ('Base2', 'CDEM_TR'): 13.955909539593975, ('Base2', 'CDEM_mdotR'): 0.04, ('Base2', 'CDEM_cmf'): 1.0, ('Base3', 'COGwflag'): 1}
2018-12-10 13:38:29,052 :: DEBUG :: ZEROBNL -> node.py :: set_attribute :: SET ATTRIBUTE Ts_second to 43.95590953958388
2018-12-10 13:38:29,052 :: DEBUG :: ZEROBNL -> node.py :: get_attribute :: GET ATTRIBUTE Ts_second
2018-12-10 13:38:29,053 :: DEBUG :: ZEROBNL -> node.py :: run :: UPDATE DONE
2018-12-10 13:38:29,062 :: DEBUG :: ZEROBNL -> node.py :: run :: STEP
2018-12-10 13:38:29,062 :: DEBUG :: ZEROBNL -> node.py :: step :: NEW TIME
2018-12-10 13:38:29,063 :: DEBUG :: ZEROBNL -> node.py :: get_attribute :: GET ATTRIBUTE CDEM_TR
2018-12-10 13:38:29,063 :: DEBUG :: ZEROBNL -> node.py :: get_attribute :: GET ATTRIBUTE CDEM_mdotR
2018-12-10 13:38:29,064 :: DEBUG :: ZEROBNL -> node.py :: get_attribute :: GET ATTRIBUTE CDEM_cmf
2018-12-10 13:38:29,064 :: DEBUG :: ZEROBNL -> node.py :: get_attribute :: GET ATTRIBUTE CDEM_TR
2018-12-10 13:38:29,064 :: DEBUG :: ZEROBNL -> node.py :: get_attribute :: GET ATTRIBUTE CDEM_mdotR
2018-12-10 13:38:29,064 :: DEBUG :: ZEROBNL -> node.py :: get_attribute :: GET ATTRIBUTE CDEM_cmf
2018-12-10 13:38:29,064 :: DEBUG :: ZEROBNL -> node.py :: run :: STATE {'CDEM_TR': 13.955909539583878, 'CDEM_mdotR': 0.04, 'CDEM_cmf': 1.0}
2018-12-10 13:38:29,065 :: DEBUG :: ZEROBNL -> node.py :: run :: STEP DONE
2018-12-10 13:38:29,065 :: DEBUG :: ZEROBNL -> node.py :: run :: UPDATE
2018-12-10 13:38:29,069 :: DEBUG :: ZEROBNL -> node.py :: _update_inputs :: INPUTS {('Base0', 'Tsupply'): 43.95590953958388, ('Base0', 'MDOTsupply'): 0.04, ('Base1', 'TS'): 43.95590953958388, ('Base2', 'CDEM_TR'): 13.955909539583878, ('Base2', 'CDEM_mdotR'): 0.04, ('Base2', 'CDEM_cmf'): 1.0, ('Base3', 'COGwflag'): 1}
2018-12-10 13:38:29,069 :: DEBUG :: ZEROBNL -> node.py :: set_attribute :: SET ATTRIBUTE Ts_second to 43.95590953958388
2018-12-10 13:38:29,069 :: DEBUG :: ZEROBNL -> node.py :: get_attribute :: GET ATTRIBUTE Ts_second
2018-12-10 13:38:29,071 :: DEBUG :: ZEROBNL -> node.py :: run :: UPDATE DONE
2018-12-10 13:38:29,076 :: DEBUG :: ZEROBNL -> node.py :: run :: UPDATE
2018-12-10 13:38:29,077 :: DEBUG :: ZEROBNL -> node.py :: _update_inputs :: INPUTS {('Base0', 'Tsupply'): 43.95590953958388, ('Base0', 'MDOTsupply'): 0.04, ('Base1', 'TS'): 43.95590953958388, ('Base2', 'CDEM_TR'): 13.955909539583878, ('Base2', 'CDEM_mdotR'): 0.04, ('Base2', 'CDEM_cmf'): 1.0, ('Base3', 'COGwflag'): 1}
2018-12-10 13:38:29,077 :: DEBUG :: ZEROBNL -> node.py :: set_attribute :: SET ATTRIBUTE Ts_second to 43.95590953958388
2018-12-10 13:38:29,077 :: DEBUG :: ZEROBNL -> node.py :: get_attribute :: GET ATTRIBUTE Ts_second
2018-12-10 13:38:29,078 :: DEBUG :: ZEROBNL -> node.py :: run :: UPDATE DONE
2018-12-10 13:38:29,103 :: DEBUG :: ZEROBNL -> node.py :: run :: UPDATE
2018-12-10 13:38:29,104 :: DEBUG :: ZEROBNL -> node.py :: _update_inputs :: INPUTS {('Base0', 'Tsupply'): 43.955909539599986, ('Base0', 'MDOTsupply'): 0.04, ('Base1', 'TS'): 43.95590953958388, ('Base2', 'CDEM_TR'): 13.955909539583878, ('Base2', 'CDEM_mdotR'): 0.04, ('Base2', 'CDEM_cmf'): 1.0, ('Base3', 'COGwflag'): 1}
2018-12-10 13:38:29,104 :: DEBUG :: ZEROBNL -> node.py :: set_attribute :: SET ATTRIBUTE Ts_second to 43.95590953958388
2018-12-10 13:38:29,104 :: DEBUG :: ZEROBNL -> node.py :: get_attribute :: GET ATTRIBUTE Ts_second
2018-12-10 13:38:29,106 :: DEBUG :: ZEROBNL -> node.py :: run :: UPDATE DONE
2018-12-10 13:38:29,115 :: DEBUG :: ZEROBNL -> node.py :: run :: UPDATE
2018-12-10 13:38:29,116 :: DEBUG :: ZEROBNL -> node.py :: _update_inputs :: INPUTS {('Base0', 'Tsupply'): 43.955909539599986, ('Base0', 'MDOTsupply'): 0.04, ('Base1', 'TS'): 43.955909539599986, ('Base2', 'CDEM_TR'): 13.955909539583878, ('Base2', 'CDEM_mdotR'): 0.04, ('Base2', 'CDEM_cmf'): 1.0, ('Base3', 'COGwflag'): 1}
2018-12-10 13:38:29,116 :: DEBUG :: ZEROBNL -> node.py :: set_attribute :: SET ATTRIBUTE Ts_second to 43.955909539599986
2018-12-10 13:38:29,116 :: DEBUG :: ZEROBNL -> node.py :: get_attribute :: GET ATTRIBUTE Ts_second
2018-12-10 13:38:29,119 :: DEBUG :: ZEROBNL -> node.py :: run :: UPDATE DONE
2018-12-10 13:38:29,126 :: DEBUG :: ZEROBNL -> node.py :: run :: STEP
2018-12-10 13:38:29,126 :: DEBUG :: ZEROBNL -> node.py :: step :: NEW TIME
2018-12-10 13:38:29,126 :: DEBUG :: ZEROBNL -> node.py :: get_attribute :: GET ATTRIBUTE CDEM_TR
2018-12-10 13:38:29,127 :: DEBUG :: ZEROBNL -> node.py :: get_attribute :: GET ATTRIBUTE CDEM_mdotR
2018-12-10 13:38:29,127 :: DEBUG :: ZEROBNL -> node.py :: get_attribute :: GET ATTRIBUTE CDEM_cmf
2018-12-10 13:38:29,128 :: DEBUG :: ZEROBNL -> node.py :: get_attribute :: GET ATTRIBUTE CDEM_TR
2018-12-10 13:38:29,128 :: DEBUG :: ZEROBNL -> node.py :: get_attribute :: GET ATTRIBUTE CDEM_mdotR
2018-12-10 13:38:29,128 :: DEBUG :: ZEROBNL -> node.py :: get_attribute :: GET ATTRIBUTE CDEM_cmf
2018-12-10 13:38:29,128 :: DEBUG :: ZEROBNL -> node.py :: run :: STATE {'CDEM_TR': 13.955909539599986, 'CDEM_mdotR': 0.04, 'CDEM_cmf': 1.0}
2018-12-10 13:38:29,128 :: DEBUG :: ZEROBNL -> node.py :: run :: STEP DONE
2018-12-10 13:38:29,129 :: DEBUG :: ZEROBNL -> node.py :: run :: UPDATE
2018-12-10 13:38:29,129 :: DEBUG :: ZEROBNL -> node.py :: _update_inputs :: INPUTS {('Base0', 'Tsupply'): 43.955909539599986, ('Base0', 'MDOTsupply'): 0.04, ('Base1', 'TS'): 43.955909539599986, ('Base2', 'CDEM_TR'): 13.955909539599986, ('Base2', 'CDEM_mdotR'): 0.04, ('Base2', 'CDEM_cmf'): 1.0, ('Base3', 'COGwflag'): 1}
2018-12-10 13:38:29,129 :: DEBUG :: ZEROBNL -> node.py :: set_attribute :: SET ATTRIBUTE Ts_second to 43.955909539599986
2018-12-10 13:38:29,130 :: DEBUG :: ZEROBNL -> node.py :: get_attribute :: GET ATTRIBUTE Ts_second
2018-12-10 13:38:29,130 :: DEBUG :: ZEROBNL -> node.py :: run :: UPDATE DONE
2018-12-10 13:38:29,144 :: DEBUG :: ZEROBNL -> node.py :: run :: UPDATE
2018-12-10 13:38:29,144 :: DEBUG :: ZEROBNL -> node.py :: _update_inputs :: INPUTS {('Base0', 'Tsupply'): 43.955909539599986, ('Base0', 'MDOTsupply'): 0.04, ('Base1', 'TS'): 43.955909539599986, ('Base2', 'CDEM_TR'): 13.955909539599986, ('Base2', 'CDEM_mdotR'): 0.04, ('Base2', 'CDEM_cmf'): 1.0, ('Base3', 'COGwflag'): 1}
2018-12-10 13:38:29,145 :: DEBUG :: ZEROBNL -> node.py :: set_attribute :: SET ATTRIBUTE Ts_second to 43.955909539599986
2018-12-10 13:38:29,145 :: DEBUG :: ZEROBNL -> node.py :: get_attribute :: GET ATTRIBUTE Ts_second
2018-12-10 13:38:29,145 :: DEBUG :: ZEROBNL -> node.py :: run :: UPDATE DONE
2018-12-10 13:38:29,168 :: DEBUG :: ZEROBNL -> node.py :: run :: UPDATE
2018-12-10 13:38:29,168 :: DEBUG :: ZEROBNL -> node.py :: _update_inputs :: INPUTS {('Base0', 'Tsupply'): 43.95590953957898, ('Base0', 'MDOTsupply'): 0.04, ('Base1', 'TS'): 43.955909539599986, ('Base2', 'CDEM_TR'): 13.955909539599986, ('Base2', 'CDEM_mdotR'): 0.04, ('Base2', 'CDEM_cmf'): 1.0, ('Base3', 'COGwflag'): 1}
2018-12-10 13:38:29,169 :: DEBUG :: ZEROBNL -> node.py :: set_attribute :: SET ATTRIBUTE Ts_second to 43.955909539599986
2018-12-10 13:38:29,169 :: DEBUG :: ZEROBNL -> node.py :: get_attribute :: GET ATTRIBUTE Ts_second
2018-12-10 13:38:29,169 :: DEBUG :: ZEROBNL -> node.py :: run :: UPDATE DONE
2018-12-10 13:38:29,179 :: DEBUG :: ZEROBNL -> node.py :: run :: UPDATE
2018-12-10 13:38:29,180 :: DEBUG :: ZEROBNL -> node.py :: _update_inputs :: INPUTS {('Base0', 'Tsupply'): 43.95590953957898, ('Base0', 'MDOTsupply'): 0.04, ('Base1', 'TS'): 43.95590953957898, ('Base2', 'CDEM_TR'): 13.955909539599986, ('Base2', 'CDEM_mdotR'): 0.04, ('Base2', 'CDEM_cmf'): 1.0, ('Base3', 'COGwflag'): 1}
2018-12-10 13:38:29,180 :: DEBUG :: ZEROBNL -> node.py :: set_attribute :: SET ATTRIBUTE Ts_second to 43.95590953957898
2018-12-10 13:38:29,180 :: DEBUG :: ZEROBNL -> node.py :: get_attribute :: GET ATTRIBUTE Ts_second
2018-12-10 13:38:29,181 :: DEBUG :: ZEROBNL -> node.py :: run :: UPDATE DONE
2018-12-10 13:38:29,190 :: DEBUG :: ZEROBNL -> node.py :: run :: STEP
2018-12-10 13:38:29,190 :: DEBUG :: ZEROBNL -> node.py :: step :: NEW TIME
2018-12-10 13:38:29,190 :: DEBUG :: ZEROBNL -> node.py :: get_attribute :: GET ATTRIBUTE CDEM_TR
2018-12-10 13:38:29,191 :: DEBUG :: ZEROBNL -> node.py :: get_attribute :: GET ATTRIBUTE CDEM_mdotR
2018-12-10 13:38:29,191 :: DEBUG :: ZEROBNL -> node.py :: get_attribute :: GET ATTRIBUTE CDEM_cmf
2018-12-10 13:38:29,191 :: DEBUG :: ZEROBNL -> node.py :: get_attribute :: GET ATTRIBUTE CDEM_TR
2018-12-10 13:38:29,191 :: DEBUG :: ZEROBNL -> node.py :: get_attribute :: GET ATTRIBUTE CDEM_mdotR
2018-12-10 13:38:29,192 :: DEBUG :: ZEROBNL -> node.py :: get_attribute :: GET ATTRIBUTE CDEM_cmf
2018-12-10 13:38:29,192 :: DEBUG :: ZEROBNL -> node.py :: run :: STATE {'CDEM_TR': 13.955909539578983, 'CDEM_mdotR': 0.04, 'CDEM_cmf': 1.0}
2018-12-10 13:38:29,192 :: DEBUG :: ZEROBNL -> node.py :: run :: STEP DONE
2018-12-10 13:38:29,192 :: DEBUG :: ZEROBNL -> node.py :: run :: UPDATE
2018-12-10 13:38:29,193 :: DEBUG :: ZEROBNL -> node.py :: _update_inputs :: INPUTS {('Base0', 'Tsupply'): 43.95590953957898, ('Base0', 'MDOTsupply'): 0.04, ('Base1', 'TS'): 43.95590953957898, ('Base2', 'CDEM_TR'): 13.955909539578983, ('Base2', 'CDEM_mdotR'): 0.04, ('Base2', 'CDEM_cmf'): 1.0, ('Base3', 'COGwflag'): 1}
2018-12-10 13:38:29,193 :: DEBUG :: ZEROBNL -> node.py :: set_attribute :: SET ATTRIBUTE Ts_second to 43.95590953957898
2018-12-10 13:38:29,193 :: DEBUG :: ZEROBNL -> node.py :: get_attribute :: GET ATTRIBUTE Ts_second
2018-12-10 13:38:29,193 :: DEBUG :: ZEROBNL -> node.py :: run :: UPDATE DONE
2018-12-10 13:38:29,204 :: DEBUG :: ZEROBNL -> node.py :: run :: UPDATE
2018-12-10 13:38:29,205 :: DEBUG :: ZEROBNL -> node.py :: _update_inputs :: INPUTS {('Base0', 'Tsupply'): 43.95590953957898, ('Base0', 'MDOTsupply'): 0.04, ('Base1', 'TS'): 43.95590953957898, ('Base2', 'CDEM_TR'): 13.955909539578983, ('Base2', 'CDEM_mdotR'): 0.04, ('Base2', 'CDEM_cmf'): 1.0, ('Base3', 'COGwflag'): 1}
2018-12-10 13:38:29,205 :: DEBUG :: ZEROBNL -> node.py :: set_attribute :: SET ATTRIBUTE Ts_second to 43.95590953957898
2018-12-10 13:38:29,205 :: DEBUG :: ZEROBNL -> node.py :: get_attribute :: GET ATTRIBUTE Ts_second
2018-12-10 13:38:29,206 :: DEBUG :: ZEROBNL -> node.py :: run :: UPDATE DONE
2018-12-10 13:38:29,231 :: DEBUG :: ZEROBNL -> node.py :: run :: UPDATE
2018-12-10 13:38:29,231 :: DEBUG :: ZEROBNL -> node.py :: _update_inputs :: INPUTS {('Base0', 'Tsupply'): 43.95590953959705, ('Base0', 'MDOTsupply'): 0.04, ('Base1', 'TS'): 43.95590953957898, ('Base2', 'CDEM_TR'): 13.955909539578983, ('Base2', 'CDEM_mdotR'): 0.04, ('Base2', 'CDEM_cmf'): 1.0, ('Base3', 'COGwflag'): 1}
2018-12-10 13:38:29,231 :: DEBUG :: ZEROBNL -> node.py :: set_attribute :: SET ATTRIBUTE Ts_second to 43.95590953957898
2018-12-10 13:38:29,231 :: DEBUG :: ZEROBNL -> node.py :: get_attribute :: GET ATTRIBUTE Ts_second
2018-12-10 13:38:29,232 :: DEBUG :: ZEROBNL -> node.py :: run :: UPDATE DONE
2018-12-10 13:38:29,245 :: DEBUG :: ZEROBNL -> node.py :: run :: UPDATE
2018-12-10 13:38:29,247 :: DEBUG :: ZEROBNL -> node.py :: _update_inputs :: INPUTS {('Base0', 'Tsupply'): 43.95590953959705, ('Base0', 'MDOTsupply'): 0.04, ('Base1', 'TS'): 43.95590953959705, ('Base2', 'CDEM_TR'): 13.955909539578983, ('Base2', 'CDEM_mdotR'): 0.04, ('Base2', 'CDEM_cmf'): 1.0, ('Base3', 'COGwflag'): 1}
2018-12-10 13:38:29,247 :: DEBUG :: ZEROBNL -> node.py :: set_attribute :: SET ATTRIBUTE Ts_second to 43.95590953959705
2018-12-10 13:38:29,247 :: DEBUG :: ZEROBNL -> node.py :: get_attribute :: GET ATTRIBUTE Ts_second
2018-12-10 13:38:29,249 :: DEBUG :: ZEROBNL -> node.py :: run :: UPDATE DONE
2018-12-10 13:38:29,253 :: DEBUG :: ZEROBNL -> node.py :: run :: STEP
2018-12-10 13:38:29,253 :: DEBUG :: ZEROBNL -> node.py :: step :: NEW TIME
2018-12-10 13:38:29,253 :: DEBUG :: ZEROBNL -> node.py :: get_attribute :: GET ATTRIBUTE CDEM_TR
2018-12-10 13:38:29,254 :: DEBUG :: ZEROBNL -> node.py :: get_attribute :: GET ATTRIBUTE CDEM_mdotR
2018-12-10 13:38:29,254 :: DEBUG :: ZEROBNL -> node.py :: get_attribute :: GET ATTRIBUTE CDEM_cmf
2018-12-10 13:38:29,255 :: DEBUG :: ZEROBNL -> node.py :: get_attribute :: GET ATTRIBUTE CDEM_TR
2018-12-10 13:38:29,255 :: DEBUG :: ZEROBNL -> node.py :: get_attribute :: GET ATTRIBUTE CDEM_mdotR
2018-12-10 13:38:29,255 :: DEBUG :: ZEROBNL -> node.py :: get_attribute :: GET ATTRIBUTE CDEM_cmf
2018-12-10 13:38:29,255 :: DEBUG :: ZEROBNL -> node.py :: run :: STATE {'CDEM_TR': 13.955909539597052, 'CDEM_mdotR': 0.04, 'CDEM_cmf': 1.0}
2018-12-10 13:38:29,255 :: DEBUG :: ZEROBNL -> node.py :: run :: STEP DONE
2018-12-10 13:38:29,256 :: DEBUG :: ZEROBNL -> node.py :: run :: UPDATE
2018-12-10 13:38:29,257 :: DEBUG :: ZEROBNL -> node.py :: _update_inputs :: INPUTS {('Base0', 'Tsupply'): 43.95590953959705, ('Base0', 'MDOTsupply'): 0.04, ('Base1', 'TS'): 43.95590953959705, ('Base2', 'CDEM_TR'): 13.955909539597052, ('Base2', 'CDEM_mdotR'): 0.04, ('Base2', 'CDEM_cmf'): 1.0, ('Base3', 'COGwflag'): 1}
2018-12-10 13:38:29,257 :: DEBUG :: ZEROBNL -> node.py :: set_attribute :: SET ATTRIBUTE Ts_second to 43.95590953959705
2018-12-10 13:38:29,257 :: DEBUG :: ZEROBNL -> node.py :: get_attribute :: GET ATTRIBUTE Ts_second
2018-12-10 13:38:29,259 :: DEBUG :: ZEROBNL -> node.py :: run :: UPDATE DONE
2018-12-10 13:38:29,268 :: DEBUG :: ZEROBNL -> node.py :: run :: UPDATE
2018-12-10 13:38:29,268 :: DEBUG :: ZEROBNL -> node.py :: _update_inputs :: INPUTS {('Base0', 'Tsupply'): 43.95590953959705, ('Base0', 'MDOTsupply'): 0.04, ('Base1', 'TS'): 43.95590953959705, ('Base2', 'CDEM_TR'): 13.955909539597052, ('Base2', 'CDEM_mdotR'): 0.04, ('Base2', 'CDEM_cmf'): 1.0, ('Base3', 'COGwflag'): 1}
2018-12-10 13:38:29,268 :: DEBUG :: ZEROBNL -> node.py :: set_attribute :: SET ATTRIBUTE Ts_second to 43.95590953959705
2018-12-10 13:38:29,268 :: DEBUG :: ZEROBNL -> node.py :: get_attribute :: GET ATTRIBUTE Ts_second
2018-12-10 13:38:29,269 :: DEBUG :: ZEROBNL -> node.py :: run :: UPDATE DONE
2018-12-10 13:38:29,297 :: DEBUG :: ZEROBNL -> node.py :: run :: UPDATE
2018-12-10 13:38:29,298 :: DEBUG :: ZEROBNL -> node.py :: _update_inputs :: INPUTS {('Base0', 'Tsupply'): 43.95590953960147, ('Base0', 'MDOTsupply'): 0.04, ('Base1', 'TS'): 43.95590953959705, ('Base2', 'CDEM_TR'): 13.955909539597052, ('Base2', 'CDEM_mdotR'): 0.04, ('Base2', 'CDEM_cmf'): 1.0, ('Base3', 'COGwflag'): 1}
2018-12-10 13:38:29,298 :: DEBUG :: ZEROBNL -> node.py :: set_attribute :: SET ATTRIBUTE Ts_second to 43.95590953959705
2018-12-10 13:38:29,298 :: DEBUG :: ZEROBNL -> node.py :: get_attribute :: GET ATTRIBUTE Ts_second
2018-12-10 13:38:29,298 :: DEBUG :: ZEROBNL -> node.py :: run :: UPDATE DONE
2018-12-10 13:38:29,310 :: DEBUG :: ZEROBNL -> node.py :: run :: UPDATE
2018-12-10 13:38:29,311 :: DEBUG :: ZEROBNL -> node.py :: _update_inputs :: INPUTS {('Base0', 'Tsupply'): 43.95590953960147, ('Base0', 'MDOTsupply'): 0.04, ('Base1', 'TS'): 43.95590953960147, ('Base2', 'CDEM_TR'): 13.955909539597052, ('Base2', 'CDEM_mdotR'): 0.04, ('Base2', 'CDEM_cmf'): 1.0, ('Base3', 'COGwflag'): 1}
2018-12-10 13:38:29,311 :: DEBUG :: ZEROBNL -> node.py :: set_attribute :: SET ATTRIBUTE Ts_second to 43.95590953960147
2018-12-10 13:38:29,311 :: DEBUG :: ZEROBNL -> node.py :: get_attribute :: GET ATTRIBUTE Ts_second
2018-12-10 13:38:29,313 :: DEBUG :: ZEROBNL -> node.py :: run :: UPDATE DONE
2018-12-10 13:38:29,320 :: DEBUG :: ZEROBNL -> node.py :: run :: STEP
2018-12-10 13:38:29,320 :: DEBUG :: ZEROBNL -> node.py :: step :: NEW TIME
2018-12-10 13:38:29,320 :: DEBUG :: ZEROBNL -> node.py :: get_attribute :: GET ATTRIBUTE CDEM_TR
2018-12-10 13:38:29,321 :: DEBUG :: ZEROBNL -> node.py :: get_attribute :: GET ATTRIBUTE CDEM_mdotR
2018-12-10 13:38:29,321 :: DEBUG :: ZEROBNL -> node.py :: get_attribute :: GET ATTRIBUTE CDEM_cmf
2018-12-10 13:38:29,322 :: DEBUG :: ZEROBNL -> node.py :: get_attribute :: GET ATTRIBUTE CDEM_TR
2018-12-10 13:38:29,322 :: DEBUG :: ZEROBNL -> node.py :: get_attribute :: GET ATTRIBUTE CDEM_mdotR
2018-12-10 13:38:29,322 :: DEBUG :: ZEROBNL -> node.py :: get_attribute :: GET ATTRIBUTE CDEM_cmf
2018-12-10 13:38:29,322 :: DEBUG :: ZEROBNL -> node.py :: run :: STATE {'CDEM_TR': 13.955909539601471, 'CDEM_mdotR': 0.04, 'CDEM_cmf': 1.0}
2018-12-10 13:38:29,322 :: DEBUG :: ZEROBNL -> node.py :: run :: STEP DONE
2018-12-10 13:38:29,324 :: DEBUG :: ZEROBNL -> node.py :: run :: UPDATE
2018-12-10 13:38:29,325 :: DEBUG :: ZEROBNL -> node.py :: _update_inputs :: INPUTS {('Base0', 'Tsupply'): 43.95590953960147, ('Base0', 'MDOTsupply'): 0.04, ('Base1', 'TS'): 43.95590953960147, ('Base2', 'CDEM_TR'): 13.955909539601471, ('Base2', 'CDEM_mdotR'): 0.04, ('Base2', 'CDEM_cmf'): 1.0, ('Base3', 'COGwflag'): 1}
2018-12-10 13:38:29,325 :: DEBUG :: ZEROBNL -> node.py :: set_attribute :: SET ATTRIBUTE Ts_second to 43.95590953960147
2018-12-10 13:38:29,325 :: DEBUG :: ZEROBNL -> node.py :: get_attribute :: GET ATTRIBUTE Ts_second
2018-12-10 13:38:29,327 :: DEBUG :: ZEROBNL -> node.py :: run :: UPDATE DONE
2018-12-10 13:38:29,336 :: DEBUG :: ZEROBNL -> node.py :: run :: UPDATE
2018-12-10 13:38:29,338 :: DEBUG :: ZEROBNL -> node.py :: _update_inputs :: INPUTS {('Base0', 'Tsupply'): 43.95590953960147, ('Base0', 'MDOTsupply'): 0.04, ('Base1', 'TS'): 43.95590953960147, ('Base2', 'CDEM_TR'): 13.955909539601471, ('Base2', 'CDEM_mdotR'): 0.04, ('Base2', 'CDEM_cmf'): 1.0, ('Base3', 'COGwflag'): 1}
2018-12-10 13:38:29,338 :: DEBUG :: ZEROBNL -> node.py :: set_attribute :: SET ATTRIBUTE Ts_second to 43.95590953960147
2018-12-10 13:38:29,338 :: DEBUG :: ZEROBNL -> node.py :: get_attribute :: GET ATTRIBUTE Ts_second
2018-12-10 13:38:29,339 :: DEBUG :: ZEROBNL -> node.py :: run :: UPDATE DONE
2018-12-10 13:38:29,365 :: DEBUG :: ZEROBNL -> node.py :: run :: UPDATE
2018-12-10 13:38:29,366 :: DEBUG :: ZEROBNL -> node.py :: _update_inputs :: INPUTS {('Base0', 'Tsupply'): 43.95590953960019, ('Base0', 'MDOTsupply'): 0.04, ('Base1', 'TS'): 43.95590953960147, ('Base2', 'CDEM_TR'): 13.955909539601471, ('Base2', 'CDEM_mdotR'): 0.04, ('Base2', 'CDEM_cmf'): 1.0, ('Base3', 'COGwflag'): 1}
2018-12-10 13:38:29,366 :: DEBUG :: ZEROBNL -> node.py :: set_attribute :: SET ATTRIBUTE Ts_second to 43.95590953960147
2018-12-10 13:38:29,366 :: DEBUG :: ZEROBNL -> node.py :: get_attribute :: GET ATTRIBUTE Ts_second
2018-12-10 13:38:29,366 :: DEBUG :: ZEROBNL -> node.py :: run :: UPDATE DONE
2018-12-10 13:38:29,379 :: DEBUG :: ZEROBNL -> node.py :: run :: UPDATE
2018-12-10 13:38:29,380 :: DEBUG :: ZEROBNL -> node.py :: _update_inputs :: INPUTS {('Base0', 'Tsupply'): 43.95590953960019, ('Base0', 'MDOTsupply'): 0.04, ('Base1', 'TS'): 43.95590953960019, ('Base2', 'CDEM_TR'): 13.955909539601471, ('Base2', 'CDEM_mdotR'): 0.04, ('Base2', 'CDEM_cmf'): 1.0, ('Base3', 'COGwflag'): 1}
2018-12-10 13:38:29,380 :: DEBUG :: ZEROBNL -> node.py :: set_attribute :: SET ATTRIBUTE Ts_second to 43.95590953960019
2018-12-10 13:38:29,380 :: DEBUG :: ZEROBNL -> node.py :: get_attribute :: GET ATTRIBUTE Ts_second
2018-12-10 13:38:29,381 :: DEBUG :: ZEROBNL -> node.py :: run :: UPDATE DONE
2018-12-10 13:38:29,388 :: DEBUG :: ZEROBNL -> node.py :: run :: STEP
2018-12-10 13:38:29,388 :: DEBUG :: ZEROBNL -> node.py :: step :: NEW TIME
2018-12-10 13:38:29,388 :: DEBUG :: ZEROBNL -> node.py :: get_attribute :: GET ATTRIBUTE CDEM_TR
2018-12-10 13:38:29,389 :: DEBUG :: ZEROBNL -> node.py :: get_attribute :: GET ATTRIBUTE CDEM_mdotR
2018-12-10 13:38:29,390 :: DEBUG :: ZEROBNL -> node.py :: get_attribute :: GET ATTRIBUTE CDEM_cmf
2018-12-10 13:38:29,390 :: DEBUG :: ZEROBNL -> node.py :: get_attribute :: GET ATTRIBUTE CDEM_TR
2018-12-10 13:38:29,390 :: DEBUG :: ZEROBNL -> node.py :: get_attribute :: GET ATTRIBUTE CDEM_mdotR
2018-12-10 13:38:29,391 :: DEBUG :: ZEROBNL -> node.py :: get_attribute :: GET ATTRIBUTE CDEM_cmf
2018-12-10 13:38:29,391 :: DEBUG :: ZEROBNL -> node.py :: run :: STATE {'CDEM_TR': 13.955909539600192, 'CDEM_mdotR': 0.04, 'CDEM_cmf': 1.0}
2018-12-10 13:38:29,391 :: DEBUG :: ZEROBNL -> node.py :: run :: STEP DONE
2018-12-10 13:38:29,391 :: DEBUG :: ZEROBNL -> node.py :: run :: UPDATE
2018-12-10 13:38:29,399 :: DEBUG :: ZEROBNL -> node.py :: _update_inputs :: INPUTS {('Base0', 'Tsupply'): 43.95590953960019, ('Base0', 'MDOTsupply'): 0.04, ('Base1', 'TS'): 43.95590953960019, ('Base2', 'CDEM_TR'): 13.955909539600192, ('Base2', 'CDEM_mdotR'): 0.04, ('Base2', 'CDEM_cmf'): 1.0, ('Base3', 'COGwflag'): 1}
2018-12-10 13:38:29,400 :: DEBUG :: ZEROBNL -> node.py :: set_attribute :: SET ATTRIBUTE Ts_second to 43.95590953960019
2018-12-10 13:38:29,400 :: DEBUG :: ZEROBNL -> node.py :: get_attribute :: GET ATTRIBUTE Ts_second
2018-12-10 13:38:29,401 :: DEBUG :: ZEROBNL -> node.py :: run :: UPDATE DONE
2018-12-10 13:38:29,406 :: DEBUG :: ZEROBNL -> node.py :: run :: UPDATE
2018-12-10 13:38:29,406 :: DEBUG :: ZEROBNL -> node.py :: _update_inputs :: INPUTS {('Base0', 'Tsupply'): 43.95590953960019, ('Base0', 'MDOTsupply'): 0.04, ('Base1', 'TS'): 43.95590953960019, ('Base2', 'CDEM_TR'): 13.955909539600192, ('Base2', 'CDEM_mdotR'): 0.04, ('Base2', 'CDEM_cmf'): 1.0, ('Base3', 'COGwflag'): 1}
2018-12-10 13:38:29,406 :: DEBUG :: ZEROBNL -> node.py :: set_attribute :: SET ATTRIBUTE Ts_second to 43.95590953960019
2018-12-10 13:38:29,406 :: DEBUG :: ZEROBNL -> node.py :: get_attribute :: GET ATTRIBUTE Ts_second
2018-12-10 13:38:29,408 :: DEBUG :: ZEROBNL -> node.py :: run :: UPDATE DONE
2018-12-10 13:38:29,438 :: DEBUG :: ZEROBNL -> node.py :: run :: UPDATE
2018-12-10 13:38:29,438 :: DEBUG :: ZEROBNL -> node.py :: _update_inputs :: INPUTS {('Base0', 'Tsupply'): 43.95590953957773, ('Base0', 'MDOTsupply'): 0.04, ('Base1', 'TS'): 43.95590953960019, ('Base2', 'CDEM_TR'): 13.955909539600192, ('Base2', 'CDEM_mdotR'): 0.04, ('Base2', 'CDEM_cmf'): 1.0, ('Base3', 'COGwflag'): 1}
2018-12-10 13:38:29,438 :: DEBUG :: ZEROBNL -> node.py :: set_attribute :: SET ATTRIBUTE Ts_second to 43.95590953960019
2018-12-10 13:38:29,438 :: DEBUG :: ZEROBNL -> node.py :: get_attribute :: GET ATTRIBUTE Ts_second
2018-12-10 13:38:29,440 :: DEBUG :: ZEROBNL -> node.py :: run :: UPDATE DONE
2018-12-10 13:38:29,453 :: DEBUG :: ZEROBNL -> node.py :: run :: UPDATE
2018-12-10 13:38:29,455 :: DEBUG :: ZEROBNL -> node.py :: _update_inputs :: INPUTS {('Base0', 'Tsupply'): 43.95590953957773, ('Base0', 'MDOTsupply'): 0.04, ('Base1', 'TS'): 43.95590953957773, ('Base2', 'CDEM_TR'): 13.955909539600192, ('Base2', 'CDEM_mdotR'): 0.04, ('Base2', 'CDEM_cmf'): 1.0, ('Base3', 'COGwflag'): 1}
2018-12-10 13:38:29,455 :: DEBUG :: ZEROBNL -> node.py :: set_attribute :: SET ATTRIBUTE Ts_second to 43.95590953957773
2018-12-10 13:38:29,455 :: DEBUG :: ZEROBNL -> node.py :: get_attribute :: GET ATTRIBUTE Ts_second
2018-12-10 13:38:29,457 :: DEBUG :: ZEROBNL -> node.py :: run :: UPDATE DONE
2018-12-10 13:38:29,464 :: DEBUG :: ZEROBNL -> node.py :: run :: STEP
2018-12-10 13:38:29,464 :: DEBUG :: ZEROBNL -> node.py :: step :: NEW TIME
2018-12-10 13:38:29,464 :: DEBUG :: ZEROBNL -> node.py :: get_attribute :: GET ATTRIBUTE CDEM_TR
2018-12-10 13:38:29,464 :: DEBUG :: ZEROBNL -> node.py :: get_attribute :: GET ATTRIBUTE CDEM_mdotR
2018-12-10 13:38:29,465 :: DEBUG :: ZEROBNL -> node.py :: get_attribute :: GET ATTRIBUTE CDEM_cmf
2018-12-10 13:38:29,465 :: DEBUG :: ZEROBNL -> node.py :: get_attribute :: GET ATTRIBUTE CDEM_TR
2018-12-10 13:38:29,466 :: DEBUG :: ZEROBNL -> node.py :: get_attribute :: GET ATTRIBUTE CDEM_mdotR
2018-12-10 13:38:29,466 :: DEBUG :: ZEROBNL -> node.py :: get_attribute :: GET ATTRIBUTE CDEM_cmf
2018-12-10 13:38:29,466 :: DEBUG :: ZEROBNL -> node.py :: run :: STATE {'CDEM_TR': 13.955909539577732, 'CDEM_mdotR': 0.04, 'CDEM_cmf': 1.0}
2018-12-10 13:38:29,466 :: DEBUG :: ZEROBNL -> node.py :: run :: STEP DONE
2018-12-10 13:38:29,467 :: DEBUG :: ZEROBNL -> node.py :: run :: UPDATE
2018-12-10 13:38:29,471 :: DEBUG :: ZEROBNL -> node.py :: _update_inputs :: INPUTS {('Base0', 'Tsupply'): 43.95590953957773, ('Base0', 'MDOTsupply'): 0.04, ('Base1', 'TS'): 43.95590953957773, ('Base2', 'CDEM_TR'): 13.955909539577732, ('Base2', 'CDEM_mdotR'): 0.04, ('Base2', 'CDEM_cmf'): 1.0, ('Base3', 'COGwflag'): 1}
2018-12-10 13:38:29,471 :: DEBUG :: ZEROBNL -> node.py :: set_attribute :: SET ATTRIBUTE Ts_second to 43.95590953957773
2018-12-10 13:38:29,471 :: DEBUG :: ZEROBNL -> node.py :: get_attribute :: GET ATTRIBUTE Ts_second
2018-12-10 13:38:29,473 :: DEBUG :: ZEROBNL -> node.py :: run :: UPDATE DONE
2018-12-10 13:38:29,479 :: DEBUG :: ZEROBNL -> node.py :: run :: UPDATE
2018-12-10 13:38:29,480 :: DEBUG :: ZEROBNL -> node.py :: _update_inputs :: INPUTS {('Base0', 'Tsupply'): 43.95590953957773, ('Base0', 'MDOTsupply'): 0.04, ('Base1', 'TS'): 43.95590953957773, ('Base2', 'CDEM_TR'): 13.955909539577732, ('Base2', 'CDEM_mdotR'): 0.04, ('Base2', 'CDEM_cmf'): 1.0, ('Base3', 'COGwflag'): 1}
2018-12-10 13:38:29,480 :: DEBUG :: ZEROBNL -> node.py :: set_attribute :: SET ATTRIBUTE Ts_second to 43.95590953957773
2018-12-10 13:38:29,480 :: DEBUG :: ZEROBNL -> node.py :: get_attribute :: GET ATTRIBUTE Ts_second
2018-12-10 13:38:29,480 :: DEBUG :: ZEROBNL -> node.py :: run :: UPDATE DONE
2018-12-10 13:38:29,507 :: DEBUG :: ZEROBNL -> node.py :: run :: UPDATE
2018-12-10 13:38:29,507 :: DEBUG :: ZEROBNL -> node.py :: _update_inputs :: INPUTS {('Base0', 'Tsupply'): 43.955909539611255, ('Base0', 'MDOTsupply'): 0.04, ('Base1', 'TS'): 43.95590953957773, ('Base2', 'CDEM_TR'): 13.955909539577732, ('Base2', 'CDEM_mdotR'): 0.04, ('Base2', 'CDEM_cmf'): 1.0, ('Base3', 'COGwflag'): 1}
2018-12-10 13:38:29,507 :: DEBUG :: ZEROBNL -> node.py :: set_attribute :: SET ATTRIBUTE Ts_second to 43.95590953957773
2018-12-10 13:38:29,507 :: DEBUG :: ZEROBNL -> node.py :: get_attribute :: GET ATTRIBUTE Ts_second
2018-12-10 13:38:29,508 :: DEBUG :: ZEROBNL -> node.py :: run :: UPDATE DONE
2018-12-10 13:38:29,519 :: DEBUG :: ZEROBNL -> node.py :: run :: UPDATE
2018-12-10 13:38:29,520 :: DEBUG :: ZEROBNL -> node.py :: _update_inputs :: INPUTS {('Base0', 'Tsupply'): 43.955909539611255, ('Base0', 'MDOTsupply'): 0.04, ('Base1', 'TS'): 43.955909539611255, ('Base2', 'CDEM_TR'): 13.955909539577732, ('Base2', 'CDEM_mdotR'): 0.04, ('Base2', 'CDEM_cmf'): 1.0, ('Base3', 'COGwflag'): 1}
2018-12-10 13:38:29,520 :: DEBUG :: ZEROBNL -> node.py :: set_attribute :: SET ATTRIBUTE Ts_second to 43.955909539611255
2018-12-10 13:38:29,520 :: DEBUG :: ZEROBNL -> node.py :: get_attribute :: GET ATTRIBUTE Ts_second
2018-12-10 13:38:29,521 :: DEBUG :: ZEROBNL -> node.py :: run :: UPDATE DONE
2018-12-10 13:38:29,531 :: DEBUG :: ZEROBNL -> node.py :: run :: STEP
2018-12-10 13:38:29,531 :: DEBUG :: ZEROBNL -> node.py :: step :: NEW TIME
2018-12-10 13:38:29,531 :: DEBUG :: ZEROBNL -> node.py :: get_attribute :: GET ATTRIBUTE CDEM_TR
2018-12-10 13:38:29,532 :: DEBUG :: ZEROBNL -> node.py :: get_attribute :: GET ATTRIBUTE CDEM_mdotR
2018-12-10 13:38:29,532 :: DEBUG :: ZEROBNL -> node.py :: get_attribute :: GET ATTRIBUTE CDEM_cmf
2018-12-10 13:38:29,533 :: DEBUG :: ZEROBNL -> node.py :: get_attribute :: GET ATTRIBUTE CDEM_TR
2018-12-10 13:38:29,533 :: DEBUG :: ZEROBNL -> node.py :: get_attribute :: GET ATTRIBUTE CDEM_mdotR
2018-12-10 13:38:29,533 :: DEBUG :: ZEROBNL -> node.py :: get_attribute :: GET ATTRIBUTE CDEM_cmf
2018-12-10 13:38:29,533 :: DEBUG :: ZEROBNL -> node.py :: run :: STATE {'CDEM_TR': 13.955909539611255, 'CDEM_mdotR': 0.04, 'CDEM_cmf': 1.0}
2018-12-10 13:38:29,533 :: DEBUG :: ZEROBNL -> node.py :: run :: STEP DONE
2018-12-10 13:38:29,535 :: DEBUG :: ZEROBNL -> node.py :: run :: UPDATE
2018-12-10 13:38:29,535 :: DEBUG :: ZEROBNL -> node.py :: _update_inputs :: INPUTS {('Base0', 'Tsupply'): 43.955909539611255, ('Base0', 'MDOTsupply'): 0.04, ('Base1', 'TS'): 43.955909539611255, ('Base2', 'CDEM_TR'): 13.955909539611255, ('Base2', 'CDEM_mdotR'): 0.04, ('Base2', 'CDEM_cmf'): 1.0, ('Base3', 'COGwflag'): 1}
2018-12-10 13:38:29,535 :: DEBUG :: ZEROBNL -> node.py :: set_attribute :: SET ATTRIBUTE Ts_second to 43.955909539611255
2018-12-10 13:38:29,535 :: DEBUG :: ZEROBNL -> node.py :: get_attribute :: GET ATTRIBUTE Ts_second
2018-12-10 13:38:29,539 :: DEBUG :: ZEROBNL -> node.py :: run :: UPDATE DONE
2018-12-10 13:38:29,550 :: DEBUG :: ZEROBNL -> node.py :: run :: UPDATE
2018-12-10 13:38:29,550 :: DEBUG :: ZEROBNL -> node.py :: _update_inputs :: INPUTS {('Base0', 'Tsupply'): 43.955909539611255, ('Base0', 'MDOTsupply'): 0.04, ('Base1', 'TS'): 43.955909539611255, ('Base2', 'CDEM_TR'): 13.955909539611255, ('Base2', 'CDEM_mdotR'): 0.04, ('Base2', 'CDEM_cmf'): 1.0, ('Base3', 'COGwflag'): 1}
2018-12-10 13:38:29,550 :: DEBUG :: ZEROBNL -> node.py :: set_attribute :: SET ATTRIBUTE Ts_second to 43.955909539611255
2018-12-10 13:38:29,550 :: DEBUG :: ZEROBNL -> node.py :: get_attribute :: GET ATTRIBUTE Ts_second
2018-12-10 13:38:29,551 :: DEBUG :: ZEROBNL -> node.py :: run :: UPDATE DONE
2018-12-10 13:38:29,585 :: DEBUG :: ZEROBNL -> node.py :: run :: UPDATE
2018-12-10 13:38:29,585 :: DEBUG :: ZEROBNL -> node.py :: _update_inputs :: INPUTS {('Base0', 'Tsupply'): 43.955909539581654, ('Base0', 'MDOTsupply'): 0.04, ('Base1', 'TS'): 43.955909539611255, ('Base2', 'CDEM_TR'): 13.955909539611255, ('Base2', 'CDEM_mdotR'): 0.04, ('Base2', 'CDEM_cmf'): 1.0, ('Base3', 'COGwflag'): 1}
2018-12-10 13:38:29,585 :: DEBUG :: ZEROBNL -> node.py :: set_attribute :: SET ATTRIBUTE Ts_second to 43.955909539611255
2018-12-10 13:38:29,585 :: DEBUG :: ZEROBNL -> node.py :: get_attribute :: GET ATTRIBUTE Ts_second
2018-12-10 13:38:29,586 :: DEBUG :: ZEROBNL -> node.py :: run :: UPDATE DONE
2018-12-10 13:38:29,602 :: DEBUG :: ZEROBNL -> node.py :: run :: UPDATE
2018-12-10 13:38:29,602 :: DEBUG :: ZEROBNL -> node.py :: _update_inputs :: INPUTS {('Base0', 'Tsupply'): 43.955909539581654, ('Base0', 'MDOTsupply'): 0.04, ('Base1', 'TS'): 43.955909539581654, ('Base2', 'CDEM_TR'): 13.955909539611255, ('Base2', 'CDEM_mdotR'): 0.04, ('Base2', 'CDEM_cmf'): 1.0, ('Base3', 'COGwflag'): 1}
2018-12-10 13:38:29,602 :: DEBUG :: ZEROBNL -> node.py :: set_attribute :: SET ATTRIBUTE Ts_second to 43.955909539581654
2018-12-10 13:38:29,602 :: DEBUG :: ZEROBNL -> node.py :: get_attribute :: GET ATTRIBUTE Ts_second
2018-12-10 13:38:29,603 :: DEBUG :: ZEROBNL -> node.py :: run :: UPDATE DONE
2018-12-10 13:38:29,613 :: DEBUG :: ZEROBNL -> node.py :: run :: STEP
2018-12-10 13:38:29,613 :: DEBUG :: ZEROBNL -> node.py :: step :: NEW TIME
2018-12-10 13:38:29,614 :: DEBUG :: ZEROBNL -> node.py :: get_attribute :: GET ATTRIBUTE CDEM_TR
2018-12-10 13:38:29,614 :: DEBUG :: ZEROBNL -> node.py :: get_attribute :: GET ATTRIBUTE CDEM_mdotR
2018-12-10 13:38:29,616 :: DEBUG :: ZEROBNL -> node.py :: get_attribute :: GET ATTRIBUTE CDEM_cmf
2018-12-10 13:38:29,617 :: DEBUG :: ZEROBNL -> node.py :: get_attribute :: GET ATTRIBUTE CDEM_TR
2018-12-10 13:38:29,617 :: DEBUG :: ZEROBNL -> node.py :: get_attribute :: GET ATTRIBUTE CDEM_mdotR
2018-12-10 13:38:29,617 :: DEBUG :: ZEROBNL -> node.py :: get_attribute :: GET ATTRIBUTE CDEM_cmf
2018-12-10 13:38:29,617 :: DEBUG :: ZEROBNL -> node.py :: run :: STATE {'CDEM_TR': 13.955909539581654, 'CDEM_mdotR': 0.04, 'CDEM_cmf': 1.0}
2018-12-10 13:38:29,617 :: DEBUG :: ZEROBNL -> node.py :: run :: STEP DONE
2018-12-10 13:38:29,620 :: DEBUG :: ZEROBNL -> node.py :: run :: UPDATE
2018-12-10 13:38:29,621 :: DEBUG :: ZEROBNL -> node.py :: _update_inputs :: INPUTS {('Base0', 'Tsupply'): 43.955909539581654, ('Base0', 'MDOTsupply'): 0.04, ('Base1', 'TS'): 43.955909539581654, ('Base2', 'CDEM_TR'): 13.955909539581654, ('Base2', 'CDEM_mdotR'): 0.04, ('Base2', 'CDEM_cmf'): 1.0, ('Base3', 'COGwflag'): 1}
2018-12-10 13:38:29,621 :: DEBUG :: ZEROBNL -> node.py :: set_attribute :: SET ATTRIBUTE Ts_second to 43.955909539581654
2018-12-10 13:38:29,621 :: DEBUG :: ZEROBNL -> node.py :: get_attribute :: GET ATTRIBUTE Ts_second
2018-12-10 13:38:29,622 :: DEBUG :: ZEROBNL -> node.py :: run :: UPDATE DONE
2018-12-10 13:38:29,634 :: DEBUG :: ZEROBNL -> node.py :: exit :: EXIT
