2018-12-12 08:40:47,587 :: DEBUG :: ZEROBNL -> node.py :: __init__ :: LOAD CONFIG NODE
2018-12-12 08:40:47,589 :: DEBUG :: ZEROBNL -> node.py :: __init__ :: CONNECT REDIS
2018-12-12 08:40:47,590 :: DEBUG :: ZEROBNL -> node.py :: __init__ :: CREATE SUB/SEND
2018-12-12 08:40:47,590 :: DEBUG :: ZEROBNL -> node.py :: __init__ :: CONNECT TO SUB/SEND
2018-12-12 08:40:47,590 :: DEBUG :: ZEROBNL -> node.py :: __init__ :: SUBSCRIBED TO GRP/ALL
2018-12-12 08:40:47,590 :: DEBUG :: ZEROBNL -> node.py :: __init__ :: INIT DONE
2018-12-12 08:40:47,590 :: DEBUG :: ZEROBNL -> node.py :: run :: INIT VALUES DONE
2018-12-12 08:41:14,388 :: DEBUG :: ZEROBNL -> node.py :: run :: UPDATE
2018-12-12 08:41:14,388 :: DEBUG :: ZEROBNL -> node.py :: _update_inputs :: INPUTS {}
2018-12-12 08:41:14,388 :: DEBUG :: ZEROBNL -> node.py :: run :: UPDATE DONE
2018-12-12 08:41:14,399 :: DEBUG :: ZEROBNL -> node.py :: run :: UPDATE
2018-12-12 08:41:14,399 :: DEBUG :: ZEROBNL -> node.py :: _update_inputs :: INPUTS {('Base0', 'Tth'): 20, ('Base0', 'demandFlag'): 0}
2018-12-12 08:41:14,399 :: DEBUG :: ZEROBNL -> node.py :: set_attribute :: SET ATTRIBUTE demandOK to 0
2018-12-12 08:41:14,399 :: DEBUG :: ZEROBNL -> node.py :: get_attribute :: GET ATTRIBUTE demandOK
2018-12-12 08:41:14,403 :: DEBUG :: ZEROBNL -> node.py :: run :: UPDATE DONE
2018-12-12 08:41:14,411 :: DEBUG :: ZEROBNL -> node.py :: run :: STEP
2018-12-12 08:41:14,412 :: DEBUG :: ZEROBNL -> node.py :: step :: NEW TIME
2018-12-12 08:41:14,412 :: DEBUG :: ZEROBNL -> node.py :: get_attribute :: GET ATTRIBUTE COGwflag
2018-12-12 08:41:14,413 :: DEBUG :: ZEROBNL -> node.py :: get_attribute :: GET ATTRIBUTE COGwflag
2018-12-12 08:41:14,413 :: DEBUG :: ZEROBNL -> node.py :: run :: STATE {'COGwflag': 1}
2018-12-12 08:41:14,413 :: DEBUG :: ZEROBNL -> node.py :: run :: STEP DONE
2018-12-12 08:41:14,413 :: DEBUG :: ZEROBNL -> node.py :: run :: UPDATE
2018-12-12 08:41:14,417 :: DEBUG :: ZEROBNL -> node.py :: _update_inputs :: INPUTS {('Base0', 'Tth'): 20, ('Base0', 'demandFlag'): 0, ('Base1', 'COGwflag'): 1}
2018-12-12 08:41:14,417 :: DEBUG :: ZEROBNL -> node.py :: set_attribute :: SET ATTRIBUTE demandOK to 0
2018-12-12 08:41:14,417 :: DEBUG :: ZEROBNL -> node.py :: get_attribute :: GET ATTRIBUTE demandOK
2018-12-12 08:41:14,419 :: DEBUG :: ZEROBNL -> node.py :: run :: UPDATE DONE
2018-12-12 08:41:14,552 :: DEBUG :: ZEROBNL -> node.py :: run :: UPDATE
2018-12-12 08:41:14,553 :: DEBUG :: ZEROBNL -> node.py :: _update_inputs :: INPUTS {('Base0', 'Tth'): 20, ('Base0', 'demandFlag'): 0, ('Base1', 'COGwflag'): 1, ('Base2', 'Tsupply'): 60.0, ('Base2', 'MDOTsupply'): 0.019934353138878525}
2018-12-12 08:41:14,553 :: DEBUG :: ZEROBNL -> node.py :: set_attribute :: SET ATTRIBUTE demandOK to 0
2018-12-12 08:41:14,553 :: DEBUG :: ZEROBNL -> node.py :: get_attribute :: GET ATTRIBUTE demandOK
2018-12-12 08:41:14,554 :: DEBUG :: ZEROBNL -> node.py :: run :: UPDATE DONE
2018-12-12 08:41:14,648 :: DEBUG :: ZEROBNL -> node.py :: run :: UPDATE
2018-12-12 08:41:14,648 :: DEBUG :: ZEROBNL -> node.py :: _update_inputs :: INPUTS {('Base0', 'Tth'): 20, ('Base0', 'demandFlag'): 0, ('Base1', 'COGwflag'): 1, ('Base2', 'Tsupply'): 60.0, ('Base2', 'MDOTsupply'): 0.019934353138878525, ('Base3', 'QDH'): 1154.79917707783, ('Base3', 'Tindoor'): 20.34543329029867}
2018-12-12 08:41:14,648 :: DEBUG :: ZEROBNL -> node.py :: set_attribute :: SET ATTRIBUTE demandOK to 0
2018-12-12 08:41:14,648 :: DEBUG :: ZEROBNL -> node.py :: get_attribute :: GET ATTRIBUTE demandOK
2018-12-12 08:41:14,649 :: DEBUG :: ZEROBNL -> node.py :: run :: UPDATE DONE
2018-12-12 08:41:14,664 :: DEBUG :: ZEROBNL -> node.py :: run :: UPDATE
2018-12-12 08:41:14,665 :: DEBUG :: ZEROBNL -> node.py :: _update_inputs :: INPUTS {('Base0', 'Tth'): 20, ('Base0', 'demandFlag'): 0, ('Base1', 'COGwflag'): 1, ('Base2', 'Tsupply'): 60.0, ('Base2', 'MDOTsupply'): 0.019934353138878525, ('Base3', 'QDH'): 1154.79917707783, ('Base3', 'Tindoor'): 20.34543329029867}
2018-12-12 08:41:14,665 :: DEBUG :: ZEROBNL -> node.py :: set_attribute :: SET ATTRIBUTE demandOK to 0
2018-12-12 08:41:14,665 :: DEBUG :: ZEROBNL -> node.py :: get_attribute :: GET ATTRIBUTE demandOK
2018-12-12 08:41:14,666 :: DEBUG :: ZEROBNL -> node.py :: run :: UPDATE DONE
2018-12-12 08:41:14,674 :: DEBUG :: ZEROBNL -> node.py :: run :: STEP
2018-12-12 08:41:14,675 :: DEBUG :: ZEROBNL -> node.py :: step :: NEW TIME
2018-12-12 08:41:14,675 :: DEBUG :: ZEROBNL -> node.py :: get_attribute :: GET ATTRIBUTE COGwflag
2018-12-12 08:41:14,675 :: DEBUG :: ZEROBNL -> node.py :: get_attribute :: GET ATTRIBUTE COGwflag
2018-12-12 08:41:14,675 :: DEBUG :: ZEROBNL -> node.py :: run :: STATE {'COGwflag': 1}
2018-12-12 08:41:14,676 :: DEBUG :: ZEROBNL -> node.py :: run :: STEP DONE
2018-12-12 08:41:14,676 :: DEBUG :: ZEROBNL -> node.py :: run :: UPDATE
2018-12-12 08:41:14,676 :: DEBUG :: ZEROBNL -> node.py :: _update_inputs :: INPUTS {('Base0', 'Tth'): 20, ('Base0', 'demandFlag'): 0, ('Base1', 'COGwflag'): 1, ('Base2', 'Tsupply'): 60.0, ('Base2', 'MDOTsupply'): 0.019934353138878525, ('Base3', 'QDH'): 1154.79917707783, ('Base3', 'Tindoor'): 20.34543329029867}
2018-12-12 08:41:14,677 :: DEBUG :: ZEROBNL -> node.py :: set_attribute :: SET ATTRIBUTE demandOK to 0
2018-12-12 08:41:14,677 :: DEBUG :: ZEROBNL -> node.py :: get_attribute :: GET ATTRIBUTE demandOK
2018-12-12 08:41:14,678 :: DEBUG :: ZEROBNL -> node.py :: run :: UPDATE DONE
2018-12-12 08:41:14,710 :: DEBUG :: ZEROBNL -> node.py :: run :: UPDATE
2018-12-12 08:41:14,710 :: DEBUG :: ZEROBNL -> node.py :: _update_inputs :: INPUTS {('Base0', 'Tth'): 20, ('Base0', 'demandFlag'): 0, ('Base1', 'COGwflag'): 1, ('Base2', 'Tsupply'): 60.0, ('Base2', 'MDOTsupply'): 0.011514931968428064, ('Base3', 'QDH'): 1154.79917707783, ('Base3', 'Tindoor'): 20.34543329029867}
2018-12-12 08:41:14,710 :: DEBUG :: ZEROBNL -> node.py :: set_attribute :: SET ATTRIBUTE demandOK to 0
2018-12-12 08:41:14,711 :: DEBUG :: ZEROBNL -> node.py :: get_attribute :: GET ATTRIBUTE demandOK
2018-12-12 08:41:14,712 :: DEBUG :: ZEROBNL -> node.py :: run :: UPDATE DONE
2018-12-12 08:41:14,733 :: DEBUG :: ZEROBNL -> node.py :: run :: UPDATE
2018-12-12 08:41:14,734 :: DEBUG :: ZEROBNL -> node.py :: _update_inputs :: INPUTS {('Base0', 'Tth'): 20, ('Base0', 'demandFlag'): 0, ('Base1', 'COGwflag'): 1, ('Base2', 'Tsupply'): 60.0, ('Base2', 'MDOTsupply'): 0.011514931968428064, ('Base3', 'QDH'): 1070.470864860057, ('Base3', 'Tindoor'): 20.32074302313774}
2018-12-12 08:41:14,734 :: DEBUG :: ZEROBNL -> node.py :: set_attribute :: SET ATTRIBUTE demandOK to 0
2018-12-12 08:41:14,734 :: DEBUG :: ZEROBNL -> node.py :: get_attribute :: GET ATTRIBUTE demandOK
2018-12-12 08:41:14,735 :: DEBUG :: ZEROBNL -> node.py :: run :: UPDATE DONE
2018-12-12 08:41:14,749 :: DEBUG :: ZEROBNL -> node.py :: run :: UPDATE
2018-12-12 08:41:14,749 :: DEBUG :: ZEROBNL -> node.py :: _update_inputs :: INPUTS {('Base0', 'Tth'): 20, ('Base0', 'demandFlag'): 0, ('Base1', 'COGwflag'): 1, ('Base2', 'Tsupply'): 60.0, ('Base2', 'MDOTsupply'): 0.011514931968428064, ('Base3', 'QDH'): 1070.470864860057, ('Base3', 'Tindoor'): 20.32074302313774}
2018-12-12 08:41:14,749 :: DEBUG :: ZEROBNL -> node.py :: set_attribute :: SET ATTRIBUTE demandOK to 0
2018-12-12 08:41:14,749 :: DEBUG :: ZEROBNL -> node.py :: get_attribute :: GET ATTRIBUTE demandOK
2018-12-12 08:41:14,754 :: DEBUG :: ZEROBNL -> node.py :: run :: UPDATE DONE
2018-12-12 08:41:14,760 :: DEBUG :: ZEROBNL -> node.py :: run :: STEP
2018-12-12 08:41:14,760 :: DEBUG :: ZEROBNL -> node.py :: step :: NEW TIME
2018-12-12 08:41:14,760 :: DEBUG :: ZEROBNL -> node.py :: get_attribute :: GET ATTRIBUTE COGwflag
2018-12-12 08:41:14,761 :: DEBUG :: ZEROBNL -> node.py :: get_attribute :: GET ATTRIBUTE COGwflag
2018-12-12 08:41:14,762 :: DEBUG :: ZEROBNL -> node.py :: run :: STATE {'COGwflag': 1}
2018-12-12 08:41:14,762 :: DEBUG :: ZEROBNL -> node.py :: run :: STEP DONE
2018-12-12 08:41:14,762 :: DEBUG :: ZEROBNL -> node.py :: run :: UPDATE
2018-12-12 08:41:14,762 :: DEBUG :: ZEROBNL -> node.py :: _update_inputs :: INPUTS {('Base0', 'Tth'): 20, ('Base0', 'demandFlag'): 0, ('Base1', 'COGwflag'): 1, ('Base2', 'Tsupply'): 60.0, ('Base2', 'MDOTsupply'): 0.011514931968428064, ('Base3', 'QDH'): 1070.470864860057, ('Base3', 'Tindoor'): 20.32074302313774}
2018-12-12 08:41:14,762 :: DEBUG :: ZEROBNL -> node.py :: set_attribute :: SET ATTRIBUTE demandOK to 0
2018-12-12 08:41:14,762 :: DEBUG :: ZEROBNL -> node.py :: get_attribute :: GET ATTRIBUTE demandOK
2018-12-12 08:41:14,763 :: DEBUG :: ZEROBNL -> node.py :: run :: UPDATE DONE
2018-12-12 08:41:14,790 :: DEBUG :: ZEROBNL -> node.py :: run :: UPDATE
2018-12-12 08:41:14,790 :: DEBUG :: ZEROBNL -> node.py :: _update_inputs :: INPUTS {('Base0', 'Tth'): 20, ('Base0', 'demandFlag'): 0, ('Base1', 'COGwflag'): 1, ('Base2', 'Tsupply'): 60.0, ('Base2', 'MDOTsupply'): 0.010674177528293648, ('Base3', 'QDH'): 1070.470864860057, ('Base3', 'Tindoor'): 20.32074302313774}
2018-12-12 08:41:14,790 :: DEBUG :: ZEROBNL -> node.py :: set_attribute :: SET ATTRIBUTE demandOK to 0
2018-12-12 08:41:14,790 :: DEBUG :: ZEROBNL -> node.py :: get_attribute :: GET ATTRIBUTE demandOK
2018-12-12 08:41:14,791 :: DEBUG :: ZEROBNL -> node.py :: run :: UPDATE DONE
2018-12-12 08:41:14,812 :: DEBUG :: ZEROBNL -> node.py :: run :: UPDATE
2018-12-12 08:41:14,813 :: DEBUG :: ZEROBNL -> node.py :: _update_inputs :: INPUTS {('Base0', 'Tth'): 20, ('Base0', 'demandFlag'): 0, ('Base1', 'COGwflag'): 1, ('Base2', 'Tsupply'): 60.0, ('Base2', 'MDOTsupply'): 0.010674177528293648, ('Base3', 'QDH'): 1007.785084687353, ('Base3', 'Tindoor'): 20.30479569112124}
2018-12-12 08:41:14,813 :: DEBUG :: ZEROBNL -> node.py :: set_attribute :: SET ATTRIBUTE demandOK to 0
2018-12-12 08:41:14,813 :: DEBUG :: ZEROBNL -> node.py :: get_attribute :: GET ATTRIBUTE demandOK
2018-12-12 08:41:14,813 :: DEBUG :: ZEROBNL -> node.py :: run :: UPDATE DONE
2018-12-12 08:41:14,830 :: DEBUG :: ZEROBNL -> node.py :: run :: UPDATE
2018-12-12 08:41:14,830 :: DEBUG :: ZEROBNL -> node.py :: _update_inputs :: INPUTS {('Base0', 'Tth'): 20, ('Base0', 'demandFlag'): 0, ('Base1', 'COGwflag'): 1, ('Base2', 'Tsupply'): 60.0, ('Base2', 'MDOTsupply'): 0.010674177528293648, ('Base3', 'QDH'): 1007.785084687353, ('Base3', 'Tindoor'): 20.30479569112124}
2018-12-12 08:41:14,831 :: DEBUG :: ZEROBNL -> node.py :: set_attribute :: SET ATTRIBUTE demandOK to 0
2018-12-12 08:41:14,831 :: DEBUG :: ZEROBNL -> node.py :: get_attribute :: GET ATTRIBUTE demandOK
2018-12-12 08:41:14,831 :: DEBUG :: ZEROBNL -> node.py :: run :: UPDATE DONE
2018-12-12 08:41:14,849 :: DEBUG :: ZEROBNL -> node.py :: run :: STEP
2018-12-12 08:41:14,849 :: DEBUG :: ZEROBNL -> node.py :: step :: NEW TIME
2018-12-12 08:41:14,849 :: DEBUG :: ZEROBNL -> node.py :: get_attribute :: GET ATTRIBUTE COGwflag
2018-12-12 08:41:14,850 :: DEBUG :: ZEROBNL -> node.py :: get_attribute :: GET ATTRIBUTE COGwflag
2018-12-12 08:41:14,850 :: DEBUG :: ZEROBNL -> node.py :: run :: STATE {'COGwflag': 1}
2018-12-12 08:41:14,850 :: DEBUG :: ZEROBNL -> node.py :: run :: STEP DONE
2018-12-12 08:41:14,851 :: DEBUG :: ZEROBNL -> node.py :: run :: UPDATE
2018-12-12 08:41:14,851 :: DEBUG :: ZEROBNL -> node.py :: _update_inputs :: INPUTS {('Base0', 'Tth'): 20, ('Base0', 'demandFlag'): 0, ('Base1', 'COGwflag'): 1, ('Base2', 'Tsupply'): 60.0, ('Base2', 'MDOTsupply'): 0.010674177528293648, ('Base3', 'QDH'): 1007.785084687353, ('Base3', 'Tindoor'): 20.30479569112124}
2018-12-12 08:41:14,851 :: DEBUG :: ZEROBNL -> node.py :: set_attribute :: SET ATTRIBUTE demandOK to 0
2018-12-12 08:41:14,851 :: DEBUG :: ZEROBNL -> node.py :: get_attribute :: GET ATTRIBUTE demandOK
2018-12-12 08:41:14,852 :: DEBUG :: ZEROBNL -> node.py :: run :: UPDATE DONE
2018-12-12 08:41:14,885 :: DEBUG :: ZEROBNL -> node.py :: run :: UPDATE
2018-12-12 08:41:14,885 :: DEBUG :: ZEROBNL -> node.py :: _update_inputs :: INPUTS {('Base0', 'Tth'): 20, ('Base0', 'demandFlag'): 0, ('Base1', 'COGwflag'): 1, ('Base2', 'Tsupply'): 60.0, ('Base2', 'MDOTsupply'): 0.010050337040409127, ('Base3', 'QDH'): 1007.785084687353, ('Base3', 'Tindoor'): 20.30479569112124}
2018-12-12 08:41:14,886 :: DEBUG :: ZEROBNL -> node.py :: set_attribute :: SET ATTRIBUTE demandOK to 0
2018-12-12 08:41:14,886 :: DEBUG :: ZEROBNL -> node.py :: get_attribute :: GET ATTRIBUTE demandOK
2018-12-12 08:41:14,887 :: DEBUG :: ZEROBNL -> node.py :: run :: UPDATE DONE
2018-12-12 08:41:14,907 :: DEBUG :: ZEROBNL -> node.py :: run :: UPDATE
2018-12-12 08:41:14,908 :: DEBUG :: ZEROBNL -> node.py :: _update_inputs :: INPUTS {('Base0', 'Tth'): 20, ('Base0', 'demandFlag'): 0, ('Base1', 'COGwflag'): 1, ('Base2', 'Tsupply'): 60.0, ('Base2', 'MDOTsupply'): 0.010050337040409127, ('Base3', 'QDH'): 965.5934212042657, ('Base3', 'Tindoor'): 20.29524035226195}
2018-12-12 08:41:14,908 :: DEBUG :: ZEROBNL -> node.py :: set_attribute :: SET ATTRIBUTE demandOK to 0
2018-12-12 08:41:14,908 :: DEBUG :: ZEROBNL -> node.py :: get_attribute :: GET ATTRIBUTE demandOK
2018-12-12 08:41:14,908 :: DEBUG :: ZEROBNL -> node.py :: run :: UPDATE DONE
2018-12-12 08:41:14,920 :: DEBUG :: ZEROBNL -> node.py :: run :: UPDATE
2018-12-12 08:41:14,920 :: DEBUG :: ZEROBNL -> node.py :: _update_inputs :: INPUTS {('Base0', 'Tth'): 20, ('Base0', 'demandFlag'): 0, ('Base1', 'COGwflag'): 1, ('Base2', 'Tsupply'): 60.0, ('Base2', 'MDOTsupply'): 0.010050337040409127, ('Base3', 'QDH'): 965.5934212042657, ('Base3', 'Tindoor'): 20.29524035226195}
2018-12-12 08:41:14,920 :: DEBUG :: ZEROBNL -> node.py :: set_attribute :: SET ATTRIBUTE demandOK to 0
2018-12-12 08:41:14,920 :: DEBUG :: ZEROBNL -> node.py :: get_attribute :: GET ATTRIBUTE demandOK
2018-12-12 08:41:14,921 :: DEBUG :: ZEROBNL -> node.py :: run :: UPDATE DONE
2018-12-12 08:41:14,932 :: DEBUG :: ZEROBNL -> node.py :: run :: STEP
2018-12-12 08:41:14,932 :: DEBUG :: ZEROBNL -> node.py :: step :: NEW TIME
2018-12-12 08:41:14,932 :: DEBUG :: ZEROBNL -> node.py :: get_attribute :: GET ATTRIBUTE COGwflag
2018-12-12 08:41:14,933 :: DEBUG :: ZEROBNL -> node.py :: get_attribute :: GET ATTRIBUTE COGwflag
2018-12-12 08:41:14,933 :: DEBUG :: ZEROBNL -> node.py :: run :: STATE {'COGwflag': 1}
2018-12-12 08:41:14,933 :: DEBUG :: ZEROBNL -> node.py :: run :: STEP DONE
2018-12-12 08:41:14,934 :: DEBUG :: ZEROBNL -> node.py :: run :: UPDATE
2018-12-12 08:41:14,934 :: DEBUG :: ZEROBNL -> node.py :: _update_inputs :: INPUTS {('Base0', 'Tth'): 20, ('Base0', 'demandFlag'): 0, ('Base1', 'COGwflag'): 1, ('Base2', 'Tsupply'): 60.0, ('Base2', 'MDOTsupply'): 0.010050337040409127, ('Base3', 'QDH'): 965.5934212042657, ('Base3', 'Tindoor'): 20.29524035226195}
2018-12-12 08:41:14,934 :: DEBUG :: ZEROBNL -> node.py :: set_attribute :: SET ATTRIBUTE demandOK to 0
2018-12-12 08:41:14,934 :: DEBUG :: ZEROBNL -> node.py :: get_attribute :: GET ATTRIBUTE demandOK
2018-12-12 08:41:14,935 :: DEBUG :: ZEROBNL -> node.py :: run :: UPDATE DONE
2018-12-12 08:41:14,964 :: DEBUG :: ZEROBNL -> node.py :: run :: UPDATE
2018-12-12 08:41:14,964 :: DEBUG :: ZEROBNL -> node.py :: _update_inputs :: INPUTS {('Base0', 'Tth'): 20, ('Base0', 'demandFlag'): 0, ('Base1', 'COGwflag'): 1, ('Base2', 'Tsupply'): 60.0, ('Base2', 'MDOTsupply'): 0.00962921432202158, ('Base3', 'QDH'): 965.5934212042657, ('Base3', 'Tindoor'): 20.29524035226195}
2018-12-12 08:41:14,964 :: DEBUG :: ZEROBNL -> node.py :: set_attribute :: SET ATTRIBUTE demandOK to 0
2018-12-12 08:41:14,965 :: DEBUG :: ZEROBNL -> node.py :: get_attribute :: GET ATTRIBUTE demandOK
2018-12-12 08:41:14,965 :: DEBUG :: ZEROBNL -> node.py :: run :: UPDATE DONE
2018-12-12 08:41:14,990 :: DEBUG :: ZEROBNL -> node.py :: run :: UPDATE
2018-12-12 08:41:14,992 :: DEBUG :: ZEROBNL -> node.py :: _update_inputs :: INPUTS {('Base0', 'Tth'): 20, ('Base0', 'demandFlag'): 0, ('Base1', 'COGwflag'): 1, ('Base2', 'Tsupply'): 60.0, ('Base2', 'MDOTsupply'): 0.00962921432202158, ('Base3', 'QDH'): 937.5456487243838, ('Base3', 'Tindoor'): 20.28569481747127}
2018-12-12 08:41:14,993 :: DEBUG :: ZEROBNL -> node.py :: set_attribute :: SET ATTRIBUTE demandOK to 0
2018-12-12 08:41:14,993 :: DEBUG :: ZEROBNL -> node.py :: get_attribute :: GET ATTRIBUTE demandOK
2018-12-12 08:41:14,995 :: DEBUG :: ZEROBNL -> node.py :: run :: UPDATE DONE
2018-12-12 08:41:15,005 :: DEBUG :: ZEROBNL -> node.py :: run :: UPDATE
2018-12-12 08:41:15,006 :: DEBUG :: ZEROBNL -> node.py :: _update_inputs :: INPUTS {('Base0', 'Tth'): 20, ('Base0', 'demandFlag'): 0, ('Base1', 'COGwflag'): 1, ('Base2', 'Tsupply'): 60.0, ('Base2', 'MDOTsupply'): 0.00962921432202158, ('Base3', 'QDH'): 937.5456487243838, ('Base3', 'Tindoor'): 20.28569481747127}
2018-12-12 08:41:15,006 :: DEBUG :: ZEROBNL -> node.py :: set_attribute :: SET ATTRIBUTE demandOK to 0
2018-12-12 08:41:15,006 :: DEBUG :: ZEROBNL -> node.py :: get_attribute :: GET ATTRIBUTE demandOK
2018-12-12 08:41:15,006 :: DEBUG :: ZEROBNL -> node.py :: run :: UPDATE DONE
2018-12-12 08:41:15,018 :: DEBUG :: ZEROBNL -> node.py :: run :: STEP
2018-12-12 08:41:15,019 :: DEBUG :: ZEROBNL -> node.py :: step :: NEW TIME
2018-12-12 08:41:15,019 :: DEBUG :: ZEROBNL -> node.py :: get_attribute :: GET ATTRIBUTE COGwflag
2018-12-12 08:41:15,020 :: DEBUG :: ZEROBNL -> node.py :: get_attribute :: GET ATTRIBUTE COGwflag
2018-12-12 08:41:15,020 :: DEBUG :: ZEROBNL -> node.py :: run :: STATE {'COGwflag': 1}
2018-12-12 08:41:15,020 :: DEBUG :: ZEROBNL -> node.py :: run :: STEP DONE
2018-12-12 08:41:15,021 :: DEBUG :: ZEROBNL -> node.py :: run :: UPDATE
2018-12-12 08:41:15,023 :: DEBUG :: ZEROBNL -> node.py :: _update_inputs :: INPUTS {('Base0', 'Tth'): 20, ('Base0', 'demandFlag'): 0, ('Base1', 'COGwflag'): 1, ('Base2', 'Tsupply'): 60.0, ('Base2', 'MDOTsupply'): 0.00962921432202158, ('Base3', 'QDH'): 937.5456487243838, ('Base3', 'Tindoor'): 20.28569481747127}
2018-12-12 08:41:15,023 :: DEBUG :: ZEROBNL -> node.py :: set_attribute :: SET ATTRIBUTE demandOK to 0
2018-12-12 08:41:15,023 :: DEBUG :: ZEROBNL -> node.py :: get_attribute :: GET ATTRIBUTE demandOK
2018-12-12 08:41:15,024 :: DEBUG :: ZEROBNL -> node.py :: run :: UPDATE DONE
2018-12-12 08:41:15,049 :: DEBUG :: ZEROBNL -> node.py :: run :: UPDATE
2018-12-12 08:41:15,050 :: DEBUG :: ZEROBNL -> node.py :: _update_inputs :: INPUTS {('Base0', 'Tth'): 20, ('Base0', 'demandFlag'): 0, ('Base1', 'COGwflag'): 1, ('Base2', 'Tsupply'): 60.0, ('Base2', 'MDOTsupply'): 0.009349593245410383, ('Base3', 'QDH'): 937.5456487243838, ('Base3', 'Tindoor'): 20.28569481747127}
2018-12-12 08:41:15,050 :: DEBUG :: ZEROBNL -> node.py :: set_attribute :: SET ATTRIBUTE demandOK to 0
2018-12-12 08:41:15,050 :: DEBUG :: ZEROBNL -> node.py :: get_attribute :: GET ATTRIBUTE demandOK
2018-12-12 08:41:15,050 :: DEBUG :: ZEROBNL -> node.py :: run :: UPDATE DONE
2018-12-12 08:41:15,072 :: DEBUG :: ZEROBNL -> node.py :: run :: UPDATE
2018-12-12 08:41:15,072 :: DEBUG :: ZEROBNL -> node.py :: _update_inputs :: INPUTS {('Base0', 'Tth'): 20, ('Base0', 'demandFlag'): 0, ('Base1', 'COGwflag'): 1, ('Base2', 'Tsupply'): 60.0, ('Base2', 'MDOTsupply'): 0.009349593245410383, ('Base3', 'QDH'): 919.4685000054737, ('Base3', 'Tindoor'): 20.28074472581056}
2018-12-12 08:41:15,072 :: DEBUG :: ZEROBNL -> node.py :: set_attribute :: SET ATTRIBUTE demandOK to 0
2018-12-12 08:41:15,072 :: DEBUG :: ZEROBNL -> node.py :: get_attribute :: GET ATTRIBUTE demandOK
2018-12-12 08:41:15,076 :: DEBUG :: ZEROBNL -> node.py :: run :: UPDATE DONE
2018-12-12 08:41:15,087 :: DEBUG :: ZEROBNL -> node.py :: run :: UPDATE
2018-12-12 08:41:15,087 :: DEBUG :: ZEROBNL -> node.py :: _update_inputs :: INPUTS {('Base0', 'Tth'): 20, ('Base0', 'demandFlag'): 0, ('Base1', 'COGwflag'): 1, ('Base2', 'Tsupply'): 60.0, ('Base2', 'MDOTsupply'): 0.009349593245410383, ('Base3', 'QDH'): 919.4685000054737, ('Base3', 'Tindoor'): 20.28074472581056}
2018-12-12 08:41:15,088 :: DEBUG :: ZEROBNL -> node.py :: set_attribute :: SET ATTRIBUTE demandOK to 0
2018-12-12 08:41:15,088 :: DEBUG :: ZEROBNL -> node.py :: get_attribute :: GET ATTRIBUTE demandOK
2018-12-12 08:41:15,088 :: DEBUG :: ZEROBNL -> node.py :: run :: UPDATE DONE
2018-12-12 08:41:15,098 :: DEBUG :: ZEROBNL -> node.py :: run :: STEP
2018-12-12 08:41:15,099 :: DEBUG :: ZEROBNL -> node.py :: step :: NEW TIME
2018-12-12 08:41:15,099 :: DEBUG :: ZEROBNL -> node.py :: get_attribute :: GET ATTRIBUTE COGwflag
2018-12-12 08:41:15,099 :: DEBUG :: ZEROBNL -> node.py :: get_attribute :: GET ATTRIBUTE COGwflag
2018-12-12 08:41:15,100 :: DEBUG :: ZEROBNL -> node.py :: run :: STATE {'COGwflag': 1}
2018-12-12 08:41:15,100 :: DEBUG :: ZEROBNL -> node.py :: run :: STEP DONE
2018-12-12 08:41:15,100 :: DEBUG :: ZEROBNL -> node.py :: run :: UPDATE
2018-12-12 08:41:15,100 :: DEBUG :: ZEROBNL -> node.py :: _update_inputs :: INPUTS {('Base0', 'Tth'): 20, ('Base0', 'demandFlag'): 0, ('Base1', 'COGwflag'): 1, ('Base2', 'Tsupply'): 60.0, ('Base2', 'MDOTsupply'): 0.009349593245410383, ('Base3', 'QDH'): 919.4685000054737, ('Base3', 'Tindoor'): 20.28074472581056}
2018-12-12 08:41:15,100 :: DEBUG :: ZEROBNL -> node.py :: set_attribute :: SET ATTRIBUTE demandOK to 0
2018-12-12 08:41:15,101 :: DEBUG :: ZEROBNL -> node.py :: get_attribute :: GET ATTRIBUTE demandOK
2018-12-12 08:41:15,101 :: DEBUG :: ZEROBNL -> node.py :: run :: UPDATE DONE
2018-12-12 08:41:15,126 :: DEBUG :: ZEROBNL -> node.py :: run :: UPDATE
2018-12-12 08:41:15,127 :: DEBUG :: ZEROBNL -> node.py :: _update_inputs :: INPUTS {('Base0', 'Tth'): 20, ('Base0', 'demandFlag'): 0, ('Base1', 'COGwflag'): 1, ('Base2', 'Tsupply'): 60.0, ('Base2', 'MDOTsupply'): 0.009169304036428915, ('Base3', 'QDH'): 919.4685000054737, ('Base3', 'Tindoor'): 20.28074472581056}
2018-12-12 08:41:15,127 :: DEBUG :: ZEROBNL -> node.py :: set_attribute :: SET ATTRIBUTE demandOK to 0
2018-12-12 08:41:15,127 :: DEBUG :: ZEROBNL -> node.py :: get_attribute :: GET ATTRIBUTE demandOK
2018-12-12 08:41:15,128 :: DEBUG :: ZEROBNL -> node.py :: run :: UPDATE DONE
2018-12-12 08:41:15,161 :: DEBUG :: ZEROBNL -> node.py :: run :: UPDATE
2018-12-12 08:41:15,162 :: DEBUG :: ZEROBNL -> node.py :: _update_inputs :: INPUTS {('Base0', 'Tth'): 20, ('Base0', 'demandFlag'): 0, ('Base1', 'COGwflag'): 1, ('Base2', 'Tsupply'): 60.0, ('Base2', 'MDOTsupply'): 0.009169304036428915, ('Base3', 'QDH'): 913.5652882865211, ('Base3', 'Tindoor'): 20.2767514141321}
2018-12-12 08:41:15,162 :: DEBUG :: ZEROBNL -> node.py :: set_attribute :: SET ATTRIBUTE demandOK to 0
2018-12-12 08:41:15,162 :: DEBUG :: ZEROBNL -> node.py :: get_attribute :: GET ATTRIBUTE demandOK
2018-12-12 08:41:15,164 :: DEBUG :: ZEROBNL -> node.py :: run :: UPDATE DONE
2018-12-12 08:41:15,176 :: DEBUG :: ZEROBNL -> node.py :: run :: UPDATE
2018-12-12 08:41:15,177 :: DEBUG :: ZEROBNL -> node.py :: _update_inputs :: INPUTS {('Base0', 'Tth'): 20, ('Base0', 'demandFlag'): 0, ('Base1', 'COGwflag'): 1, ('Base2', 'Tsupply'): 60.0, ('Base2', 'MDOTsupply'): 0.009169304036428915, ('Base3', 'QDH'): 913.5652882865211, ('Base3', 'Tindoor'): 20.2767514141321}
2018-12-12 08:41:15,177 :: DEBUG :: ZEROBNL -> node.py :: set_attribute :: SET ATTRIBUTE demandOK to 0
2018-12-12 08:41:15,177 :: DEBUG :: ZEROBNL -> node.py :: get_attribute :: GET ATTRIBUTE demandOK
2018-12-12 08:41:15,178 :: DEBUG :: ZEROBNL -> node.py :: run :: UPDATE DONE
2018-12-12 08:41:15,188 :: DEBUG :: ZEROBNL -> node.py :: run :: STEP
2018-12-12 08:41:15,188 :: DEBUG :: ZEROBNL -> node.py :: step :: NEW TIME
2018-12-12 08:41:15,188 :: DEBUG :: ZEROBNL -> node.py :: get_attribute :: GET ATTRIBUTE COGwflag
2018-12-12 08:41:15,189 :: DEBUG :: ZEROBNL -> node.py :: get_attribute :: GET ATTRIBUTE COGwflag
2018-12-12 08:41:15,189 :: DEBUG :: ZEROBNL -> node.py :: run :: STATE {'COGwflag': 1}
2018-12-12 08:41:15,189 :: DEBUG :: ZEROBNL -> node.py :: run :: STEP DONE
2018-12-12 08:41:15,189 :: DEBUG :: ZEROBNL -> node.py :: run :: UPDATE
2018-12-12 08:41:15,190 :: DEBUG :: ZEROBNL -> node.py :: _update_inputs :: INPUTS {('Base0', 'Tth'): 20, ('Base0', 'demandFlag'): 0, ('Base1', 'COGwflag'): 1, ('Base2', 'Tsupply'): 60.0, ('Base2', 'MDOTsupply'): 0.009169304036428915, ('Base3', 'QDH'): 913.5652882865211, ('Base3', 'Tindoor'): 20.2767514141321}
2018-12-12 08:41:15,190 :: DEBUG :: ZEROBNL -> node.py :: set_attribute :: SET ATTRIBUTE demandOK to 0
2018-12-12 08:41:15,190 :: DEBUG :: ZEROBNL -> node.py :: get_attribute :: GET ATTRIBUTE demandOK
2018-12-12 08:41:15,191 :: DEBUG :: ZEROBNL -> node.py :: run :: UPDATE DONE
2018-12-12 08:41:15,217 :: DEBUG :: ZEROBNL -> node.py :: run :: UPDATE
2018-12-12 08:41:15,217 :: DEBUG :: ZEROBNL -> node.py :: _update_inputs :: INPUTS {('Base0', 'Tth'): 20, ('Base0', 'demandFlag'): 0, ('Base1', 'COGwflag'): 1, ('Base2', 'Tsupply'): 60.0, ('Base2', 'MDOTsupply'): 0.009110438066535706, ('Base3', 'QDH'): 913.5652882865211, ('Base3', 'Tindoor'): 20.2767514141321}
2018-12-12 08:41:15,217 :: DEBUG :: ZEROBNL -> node.py :: set_attribute :: SET ATTRIBUTE demandOK to 0
2018-12-12 08:41:15,217 :: DEBUG :: ZEROBNL -> node.py :: get_attribute :: GET ATTRIBUTE demandOK
2018-12-12 08:41:15,218 :: DEBUG :: ZEROBNL -> node.py :: run :: UPDATE DONE
2018-12-12 08:41:15,239 :: DEBUG :: ZEROBNL -> node.py :: run :: UPDATE
2018-12-12 08:41:15,239 :: DEBUG :: ZEROBNL -> node.py :: _update_inputs :: INPUTS {('Base0', 'Tth'): 20, ('Base0', 'demandFlag'): 0, ('Base1', 'COGwflag'): 1, ('Base2', 'Tsupply'): 60.0, ('Base2', 'MDOTsupply'): 0.009110438066535706, ('Base3', 'QDH'): 953.785361081958, ('Base3', 'Tindoor'): 20.28785051729228}
2018-12-12 08:41:15,239 :: DEBUG :: ZEROBNL -> node.py :: set_attribute :: SET ATTRIBUTE demandOK to 0
2018-12-12 08:41:15,239 :: DEBUG :: ZEROBNL -> node.py :: get_attribute :: GET ATTRIBUTE demandOK
2018-12-12 08:41:15,240 :: DEBUG :: ZEROBNL -> node.py :: run :: UPDATE DONE
2018-12-12 08:41:15,251 :: DEBUG :: ZEROBNL -> node.py :: run :: UPDATE
2018-12-12 08:41:15,251 :: DEBUG :: ZEROBNL -> node.py :: _update_inputs :: INPUTS {('Base0', 'Tth'): 20, ('Base0', 'demandFlag'): 0, ('Base1', 'COGwflag'): 1, ('Base2', 'Tsupply'): 60.0, ('Base2', 'MDOTsupply'): 0.009110438066535706, ('Base3', 'QDH'): 953.785361081958, ('Base3', 'Tindoor'): 20.28785051729228}
2018-12-12 08:41:15,251 :: DEBUG :: ZEROBNL -> node.py :: set_attribute :: SET ATTRIBUTE demandOK to 0
2018-12-12 08:41:15,251 :: DEBUG :: ZEROBNL -> node.py :: get_attribute :: GET ATTRIBUTE demandOK
2018-12-12 08:41:15,253 :: DEBUG :: ZEROBNL -> node.py :: run :: UPDATE DONE
2018-12-12 08:41:15,261 :: DEBUG :: ZEROBNL -> node.py :: run :: STEP
2018-12-12 08:41:15,261 :: DEBUG :: ZEROBNL -> node.py :: step :: NEW TIME
2018-12-12 08:41:15,261 :: DEBUG :: ZEROBNL -> node.py :: get_attribute :: GET ATTRIBUTE COGwflag
2018-12-12 08:41:15,262 :: DEBUG :: ZEROBNL -> node.py :: get_attribute :: GET ATTRIBUTE COGwflag
2018-12-12 08:41:15,262 :: DEBUG :: ZEROBNL -> node.py :: run :: STATE {'COGwflag': 1}
2018-12-12 08:41:15,262 :: DEBUG :: ZEROBNL -> node.py :: run :: STEP DONE
2018-12-12 08:41:15,263 :: DEBUG :: ZEROBNL -> node.py :: run :: UPDATE
2018-12-12 08:41:15,263 :: DEBUG :: ZEROBNL -> node.py :: _update_inputs :: INPUTS {('Base0', 'Tth'): 20, ('Base0', 'demandFlag'): 0, ('Base1', 'COGwflag'): 1, ('Base2', 'Tsupply'): 60.0, ('Base2', 'MDOTsupply'): 0.009110438066535706, ('Base3', 'QDH'): 953.785361081958, ('Base3', 'Tindoor'): 20.28785051729228}
2018-12-12 08:41:15,263 :: DEBUG :: ZEROBNL -> node.py :: set_attribute :: SET ATTRIBUTE demandOK to 0
2018-12-12 08:41:15,263 :: DEBUG :: ZEROBNL -> node.py :: get_attribute :: GET ATTRIBUTE demandOK
2018-12-12 08:41:15,265 :: DEBUG :: ZEROBNL -> node.py :: run :: UPDATE DONE
2018-12-12 08:41:15,288 :: DEBUG :: ZEROBNL -> node.py :: run :: UPDATE
2018-12-12 08:41:15,289 :: DEBUG :: ZEROBNL -> node.py :: _update_inputs :: INPUTS {('Base0', 'Tth'): 20, ('Base0', 'demandFlag'): 0, ('Base1', 'COGwflag'): 1, ('Base2', 'Tsupply'): 60.0, ('Base2', 'MDOTsupply'): 0.009511528070253175, ('Base3', 'QDH'): 953.785361081958, ('Base3', 'Tindoor'): 20.28785051729228}
2018-12-12 08:41:15,289 :: DEBUG :: ZEROBNL -> node.py :: set_attribute :: SET ATTRIBUTE demandOK to 0
2018-12-12 08:41:15,289 :: DEBUG :: ZEROBNL -> node.py :: get_attribute :: GET ATTRIBUTE demandOK
2018-12-12 08:41:15,290 :: DEBUG :: ZEROBNL -> node.py :: run :: UPDATE DONE
2018-12-12 08:41:15,311 :: DEBUG :: ZEROBNL -> node.py :: run :: UPDATE
2018-12-12 08:41:15,311 :: DEBUG :: ZEROBNL -> node.py :: _update_inputs :: INPUTS {('Base0', 'Tth'): 20, ('Base0', 'demandFlag'): 0, ('Base1', 'COGwflag'): 1, ('Base2', 'Tsupply'): 60.0, ('Base2', 'MDOTsupply'): 0.009511528070253175, ('Base3', 'QDH'): 1001.530066000505, ('Base3', 'Tindoor'): 20.30018012540348}
2018-12-12 08:41:15,312 :: DEBUG :: ZEROBNL -> node.py :: set_attribute :: SET ATTRIBUTE demandOK to 0
2018-12-12 08:41:15,312 :: DEBUG :: ZEROBNL -> node.py :: get_attribute :: GET ATTRIBUTE demandOK
2018-12-12 08:41:15,313 :: DEBUG :: ZEROBNL -> node.py :: run :: UPDATE DONE
2018-12-12 08:41:15,325 :: DEBUG :: ZEROBNL -> node.py :: run :: UPDATE
2018-12-12 08:41:15,325 :: DEBUG :: ZEROBNL -> node.py :: _update_inputs :: INPUTS {('Base0', 'Tth'): 20, ('Base0', 'demandFlag'): 0, ('Base1', 'COGwflag'): 1, ('Base2', 'Tsupply'): 60.0, ('Base2', 'MDOTsupply'): 0.009511528070253175, ('Base3', 'QDH'): 1001.530066000505, ('Base3', 'Tindoor'): 20.30018012540348}
2018-12-12 08:41:15,325 :: DEBUG :: ZEROBNL -> node.py :: set_attribute :: SET ATTRIBUTE demandOK to 0
2018-12-12 08:41:15,325 :: DEBUG :: ZEROBNL -> node.py :: get_attribute :: GET ATTRIBUTE demandOK
2018-12-12 08:41:15,326 :: DEBUG :: ZEROBNL -> node.py :: run :: UPDATE DONE
2018-12-12 08:41:15,337 :: DEBUG :: ZEROBNL -> node.py :: run :: STEP
2018-12-12 08:41:15,337 :: DEBUG :: ZEROBNL -> node.py :: step :: NEW TIME
2018-12-12 08:41:15,338 :: DEBUG :: ZEROBNL -> node.py :: get_attribute :: GET ATTRIBUTE COGwflag
2018-12-12 08:41:15,338 :: DEBUG :: ZEROBNL -> node.py :: get_attribute :: GET ATTRIBUTE COGwflag
2018-12-12 08:41:15,338 :: DEBUG :: ZEROBNL -> node.py :: run :: STATE {'COGwflag': 1}
2018-12-12 08:41:15,339 :: DEBUG :: ZEROBNL -> node.py :: run :: STEP DONE
2018-12-12 08:41:15,339 :: DEBUG :: ZEROBNL -> node.py :: run :: UPDATE
2018-12-12 08:41:15,340 :: DEBUG :: ZEROBNL -> node.py :: _update_inputs :: INPUTS {('Base0', 'Tth'): 20, ('Base0', 'demandFlag'): 0, ('Base1', 'COGwflag'): 1, ('Base2', 'Tsupply'): 60.0, ('Base2', 'MDOTsupply'): 0.009511528070253175, ('Base3', 'QDH'): 1001.530066000505, ('Base3', 'Tindoor'): 20.30018012540348}
2018-12-12 08:41:15,340 :: DEBUG :: ZEROBNL -> node.py :: set_attribute :: SET ATTRIBUTE demandOK to 0
2018-12-12 08:41:15,340 :: DEBUG :: ZEROBNL -> node.py :: get_attribute :: GET ATTRIBUTE demandOK
2018-12-12 08:41:15,341 :: DEBUG :: ZEROBNL -> node.py :: run :: UPDATE DONE
2018-12-12 08:41:15,371 :: DEBUG :: ZEROBNL -> node.py :: run :: UPDATE
2018-12-12 08:41:15,371 :: DEBUG :: ZEROBNL -> node.py :: _update_inputs :: INPUTS {('Base0', 'Tth'): 20, ('Base0', 'demandFlag'): 0, ('Base1', 'COGwflag'): 1, ('Base2', 'Tsupply'): 60.0, ('Base2', 'MDOTsupply'): 0.009987657435234845, ('Base3', 'QDH'): 1001.530066000505, ('Base3', 'Tindoor'): 20.30018012540348}
2018-12-12 08:41:15,372 :: DEBUG :: ZEROBNL -> node.py :: set_attribute :: SET ATTRIBUTE demandOK to 0
2018-12-12 08:41:15,372 :: DEBUG :: ZEROBNL -> node.py :: get_attribute :: GET ATTRIBUTE demandOK
2018-12-12 08:41:15,373 :: DEBUG :: ZEROBNL -> node.py :: run :: UPDATE DONE
2018-12-12 08:41:15,393 :: DEBUG :: ZEROBNL -> node.py :: run :: UPDATE
2018-12-12 08:41:15,393 :: DEBUG :: ZEROBNL -> node.py :: _update_inputs :: INPUTS {('Base0', 'Tth'): 20, ('Base0', 'demandFlag'): 0, ('Base1', 'COGwflag'): 1, ('Base2', 'Tsupply'): 60.0, ('Base2', 'MDOTsupply'): 0.009987657435234845, ('Base3', 'QDH'): 1020.7046825706, ('Base3', 'Tindoor'): 20.3065454079714}
2018-12-12 08:41:15,394 :: DEBUG :: ZEROBNL -> node.py :: set_attribute :: SET ATTRIBUTE demandOK to 0
2018-12-12 08:41:15,394 :: DEBUG :: ZEROBNL -> node.py :: get_attribute :: GET ATTRIBUTE demandOK
2018-12-12 08:41:15,396 :: DEBUG :: ZEROBNL -> node.py :: run :: UPDATE DONE
2018-12-12 08:41:15,407 :: DEBUG :: ZEROBNL -> node.py :: run :: UPDATE
2018-12-12 08:41:15,408 :: DEBUG :: ZEROBNL -> node.py :: _update_inputs :: INPUTS {('Base0', 'Tth'): 20, ('Base0', 'demandFlag'): 0, ('Base1', 'COGwflag'): 1, ('Base2', 'Tsupply'): 60.0, ('Base2', 'MDOTsupply'): 0.009987657435234845, ('Base3', 'QDH'): 1020.7046825706, ('Base3', 'Tindoor'): 20.3065454079714}
2018-12-12 08:41:15,408 :: DEBUG :: ZEROBNL -> node.py :: set_attribute :: SET ATTRIBUTE demandOK to 0
2018-12-12 08:41:15,408 :: DEBUG :: ZEROBNL -> node.py :: get_attribute :: GET ATTRIBUTE demandOK
2018-12-12 08:41:15,415 :: DEBUG :: ZEROBNL -> node.py :: run :: UPDATE DONE
2018-12-12 08:41:15,418 :: DEBUG :: ZEROBNL -> node.py :: run :: STEP
2018-12-12 08:41:15,418 :: DEBUG :: ZEROBNL -> node.py :: step :: NEW TIME
2018-12-12 08:41:15,418 :: DEBUG :: ZEROBNL -> node.py :: get_attribute :: GET ATTRIBUTE COGwflag
2018-12-12 08:41:15,419 :: DEBUG :: ZEROBNL -> node.py :: get_attribute :: GET ATTRIBUTE COGwflag
2018-12-12 08:41:15,419 :: DEBUG :: ZEROBNL -> node.py :: run :: STATE {'COGwflag': 1}
2018-12-12 08:41:15,419 :: DEBUG :: ZEROBNL -> node.py :: run :: STEP DONE
2018-12-12 08:41:15,420 :: DEBUG :: ZEROBNL -> node.py :: run :: UPDATE
2018-12-12 08:41:15,420 :: DEBUG :: ZEROBNL -> node.py :: _update_inputs :: INPUTS {('Base0', 'Tth'): 20, ('Base0', 'demandFlag'): 0, ('Base1', 'COGwflag'): 1, ('Base2', 'Tsupply'): 60.0, ('Base2', 'MDOTsupply'): 0.009987657435234845, ('Base3', 'QDH'): 1020.7046825706, ('Base3', 'Tindoor'): 20.3065454079714}
2018-12-12 08:41:15,420 :: DEBUG :: ZEROBNL -> node.py :: set_attribute :: SET ATTRIBUTE demandOK to 0
2018-12-12 08:41:15,420 :: DEBUG :: ZEROBNL -> node.py :: get_attribute :: GET ATTRIBUTE demandOK
2018-12-12 08:41:15,423 :: DEBUG :: ZEROBNL -> node.py :: run :: UPDATE DONE
2018-12-12 08:41:15,447 :: DEBUG :: ZEROBNL -> node.py :: run :: UPDATE
2018-12-12 08:41:15,448 :: DEBUG :: ZEROBNL -> node.py :: _update_inputs :: INPUTS {('Base0', 'Tth'): 20, ('Base0', 'demandFlag'): 0, ('Base1', 'COGwflag'): 1, ('Base2', 'Tsupply'): 60.0, ('Base2', 'MDOTsupply'): 0.010178874339604477, ('Base3', 'QDH'): 1020.7046825706, ('Base3', 'Tindoor'): 20.3065454079714}
2018-12-12 08:41:15,448 :: DEBUG :: ZEROBNL -> node.py :: set_attribute :: SET ATTRIBUTE demandOK to 0
2018-12-12 08:41:15,448 :: DEBUG :: ZEROBNL -> node.py :: get_attribute :: GET ATTRIBUTE demandOK
2018-12-12 08:41:15,450 :: DEBUG :: ZEROBNL -> node.py :: run :: UPDATE DONE
2018-12-12 08:41:15,466 :: DEBUG :: ZEROBNL -> node.py :: run :: UPDATE
2018-12-12 08:41:15,467 :: DEBUG :: ZEROBNL -> node.py :: _update_inputs :: INPUTS {('Base0', 'Tth'): 20, ('Base0', 'demandFlag'): 0, ('Base1', 'COGwflag'): 1, ('Base2', 'Tsupply'): 60.0, ('Base2', 'MDOTsupply'): 0.010178874339604477, ('Base3', 'QDH'): 929.4140537781735, ('Base3', 'Tindoor'): 20.28267714709914}
2018-12-12 08:41:15,467 :: DEBUG :: ZEROBNL -> node.py :: set_attribute :: SET ATTRIBUTE demandOK to 0
2018-12-12 08:41:15,467 :: DEBUG :: ZEROBNL -> node.py :: get_attribute :: GET ATTRIBUTE demandOK
2018-12-12 08:41:15,468 :: DEBUG :: ZEROBNL -> node.py :: run :: UPDATE DONE
2018-12-12 08:41:15,477 :: DEBUG :: ZEROBNL -> node.py :: run :: UPDATE
2018-12-12 08:41:15,478 :: DEBUG :: ZEROBNL -> node.py :: _update_inputs :: INPUTS {('Base0', 'Tth'): 20, ('Base0', 'demandFlag'): 0, ('Base1', 'COGwflag'): 1, ('Base2', 'Tsupply'): 60.0, ('Base2', 'MDOTsupply'): 0.010178874339604477, ('Base3', 'QDH'): 929.4140537781735, ('Base3', 'Tindoor'): 20.28267714709914}
2018-12-12 08:41:15,478 :: DEBUG :: ZEROBNL -> node.py :: set_attribute :: SET ATTRIBUTE demandOK to 0
2018-12-12 08:41:15,478 :: DEBUG :: ZEROBNL -> node.py :: get_attribute :: GET ATTRIBUTE demandOK
2018-12-12 08:41:15,482 :: DEBUG :: ZEROBNL -> node.py :: run :: UPDATE DONE
2018-12-12 08:41:15,486 :: DEBUG :: ZEROBNL -> node.py :: run :: STEP
2018-12-12 08:41:15,487 :: DEBUG :: ZEROBNL -> node.py :: step :: NEW TIME
2018-12-12 08:41:15,487 :: DEBUG :: ZEROBNL -> node.py :: get_attribute :: GET ATTRIBUTE COGwflag
2018-12-12 08:41:15,488 :: DEBUG :: ZEROBNL -> node.py :: get_attribute :: GET ATTRIBUTE COGwflag
2018-12-12 08:41:15,488 :: DEBUG :: ZEROBNL -> node.py :: run :: STATE {'COGwflag': 1}
2018-12-12 08:41:15,488 :: DEBUG :: ZEROBNL -> node.py :: run :: STEP DONE
2018-12-12 08:41:15,489 :: DEBUG :: ZEROBNL -> node.py :: run :: UPDATE
2018-12-12 08:41:15,489 :: DEBUG :: ZEROBNL -> node.py :: _update_inputs :: INPUTS {('Base0', 'Tth'): 20, ('Base0', 'demandFlag'): 0, ('Base1', 'COGwflag'): 1, ('Base2', 'Tsupply'): 60.0, ('Base2', 'MDOTsupply'): 0.010178874339604477, ('Base3', 'QDH'): 929.4140537781735, ('Base3', 'Tindoor'): 20.28267714709914}
2018-12-12 08:41:15,489 :: DEBUG :: ZEROBNL -> node.py :: set_attribute :: SET ATTRIBUTE demandOK to 0
2018-12-12 08:41:15,489 :: DEBUG :: ZEROBNL -> node.py :: get_attribute :: GET ATTRIBUTE demandOK
2018-12-12 08:41:15,494 :: DEBUG :: ZEROBNL -> node.py :: run :: UPDATE DONE
2018-12-12 08:41:15,517 :: DEBUG :: ZEROBNL -> node.py :: run :: UPDATE
2018-12-12 08:41:15,517 :: DEBUG :: ZEROBNL -> node.py :: _update_inputs :: INPUTS {('Base0', 'Tth'): 20, ('Base0', 'demandFlag'): 0, ('Base1', 'COGwflag'): 1, ('Base2', 'Tsupply'): 60.0, ('Base2', 'MDOTsupply'): 0.009268487769529736, ('Base3', 'QDH'): 929.4140537781735, ('Base3', 'Tindoor'): 20.28267714709914}
2018-12-12 08:41:15,517 :: DEBUG :: ZEROBNL -> node.py :: set_attribute :: SET ATTRIBUTE demandOK to 0
2018-12-12 08:41:15,517 :: DEBUG :: ZEROBNL -> node.py :: get_attribute :: GET ATTRIBUTE demandOK
2018-12-12 08:41:15,518 :: DEBUG :: ZEROBNL -> node.py :: run :: UPDATE DONE
2018-12-12 08:41:15,540 :: DEBUG :: ZEROBNL -> node.py :: run :: UPDATE
2018-12-12 08:41:15,540 :: DEBUG :: ZEROBNL -> node.py :: _update_inputs :: INPUTS {('Base0', 'Tth'): 20, ('Base0', 'demandFlag'): 0, ('Base1', 'COGwflag'): 1, ('Base2', 'Tsupply'): 60.0, ('Base2', 'MDOTsupply'): 0.009268487769529736, ('Base3', 'QDH'): 864.67735499046, ('Base3', 'Tindoor'): 20.25910423374785}
2018-12-12 08:41:15,540 :: DEBUG :: ZEROBNL -> node.py :: set_attribute :: SET ATTRIBUTE demandOK to 0
2018-12-12 08:41:15,540 :: DEBUG :: ZEROBNL -> node.py :: get_attribute :: GET ATTRIBUTE demandOK
2018-12-12 08:41:15,541 :: DEBUG :: ZEROBNL -> node.py :: run :: UPDATE DONE
2018-12-12 08:41:15,557 :: DEBUG :: ZEROBNL -> node.py :: run :: UPDATE
2018-12-12 08:41:15,557 :: DEBUG :: ZEROBNL -> node.py :: _update_inputs :: INPUTS {('Base0', 'Tth'): 20, ('Base0', 'demandFlag'): 0, ('Base1', 'COGwflag'): 1, ('Base2', 'Tsupply'): 60.0, ('Base2', 'MDOTsupply'): 0.009268487769529736, ('Base3', 'QDH'): 864.67735499046, ('Base3', 'Tindoor'): 20.25910423374785}
2018-12-12 08:41:15,557 :: DEBUG :: ZEROBNL -> node.py :: set_attribute :: SET ATTRIBUTE demandOK to 0
2018-12-12 08:41:15,557 :: DEBUG :: ZEROBNL -> node.py :: get_attribute :: GET ATTRIBUTE demandOK
2018-12-12 08:41:15,558 :: DEBUG :: ZEROBNL -> node.py :: run :: UPDATE DONE
2018-12-12 08:41:15,574 :: DEBUG :: ZEROBNL -> node.py :: run :: STEP
2018-12-12 08:41:15,574 :: DEBUG :: ZEROBNL -> node.py :: step :: NEW TIME
2018-12-12 08:41:15,574 :: DEBUG :: ZEROBNL -> node.py :: get_attribute :: GET ATTRIBUTE COGwflag
2018-12-12 08:41:15,575 :: DEBUG :: ZEROBNL -> node.py :: get_attribute :: GET ATTRIBUTE COGwflag
2018-12-12 08:41:15,575 :: DEBUG :: ZEROBNL -> node.py :: run :: STATE {'COGwflag': 1}
2018-12-12 08:41:15,575 :: DEBUG :: ZEROBNL -> node.py :: run :: STEP DONE
2018-12-12 08:41:15,576 :: DEBUG :: ZEROBNL -> node.py :: run :: UPDATE
2018-12-12 08:41:15,577 :: DEBUG :: ZEROBNL -> node.py :: _update_inputs :: INPUTS {('Base0', 'Tth'): 20, ('Base0', 'demandFlag'): 0, ('Base1', 'COGwflag'): 1, ('Base2', 'Tsupply'): 60.0, ('Base2', 'MDOTsupply'): 0.009268487769529736, ('Base3', 'QDH'): 864.67735499046, ('Base3', 'Tindoor'): 20.25910423374785}
2018-12-12 08:41:15,577 :: DEBUG :: ZEROBNL -> node.py :: set_attribute :: SET ATTRIBUTE demandOK to 0
2018-12-12 08:41:15,577 :: DEBUG :: ZEROBNL -> node.py :: get_attribute :: GET ATTRIBUTE demandOK
2018-12-12 08:41:15,578 :: DEBUG :: ZEROBNL -> node.py :: run :: UPDATE DONE
2018-12-12 08:41:15,629 :: DEBUG :: ZEROBNL -> node.py :: run :: UPDATE
2018-12-12 08:41:15,629 :: DEBUG :: ZEROBNL -> node.py :: _update_inputs :: INPUTS {('Base0', 'Tth'): 20, ('Base0', 'demandFlag'): 0, ('Base1', 'COGwflag'): 1, ('Base2', 'Tsupply'): 60.0, ('Base2', 'MDOTsupply'): 0.00862290757941992, ('Base3', 'QDH'): 864.67735499046, ('Base3', 'Tindoor'): 20.25910423374785}
2018-12-12 08:41:15,629 :: DEBUG :: ZEROBNL -> node.py :: set_attribute :: SET ATTRIBUTE demandOK to 0
2018-12-12 08:41:15,629 :: DEBUG :: ZEROBNL -> node.py :: get_attribute :: GET ATTRIBUTE demandOK
2018-12-12 08:41:15,630 :: DEBUG :: ZEROBNL -> node.py :: run :: UPDATE DONE
2018-12-12 08:41:15,654 :: DEBUG :: ZEROBNL -> node.py :: run :: UPDATE
2018-12-12 08:41:15,655 :: DEBUG :: ZEROBNL -> node.py :: _update_inputs :: INPUTS {('Base0', 'Tth'): 20, ('Base0', 'demandFlag'): 0, ('Base1', 'COGwflag'): 1, ('Base2', 'Tsupply'): 60.0, ('Base2', 'MDOTsupply'): 0.00862290757941992, ('Base3', 'QDH'): 834.3374413190234, ('Base3', 'Tindoor'): 20.2534338979532}
2018-12-12 08:41:15,655 :: DEBUG :: ZEROBNL -> node.py :: set_attribute :: SET ATTRIBUTE demandOK to 0
2018-12-12 08:41:15,655 :: DEBUG :: ZEROBNL -> node.py :: get_attribute :: GET ATTRIBUTE demandOK
2018-12-12 08:41:15,656 :: DEBUG :: ZEROBNL -> node.py :: run :: UPDATE DONE
2018-12-12 08:41:15,668 :: DEBUG :: ZEROBNL -> node.py :: run :: UPDATE
2018-12-12 08:41:15,668 :: DEBUG :: ZEROBNL -> node.py :: _update_inputs :: INPUTS {('Base0', 'Tth'): 20, ('Base0', 'demandFlag'): 0, ('Base1', 'COGwflag'): 1, ('Base2', 'Tsupply'): 60.0, ('Base2', 'MDOTsupply'): 0.00862290757941992, ('Base3', 'QDH'): 834.3374413190234, ('Base3', 'Tindoor'): 20.2534338979532}
2018-12-12 08:41:15,668 :: DEBUG :: ZEROBNL -> node.py :: set_attribute :: SET ATTRIBUTE demandOK to 0
2018-12-12 08:41:15,668 :: DEBUG :: ZEROBNL -> node.py :: get_attribute :: GET ATTRIBUTE demandOK
2018-12-12 08:41:15,673 :: DEBUG :: ZEROBNL -> node.py :: run :: UPDATE DONE
2018-12-12 08:41:15,681 :: DEBUG :: ZEROBNL -> node.py :: run :: STEP
2018-12-12 08:41:15,681 :: DEBUG :: ZEROBNL -> node.py :: step :: NEW TIME
2018-12-12 08:41:15,681 :: DEBUG :: ZEROBNL -> node.py :: get_attribute :: GET ATTRIBUTE COGwflag
2018-12-12 08:41:15,682 :: DEBUG :: ZEROBNL -> node.py :: get_attribute :: GET ATTRIBUTE COGwflag
2018-12-12 08:41:15,682 :: DEBUG :: ZEROBNL -> node.py :: run :: STATE {'COGwflag': 1}
2018-12-12 08:41:15,682 :: DEBUG :: ZEROBNL -> node.py :: run :: STEP DONE
2018-12-12 08:41:15,683 :: DEBUG :: ZEROBNL -> node.py :: run :: UPDATE
2018-12-12 08:41:15,683 :: DEBUG :: ZEROBNL -> node.py :: _update_inputs :: INPUTS {('Base0', 'Tth'): 20, ('Base0', 'demandFlag'): 0, ('Base1', 'COGwflag'): 1, ('Base2', 'Tsupply'): 60.0, ('Base2', 'MDOTsupply'): 0.00862290757941992, ('Base3', 'QDH'): 834.3374413190234, ('Base3', 'Tindoor'): 20.2534338979532}
2018-12-12 08:41:15,683 :: DEBUG :: ZEROBNL -> node.py :: set_attribute :: SET ATTRIBUTE demandOK to 0
2018-12-12 08:41:15,683 :: DEBUG :: ZEROBNL -> node.py :: get_attribute :: GET ATTRIBUTE demandOK
2018-12-12 08:41:15,685 :: DEBUG :: ZEROBNL -> node.py :: run :: UPDATE DONE
2018-12-12 08:41:15,718 :: DEBUG :: ZEROBNL -> node.py :: run :: UPDATE
2018-12-12 08:41:15,718 :: DEBUG :: ZEROBNL -> node.py :: _update_inputs :: INPUTS {('Base0', 'Tth'): 20, ('Base0', 'demandFlag'): 0, ('Base1', 'COGwflag'): 1, ('Base2', 'Tsupply'): 60.0, ('Base2', 'MDOTsupply'): 0.008320345855141546, ('Base3', 'QDH'): 834.3374413190234, ('Base3', 'Tindoor'): 20.2534338979532}
2018-12-12 08:41:15,718 :: DEBUG :: ZEROBNL -> node.py :: set_attribute :: SET ATTRIBUTE demandOK to 0
2018-12-12 08:41:15,719 :: DEBUG :: ZEROBNL -> node.py :: get_attribute :: GET ATTRIBUTE demandOK
2018-12-12 08:41:15,723 :: DEBUG :: ZEROBNL -> node.py :: run :: UPDATE DONE
2018-12-12 08:41:15,743 :: DEBUG :: ZEROBNL -> node.py :: run :: UPDATE
2018-12-12 08:41:15,744 :: DEBUG :: ZEROBNL -> node.py :: _update_inputs :: INPUTS {('Base0', 'Tth'): 20, ('Base0', 'demandFlag'): 0, ('Base1', 'COGwflag'): 1, ('Base2', 'Tsupply'): 60.0, ('Base2', 'MDOTsupply'): 0.008320345855141546, ('Base3', 'QDH'): 841.2967749389782, ('Base3', 'Tindoor'): 20.25396382973608}
2018-12-12 08:41:15,744 :: DEBUG :: ZEROBNL -> node.py :: set_attribute :: SET ATTRIBUTE demandOK to 0
2018-12-12 08:41:15,744 :: DEBUG :: ZEROBNL -> node.py :: get_attribute :: GET ATTRIBUTE demandOK
2018-12-12 08:41:15,746 :: DEBUG :: ZEROBNL -> node.py :: run :: UPDATE DONE
2018-12-12 08:41:15,756 :: DEBUG :: ZEROBNL -> node.py :: run :: UPDATE
2018-12-12 08:41:15,757 :: DEBUG :: ZEROBNL -> node.py :: _update_inputs :: INPUTS {('Base0', 'Tth'): 20, ('Base0', 'demandFlag'): 0, ('Base1', 'COGwflag'): 1, ('Base2', 'Tsupply'): 60.0, ('Base2', 'MDOTsupply'): 0.008320345855141546, ('Base3', 'QDH'): 841.2967749389782, ('Base3', 'Tindoor'): 20.25396382973608}
2018-12-12 08:41:15,757 :: DEBUG :: ZEROBNL -> node.py :: set_attribute :: SET ATTRIBUTE demandOK to 0
2018-12-12 08:41:15,757 :: DEBUG :: ZEROBNL -> node.py :: get_attribute :: GET ATTRIBUTE demandOK
2018-12-12 08:41:15,761 :: DEBUG :: ZEROBNL -> node.py :: run :: UPDATE DONE
2018-12-12 08:41:15,766 :: DEBUG :: ZEROBNL -> node.py :: run :: STEP
2018-12-12 08:41:15,766 :: DEBUG :: ZEROBNL -> node.py :: step :: NEW TIME
2018-12-12 08:41:15,767 :: DEBUG :: ZEROBNL -> node.py :: get_attribute :: GET ATTRIBUTE COGwflag
2018-12-12 08:41:15,767 :: DEBUG :: ZEROBNL -> node.py :: get_attribute :: GET ATTRIBUTE COGwflag
2018-12-12 08:41:15,767 :: DEBUG :: ZEROBNL -> node.py :: run :: STATE {'COGwflag': 1}
2018-12-12 08:41:15,767 :: DEBUG :: ZEROBNL -> node.py :: run :: STEP DONE
2018-12-12 08:41:15,768 :: DEBUG :: ZEROBNL -> node.py :: run :: UPDATE
2018-12-12 08:41:15,768 :: DEBUG :: ZEROBNL -> node.py :: _update_inputs :: INPUTS {('Base0', 'Tth'): 20, ('Base0', 'demandFlag'): 0, ('Base1', 'COGwflag'): 1, ('Base2', 'Tsupply'): 60.0, ('Base2', 'MDOTsupply'): 0.008320345855141546, ('Base3', 'QDH'): 841.2967749389782, ('Base3', 'Tindoor'): 20.25396382973608}
2018-12-12 08:41:15,768 :: DEBUG :: ZEROBNL -> node.py :: set_attribute :: SET ATTRIBUTE demandOK to 0
2018-12-12 08:41:15,768 :: DEBUG :: ZEROBNL -> node.py :: get_attribute :: GET ATTRIBUTE demandOK
2018-12-12 08:41:15,769 :: DEBUG :: ZEROBNL -> node.py :: run :: UPDATE DONE
2018-12-12 08:41:15,797 :: DEBUG :: ZEROBNL -> node.py :: run :: UPDATE
2018-12-12 08:41:15,798 :: DEBUG :: ZEROBNL -> node.py :: _update_inputs :: INPUTS {('Base0', 'Tth'): 20, ('Base0', 'demandFlag'): 0, ('Base1', 'COGwflag'): 1, ('Base2', 'Tsupply'): 60.0, ('Base2', 'MDOTsupply'): 0.008389747106671262, ('Base3', 'QDH'): 841.2967749389782, ('Base3', 'Tindoor'): 20.25396382973608}
2018-12-12 08:41:15,798 :: DEBUG :: ZEROBNL -> node.py :: set_attribute :: SET ATTRIBUTE demandOK to 0
2018-12-12 08:41:15,798 :: DEBUG :: ZEROBNL -> node.py :: get_attribute :: GET ATTRIBUTE demandOK
2018-12-12 08:41:15,799 :: DEBUG :: ZEROBNL -> node.py :: run :: UPDATE DONE
2018-12-12 08:41:15,818 :: DEBUG :: ZEROBNL -> node.py :: run :: UPDATE
2018-12-12 08:41:15,818 :: DEBUG :: ZEROBNL -> node.py :: _update_inputs :: INPUTS {('Base0', 'Tth'): 20, ('Base0', 'demandFlag'): 0, ('Base1', 'COGwflag'): 1, ('Base2', 'Tsupply'): 60.0, ('Base2', 'MDOTsupply'): 0.008389747106671262, ('Base3', 'QDH'): 1039.836157448557, ('Base3', 'Tindoor'): 20.29644265282545}
2018-12-12 08:41:15,818 :: DEBUG :: ZEROBNL -> node.py :: set_attribute :: SET ATTRIBUTE demandOK to 0
2018-12-12 08:41:15,818 :: DEBUG :: ZEROBNL -> node.py :: get_attribute :: GET ATTRIBUTE demandOK
2018-12-12 08:41:15,819 :: DEBUG :: ZEROBNL -> node.py :: run :: UPDATE DONE
2018-12-12 08:41:15,832 :: DEBUG :: ZEROBNL -> node.py :: run :: UPDATE
2018-12-12 08:41:15,832 :: DEBUG :: ZEROBNL -> node.py :: _update_inputs :: INPUTS {('Base0', 'Tth'): 20, ('Base0', 'demandFlag'): 0, ('Base1', 'COGwflag'): 1, ('Base2', 'Tsupply'): 60.0, ('Base2', 'MDOTsupply'): 0.008389747106671262, ('Base3', 'QDH'): 1039.836157448557, ('Base3', 'Tindoor'): 20.29644265282545}
2018-12-12 08:41:15,832 :: DEBUG :: ZEROBNL -> node.py :: set_attribute :: SET ATTRIBUTE demandOK to 0
2018-12-12 08:41:15,832 :: DEBUG :: ZEROBNL -> node.py :: get_attribute :: GET ATTRIBUTE demandOK
2018-12-12 08:41:15,836 :: DEBUG :: ZEROBNL -> node.py :: run :: UPDATE DONE
2018-12-12 08:41:15,843 :: DEBUG :: ZEROBNL -> node.py :: run :: STEP
2018-12-12 08:41:15,843 :: DEBUG :: ZEROBNL -> node.py :: step :: NEW TIME
2018-12-12 08:41:15,843 :: DEBUG :: ZEROBNL -> node.py :: get_attribute :: GET ATTRIBUTE COGwflag
2018-12-12 08:41:15,845 :: DEBUG :: ZEROBNL -> node.py :: get_attribute :: GET ATTRIBUTE COGwflag
2018-12-12 08:41:15,845 :: DEBUG :: ZEROBNL -> node.py :: run :: STATE {'COGwflag': 1}
2018-12-12 08:41:15,845 :: DEBUG :: ZEROBNL -> node.py :: run :: STEP DONE
2018-12-12 08:41:15,846 :: DEBUG :: ZEROBNL -> node.py :: run :: UPDATE
2018-12-12 08:41:15,847 :: DEBUG :: ZEROBNL -> node.py :: _update_inputs :: INPUTS {('Base0', 'Tth'): 20, ('Base0', 'demandFlag'): 0, ('Base1', 'COGwflag'): 1, ('Base2', 'Tsupply'): 60.0, ('Base2', 'MDOTsupply'): 0.008389747106671262, ('Base3', 'QDH'): 1039.836157448557, ('Base3', 'Tindoor'): 20.29644265282545}
2018-12-12 08:41:15,847 :: DEBUG :: ZEROBNL -> node.py :: set_attribute :: SET ATTRIBUTE demandOK to 0
2018-12-12 08:41:15,847 :: DEBUG :: ZEROBNL -> node.py :: get_attribute :: GET ATTRIBUTE demandOK
2018-12-12 08:41:15,850 :: DEBUG :: ZEROBNL -> node.py :: run :: UPDATE DONE
2018-12-12 08:41:15,875 :: DEBUG :: ZEROBNL -> node.py :: run :: UPDATE
2018-12-12 08:41:15,876 :: DEBUG :: ZEROBNL -> node.py :: _update_inputs :: INPUTS {('Base0', 'Tth'): 20, ('Base0', 'demandFlag'): 0, ('Base1', 'COGwflag'): 1, ('Base2', 'Tsupply'): 60.0, ('Base2', 'MDOTsupply'): 0.010369661043810628, ('Base3', 'QDH'): 1039.836157448557, ('Base3', 'Tindoor'): 20.29644265282545}
2018-12-12 08:41:15,876 :: DEBUG :: ZEROBNL -> node.py :: set_attribute :: SET ATTRIBUTE demandOK to 0
2018-12-12 08:41:15,876 :: DEBUG :: ZEROBNL -> node.py :: get_attribute :: GET ATTRIBUTE demandOK
2018-12-12 08:41:15,877 :: DEBUG :: ZEROBNL -> node.py :: run :: UPDATE DONE
2018-12-12 08:41:15,897 :: DEBUG :: ZEROBNL -> node.py :: run :: UPDATE
2018-12-12 08:41:15,897 :: DEBUG :: ZEROBNL -> node.py :: _update_inputs :: INPUTS {('Base0', 'Tth'): 20, ('Base0', 'demandFlag'): 0, ('Base1', 'COGwflag'): 1, ('Base2', 'Tsupply'): 60.0, ('Base2', 'MDOTsupply'): 0.010369661043810628, ('Base3', 'QDH'): 1177.260391042223, ('Base3', 'Tindoor'): 20.34471943044725}
2018-12-12 08:41:15,897 :: DEBUG :: ZEROBNL -> node.py :: set_attribute :: SET ATTRIBUTE demandOK to 0
2018-12-12 08:41:15,897 :: DEBUG :: ZEROBNL -> node.py :: get_attribute :: GET ATTRIBUTE demandOK
2018-12-12 08:41:15,898 :: DEBUG :: ZEROBNL -> node.py :: run :: UPDATE DONE
2018-12-12 08:41:15,912 :: DEBUG :: ZEROBNL -> node.py :: run :: UPDATE
2018-12-12 08:41:15,913 :: DEBUG :: ZEROBNL -> node.py :: _update_inputs :: INPUTS {('Base0', 'Tth'): 20, ('Base0', 'demandFlag'): 0, ('Base1', 'COGwflag'): 1, ('Base2', 'Tsupply'): 60.0, ('Base2', 'MDOTsupply'): 0.010369661043810628, ('Base3', 'QDH'): 1177.260391042223, ('Base3', 'Tindoor'): 20.34471943044725}
2018-12-12 08:41:15,913 :: DEBUG :: ZEROBNL -> node.py :: set_attribute :: SET ATTRIBUTE demandOK to 0
2018-12-12 08:41:15,913 :: DEBUG :: ZEROBNL -> node.py :: get_attribute :: GET ATTRIBUTE demandOK
2018-12-12 08:41:15,915 :: DEBUG :: ZEROBNL -> node.py :: run :: UPDATE DONE
2018-12-12 08:41:15,919 :: DEBUG :: ZEROBNL -> node.py :: run :: STEP
2018-12-12 08:41:15,919 :: DEBUG :: ZEROBNL -> node.py :: step :: NEW TIME
2018-12-12 08:41:15,919 :: DEBUG :: ZEROBNL -> node.py :: get_attribute :: GET ATTRIBUTE COGwflag
2018-12-12 08:41:15,920 :: DEBUG :: ZEROBNL -> node.py :: get_attribute :: GET ATTRIBUTE COGwflag
2018-12-12 08:41:15,920 :: DEBUG :: ZEROBNL -> node.py :: run :: STATE {'COGwflag': 1}
2018-12-12 08:41:15,920 :: DEBUG :: ZEROBNL -> node.py :: run :: STEP DONE
2018-12-12 08:41:15,921 :: DEBUG :: ZEROBNL -> node.py :: run :: UPDATE
2018-12-12 08:41:15,921 :: DEBUG :: ZEROBNL -> node.py :: _update_inputs :: INPUTS {('Base0', 'Tth'): 20, ('Base0', 'demandFlag'): 0, ('Base1', 'COGwflag'): 1, ('Base2', 'Tsupply'): 60.0, ('Base2', 'MDOTsupply'): 0.010369661043810628, ('Base3', 'QDH'): 1177.260391042223, ('Base3', 'Tindoor'): 20.34471943044725}
2018-12-12 08:41:15,921 :: DEBUG :: ZEROBNL -> node.py :: set_attribute :: SET ATTRIBUTE demandOK to 0
2018-12-12 08:41:15,921 :: DEBUG :: ZEROBNL -> node.py :: get_attribute :: GET ATTRIBUTE demandOK
2018-12-12 08:41:15,922 :: DEBUG :: ZEROBNL -> node.py :: run :: UPDATE DONE
2018-12-12 08:41:15,950 :: DEBUG :: ZEROBNL -> node.py :: run :: UPDATE
2018-12-12 08:41:15,951 :: DEBUG :: ZEROBNL -> node.py :: _update_inputs :: INPUTS {('Base0', 'Tth'): 20, ('Base0', 'demandFlag'): 0, ('Base1', 'COGwflag'): 1, ('Base2', 'Tsupply'): 60.0, ('Base2', 'MDOTsupply'): 0.01174011033177156, ('Base3', 'QDH'): 1177.260391042223, ('Base3', 'Tindoor'): 20.34471943044725}
2018-12-12 08:41:15,951 :: DEBUG :: ZEROBNL -> node.py :: set_attribute :: SET ATTRIBUTE demandOK to 0
2018-12-12 08:41:15,951 :: DEBUG :: ZEROBNL -> node.py :: get_attribute :: GET ATTRIBUTE demandOK
2018-12-12 08:41:15,951 :: DEBUG :: ZEROBNL -> node.py :: run :: UPDATE DONE
2018-12-12 08:41:15,973 :: DEBUG :: ZEROBNL -> node.py :: run :: UPDATE
2018-12-12 08:41:15,974 :: DEBUG :: ZEROBNL -> node.py :: _update_inputs :: INPUTS {('Base0', 'Tth'): 20, ('Base0', 'demandFlag'): 0, ('Base1', 'COGwflag'): 1, ('Base2', 'Tsupply'): 60.0, ('Base2', 'MDOTsupply'): 0.01174011033177156, ('Base3', 'QDH'): 1226.097943163851, ('Base3', 'Tindoor'): 20.36346548458718}
2018-12-12 08:41:15,974 :: DEBUG :: ZEROBNL -> node.py :: set_attribute :: SET ATTRIBUTE demandOK to 0
2018-12-12 08:41:15,974 :: DEBUG :: ZEROBNL -> node.py :: get_attribute :: GET ATTRIBUTE demandOK
2018-12-12 08:41:15,975 :: DEBUG :: ZEROBNL -> node.py :: run :: UPDATE DONE
2018-12-12 08:41:15,988 :: DEBUG :: ZEROBNL -> node.py :: run :: UPDATE
2018-12-12 08:41:15,990 :: DEBUG :: ZEROBNL -> node.py :: _update_inputs :: INPUTS {('Base0', 'Tth'): 20, ('Base0', 'demandFlag'): 0, ('Base1', 'COGwflag'): 1, ('Base2', 'Tsupply'): 60.0, ('Base2', 'MDOTsupply'): 0.01174011033177156, ('Base3', 'QDH'): 1226.097943163851, ('Base3', 'Tindoor'): 20.36346548458718}
2018-12-12 08:41:15,990 :: DEBUG :: ZEROBNL -> node.py :: set_attribute :: SET ATTRIBUTE demandOK to 0
2018-12-12 08:41:15,990 :: DEBUG :: ZEROBNL -> node.py :: get_attribute :: GET ATTRIBUTE demandOK
2018-12-12 08:41:15,992 :: DEBUG :: ZEROBNL -> node.py :: run :: UPDATE DONE
2018-12-12 08:41:15,998 :: DEBUG :: ZEROBNL -> node.py :: run :: STEP
2018-12-12 08:41:15,999 :: DEBUG :: ZEROBNL -> node.py :: step :: NEW TIME
2018-12-12 08:41:15,999 :: DEBUG :: ZEROBNL -> node.py :: get_attribute :: GET ATTRIBUTE COGwflag
2018-12-12 08:41:16,000 :: DEBUG :: ZEROBNL -> node.py :: get_attribute :: GET ATTRIBUTE COGwflag
2018-12-12 08:41:16,000 :: DEBUG :: ZEROBNL -> node.py :: run :: STATE {'COGwflag': 1}
2018-12-12 08:41:16,000 :: DEBUG :: ZEROBNL -> node.py :: run :: STEP DONE
2018-12-12 08:41:16,000 :: DEBUG :: ZEROBNL -> node.py :: run :: UPDATE
2018-12-12 08:41:16,000 :: DEBUG :: ZEROBNL -> node.py :: _update_inputs :: INPUTS {('Base0', 'Tth'): 20, ('Base0', 'demandFlag'): 0, ('Base1', 'COGwflag'): 1, ('Base2', 'Tsupply'): 60.0, ('Base2', 'MDOTsupply'): 0.01174011033177156, ('Base3', 'QDH'): 1226.097943163851, ('Base3', 'Tindoor'): 20.36346548458718}
2018-12-12 08:41:16,001 :: DEBUG :: ZEROBNL -> node.py :: set_attribute :: SET ATTRIBUTE demandOK to 0
2018-12-12 08:41:16,001 :: DEBUG :: ZEROBNL -> node.py :: get_attribute :: GET ATTRIBUTE demandOK
2018-12-12 08:41:16,006 :: DEBUG :: ZEROBNL -> node.py :: run :: UPDATE DONE
2018-12-12 08:41:16,030 :: DEBUG :: ZEROBNL -> node.py :: run :: UPDATE
2018-12-12 08:41:16,030 :: DEBUG :: ZEROBNL -> node.py :: _update_inputs :: INPUTS {('Base0', 'Tth'): 20, ('Base0', 'demandFlag'): 0, ('Base1', 'COGwflag'): 1, ('Base2', 'Tsupply'): 60.0, ('Base2', 'MDOTsupply'): 0.012227137887112015, ('Base3', 'QDH'): 1226.097943163851, ('Base3', 'Tindoor'): 20.36346548458718}
2018-12-12 08:41:16,030 :: DEBUG :: ZEROBNL -> node.py :: set_attribute :: SET ATTRIBUTE demandOK to 0
2018-12-12 08:41:16,030 :: DEBUG :: ZEROBNL -> node.py :: get_attribute :: GET ATTRIBUTE demandOK
2018-12-12 08:41:16,032 :: DEBUG :: ZEROBNL -> node.py :: run :: UPDATE DONE
2018-12-12 08:41:16,050 :: DEBUG :: ZEROBNL -> node.py :: run :: UPDATE
2018-12-12 08:41:16,050 :: DEBUG :: ZEROBNL -> node.py :: _update_inputs :: INPUTS {('Base0', 'Tth'): 20, ('Base0', 'demandFlag'): 0, ('Base1', 'COGwflag'): 1, ('Base2', 'Tsupply'): 60.0, ('Base2', 'MDOTsupply'): 0.012227137887112015, ('Base3', 'QDH'): 1249.043278028008, ('Base3', 'Tindoor'): 20.36590295320037}
2018-12-12 08:41:16,050 :: DEBUG :: ZEROBNL -> node.py :: set_attribute :: SET ATTRIBUTE demandOK to 0
2018-12-12 08:41:16,050 :: DEBUG :: ZEROBNL -> node.py :: get_attribute :: GET ATTRIBUTE demandOK
2018-12-12 08:41:16,051 :: DEBUG :: ZEROBNL -> node.py :: run :: UPDATE DONE
2018-12-12 08:41:16,063 :: DEBUG :: ZEROBNL -> node.py :: run :: UPDATE
2018-12-12 08:41:16,063 :: DEBUG :: ZEROBNL -> node.py :: _update_inputs :: INPUTS {('Base0', 'Tth'): 20, ('Base0', 'demandFlag'): 0, ('Base1', 'COGwflag'): 1, ('Base2', 'Tsupply'): 60.0, ('Base2', 'MDOTsupply'): 0.012227137887112015, ('Base3', 'QDH'): 1249.043278028008, ('Base3', 'Tindoor'): 20.36590295320037}
2018-12-12 08:41:16,064 :: DEBUG :: ZEROBNL -> node.py :: set_attribute :: SET ATTRIBUTE demandOK to 0
2018-12-12 08:41:16,064 :: DEBUG :: ZEROBNL -> node.py :: get_attribute :: GET ATTRIBUTE demandOK
2018-12-12 08:41:16,064 :: DEBUG :: ZEROBNL -> node.py :: run :: UPDATE DONE
2018-12-12 08:41:16,080 :: DEBUG :: ZEROBNL -> node.py :: run :: STEP
2018-12-12 08:41:16,080 :: DEBUG :: ZEROBNL -> node.py :: step :: NEW TIME
2018-12-12 08:41:16,080 :: DEBUG :: ZEROBNL -> node.py :: get_attribute :: GET ATTRIBUTE COGwflag
2018-12-12 08:41:16,083 :: DEBUG :: ZEROBNL -> node.py :: get_attribute :: GET ATTRIBUTE COGwflag
2018-12-12 08:41:16,083 :: DEBUG :: ZEROBNL -> node.py :: run :: STATE {'COGwflag': 1}
2018-12-12 08:41:16,083 :: DEBUG :: ZEROBNL -> node.py :: run :: STEP DONE
2018-12-12 08:41:16,084 :: DEBUG :: ZEROBNL -> node.py :: run :: UPDATE
2018-12-12 08:41:16,085 :: DEBUG :: ZEROBNL -> node.py :: _update_inputs :: INPUTS {('Base0', 'Tth'): 20, ('Base0', 'demandFlag'): 0, ('Base1', 'COGwflag'): 1, ('Base2', 'Tsupply'): 60.0, ('Base2', 'MDOTsupply'): 0.012227137887112015, ('Base3', 'QDH'): 1249.043278028008, ('Base3', 'Tindoor'): 20.36590295320037}
2018-12-12 08:41:16,085 :: DEBUG :: ZEROBNL -> node.py :: set_attribute :: SET ATTRIBUTE demandOK to 0
2018-12-12 08:41:16,085 :: DEBUG :: ZEROBNL -> node.py :: get_attribute :: GET ATTRIBUTE demandOK
2018-12-12 08:41:16,086 :: DEBUG :: ZEROBNL -> node.py :: run :: UPDATE DONE
2018-12-12 08:41:16,112 :: DEBUG :: ZEROBNL -> node.py :: run :: UPDATE
2018-12-12 08:41:16,112 :: DEBUG :: ZEROBNL -> node.py :: _update_inputs :: INPUTS {('Base0', 'Tth'): 20, ('Base0', 'demandFlag'): 0, ('Base1', 'COGwflag'): 1, ('Base2', 'Tsupply'): 60.0, ('Base2', 'MDOTsupply'): 0.012455957921279433, ('Base3', 'QDH'): 1249.043278028008, ('Base3', 'Tindoor'): 20.36590295320037}
2018-12-12 08:41:16,112 :: DEBUG :: ZEROBNL -> node.py :: set_attribute :: SET ATTRIBUTE demandOK to 0
2018-12-12 08:41:16,113 :: DEBUG :: ZEROBNL -> node.py :: get_attribute :: GET ATTRIBUTE demandOK
2018-12-12 08:41:16,113 :: DEBUG :: ZEROBNL -> node.py :: run :: UPDATE DONE
2018-12-12 08:41:16,132 :: DEBUG :: ZEROBNL -> node.py :: run :: UPDATE
2018-12-12 08:41:16,132 :: DEBUG :: ZEROBNL -> node.py :: _update_inputs :: INPUTS {('Base0', 'Tth'): 20, ('Base0', 'demandFlag'): 0, ('Base1', 'COGwflag'): 1, ('Base2', 'Tsupply'): 60.0, ('Base2', 'MDOTsupply'): 0.012455957921279433, ('Base3', 'QDH'): 1266.247811892271, ('Base3', 'Tindoor'): 20.37607275805511}
2018-12-12 08:41:16,133 :: DEBUG :: ZEROBNL -> node.py :: set_attribute :: SET ATTRIBUTE demandOK to 0
2018-12-12 08:41:16,133 :: DEBUG :: ZEROBNL -> node.py :: get_attribute :: GET ATTRIBUTE demandOK
2018-12-12 08:41:16,133 :: DEBUG :: ZEROBNL -> node.py :: run :: UPDATE DONE
2018-12-12 08:41:16,143 :: DEBUG :: ZEROBNL -> node.py :: run :: UPDATE
2018-12-12 08:41:16,143 :: DEBUG :: ZEROBNL -> node.py :: _update_inputs :: INPUTS {('Base0', 'Tth'): 20, ('Base0', 'demandFlag'): 0, ('Base1', 'COGwflag'): 1, ('Base2', 'Tsupply'): 60.0, ('Base2', 'MDOTsupply'): 0.012455957921279433, ('Base3', 'QDH'): 1266.247811892271, ('Base3', 'Tindoor'): 20.37607275805511}
2018-12-12 08:41:16,143 :: DEBUG :: ZEROBNL -> node.py :: set_attribute :: SET ATTRIBUTE demandOK to 0
2018-12-12 08:41:16,144 :: DEBUG :: ZEROBNL -> node.py :: get_attribute :: GET ATTRIBUTE demandOK
2018-12-12 08:41:16,144 :: DEBUG :: ZEROBNL -> node.py :: run :: UPDATE DONE
2018-12-12 08:41:16,153 :: DEBUG :: ZEROBNL -> node.py :: run :: STEP
2018-12-12 08:41:16,153 :: DEBUG :: ZEROBNL -> node.py :: step :: NEW TIME
2018-12-12 08:41:16,154 :: DEBUG :: ZEROBNL -> node.py :: get_attribute :: GET ATTRIBUTE COGwflag
2018-12-12 08:41:16,154 :: DEBUG :: ZEROBNL -> node.py :: get_attribute :: GET ATTRIBUTE COGwflag
2018-12-12 08:41:16,154 :: DEBUG :: ZEROBNL -> node.py :: run :: STATE {'COGwflag': 1}
2018-12-12 08:41:16,154 :: DEBUG :: ZEROBNL -> node.py :: run :: STEP DONE
2018-12-12 08:41:16,155 :: DEBUG :: ZEROBNL -> node.py :: run :: UPDATE
2018-12-12 08:41:16,156 :: DEBUG :: ZEROBNL -> node.py :: _update_inputs :: INPUTS {('Base0', 'Tth'): 20, ('Base0', 'demandFlag'): 0, ('Base1', 'COGwflag'): 1, ('Base2', 'Tsupply'): 60.0, ('Base2', 'MDOTsupply'): 0.012455957921279433, ('Base3', 'QDH'): 1266.247811892271, ('Base3', 'Tindoor'): 20.37607275805511}
2018-12-12 08:41:16,156 :: DEBUG :: ZEROBNL -> node.py :: set_attribute :: SET ATTRIBUTE demandOK to 0
2018-12-12 08:41:16,156 :: DEBUG :: ZEROBNL -> node.py :: get_attribute :: GET ATTRIBUTE demandOK
2018-12-12 08:41:16,157 :: DEBUG :: ZEROBNL -> node.py :: run :: UPDATE DONE
2018-12-12 08:41:16,182 :: DEBUG :: ZEROBNL -> node.py :: run :: UPDATE
2018-12-12 08:41:16,182 :: DEBUG :: ZEROBNL -> node.py :: _update_inputs :: INPUTS {('Base0', 'Tth'): 20, ('Base0', 'demandFlag'): 0, ('Base1', 'COGwflag'): 1, ('Base2', 'Tsupply'): 60.0, ('Base2', 'MDOTsupply'): 0.012627528397367678, ('Base3', 'QDH'): 1266.247811892271, ('Base3', 'Tindoor'): 20.37607275805511}
2018-12-12 08:41:16,183 :: DEBUG :: ZEROBNL -> node.py :: set_attribute :: SET ATTRIBUTE demandOK to 0
2018-12-12 08:41:16,183 :: DEBUG :: ZEROBNL -> node.py :: get_attribute :: GET ATTRIBUTE demandOK
2018-12-12 08:41:16,183 :: DEBUG :: ZEROBNL -> node.py :: run :: UPDATE DONE
2018-12-12 08:41:16,201 :: DEBUG :: ZEROBNL -> node.py :: run :: UPDATE
2018-12-12 08:41:16,201 :: DEBUG :: ZEROBNL -> node.py :: _update_inputs :: INPUTS {('Base0', 'Tth'): 20, ('Base0', 'demandFlag'): 0, ('Base1', 'COGwflag'): 1, ('Base2', 'Tsupply'): 60.0, ('Base2', 'MDOTsupply'): 0.012627528397367678, ('Base3', 'QDH'): 1265.57579963824, ('Base3', 'Tindoor'): 20.37535480024352}
2018-12-12 08:41:16,202 :: DEBUG :: ZEROBNL -> node.py :: set_attribute :: SET ATTRIBUTE demandOK to 0
2018-12-12 08:41:16,202 :: DEBUG :: ZEROBNL -> node.py :: get_attribute :: GET ATTRIBUTE demandOK
2018-12-12 08:41:16,202 :: DEBUG :: ZEROBNL -> node.py :: run :: UPDATE DONE
2018-12-12 08:41:16,214 :: DEBUG :: ZEROBNL -> node.py :: run :: UPDATE
2018-12-12 08:41:16,214 :: DEBUG :: ZEROBNL -> node.py :: _update_inputs :: INPUTS {('Base0', 'Tth'): 20, ('Base0', 'demandFlag'): 0, ('Base1', 'COGwflag'): 1, ('Base2', 'Tsupply'): 60.0, ('Base2', 'MDOTsupply'): 0.012627528397367678, ('Base3', 'QDH'): 1265.57579963824, ('Base3', 'Tindoor'): 20.37535480024352}
2018-12-12 08:41:16,214 :: DEBUG :: ZEROBNL -> node.py :: set_attribute :: SET ATTRIBUTE demandOK to 0
2018-12-12 08:41:16,217 :: DEBUG :: ZEROBNL -> node.py :: get_attribute :: GET ATTRIBUTE demandOK
2018-12-12 08:41:16,220 :: DEBUG :: ZEROBNL -> node.py :: run :: UPDATE DONE
2018-12-12 08:41:16,221 :: DEBUG :: ZEROBNL -> node.py :: run :: STEP
2018-12-12 08:41:16,222 :: DEBUG :: ZEROBNL -> node.py :: step :: NEW TIME
2018-12-12 08:41:16,222 :: DEBUG :: ZEROBNL -> node.py :: get_attribute :: GET ATTRIBUTE COGwflag
2018-12-12 08:41:16,222 :: DEBUG :: ZEROBNL -> node.py :: get_attribute :: GET ATTRIBUTE COGwflag
2018-12-12 08:41:16,222 :: DEBUG :: ZEROBNL -> node.py :: run :: STATE {'COGwflag': 1}
2018-12-12 08:41:16,222 :: DEBUG :: ZEROBNL -> node.py :: run :: STEP DONE
2018-12-12 08:41:16,223 :: DEBUG :: ZEROBNL -> node.py :: run :: UPDATE
2018-12-12 08:41:16,223 :: DEBUG :: ZEROBNL -> node.py :: _update_inputs :: INPUTS {('Base0', 'Tth'): 20, ('Base0', 'demandFlag'): 0, ('Base1', 'COGwflag'): 1, ('Base2', 'Tsupply'): 60.0, ('Base2', 'MDOTsupply'): 0.012627528397367678, ('Base3', 'QDH'): 1265.57579963824, ('Base3', 'Tindoor'): 20.37535480024352}
2018-12-12 08:41:16,224 :: DEBUG :: ZEROBNL -> node.py :: set_attribute :: SET ATTRIBUTE demandOK to 0
2018-12-12 08:41:16,224 :: DEBUG :: ZEROBNL -> node.py :: get_attribute :: GET ATTRIBUTE demandOK
2018-12-12 08:41:16,224 :: DEBUG :: ZEROBNL -> node.py :: run :: UPDATE DONE
2018-12-12 08:41:16,249 :: DEBUG :: ZEROBNL -> node.py :: run :: UPDATE
2018-12-12 08:41:16,249 :: DEBUG :: ZEROBNL -> node.py :: _update_inputs :: INPUTS {('Base0', 'Tth'): 20, ('Base0', 'demandFlag'): 0, ('Base1', 'COGwflag'): 1, ('Base2', 'Tsupply'): 60.0, ('Base2', 'MDOTsupply'): 0.012620826823040875, ('Base3', 'QDH'): 1265.57579963824, ('Base3', 'Tindoor'): 20.37535480024352}
2018-12-12 08:41:16,249 :: DEBUG :: ZEROBNL -> node.py :: set_attribute :: SET ATTRIBUTE demandOK to 0
2018-12-12 08:41:16,250 :: DEBUG :: ZEROBNL -> node.py :: get_attribute :: GET ATTRIBUTE demandOK
2018-12-12 08:41:16,250 :: DEBUG :: ZEROBNL -> node.py :: run :: UPDATE DONE
2018-12-12 08:41:16,268 :: DEBUG :: ZEROBNL -> node.py :: run :: UPDATE
2018-12-12 08:41:16,268 :: DEBUG :: ZEROBNL -> node.py :: _update_inputs :: INPUTS {('Base0', 'Tth'): 20, ('Base0', 'demandFlag'): 0, ('Base1', 'COGwflag'): 1, ('Base2', 'Tsupply'): 60.0, ('Base2', 'MDOTsupply'): 0.012620826823040875, ('Base3', 'QDH'): 1264.071790436385, ('Base3', 'Tindoor'): 20.37427822756668}
2018-12-12 08:41:16,268 :: DEBUG :: ZEROBNL -> node.py :: set_attribute :: SET ATTRIBUTE demandOK to 0
2018-12-12 08:41:16,268 :: DEBUG :: ZEROBNL -> node.py :: get_attribute :: GET ATTRIBUTE demandOK
2018-12-12 08:41:16,269 :: DEBUG :: ZEROBNL -> node.py :: run :: UPDATE DONE
2018-12-12 08:41:16,280 :: DEBUG :: ZEROBNL -> node.py :: run :: UPDATE
2018-12-12 08:41:16,281 :: DEBUG :: ZEROBNL -> node.py :: _update_inputs :: INPUTS {('Base0', 'Tth'): 20, ('Base0', 'demandFlag'): 0, ('Base1', 'COGwflag'): 1, ('Base2', 'Tsupply'): 60.0, ('Base2', 'MDOTsupply'): 0.012620826823040875, ('Base3', 'QDH'): 1264.071790436385, ('Base3', 'Tindoor'): 20.37427822756668}
2018-12-12 08:41:16,281 :: DEBUG :: ZEROBNL -> node.py :: set_attribute :: SET ATTRIBUTE demandOK to 0
2018-12-12 08:41:16,281 :: DEBUG :: ZEROBNL -> node.py :: get_attribute :: GET ATTRIBUTE demandOK
2018-12-12 08:41:16,282 :: DEBUG :: ZEROBNL -> node.py :: run :: UPDATE DONE
2018-12-12 08:41:16,289 :: DEBUG :: ZEROBNL -> node.py :: run :: STEP
2018-12-12 08:41:16,289 :: DEBUG :: ZEROBNL -> node.py :: step :: NEW TIME
2018-12-12 08:41:16,289 :: DEBUG :: ZEROBNL -> node.py :: get_attribute :: GET ATTRIBUTE COGwflag
2018-12-12 08:41:16,290 :: DEBUG :: ZEROBNL -> node.py :: get_attribute :: GET ATTRIBUTE COGwflag
2018-12-12 08:41:16,290 :: DEBUG :: ZEROBNL -> node.py :: run :: STATE {'COGwflag': 1}
2018-12-12 08:41:16,290 :: DEBUG :: ZEROBNL -> node.py :: run :: STEP DONE
2018-12-12 08:41:16,291 :: DEBUG :: ZEROBNL -> node.py :: run :: UPDATE
2018-12-12 08:41:16,291 :: DEBUG :: ZEROBNL -> node.py :: _update_inputs :: INPUTS {('Base0', 'Tth'): 20, ('Base0', 'demandFlag'): 0, ('Base1', 'COGwflag'): 1, ('Base2', 'Tsupply'): 60.0, ('Base2', 'MDOTsupply'): 0.012620826823040875, ('Base3', 'QDH'): 1264.071790436385, ('Base3', 'Tindoor'): 20.37427822756668}
2018-12-12 08:41:16,291 :: DEBUG :: ZEROBNL -> node.py :: set_attribute :: SET ATTRIBUTE demandOK to 0
2018-12-12 08:41:16,291 :: DEBUG :: ZEROBNL -> node.py :: get_attribute :: GET ATTRIBUTE demandOK
2018-12-12 08:41:16,292 :: DEBUG :: ZEROBNL -> node.py :: run :: UPDATE DONE
2018-12-12 08:41:16,321 :: DEBUG :: ZEROBNL -> node.py :: run :: UPDATE
2018-12-12 08:41:16,321 :: DEBUG :: ZEROBNL -> node.py :: _update_inputs :: INPUTS {('Base0', 'Tth'): 20, ('Base0', 'demandFlag'): 0, ('Base1', 'COGwflag'): 1, ('Base2', 'Tsupply'): 60.0, ('Base2', 'MDOTsupply'): 0.012605828243203712, ('Base3', 'QDH'): 1264.071790436385, ('Base3', 'Tindoor'): 20.37427822756668}
2018-12-12 08:41:16,321 :: DEBUG :: ZEROBNL -> node.py :: set_attribute :: SET ATTRIBUTE demandOK to 0
2018-12-12 08:41:16,322 :: DEBUG :: ZEROBNL -> node.py :: get_attribute :: GET ATTRIBUTE demandOK
2018-12-12 08:41:16,322 :: DEBUG :: ZEROBNL -> node.py :: run :: UPDATE DONE
2018-12-12 08:41:16,342 :: DEBUG :: ZEROBNL -> node.py :: run :: UPDATE
2018-12-12 08:41:16,342 :: DEBUG :: ZEROBNL -> node.py :: _update_inputs :: INPUTS {('Base0', 'Tth'): 20, ('Base0', 'demandFlag'): 0, ('Base1', 'COGwflag'): 1, ('Base2', 'Tsupply'): 60.0, ('Base2', 'MDOTsupply'): 0.012605828243203712, ('Base3', 'QDH'): 1261.512151531688, ('Base3', 'Tindoor'): 20.3754098164394}
2018-12-12 08:41:16,342 :: DEBUG :: ZEROBNL -> node.py :: set_attribute :: SET ATTRIBUTE demandOK to 0
2018-12-12 08:41:16,342 :: DEBUG :: ZEROBNL -> node.py :: get_attribute :: GET ATTRIBUTE demandOK
2018-12-12 08:41:16,343 :: DEBUG :: ZEROBNL -> node.py :: run :: UPDATE DONE
2018-12-12 08:41:16,355 :: DEBUG :: ZEROBNL -> node.py :: run :: UPDATE
2018-12-12 08:41:16,356 :: DEBUG :: ZEROBNL -> node.py :: _update_inputs :: INPUTS {('Base0', 'Tth'): 20, ('Base0', 'demandFlag'): 0, ('Base1', 'COGwflag'): 1, ('Base2', 'Tsupply'): 60.0, ('Base2', 'MDOTsupply'): 0.012605828243203712, ('Base3', 'QDH'): 1261.512151531688, ('Base3', 'Tindoor'): 20.3754098164394}
2018-12-12 08:41:16,356 :: DEBUG :: ZEROBNL -> node.py :: set_attribute :: SET ATTRIBUTE demandOK to 0
2018-12-12 08:41:16,358 :: DEBUG :: ZEROBNL -> node.py :: get_attribute :: GET ATTRIBUTE demandOK
2018-12-12 08:41:16,363 :: DEBUG :: ZEROBNL -> node.py :: run :: UPDATE DONE
2018-12-12 08:41:16,364 :: DEBUG :: ZEROBNL -> node.py :: run :: STEP
2018-12-12 08:41:16,365 :: DEBUG :: ZEROBNL -> node.py :: step :: NEW TIME
2018-12-12 08:41:16,365 :: DEBUG :: ZEROBNL -> node.py :: get_attribute :: GET ATTRIBUTE COGwflag
2018-12-12 08:41:16,366 :: DEBUG :: ZEROBNL -> node.py :: get_attribute :: GET ATTRIBUTE COGwflag
2018-12-12 08:41:16,366 :: DEBUG :: ZEROBNL -> node.py :: run :: STATE {'COGwflag': 1}
2018-12-12 08:41:16,366 :: DEBUG :: ZEROBNL -> node.py :: run :: STEP DONE
2018-12-12 08:41:16,367 :: DEBUG :: ZEROBNL -> node.py :: run :: UPDATE
2018-12-12 08:41:16,371 :: DEBUG :: ZEROBNL -> node.py :: _update_inputs :: INPUTS {('Base0', 'Tth'): 20, ('Base0', 'demandFlag'): 0, ('Base1', 'COGwflag'): 1, ('Base2', 'Tsupply'): 60.0, ('Base2', 'MDOTsupply'): 0.012605828243203712, ('Base3', 'QDH'): 1261.512151531688, ('Base3', 'Tindoor'): 20.3754098164394}
2018-12-12 08:41:16,374 :: DEBUG :: ZEROBNL -> node.py :: set_attribute :: SET ATTRIBUTE demandOK to 0
2018-12-12 08:41:16,376 :: DEBUG :: ZEROBNL -> node.py :: get_attribute :: GET ATTRIBUTE demandOK
2018-12-12 08:41:16,379 :: DEBUG :: ZEROBNL -> node.py :: run :: UPDATE DONE
2018-12-12 08:41:16,402 :: DEBUG :: ZEROBNL -> node.py :: run :: UPDATE
2018-12-12 08:41:16,404 :: DEBUG :: ZEROBNL -> node.py :: _update_inputs :: INPUTS {('Base0', 'Tth'): 20, ('Base0', 'demandFlag'): 0, ('Base1', 'COGwflag'): 1, ('Base2', 'Tsupply'): 60.0, ('Base2', 'MDOTsupply'): 0.012580302502786243, ('Base3', 'QDH'): 1261.512151531688, ('Base3', 'Tindoor'): 20.3754098164394}
2018-12-12 08:41:16,404 :: DEBUG :: ZEROBNL -> node.py :: set_attribute :: SET ATTRIBUTE demandOK to 0
2018-12-12 08:41:16,404 :: DEBUG :: ZEROBNL -> node.py :: get_attribute :: GET ATTRIBUTE demandOK
2018-12-12 08:41:16,405 :: DEBUG :: ZEROBNL -> node.py :: run :: UPDATE DONE
2018-12-12 08:41:16,425 :: DEBUG :: ZEROBNL -> node.py :: run :: UPDATE
2018-12-12 08:41:16,425 :: DEBUG :: ZEROBNL -> node.py :: _update_inputs :: INPUTS {('Base0', 'Tth'): 20, ('Base0', 'demandFlag'): 0, ('Base1', 'COGwflag'): 1, ('Base2', 'Tsupply'): 60.0, ('Base2', 'MDOTsupply'): 0.012580302502786243, ('Base3', 'QDH'): 1261.757558918539, ('Base3', 'Tindoor'): 20.37671977713849}
2018-12-12 08:41:16,425 :: DEBUG :: ZEROBNL -> node.py :: set_attribute :: SET ATTRIBUTE demandOK to 0
2018-12-12 08:41:16,426 :: DEBUG :: ZEROBNL -> node.py :: get_attribute :: GET ATTRIBUTE demandOK
2018-12-12 08:41:16,426 :: DEBUG :: ZEROBNL -> node.py :: run :: UPDATE DONE
2018-12-12 08:41:16,438 :: DEBUG :: ZEROBNL -> node.py :: run :: UPDATE
2018-12-12 08:41:16,442 :: DEBUG :: ZEROBNL -> node.py :: _update_inputs :: INPUTS {('Base0', 'Tth'): 20, ('Base0', 'demandFlag'): 0, ('Base1', 'COGwflag'): 1, ('Base2', 'Tsupply'): 60.0, ('Base2', 'MDOTsupply'): 0.012580302502786243, ('Base3', 'QDH'): 1261.757558918539, ('Base3', 'Tindoor'): 20.37671977713849}
2018-12-12 08:41:16,446 :: DEBUG :: ZEROBNL -> node.py :: set_attribute :: SET ATTRIBUTE demandOK to 0
2018-12-12 08:41:16,446 :: DEBUG :: ZEROBNL -> node.py :: get_attribute :: GET ATTRIBUTE demandOK
2018-12-12 08:41:16,447 :: DEBUG :: ZEROBNL -> node.py :: run :: UPDATE DONE
2018-12-12 08:41:16,448 :: DEBUG :: ZEROBNL -> node.py :: run :: STEP
2018-12-12 08:41:16,448 :: DEBUG :: ZEROBNL -> node.py :: step :: NEW TIME
2018-12-12 08:41:16,448 :: DEBUG :: ZEROBNL -> node.py :: get_attribute :: GET ATTRIBUTE COGwflag
2018-12-12 08:41:16,449 :: DEBUG :: ZEROBNL -> node.py :: get_attribute :: GET ATTRIBUTE COGwflag
2018-12-12 08:41:16,449 :: DEBUG :: ZEROBNL -> node.py :: run :: STATE {'COGwflag': 1}
2018-12-12 08:41:16,450 :: DEBUG :: ZEROBNL -> node.py :: run :: STEP DONE
2018-12-12 08:41:16,450 :: DEBUG :: ZEROBNL -> node.py :: run :: UPDATE
2018-12-12 08:41:16,451 :: DEBUG :: ZEROBNL -> node.py :: _update_inputs :: INPUTS {('Base0', 'Tth'): 20, ('Base0', 'demandFlag'): 0, ('Base1', 'COGwflag'): 1, ('Base2', 'Tsupply'): 60.0, ('Base2', 'MDOTsupply'): 0.012580302502786243, ('Base3', 'QDH'): 1261.757558918539, ('Base3', 'Tindoor'): 20.37671977713849}
2018-12-12 08:41:16,451 :: DEBUG :: ZEROBNL -> node.py :: set_attribute :: SET ATTRIBUTE demandOK to 0
2018-12-12 08:41:16,451 :: DEBUG :: ZEROBNL -> node.py :: get_attribute :: GET ATTRIBUTE demandOK
2018-12-12 08:41:16,451 :: DEBUG :: ZEROBNL -> node.py :: run :: UPDATE DONE
2018-12-12 08:41:16,478 :: DEBUG :: ZEROBNL -> node.py :: run :: UPDATE
2018-12-12 08:41:16,479 :: DEBUG :: ZEROBNL -> node.py :: _update_inputs :: INPUTS {('Base0', 'Tth'): 20, ('Base0', 'demandFlag'): 0, ('Base1', 'COGwflag'): 1, ('Base2', 'Tsupply'): 60.0, ('Base2', 'MDOTsupply'): 0.012582749803158409, ('Base3', 'QDH'): 1261.757558918539, ('Base3', 'Tindoor'): 20.37671977713849}
2018-12-12 08:41:16,479 :: DEBUG :: ZEROBNL -> node.py :: set_attribute :: SET ATTRIBUTE demandOK to 0
2018-12-12 08:41:16,480 :: DEBUG :: ZEROBNL -> node.py :: get_attribute :: GET ATTRIBUTE demandOK
2018-12-12 08:41:16,480 :: DEBUG :: ZEROBNL -> node.py :: run :: UPDATE DONE
2018-12-12 08:41:16,500 :: DEBUG :: ZEROBNL -> node.py :: exit :: EXIT
