2018-12-12 09:41:13,045 :: DEBUG :: ZEROBNL -> node.py :: __init__ :: LOAD CONFIG NODE
2018-12-12 09:41:13,047 :: DEBUG :: ZEROBNL -> node.py :: __init__ :: CONNECT REDIS
2018-12-12 09:41:13,074 :: DEBUG :: ZEROBNL -> node.py :: __init__ :: CREATE SUB/SEND
2018-12-12 09:41:13,075 :: DEBUG :: ZEROBNL -> node.py :: __init__ :: CONNECT TO SUB/SEND
2018-12-12 09:41:13,075 :: DEBUG :: ZEROBNL -> node.py :: __init__ :: SUBSCRIBED TO GRP/ALL
2018-12-12 09:41:13,075 :: DEBUG :: ZEROBNL -> node.py :: __init__ :: INIT DONE
2018-12-12 09:41:14,385 :: DEBUG :: ZEROBNL -> node.py :: run :: INIT VALUES DONE
2018-12-12 09:41:14,389 :: DEBUG :: ZEROBNL -> node.py :: run :: UPDATE
2018-12-12 09:41:14,389 :: DEBUG :: ZEROBNL -> node.py :: _update_inputs :: INPUTS {}
2018-12-12 09:41:14,389 :: DEBUG :: ZEROBNL -> node.py :: run :: UPDATE DONE
2018-12-12 09:41:14,401 :: DEBUG :: ZEROBNL -> node.py :: run :: UPDATE
2018-12-12 09:41:14,401 :: DEBUG :: ZEROBNL -> node.py :: _update_inputs :: INPUTS {('Base0', 'Tth'): 20, ('Base0', 'demandFlag'): 0}
2018-12-12 09:41:14,401 :: DEBUG :: ZEROBNL -> node.py :: set_attribute :: SET ATTRIBUTE Tthermostat to 20
2018-12-12 09:41:14,408 :: DEBUG :: ZEROBNL -> node.py :: run :: UPDATE DONE
2018-12-12 09:41:14,414 :: DEBUG :: ZEROBNL -> node.py :: run :: UPDATE
2018-12-12 09:41:14,414 :: DEBUG :: ZEROBNL -> node.py :: _update_inputs :: INPUTS {('Base0', 'Tth'): 20, ('Base0', 'demandFlag'): 0, ('Base1', 'COGwflag'): 1}
2018-12-12 09:41:14,414 :: DEBUG :: ZEROBNL -> node.py :: set_attribute :: SET ATTRIBUTE Tthermostat to 20
2018-12-12 09:41:14,422 :: DEBUG :: ZEROBNL -> node.py :: run :: UPDATE DONE
2018-12-12 09:41:14,554 :: DEBUG :: ZEROBNL -> node.py :: run :: UPDATE
2018-12-12 09:41:14,554 :: DEBUG :: ZEROBNL -> node.py :: _update_inputs :: INPUTS {('Base0', 'Tth'): 20, ('Base0', 'demandFlag'): 0, ('Base1', 'COGwflag'): 1, ('Base2', 'Tsupply'): 60.0, ('Base2', 'MDOTsupply'): 0.019934353138878525}
2018-12-12 09:41:14,554 :: DEBUG :: ZEROBNL -> node.py :: set_attribute :: SET ATTRIBUTE Tthermostat to 20
2018-12-12 09:41:14,561 :: DEBUG :: ZEROBNL -> node.py :: run :: UPDATE DONE
2018-12-12 09:41:14,565 :: DEBUG :: ZEROBNL -> node.py :: run :: STEP
2018-12-12 09:41:14,566 :: DEBUG :: ZEROBNL -> node.py :: step :: NEW TIME
2018-12-12 09:41:14,633 :: DEBUG :: ZEROBNL -> node.py :: get_attribute :: GET ATTRIBUTE QDH
2018-12-12 09:41:14,638 :: DEBUG :: ZEROBNL -> node.py :: get_attribute :: GET ATTRIBUTE Tindoor
2018-12-12 09:41:14,645 :: DEBUG :: ZEROBNL -> node.py :: run :: STATE {'QDH': 1154.79917707783, 'Tindoor': 20.34543329029867}
2018-12-12 09:41:14,646 :: DEBUG :: ZEROBNL -> node.py :: run :: STEP DONE
2018-12-12 09:41:14,648 :: DEBUG :: ZEROBNL -> node.py :: run :: UPDATE
2018-12-12 09:41:14,649 :: DEBUG :: ZEROBNL -> node.py :: _update_inputs :: INPUTS {('Base0', 'Tth'): 20, ('Base0', 'demandFlag'): 0, ('Base1', 'COGwflag'): 1, ('Base2', 'Tsupply'): 60.0, ('Base2', 'MDOTsupply'): 0.019934353138878525, ('Base3', 'QDH'): 1154.79917707783, ('Base3', 'Tindoor'): 20.34543329029867}
2018-12-12 09:41:14,649 :: DEBUG :: ZEROBNL -> node.py :: set_attribute :: SET ATTRIBUTE Tthermostat to 20
2018-12-12 09:41:14,654 :: DEBUG :: ZEROBNL -> node.py :: run :: UPDATE DONE
2018-12-12 09:41:14,664 :: DEBUG :: ZEROBNL -> node.py :: run :: UPDATE
2018-12-12 09:41:14,665 :: DEBUG :: ZEROBNL -> node.py :: _update_inputs :: INPUTS {('Base0', 'Tth'): 20, ('Base0', 'demandFlag'): 0, ('Base1', 'COGwflag'): 1, ('Base2', 'Tsupply'): 60.0, ('Base2', 'MDOTsupply'): 0.019934353138878525, ('Base3', 'QDH'): 1154.79917707783, ('Base3', 'Tindoor'): 20.34543329029867}
2018-12-12 09:41:14,665 :: DEBUG :: ZEROBNL -> node.py :: set_attribute :: SET ATTRIBUTE Tthermostat to 20
2018-12-12 09:41:14,670 :: DEBUG :: ZEROBNL -> node.py :: run :: UPDATE DONE
2018-12-12 09:41:14,677 :: DEBUG :: ZEROBNL -> node.py :: run :: UPDATE
2018-12-12 09:41:14,678 :: DEBUG :: ZEROBNL -> node.py :: _update_inputs :: INPUTS {('Base0', 'Tth'): 20, ('Base0', 'demandFlag'): 0, ('Base1', 'COGwflag'): 1, ('Base2', 'Tsupply'): 60.0, ('Base2', 'MDOTsupply'): 0.019934353138878525, ('Base3', 'QDH'): 1154.79917707783, ('Base3', 'Tindoor'): 20.34543329029867}
2018-12-12 09:41:14,678 :: DEBUG :: ZEROBNL -> node.py :: set_attribute :: SET ATTRIBUTE Tthermostat to 20
2018-12-12 09:41:14,683 :: DEBUG :: ZEROBNL -> node.py :: run :: UPDATE DONE
2018-12-12 09:41:14,711 :: DEBUG :: ZEROBNL -> node.py :: run :: UPDATE
2018-12-12 09:41:14,712 :: DEBUG :: ZEROBNL -> node.py :: _update_inputs :: INPUTS {('Base0', 'Tth'): 20, ('Base0', 'demandFlag'): 0, ('Base1', 'COGwflag'): 1, ('Base2', 'Tsupply'): 60.0, ('Base2', 'MDOTsupply'): 0.011514931968428064, ('Base3', 'QDH'): 1154.79917707783, ('Base3', 'Tindoor'): 20.34543329029867}
2018-12-12 09:41:14,712 :: DEBUG :: ZEROBNL -> node.py :: set_attribute :: SET ATTRIBUTE Tthermostat to 20
2018-12-12 09:41:14,716 :: DEBUG :: ZEROBNL -> node.py :: run :: UPDATE DONE
2018-12-12 09:41:14,720 :: DEBUG :: ZEROBNL -> node.py :: run :: STEP
2018-12-12 09:41:14,720 :: DEBUG :: ZEROBNL -> node.py :: step :: NEW TIME
2018-12-12 09:41:14,721 :: DEBUG :: ZEROBNL -> node.py :: get_attribute :: GET ATTRIBUTE QDH
2018-12-12 09:41:14,723 :: DEBUG :: ZEROBNL -> node.py :: get_attribute :: GET ATTRIBUTE Tindoor
2018-12-12 09:41:14,731 :: DEBUG :: ZEROBNL -> node.py :: run :: STATE {'QDH': 1070.470864860057, 'Tindoor': 20.32074302313774}
2018-12-12 09:41:14,731 :: DEBUG :: ZEROBNL -> node.py :: run :: STEP DONE
2018-12-12 09:41:14,733 :: DEBUG :: ZEROBNL -> node.py :: run :: UPDATE
2018-12-12 09:41:14,734 :: DEBUG :: ZEROBNL -> node.py :: _update_inputs :: INPUTS {('Base0', 'Tth'): 20, ('Base0', 'demandFlag'): 0, ('Base1', 'COGwflag'): 1, ('Base2', 'Tsupply'): 60.0, ('Base2', 'MDOTsupply'): 0.011514931968428064, ('Base3', 'QDH'): 1070.470864860057, ('Base3', 'Tindoor'): 20.32074302313774}
2018-12-12 09:41:14,734 :: DEBUG :: ZEROBNL -> node.py :: set_attribute :: SET ATTRIBUTE Tthermostat to 20
2018-12-12 09:41:14,739 :: DEBUG :: ZEROBNL -> node.py :: run :: UPDATE DONE
2018-12-12 09:41:14,750 :: DEBUG :: ZEROBNL -> node.py :: run :: UPDATE
2018-12-12 09:41:14,750 :: DEBUG :: ZEROBNL -> node.py :: _update_inputs :: INPUTS {('Base0', 'Tth'): 20, ('Base0', 'demandFlag'): 0, ('Base1', 'COGwflag'): 1, ('Base2', 'Tsupply'): 60.0, ('Base2', 'MDOTsupply'): 0.011514931968428064, ('Base3', 'QDH'): 1070.470864860057, ('Base3', 'Tindoor'): 20.32074302313774}
2018-12-12 09:41:14,750 :: DEBUG :: ZEROBNL -> node.py :: set_attribute :: SET ATTRIBUTE Tthermostat to 20
2018-12-12 09:41:14,755 :: DEBUG :: ZEROBNL -> node.py :: run :: UPDATE DONE
2018-12-12 09:41:14,763 :: DEBUG :: ZEROBNL -> node.py :: run :: UPDATE
2018-12-12 09:41:14,764 :: DEBUG :: ZEROBNL -> node.py :: _update_inputs :: INPUTS {('Base0', 'Tth'): 20, ('Base0', 'demandFlag'): 0, ('Base1', 'COGwflag'): 1, ('Base2', 'Tsupply'): 60.0, ('Base2', 'MDOTsupply'): 0.011514931968428064, ('Base3', 'QDH'): 1070.470864860057, ('Base3', 'Tindoor'): 20.32074302313774}
2018-12-12 09:41:14,764 :: DEBUG :: ZEROBNL -> node.py :: set_attribute :: SET ATTRIBUTE Tthermostat to 20
2018-12-12 09:41:14,767 :: DEBUG :: ZEROBNL -> node.py :: run :: UPDATE DONE
2018-12-12 09:41:14,791 :: DEBUG :: ZEROBNL -> node.py :: run :: UPDATE
2018-12-12 09:41:14,791 :: DEBUG :: ZEROBNL -> node.py :: _update_inputs :: INPUTS {('Base0', 'Tth'): 20, ('Base0', 'demandFlag'): 0, ('Base1', 'COGwflag'): 1, ('Base2', 'Tsupply'): 60.0, ('Base2', 'MDOTsupply'): 0.010674177528293648, ('Base3', 'QDH'): 1070.470864860057, ('Base3', 'Tindoor'): 20.32074302313774}
2018-12-12 09:41:14,791 :: DEBUG :: ZEROBNL -> node.py :: set_attribute :: SET ATTRIBUTE Tthermostat to 20
2018-12-12 09:41:14,797 :: DEBUG :: ZEROBNL -> node.py :: run :: UPDATE DONE
2018-12-12 09:41:14,802 :: DEBUG :: ZEROBNL -> node.py :: run :: STEP
2018-12-12 09:41:14,802 :: DEBUG :: ZEROBNL -> node.py :: step :: NEW TIME
2018-12-12 09:41:14,803 :: DEBUG :: ZEROBNL -> node.py :: get_attribute :: GET ATTRIBUTE QDH
2018-12-12 09:41:14,804 :: DEBUG :: ZEROBNL -> node.py :: get_attribute :: GET ATTRIBUTE Tindoor
2018-12-12 09:41:14,810 :: DEBUG :: ZEROBNL -> node.py :: run :: STATE {'QDH': 1007.785084687353, 'Tindoor': 20.30479569112124}
2018-12-12 09:41:14,810 :: DEBUG :: ZEROBNL -> node.py :: run :: STEP DONE
2018-12-12 09:41:14,813 :: DEBUG :: ZEROBNL -> node.py :: run :: UPDATE
2018-12-12 09:41:14,814 :: DEBUG :: ZEROBNL -> node.py :: _update_inputs :: INPUTS {('Base0', 'Tth'): 20, ('Base0', 'demandFlag'): 0, ('Base1', 'COGwflag'): 1, ('Base2', 'Tsupply'): 60.0, ('Base2', 'MDOTsupply'): 0.010674177528293648, ('Base3', 'QDH'): 1007.785084687353, ('Base3', 'Tindoor'): 20.30479569112124}
2018-12-12 09:41:14,814 :: DEBUG :: ZEROBNL -> node.py :: set_attribute :: SET ATTRIBUTE Tthermostat to 20
2018-12-12 09:41:14,818 :: DEBUG :: ZEROBNL -> node.py :: run :: UPDATE DONE
2018-12-12 09:41:14,832 :: DEBUG :: ZEROBNL -> node.py :: run :: UPDATE
2018-12-12 09:41:14,833 :: DEBUG :: ZEROBNL -> node.py :: _update_inputs :: INPUTS {('Base0', 'Tth'): 20, ('Base0', 'demandFlag'): 0, ('Base1', 'COGwflag'): 1, ('Base2', 'Tsupply'): 60.0, ('Base2', 'MDOTsupply'): 0.010674177528293648, ('Base3', 'QDH'): 1007.785084687353, ('Base3', 'Tindoor'): 20.30479569112124}
2018-12-12 09:41:14,833 :: DEBUG :: ZEROBNL -> node.py :: set_attribute :: SET ATTRIBUTE Tthermostat to 20
2018-12-12 09:41:14,840 :: DEBUG :: ZEROBNL -> node.py :: run :: UPDATE DONE
2018-12-12 09:41:14,853 :: DEBUG :: ZEROBNL -> node.py :: run :: UPDATE
2018-12-12 09:41:14,853 :: DEBUG :: ZEROBNL -> node.py :: _update_inputs :: INPUTS {('Base0', 'Tth'): 20, ('Base0', 'demandFlag'): 0, ('Base1', 'COGwflag'): 1, ('Base2', 'Tsupply'): 60.0, ('Base2', 'MDOTsupply'): 0.010674177528293648, ('Base3', 'QDH'): 1007.785084687353, ('Base3', 'Tindoor'): 20.30479569112124}
2018-12-12 09:41:14,853 :: DEBUG :: ZEROBNL -> node.py :: set_attribute :: SET ATTRIBUTE Tthermostat to 20
2018-12-12 09:41:14,857 :: DEBUG :: ZEROBNL -> node.py :: run :: UPDATE DONE
2018-12-12 09:41:14,886 :: DEBUG :: ZEROBNL -> node.py :: run :: UPDATE
2018-12-12 09:41:14,887 :: DEBUG :: ZEROBNL -> node.py :: _update_inputs :: INPUTS {('Base0', 'Tth'): 20, ('Base0', 'demandFlag'): 0, ('Base1', 'COGwflag'): 1, ('Base2', 'Tsupply'): 60.0, ('Base2', 'MDOTsupply'): 0.010050337040409127, ('Base3', 'QDH'): 1007.785084687353, ('Base3', 'Tindoor'): 20.30479569112124}
2018-12-12 09:41:14,887 :: DEBUG :: ZEROBNL -> node.py :: set_attribute :: SET ATTRIBUTE Tthermostat to 20
2018-12-12 09:41:14,891 :: DEBUG :: ZEROBNL -> node.py :: run :: UPDATE DONE
2018-12-12 09:41:14,896 :: DEBUG :: ZEROBNL -> node.py :: run :: STEP
2018-12-12 09:41:14,897 :: DEBUG :: ZEROBNL -> node.py :: step :: NEW TIME
2018-12-12 09:41:14,898 :: DEBUG :: ZEROBNL -> node.py :: get_attribute :: GET ATTRIBUTE QDH
2018-12-12 09:41:14,899 :: DEBUG :: ZEROBNL -> node.py :: get_attribute :: GET ATTRIBUTE Tindoor
2018-12-12 09:41:14,905 :: DEBUG :: ZEROBNL -> node.py :: run :: STATE {'QDH': 965.5934212042657, 'Tindoor': 20.29524035226195}
2018-12-12 09:41:14,905 :: DEBUG :: ZEROBNL -> node.py :: run :: STEP DONE
2018-12-12 09:41:14,908 :: DEBUG :: ZEROBNL -> node.py :: run :: UPDATE
2018-12-12 09:41:14,909 :: DEBUG :: ZEROBNL -> node.py :: _update_inputs :: INPUTS {('Base0', 'Tth'): 20, ('Base0', 'demandFlag'): 0, ('Base1', 'COGwflag'): 1, ('Base2', 'Tsupply'): 60.0, ('Base2', 'MDOTsupply'): 0.010050337040409127, ('Base3', 'QDH'): 965.5934212042657, ('Base3', 'Tindoor'): 20.29524035226195}
2018-12-12 09:41:14,909 :: DEBUG :: ZEROBNL -> node.py :: set_attribute :: SET ATTRIBUTE Tthermostat to 20
2018-12-12 09:41:14,913 :: DEBUG :: ZEROBNL -> node.py :: run :: UPDATE DONE
2018-12-12 09:41:14,920 :: DEBUG :: ZEROBNL -> node.py :: run :: UPDATE
2018-12-12 09:41:14,920 :: DEBUG :: ZEROBNL -> node.py :: _update_inputs :: INPUTS {('Base0', 'Tth'): 20, ('Base0', 'demandFlag'): 0, ('Base1', 'COGwflag'): 1, ('Base2', 'Tsupply'): 60.0, ('Base2', 'MDOTsupply'): 0.010050337040409127, ('Base3', 'QDH'): 965.5934212042657, ('Base3', 'Tindoor'): 20.29524035226195}
2018-12-12 09:41:14,920 :: DEBUG :: ZEROBNL -> node.py :: set_attribute :: SET ATTRIBUTE Tthermostat to 20
2018-12-12 09:41:14,928 :: DEBUG :: ZEROBNL -> node.py :: run :: UPDATE DONE
2018-12-12 09:41:14,935 :: DEBUG :: ZEROBNL -> node.py :: run :: UPDATE
2018-12-12 09:41:14,935 :: DEBUG :: ZEROBNL -> node.py :: _update_inputs :: INPUTS {('Base0', 'Tth'): 20, ('Base0', 'demandFlag'): 0, ('Base1', 'COGwflag'): 1, ('Base2', 'Tsupply'): 60.0, ('Base2', 'MDOTsupply'): 0.010050337040409127, ('Base3', 'QDH'): 965.5934212042657, ('Base3', 'Tindoor'): 20.29524035226195}
2018-12-12 09:41:14,936 :: DEBUG :: ZEROBNL -> node.py :: set_attribute :: SET ATTRIBUTE Tthermostat to 20
2018-12-12 09:41:14,940 :: DEBUG :: ZEROBNL -> node.py :: run :: UPDATE DONE
2018-12-12 09:41:14,964 :: DEBUG :: ZEROBNL -> node.py :: run :: UPDATE
2018-12-12 09:41:14,965 :: DEBUG :: ZEROBNL -> node.py :: _update_inputs :: INPUTS {('Base0', 'Tth'): 20, ('Base0', 'demandFlag'): 0, ('Base1', 'COGwflag'): 1, ('Base2', 'Tsupply'): 60.0, ('Base2', 'MDOTsupply'): 0.00962921432202158, ('Base3', 'QDH'): 965.5934212042657, ('Base3', 'Tindoor'): 20.29524035226195}
2018-12-12 09:41:14,965 :: DEBUG :: ZEROBNL -> node.py :: set_attribute :: SET ATTRIBUTE Tthermostat to 20
2018-12-12 09:41:14,972 :: DEBUG :: ZEROBNL -> node.py :: run :: UPDATE DONE
2018-12-12 09:41:14,978 :: DEBUG :: ZEROBNL -> node.py :: run :: STEP
2018-12-12 09:41:14,979 :: DEBUG :: ZEROBNL -> node.py :: step :: NEW TIME
2018-12-12 09:41:14,980 :: DEBUG :: ZEROBNL -> node.py :: get_attribute :: GET ATTRIBUTE QDH
2018-12-12 09:41:14,981 :: DEBUG :: ZEROBNL -> node.py :: get_attribute :: GET ATTRIBUTE Tindoor
2018-12-12 09:41:14,987 :: DEBUG :: ZEROBNL -> node.py :: run :: STATE {'QDH': 937.5456487243838, 'Tindoor': 20.28569481747127}
2018-12-12 09:41:14,988 :: DEBUG :: ZEROBNL -> node.py :: run :: STEP DONE
2018-12-12 09:41:14,990 :: DEBUG :: ZEROBNL -> node.py :: run :: UPDATE
2018-12-12 09:41:14,990 :: DEBUG :: ZEROBNL -> node.py :: _update_inputs :: INPUTS {('Base0', 'Tth'): 20, ('Base0', 'demandFlag'): 0, ('Base1', 'COGwflag'): 1, ('Base2', 'Tsupply'): 60.0, ('Base2', 'MDOTsupply'): 0.00962921432202158, ('Base3', 'QDH'): 937.5456487243838, ('Base3', 'Tindoor'): 20.28569481747127}
2018-12-12 09:41:14,990 :: DEBUG :: ZEROBNL -> node.py :: set_attribute :: SET ATTRIBUTE Tthermostat to 20
2018-12-12 09:41:14,999 :: DEBUG :: ZEROBNL -> node.py :: run :: UPDATE DONE
2018-12-12 09:41:15,006 :: DEBUG :: ZEROBNL -> node.py :: run :: UPDATE
2018-12-12 09:41:15,007 :: DEBUG :: ZEROBNL -> node.py :: _update_inputs :: INPUTS {('Base0', 'Tth'): 20, ('Base0', 'demandFlag'): 0, ('Base1', 'COGwflag'): 1, ('Base2', 'Tsupply'): 60.0, ('Base2', 'MDOTsupply'): 0.00962921432202158, ('Base3', 'QDH'): 937.5456487243838, ('Base3', 'Tindoor'): 20.28569481747127}
2018-12-12 09:41:15,007 :: DEBUG :: ZEROBNL -> node.py :: set_attribute :: SET ATTRIBUTE Tthermostat to 20
2018-12-12 09:41:15,012 :: DEBUG :: ZEROBNL -> node.py :: run :: UPDATE DONE
2018-12-12 09:41:15,021 :: DEBUG :: ZEROBNL -> node.py :: run :: UPDATE
2018-12-12 09:41:15,021 :: DEBUG :: ZEROBNL -> node.py :: _update_inputs :: INPUTS {('Base0', 'Tth'): 20, ('Base0', 'demandFlag'): 0, ('Base1', 'COGwflag'): 1, ('Base2', 'Tsupply'): 60.0, ('Base2', 'MDOTsupply'): 0.00962921432202158, ('Base3', 'QDH'): 937.5456487243838, ('Base3', 'Tindoor'): 20.28569481747127}
2018-12-12 09:41:15,021 :: DEBUG :: ZEROBNL -> node.py :: set_attribute :: SET ATTRIBUTE Tthermostat to 20
2018-12-12 09:41:15,028 :: DEBUG :: ZEROBNL -> node.py :: run :: UPDATE DONE
2018-12-12 09:41:15,049 :: DEBUG :: ZEROBNL -> node.py :: run :: UPDATE
2018-12-12 09:41:15,050 :: DEBUG :: ZEROBNL -> node.py :: _update_inputs :: INPUTS {('Base0', 'Tth'): 20, ('Base0', 'demandFlag'): 0, ('Base1', 'COGwflag'): 1, ('Base2', 'Tsupply'): 60.0, ('Base2', 'MDOTsupply'): 0.009349593245410383, ('Base3', 'QDH'): 937.5456487243838, ('Base3', 'Tindoor'): 20.28569481747127}
2018-12-12 09:41:15,050 :: DEBUG :: ZEROBNL -> node.py :: set_attribute :: SET ATTRIBUTE Tthermostat to 20
2018-12-12 09:41:15,056 :: DEBUG :: ZEROBNL -> node.py :: run :: UPDATE DONE
2018-12-12 09:41:15,060 :: DEBUG :: ZEROBNL -> node.py :: run :: STEP
2018-12-12 09:41:15,060 :: DEBUG :: ZEROBNL -> node.py :: step :: NEW TIME
2018-12-12 09:41:15,062 :: DEBUG :: ZEROBNL -> node.py :: get_attribute :: GET ATTRIBUTE QDH
2018-12-12 09:41:15,063 :: DEBUG :: ZEROBNL -> node.py :: get_attribute :: GET ATTRIBUTE Tindoor
2018-12-12 09:41:15,069 :: DEBUG :: ZEROBNL -> node.py :: run :: STATE {'QDH': 919.4685000054737, 'Tindoor': 20.28074472581056}
2018-12-12 09:41:15,069 :: DEBUG :: ZEROBNL -> node.py :: run :: STEP DONE
2018-12-12 09:41:15,073 :: DEBUG :: ZEROBNL -> node.py :: run :: UPDATE
2018-12-12 09:41:15,073 :: DEBUG :: ZEROBNL -> node.py :: _update_inputs :: INPUTS {('Base0', 'Tth'): 20, ('Base0', 'demandFlag'): 0, ('Base1', 'COGwflag'): 1, ('Base2', 'Tsupply'): 60.0, ('Base2', 'MDOTsupply'): 0.009349593245410383, ('Base3', 'QDH'): 919.4685000054737, ('Base3', 'Tindoor'): 20.28074472581056}
2018-12-12 09:41:15,073 :: DEBUG :: ZEROBNL -> node.py :: set_attribute :: SET ATTRIBUTE Tthermostat to 20
2018-12-12 09:41:15,079 :: DEBUG :: ZEROBNL -> node.py :: run :: UPDATE DONE
2018-12-12 09:41:15,088 :: DEBUG :: ZEROBNL -> node.py :: run :: UPDATE
2018-12-12 09:41:15,089 :: DEBUG :: ZEROBNL -> node.py :: _update_inputs :: INPUTS {('Base0', 'Tth'): 20, ('Base0', 'demandFlag'): 0, ('Base1', 'COGwflag'): 1, ('Base2', 'Tsupply'): 60.0, ('Base2', 'MDOTsupply'): 0.009349593245410383, ('Base3', 'QDH'): 919.4685000054737, ('Base3', 'Tindoor'): 20.28074472581056}
2018-12-12 09:41:15,089 :: DEBUG :: ZEROBNL -> node.py :: set_attribute :: SET ATTRIBUTE Tthermostat to 20
2018-12-12 09:41:15,093 :: DEBUG :: ZEROBNL -> node.py :: run :: UPDATE DONE
2018-12-12 09:41:15,101 :: DEBUG :: ZEROBNL -> node.py :: run :: UPDATE
2018-12-12 09:41:15,101 :: DEBUG :: ZEROBNL -> node.py :: _update_inputs :: INPUTS {('Base0', 'Tth'): 20, ('Base0', 'demandFlag'): 0, ('Base1', 'COGwflag'): 1, ('Base2', 'Tsupply'): 60.0, ('Base2', 'MDOTsupply'): 0.009349593245410383, ('Base3', 'QDH'): 919.4685000054737, ('Base3', 'Tindoor'): 20.28074472581056}
2018-12-12 09:41:15,101 :: DEBUG :: ZEROBNL -> node.py :: set_attribute :: SET ATTRIBUTE Tthermostat to 20
2018-12-12 09:41:15,105 :: DEBUG :: ZEROBNL -> node.py :: run :: UPDATE DONE
2018-12-12 09:41:15,128 :: DEBUG :: ZEROBNL -> node.py :: run :: UPDATE
2018-12-12 09:41:15,128 :: DEBUG :: ZEROBNL -> node.py :: _update_inputs :: INPUTS {('Base0', 'Tth'): 20, ('Base0', 'demandFlag'): 0, ('Base1', 'COGwflag'): 1, ('Base2', 'Tsupply'): 60.0, ('Base2', 'MDOTsupply'): 0.009169304036428915, ('Base3', 'QDH'): 919.4685000054737, ('Base3', 'Tindoor'): 20.28074472581056}
2018-12-12 09:41:15,129 :: DEBUG :: ZEROBNL -> node.py :: set_attribute :: SET ATTRIBUTE Tthermostat to 20
2018-12-12 09:41:15,133 :: DEBUG :: ZEROBNL -> node.py :: run :: UPDATE DONE
2018-12-12 09:41:15,137 :: DEBUG :: ZEROBNL -> node.py :: run :: STEP
2018-12-12 09:41:15,137 :: DEBUG :: ZEROBNL -> node.py :: step :: NEW TIME
2018-12-12 09:41:15,139 :: DEBUG :: ZEROBNL -> node.py :: get_attribute :: GET ATTRIBUTE QDH
2018-12-12 09:41:15,140 :: DEBUG :: ZEROBNL -> node.py :: get_attribute :: GET ATTRIBUTE Tindoor
2018-12-12 09:41:15,157 :: DEBUG :: ZEROBNL -> node.py :: run :: STATE {'QDH': 913.5652882865211, 'Tindoor': 20.2767514141321}
2018-12-12 09:41:15,158 :: DEBUG :: ZEROBNL -> node.py :: run :: STEP DONE
2018-12-12 09:41:15,162 :: DEBUG :: ZEROBNL -> node.py :: run :: UPDATE
2018-12-12 09:41:15,162 :: DEBUG :: ZEROBNL -> node.py :: _update_inputs :: INPUTS {('Base0', 'Tth'): 20, ('Base0', 'demandFlag'): 0, ('Base1', 'COGwflag'): 1, ('Base2', 'Tsupply'): 60.0, ('Base2', 'MDOTsupply'): 0.009169304036428915, ('Base3', 'QDH'): 913.5652882865211, ('Base3', 'Tindoor'): 20.2767514141321}
2018-12-12 09:41:15,162 :: DEBUG :: ZEROBNL -> node.py :: set_attribute :: SET ATTRIBUTE Tthermostat to 20
2018-12-12 09:41:15,170 :: DEBUG :: ZEROBNL -> node.py :: run :: UPDATE DONE
2018-12-12 09:41:15,178 :: DEBUG :: ZEROBNL -> node.py :: run :: UPDATE
2018-12-12 09:41:15,179 :: DEBUG :: ZEROBNL -> node.py :: _update_inputs :: INPUTS {('Base0', 'Tth'): 20, ('Base0', 'demandFlag'): 0, ('Base1', 'COGwflag'): 1, ('Base2', 'Tsupply'): 60.0, ('Base2', 'MDOTsupply'): 0.009169304036428915, ('Base3', 'QDH'): 913.5652882865211, ('Base3', 'Tindoor'): 20.2767514141321}
2018-12-12 09:41:15,179 :: DEBUG :: ZEROBNL -> node.py :: set_attribute :: SET ATTRIBUTE Tthermostat to 20
2018-12-12 09:41:15,183 :: DEBUG :: ZEROBNL -> node.py :: run :: UPDATE DONE
2018-12-12 09:41:15,190 :: DEBUG :: ZEROBNL -> node.py :: run :: UPDATE
2018-12-12 09:41:15,191 :: DEBUG :: ZEROBNL -> node.py :: _update_inputs :: INPUTS {('Base0', 'Tth'): 20, ('Base0', 'demandFlag'): 0, ('Base1', 'COGwflag'): 1, ('Base2', 'Tsupply'): 60.0, ('Base2', 'MDOTsupply'): 0.009169304036428915, ('Base3', 'QDH'): 913.5652882865211, ('Base3', 'Tindoor'): 20.2767514141321}
2018-12-12 09:41:15,191 :: DEBUG :: ZEROBNL -> node.py :: set_attribute :: SET ATTRIBUTE Tthermostat to 20
2018-12-12 09:41:15,196 :: DEBUG :: ZEROBNL -> node.py :: run :: UPDATE DONE
2018-12-12 09:41:15,217 :: DEBUG :: ZEROBNL -> node.py :: run :: UPDATE
2018-12-12 09:41:15,217 :: DEBUG :: ZEROBNL -> node.py :: _update_inputs :: INPUTS {('Base0', 'Tth'): 20, ('Base0', 'demandFlag'): 0, ('Base1', 'COGwflag'): 1, ('Base2', 'Tsupply'): 60.0, ('Base2', 'MDOTsupply'): 0.009110438066535706, ('Base3', 'QDH'): 913.5652882865211, ('Base3', 'Tindoor'): 20.2767514141321}
2018-12-12 09:41:15,217 :: DEBUG :: ZEROBNL -> node.py :: set_attribute :: SET ATTRIBUTE Tthermostat to 20
2018-12-12 09:41:15,222 :: DEBUG :: ZEROBNL -> node.py :: run :: UPDATE DONE
2018-12-12 09:41:15,225 :: DEBUG :: ZEROBNL -> node.py :: run :: STEP
2018-12-12 09:41:15,226 :: DEBUG :: ZEROBNL -> node.py :: step :: NEW TIME
2018-12-12 09:41:15,228 :: DEBUG :: ZEROBNL -> node.py :: get_attribute :: GET ATTRIBUTE QDH
2018-12-12 09:41:15,229 :: DEBUG :: ZEROBNL -> node.py :: get_attribute :: GET ATTRIBUTE Tindoor
2018-12-12 09:41:15,236 :: DEBUG :: ZEROBNL -> node.py :: run :: STATE {'QDH': 953.785361081958, 'Tindoor': 20.28785051729228}
2018-12-12 09:41:15,236 :: DEBUG :: ZEROBNL -> node.py :: run :: STEP DONE
2018-12-12 09:41:15,239 :: DEBUG :: ZEROBNL -> node.py :: run :: UPDATE
2018-12-12 09:41:15,239 :: DEBUG :: ZEROBNL -> node.py :: _update_inputs :: INPUTS {('Base0', 'Tth'): 20, ('Base0', 'demandFlag'): 0, ('Base1', 'COGwflag'): 1, ('Base2', 'Tsupply'): 60.0, ('Base2', 'MDOTsupply'): 0.009110438066535706, ('Base3', 'QDH'): 953.785361081958, ('Base3', 'Tindoor'): 20.28785051729228}
2018-12-12 09:41:15,239 :: DEBUG :: ZEROBNL -> node.py :: set_attribute :: SET ATTRIBUTE Tthermostat to 20
2018-12-12 09:41:15,245 :: DEBUG :: ZEROBNL -> node.py :: run :: UPDATE DONE
2018-12-12 09:41:15,251 :: DEBUG :: ZEROBNL -> node.py :: run :: UPDATE
2018-12-12 09:41:15,252 :: DEBUG :: ZEROBNL -> node.py :: _update_inputs :: INPUTS {('Base0', 'Tth'): 20, ('Base0', 'demandFlag'): 0, ('Base1', 'COGwflag'): 1, ('Base2', 'Tsupply'): 60.0, ('Base2', 'MDOTsupply'): 0.009110438066535706, ('Base3', 'QDH'): 953.785361081958, ('Base3', 'Tindoor'): 20.28785051729228}
2018-12-12 09:41:15,252 :: DEBUG :: ZEROBNL -> node.py :: set_attribute :: SET ATTRIBUTE Tthermostat to 20
2018-12-12 09:41:15,256 :: DEBUG :: ZEROBNL -> node.py :: run :: UPDATE DONE
2018-12-12 09:41:15,263 :: DEBUG :: ZEROBNL -> node.py :: run :: UPDATE
2018-12-12 09:41:15,263 :: DEBUG :: ZEROBNL -> node.py :: _update_inputs :: INPUTS {('Base0', 'Tth'): 20, ('Base0', 'demandFlag'): 0, ('Base1', 'COGwflag'): 1, ('Base2', 'Tsupply'): 60.0, ('Base2', 'MDOTsupply'): 0.009110438066535706, ('Base3', 'QDH'): 953.785361081958, ('Base3', 'Tindoor'): 20.28785051729228}
2018-12-12 09:41:15,263 :: DEBUG :: ZEROBNL -> node.py :: set_attribute :: SET ATTRIBUTE Tthermostat to 20
2018-12-12 09:41:15,267 :: DEBUG :: ZEROBNL -> node.py :: run :: UPDATE DONE
2018-12-12 09:41:15,288 :: DEBUG :: ZEROBNL -> node.py :: run :: UPDATE
2018-12-12 09:41:15,289 :: DEBUG :: ZEROBNL -> node.py :: _update_inputs :: INPUTS {('Base0', 'Tth'): 20, ('Base0', 'demandFlag'): 0, ('Base1', 'COGwflag'): 1, ('Base2', 'Tsupply'): 60.0, ('Base2', 'MDOTsupply'): 0.009511528070253175, ('Base3', 'QDH'): 953.785361081958, ('Base3', 'Tindoor'): 20.28785051729228}
2018-12-12 09:41:15,289 :: DEBUG :: ZEROBNL -> node.py :: set_attribute :: SET ATTRIBUTE Tthermostat to 20
2018-12-12 09:41:15,296 :: DEBUG :: ZEROBNL -> node.py :: run :: UPDATE DONE
2018-12-12 09:41:15,300 :: DEBUG :: ZEROBNL -> node.py :: run :: STEP
2018-12-12 09:41:15,300 :: DEBUG :: ZEROBNL -> node.py :: step :: NEW TIME
2018-12-12 09:41:15,301 :: DEBUG :: ZEROBNL -> node.py :: get_attribute :: GET ATTRIBUTE QDH
2018-12-12 09:41:15,302 :: DEBUG :: ZEROBNL -> node.py :: get_attribute :: GET ATTRIBUTE Tindoor
2018-12-12 09:41:15,308 :: DEBUG :: ZEROBNL -> node.py :: run :: STATE {'QDH': 1001.530066000505, 'Tindoor': 20.30018012540348}
2018-12-12 09:41:15,309 :: DEBUG :: ZEROBNL -> node.py :: run :: STEP DONE
2018-12-12 09:41:15,311 :: DEBUG :: ZEROBNL -> node.py :: run :: UPDATE
2018-12-12 09:41:15,311 :: DEBUG :: ZEROBNL -> node.py :: _update_inputs :: INPUTS {('Base0', 'Tth'): 20, ('Base0', 'demandFlag'): 0, ('Base1', 'COGwflag'): 1, ('Base2', 'Tsupply'): 60.0, ('Base2', 'MDOTsupply'): 0.009511528070253175, ('Base3', 'QDH'): 1001.530066000505, ('Base3', 'Tindoor'): 20.30018012540348}
2018-12-12 09:41:15,312 :: DEBUG :: ZEROBNL -> node.py :: set_attribute :: SET ATTRIBUTE Tthermostat to 20
2018-12-12 09:41:15,316 :: DEBUG :: ZEROBNL -> node.py :: run :: UPDATE DONE
2018-12-12 09:41:15,326 :: DEBUG :: ZEROBNL -> node.py :: run :: UPDATE
2018-12-12 09:41:15,326 :: DEBUG :: ZEROBNL -> node.py :: _update_inputs :: INPUTS {('Base0', 'Tth'): 20, ('Base0', 'demandFlag'): 0, ('Base1', 'COGwflag'): 1, ('Base2', 'Tsupply'): 60.0, ('Base2', 'MDOTsupply'): 0.009511528070253175, ('Base3', 'QDH'): 1001.530066000505, ('Base3', 'Tindoor'): 20.30018012540348}
2018-12-12 09:41:15,326 :: DEBUG :: ZEROBNL -> node.py :: set_attribute :: SET ATTRIBUTE Tthermostat to 20
2018-12-12 09:41:15,332 :: DEBUG :: ZEROBNL -> node.py :: run :: UPDATE DONE
2018-12-12 09:41:15,340 :: DEBUG :: ZEROBNL -> node.py :: run :: UPDATE
2018-12-12 09:41:15,341 :: DEBUG :: ZEROBNL -> node.py :: _update_inputs :: INPUTS {('Base0', 'Tth'): 20, ('Base0', 'demandFlag'): 0, ('Base1', 'COGwflag'): 1, ('Base2', 'Tsupply'): 60.0, ('Base2', 'MDOTsupply'): 0.009511528070253175, ('Base3', 'QDH'): 1001.530066000505, ('Base3', 'Tindoor'): 20.30018012540348}
2018-12-12 09:41:15,341 :: DEBUG :: ZEROBNL -> node.py :: set_attribute :: SET ATTRIBUTE Tthermostat to 20
2018-12-12 09:41:15,346 :: DEBUG :: ZEROBNL -> node.py :: run :: UPDATE DONE
2018-12-12 09:41:15,371 :: DEBUG :: ZEROBNL -> node.py :: run :: UPDATE
2018-12-12 09:41:15,371 :: DEBUG :: ZEROBNL -> node.py :: _update_inputs :: INPUTS {('Base0', 'Tth'): 20, ('Base0', 'demandFlag'): 0, ('Base1', 'COGwflag'): 1, ('Base2', 'Tsupply'): 60.0, ('Base2', 'MDOTsupply'): 0.009987657435234845, ('Base3', 'QDH'): 1001.530066000505, ('Base3', 'Tindoor'): 20.30018012540348}
2018-12-12 09:41:15,372 :: DEBUG :: ZEROBNL -> node.py :: set_attribute :: SET ATTRIBUTE Tthermostat to 20
2018-12-12 09:41:15,378 :: DEBUG :: ZEROBNL -> node.py :: run :: UPDATE DONE
2018-12-12 09:41:15,382 :: DEBUG :: ZEROBNL -> node.py :: run :: STEP
2018-12-12 09:41:15,382 :: DEBUG :: ZEROBNL -> node.py :: step :: NEW TIME
2018-12-12 09:41:15,384 :: DEBUG :: ZEROBNL -> node.py :: get_attribute :: GET ATTRIBUTE QDH
2018-12-12 09:41:15,385 :: DEBUG :: ZEROBNL -> node.py :: get_attribute :: GET ATTRIBUTE Tindoor
2018-12-12 09:41:15,391 :: DEBUG :: ZEROBNL -> node.py :: run :: STATE {'QDH': 1020.7046825706, 'Tindoor': 20.3065454079714}
2018-12-12 09:41:15,391 :: DEBUG :: ZEROBNL -> node.py :: run :: STEP DONE
2018-12-12 09:41:15,393 :: DEBUG :: ZEROBNL -> node.py :: run :: UPDATE
2018-12-12 09:41:15,394 :: DEBUG :: ZEROBNL -> node.py :: _update_inputs :: INPUTS {('Base0', 'Tth'): 20, ('Base0', 'demandFlag'): 0, ('Base1', 'COGwflag'): 1, ('Base2', 'Tsupply'): 60.0, ('Base2', 'MDOTsupply'): 0.009987657435234845, ('Base3', 'QDH'): 1020.7046825706, ('Base3', 'Tindoor'): 20.3065454079714}
2018-12-12 09:41:15,394 :: DEBUG :: ZEROBNL -> node.py :: set_attribute :: SET ATTRIBUTE Tthermostat to 20
2018-12-12 09:41:15,399 :: DEBUG :: ZEROBNL -> node.py :: run :: UPDATE DONE
2018-12-12 09:41:15,407 :: DEBUG :: ZEROBNL -> node.py :: run :: UPDATE
2018-12-12 09:41:15,407 :: DEBUG :: ZEROBNL -> node.py :: _update_inputs :: INPUTS {('Base0', 'Tth'): 20, ('Base0', 'demandFlag'): 0, ('Base1', 'COGwflag'): 1, ('Base2', 'Tsupply'): 60.0, ('Base2', 'MDOTsupply'): 0.009987657435234845, ('Base3', 'QDH'): 1020.7046825706, ('Base3', 'Tindoor'): 20.3065454079714}
2018-12-12 09:41:15,407 :: DEBUG :: ZEROBNL -> node.py :: set_attribute :: SET ATTRIBUTE Tthermostat to 20
2018-12-12 09:41:15,412 :: DEBUG :: ZEROBNL -> node.py :: run :: UPDATE DONE
2018-12-12 09:41:15,420 :: DEBUG :: ZEROBNL -> node.py :: run :: UPDATE
2018-12-12 09:41:15,421 :: DEBUG :: ZEROBNL -> node.py :: _update_inputs :: INPUTS {('Base0', 'Tth'): 20, ('Base0', 'demandFlag'): 0, ('Base1', 'COGwflag'): 1, ('Base2', 'Tsupply'): 60.0, ('Base2', 'MDOTsupply'): 0.009987657435234845, ('Base3', 'QDH'): 1020.7046825706, ('Base3', 'Tindoor'): 20.3065454079714}
2018-12-12 09:41:15,421 :: DEBUG :: ZEROBNL -> node.py :: set_attribute :: SET ATTRIBUTE Tthermostat to 20
2018-12-12 09:41:15,425 :: DEBUG :: ZEROBNL -> node.py :: run :: UPDATE DONE
2018-12-12 09:41:15,447 :: DEBUG :: ZEROBNL -> node.py :: run :: UPDATE
2018-12-12 09:41:15,447 :: DEBUG :: ZEROBNL -> node.py :: _update_inputs :: INPUTS {('Base0', 'Tth'): 20, ('Base0', 'demandFlag'): 0, ('Base1', 'COGwflag'): 1, ('Base2', 'Tsupply'): 60.0, ('Base2', 'MDOTsupply'): 0.010178874339604477, ('Base3', 'QDH'): 1020.7046825706, ('Base3', 'Tindoor'): 20.3065454079714}
2018-12-12 09:41:15,448 :: DEBUG :: ZEROBNL -> node.py :: set_attribute :: SET ATTRIBUTE Tthermostat to 20
2018-12-12 09:41:15,451 :: DEBUG :: ZEROBNL -> node.py :: run :: UPDATE DONE
2018-12-12 09:41:15,455 :: DEBUG :: ZEROBNL -> node.py :: run :: STEP
2018-12-12 09:41:15,456 :: DEBUG :: ZEROBNL -> node.py :: step :: NEW TIME
2018-12-12 09:41:15,457 :: DEBUG :: ZEROBNL -> node.py :: get_attribute :: GET ATTRIBUTE QDH
2018-12-12 09:41:15,458 :: DEBUG :: ZEROBNL -> node.py :: get_attribute :: GET ATTRIBUTE Tindoor
2018-12-12 09:41:15,464 :: DEBUG :: ZEROBNL -> node.py :: run :: STATE {'QDH': 929.4140537781735, 'Tindoor': 20.28267714709914}
2018-12-12 09:41:15,464 :: DEBUG :: ZEROBNL -> node.py :: run :: STEP DONE
2018-12-12 09:41:15,466 :: DEBUG :: ZEROBNL -> node.py :: run :: UPDATE
2018-12-12 09:41:15,467 :: DEBUG :: ZEROBNL -> node.py :: _update_inputs :: INPUTS {('Base0', 'Tth'): 20, ('Base0', 'demandFlag'): 0, ('Base1', 'COGwflag'): 1, ('Base2', 'Tsupply'): 60.0, ('Base2', 'MDOTsupply'): 0.010178874339604477, ('Base3', 'QDH'): 929.4140537781735, ('Base3', 'Tindoor'): 20.28267714709914}
2018-12-12 09:41:15,467 :: DEBUG :: ZEROBNL -> node.py :: set_attribute :: SET ATTRIBUTE Tthermostat to 20
2018-12-12 09:41:15,471 :: DEBUG :: ZEROBNL -> node.py :: run :: UPDATE DONE
2018-12-12 09:41:15,478 :: DEBUG :: ZEROBNL -> node.py :: run :: UPDATE
2018-12-12 09:41:15,478 :: DEBUG :: ZEROBNL -> node.py :: _update_inputs :: INPUTS {('Base0', 'Tth'): 20, ('Base0', 'demandFlag'): 0, ('Base1', 'COGwflag'): 1, ('Base2', 'Tsupply'): 60.0, ('Base2', 'MDOTsupply'): 0.010178874339604477, ('Base3', 'QDH'): 929.4140537781735, ('Base3', 'Tindoor'): 20.28267714709914}
2018-12-12 09:41:15,478 :: DEBUG :: ZEROBNL -> node.py :: set_attribute :: SET ATTRIBUTE Tthermostat to 20
2018-12-12 09:41:15,482 :: DEBUG :: ZEROBNL -> node.py :: run :: UPDATE DONE
2018-12-12 09:41:15,489 :: DEBUG :: ZEROBNL -> node.py :: run :: UPDATE
2018-12-12 09:41:15,489 :: DEBUG :: ZEROBNL -> node.py :: _update_inputs :: INPUTS {('Base0', 'Tth'): 20, ('Base0', 'demandFlag'): 0, ('Base1', 'COGwflag'): 1, ('Base2', 'Tsupply'): 60.0, ('Base2', 'MDOTsupply'): 0.010178874339604477, ('Base3', 'QDH'): 929.4140537781735, ('Base3', 'Tindoor'): 20.28267714709914}
2018-12-12 09:41:15,489 :: DEBUG :: ZEROBNL -> node.py :: set_attribute :: SET ATTRIBUTE Tthermostat to 20
2018-12-12 09:41:15,495 :: DEBUG :: ZEROBNL -> node.py :: run :: UPDATE DONE
2018-12-12 09:41:15,517 :: DEBUG :: ZEROBNL -> node.py :: run :: UPDATE
2018-12-12 09:41:15,517 :: DEBUG :: ZEROBNL -> node.py :: _update_inputs :: INPUTS {('Base0', 'Tth'): 20, ('Base0', 'demandFlag'): 0, ('Base1', 'COGwflag'): 1, ('Base2', 'Tsupply'): 60.0, ('Base2', 'MDOTsupply'): 0.009268487769529736, ('Base3', 'QDH'): 929.4140537781735, ('Base3', 'Tindoor'): 20.28267714709914}
2018-12-12 09:41:15,517 :: DEBUG :: ZEROBNL -> node.py :: set_attribute :: SET ATTRIBUTE Tthermostat to 20
2018-12-12 09:41:15,522 :: DEBUG :: ZEROBNL -> node.py :: run :: UPDATE DONE
2018-12-12 09:41:15,526 :: DEBUG :: ZEROBNL -> node.py :: run :: STEP
2018-12-12 09:41:15,526 :: DEBUG :: ZEROBNL -> node.py :: step :: NEW TIME
2018-12-12 09:41:15,527 :: DEBUG :: ZEROBNL -> node.py :: get_attribute :: GET ATTRIBUTE QDH
2018-12-12 09:41:15,529 :: DEBUG :: ZEROBNL -> node.py :: get_attribute :: GET ATTRIBUTE Tindoor
2018-12-12 09:41:15,537 :: DEBUG :: ZEROBNL -> node.py :: run :: STATE {'QDH': 864.67735499046, 'Tindoor': 20.25910423374785}
2018-12-12 09:41:15,537 :: DEBUG :: ZEROBNL -> node.py :: run :: STEP DONE
2018-12-12 09:41:15,541 :: DEBUG :: ZEROBNL -> node.py :: run :: UPDATE
2018-12-12 09:41:15,541 :: DEBUG :: ZEROBNL -> node.py :: _update_inputs :: INPUTS {('Base0', 'Tth'): 20, ('Base0', 'demandFlag'): 0, ('Base1', 'COGwflag'): 1, ('Base2', 'Tsupply'): 60.0, ('Base2', 'MDOTsupply'): 0.009268487769529736, ('Base3', 'QDH'): 864.67735499046, ('Base3', 'Tindoor'): 20.25910423374785}
2018-12-12 09:41:15,541 :: DEBUG :: ZEROBNL -> node.py :: set_attribute :: SET ATTRIBUTE Tthermostat to 20
2018-12-12 09:41:15,550 :: DEBUG :: ZEROBNL -> node.py :: run :: UPDATE DONE
2018-12-12 09:41:15,557 :: DEBUG :: ZEROBNL -> node.py :: run :: UPDATE
2018-12-12 09:41:15,557 :: DEBUG :: ZEROBNL -> node.py :: _update_inputs :: INPUTS {('Base0', 'Tth'): 20, ('Base0', 'demandFlag'): 0, ('Base1', 'COGwflag'): 1, ('Base2', 'Tsupply'): 60.0, ('Base2', 'MDOTsupply'): 0.009268487769529736, ('Base3', 'QDH'): 864.67735499046, ('Base3', 'Tindoor'): 20.25910423374785}
2018-12-12 09:41:15,557 :: DEBUG :: ZEROBNL -> node.py :: set_attribute :: SET ATTRIBUTE Tthermostat to 20
2018-12-12 09:41:15,565 :: DEBUG :: ZEROBNL -> node.py :: run :: UPDATE DONE
2018-12-12 09:41:15,577 :: DEBUG :: ZEROBNL -> node.py :: run :: UPDATE
2018-12-12 09:41:15,578 :: DEBUG :: ZEROBNL -> node.py :: _update_inputs :: INPUTS {('Base0', 'Tth'): 20, ('Base0', 'demandFlag'): 0, ('Base1', 'COGwflag'): 1, ('Base2', 'Tsupply'): 60.0, ('Base2', 'MDOTsupply'): 0.009268487769529736, ('Base3', 'QDH'): 864.67735499046, ('Base3', 'Tindoor'): 20.25910423374785}
2018-12-12 09:41:15,578 :: DEBUG :: ZEROBNL -> node.py :: set_attribute :: SET ATTRIBUTE Tthermostat to 20
2018-12-12 09:41:15,582 :: DEBUG :: ZEROBNL -> node.py :: run :: UPDATE DONE
2018-12-12 09:41:15,629 :: DEBUG :: ZEROBNL -> node.py :: run :: UPDATE
2018-12-12 09:41:15,629 :: DEBUG :: ZEROBNL -> node.py :: _update_inputs :: INPUTS {('Base0', 'Tth'): 20, ('Base0', 'demandFlag'): 0, ('Base1', 'COGwflag'): 1, ('Base2', 'Tsupply'): 60.0, ('Base2', 'MDOTsupply'): 0.00862290757941992, ('Base3', 'QDH'): 864.67735499046, ('Base3', 'Tindoor'): 20.25910423374785}
2018-12-12 09:41:15,629 :: DEBUG :: ZEROBNL -> node.py :: set_attribute :: SET ATTRIBUTE Tthermostat to 20
2018-12-12 09:41:15,633 :: DEBUG :: ZEROBNL -> node.py :: run :: UPDATE DONE
2018-12-12 09:41:15,638 :: DEBUG :: ZEROBNL -> node.py :: run :: STEP
2018-12-12 09:41:15,639 :: DEBUG :: ZEROBNL -> node.py :: step :: NEW TIME
2018-12-12 09:41:15,640 :: DEBUG :: ZEROBNL -> node.py :: get_attribute :: GET ATTRIBUTE QDH
2018-12-12 09:41:15,643 :: DEBUG :: ZEROBNL -> node.py :: get_attribute :: GET ATTRIBUTE Tindoor
2018-12-12 09:41:15,651 :: DEBUG :: ZEROBNL -> node.py :: run :: STATE {'QDH': 834.3374413190234, 'Tindoor': 20.2534338979532}
2018-12-12 09:41:15,651 :: DEBUG :: ZEROBNL -> node.py :: run :: STEP DONE
2018-12-12 09:41:15,655 :: DEBUG :: ZEROBNL -> node.py :: run :: UPDATE
2018-12-12 09:41:15,656 :: DEBUG :: ZEROBNL -> node.py :: _update_inputs :: INPUTS {('Base0', 'Tth'): 20, ('Base0', 'demandFlag'): 0, ('Base1', 'COGwflag'): 1, ('Base2', 'Tsupply'): 60.0, ('Base2', 'MDOTsupply'): 0.00862290757941992, ('Base3', 'QDH'): 834.3374413190234, ('Base3', 'Tindoor'): 20.2534338979532}
2018-12-12 09:41:15,656 :: DEBUG :: ZEROBNL -> node.py :: set_attribute :: SET ATTRIBUTE Tthermostat to 20
2018-12-12 09:41:15,661 :: DEBUG :: ZEROBNL -> node.py :: run :: UPDATE DONE
2018-12-12 09:41:15,668 :: DEBUG :: ZEROBNL -> node.py :: run :: UPDATE
2018-12-12 09:41:15,668 :: DEBUG :: ZEROBNL -> node.py :: _update_inputs :: INPUTS {('Base0', 'Tth'): 20, ('Base0', 'demandFlag'): 0, ('Base1', 'COGwflag'): 1, ('Base2', 'Tsupply'): 60.0, ('Base2', 'MDOTsupply'): 0.00862290757941992, ('Base3', 'QDH'): 834.3374413190234, ('Base3', 'Tindoor'): 20.2534338979532}
2018-12-12 09:41:15,668 :: DEBUG :: ZEROBNL -> node.py :: set_attribute :: SET ATTRIBUTE Tthermostat to 20
2018-12-12 09:41:15,671 :: DEBUG :: ZEROBNL -> node.py :: run :: UPDATE DONE
2018-12-12 09:41:15,683 :: DEBUG :: ZEROBNL -> node.py :: run :: UPDATE
2018-12-12 09:41:15,683 :: DEBUG :: ZEROBNL -> node.py :: _update_inputs :: INPUTS {('Base0', 'Tth'): 20, ('Base0', 'demandFlag'): 0, ('Base1', 'COGwflag'): 1, ('Base2', 'Tsupply'): 60.0, ('Base2', 'MDOTsupply'): 0.00862290757941992, ('Base3', 'QDH'): 834.3374413190234, ('Base3', 'Tindoor'): 20.2534338979532}
2018-12-12 09:41:15,684 :: DEBUG :: ZEROBNL -> node.py :: set_attribute :: SET ATTRIBUTE Tthermostat to 20
2018-12-12 09:41:15,688 :: DEBUG :: ZEROBNL -> node.py :: run :: UPDATE DONE
2018-12-12 09:41:15,720 :: DEBUG :: ZEROBNL -> node.py :: run :: UPDATE
2018-12-12 09:41:15,720 :: DEBUG :: ZEROBNL -> node.py :: _update_inputs :: INPUTS {('Base0', 'Tth'): 20, ('Base0', 'demandFlag'): 0, ('Base1', 'COGwflag'): 1, ('Base2', 'Tsupply'): 60.0, ('Base2', 'MDOTsupply'): 0.008320345855141546, ('Base3', 'QDH'): 834.3374413190234, ('Base3', 'Tindoor'): 20.2534338979532}
2018-12-12 09:41:15,721 :: DEBUG :: ZEROBNL -> node.py :: set_attribute :: SET ATTRIBUTE Tthermostat to 20
2018-12-12 09:41:15,728 :: DEBUG :: ZEROBNL -> node.py :: run :: UPDATE DONE
2018-12-12 09:41:15,732 :: DEBUG :: ZEROBNL -> node.py :: run :: STEP
2018-12-12 09:41:15,733 :: DEBUG :: ZEROBNL -> node.py :: step :: NEW TIME
2018-12-12 09:41:15,734 :: DEBUG :: ZEROBNL -> node.py :: get_attribute :: GET ATTRIBUTE QDH
2018-12-12 09:41:15,735 :: DEBUG :: ZEROBNL -> node.py :: get_attribute :: GET ATTRIBUTE Tindoor
2018-12-12 09:41:15,741 :: DEBUG :: ZEROBNL -> node.py :: run :: STATE {'QDH': 841.2967749389782, 'Tindoor': 20.25396382973608}
2018-12-12 09:41:15,741 :: DEBUG :: ZEROBNL -> node.py :: run :: STEP DONE
2018-12-12 09:41:15,744 :: DEBUG :: ZEROBNL -> node.py :: run :: UPDATE
2018-12-12 09:41:15,744 :: DEBUG :: ZEROBNL -> node.py :: _update_inputs :: INPUTS {('Base0', 'Tth'): 20, ('Base0', 'demandFlag'): 0, ('Base1', 'COGwflag'): 1, ('Base2', 'Tsupply'): 60.0, ('Base2', 'MDOTsupply'): 0.008320345855141546, ('Base3', 'QDH'): 841.2967749389782, ('Base3', 'Tindoor'): 20.25396382973608}
2018-12-12 09:41:15,744 :: DEBUG :: ZEROBNL -> node.py :: set_attribute :: SET ATTRIBUTE Tthermostat to 20
2018-12-12 09:41:15,749 :: DEBUG :: ZEROBNL -> node.py :: run :: UPDATE DONE
2018-12-12 09:41:15,757 :: DEBUG :: ZEROBNL -> node.py :: run :: UPDATE
2018-12-12 09:41:15,757 :: DEBUG :: ZEROBNL -> node.py :: _update_inputs :: INPUTS {('Base0', 'Tth'): 20, ('Base0', 'demandFlag'): 0, ('Base1', 'COGwflag'): 1, ('Base2', 'Tsupply'): 60.0, ('Base2', 'MDOTsupply'): 0.008320345855141546, ('Base3', 'QDH'): 841.2967749389782, ('Base3', 'Tindoor'): 20.25396382973608}
2018-12-12 09:41:15,757 :: DEBUG :: ZEROBNL -> node.py :: set_attribute :: SET ATTRIBUTE Tthermostat to 20
2018-12-12 09:41:15,761 :: DEBUG :: ZEROBNL -> node.py :: run :: UPDATE DONE
2018-12-12 09:41:15,769 :: DEBUG :: ZEROBNL -> node.py :: run :: UPDATE
2018-12-12 09:41:15,769 :: DEBUG :: ZEROBNL -> node.py :: _update_inputs :: INPUTS {('Base0', 'Tth'): 20, ('Base0', 'demandFlag'): 0, ('Base1', 'COGwflag'): 1, ('Base2', 'Tsupply'): 60.0, ('Base2', 'MDOTsupply'): 0.008320345855141546, ('Base3', 'QDH'): 841.2967749389782, ('Base3', 'Tindoor'): 20.25396382973608}
2018-12-12 09:41:15,769 :: DEBUG :: ZEROBNL -> node.py :: set_attribute :: SET ATTRIBUTE Tthermostat to 20
2018-12-12 09:41:15,774 :: DEBUG :: ZEROBNL -> node.py :: run :: UPDATE DONE
2018-12-12 09:41:15,798 :: DEBUG :: ZEROBNL -> node.py :: run :: UPDATE
2018-12-12 09:41:15,799 :: DEBUG :: ZEROBNL -> node.py :: _update_inputs :: INPUTS {('Base0', 'Tth'): 20, ('Base0', 'demandFlag'): 0, ('Base1', 'COGwflag'): 1, ('Base2', 'Tsupply'): 60.0, ('Base2', 'MDOTsupply'): 0.008389747106671262, ('Base3', 'QDH'): 841.2967749389782, ('Base3', 'Tindoor'): 20.25396382973608}
2018-12-12 09:41:15,799 :: DEBUG :: ZEROBNL -> node.py :: set_attribute :: SET ATTRIBUTE Tthermostat to 20
2018-12-12 09:41:15,803 :: DEBUG :: ZEROBNL -> node.py :: run :: UPDATE DONE
2018-12-12 09:41:15,808 :: DEBUG :: ZEROBNL -> node.py :: run :: STEP
2018-12-12 09:41:15,808 :: DEBUG :: ZEROBNL -> node.py :: step :: NEW TIME
2018-12-12 09:41:15,809 :: DEBUG :: ZEROBNL -> node.py :: get_attribute :: GET ATTRIBUTE QDH
2018-12-12 09:41:15,810 :: DEBUG :: ZEROBNL -> node.py :: get_attribute :: GET ATTRIBUTE Tindoor
2018-12-12 09:41:15,816 :: DEBUG :: ZEROBNL -> node.py :: run :: STATE {'QDH': 1039.836157448557, 'Tindoor': 20.29644265282545}
2018-12-12 09:41:15,816 :: DEBUG :: ZEROBNL -> node.py :: run :: STEP DONE
2018-12-12 09:41:15,819 :: DEBUG :: ZEROBNL -> node.py :: run :: UPDATE
2018-12-12 09:41:15,819 :: DEBUG :: ZEROBNL -> node.py :: _update_inputs :: INPUTS {('Base0', 'Tth'): 20, ('Base0', 'demandFlag'): 0, ('Base1', 'COGwflag'): 1, ('Base2', 'Tsupply'): 60.0, ('Base2', 'MDOTsupply'): 0.008389747106671262, ('Base3', 'QDH'): 1039.836157448557, ('Base3', 'Tindoor'): 20.29644265282545}
2018-12-12 09:41:15,819 :: DEBUG :: ZEROBNL -> node.py :: set_attribute :: SET ATTRIBUTE Tthermostat to 20
2018-12-12 09:41:15,824 :: DEBUG :: ZEROBNL -> node.py :: run :: UPDATE DONE
2018-12-12 09:41:15,833 :: DEBUG :: ZEROBNL -> node.py :: run :: UPDATE
2018-12-12 09:41:15,833 :: DEBUG :: ZEROBNL -> node.py :: _update_inputs :: INPUTS {('Base0', 'Tth'): 20, ('Base0', 'demandFlag'): 0, ('Base1', 'COGwflag'): 1, ('Base2', 'Tsupply'): 60.0, ('Base2', 'MDOTsupply'): 0.008389747106671262, ('Base3', 'QDH'): 1039.836157448557, ('Base3', 'Tindoor'): 20.29644265282545}
2018-12-12 09:41:15,834 :: DEBUG :: ZEROBNL -> node.py :: set_attribute :: SET ATTRIBUTE Tthermostat to 20
2018-12-12 09:41:15,838 :: DEBUG :: ZEROBNL -> node.py :: run :: UPDATE DONE
2018-12-12 09:41:15,846 :: DEBUG :: ZEROBNL -> node.py :: run :: UPDATE
2018-12-12 09:41:15,847 :: DEBUG :: ZEROBNL -> node.py :: _update_inputs :: INPUTS {('Base0', 'Tth'): 20, ('Base0', 'demandFlag'): 0, ('Base1', 'COGwflag'): 1, ('Base2', 'Tsupply'): 60.0, ('Base2', 'MDOTsupply'): 0.008389747106671262, ('Base3', 'QDH'): 1039.836157448557, ('Base3', 'Tindoor'): 20.29644265282545}
2018-12-12 09:41:15,847 :: DEBUG :: ZEROBNL -> node.py :: set_attribute :: SET ATTRIBUTE Tthermostat to 20
2018-12-12 09:41:15,851 :: DEBUG :: ZEROBNL -> node.py :: run :: UPDATE DONE
2018-12-12 09:41:15,874 :: DEBUG :: ZEROBNL -> node.py :: run :: UPDATE
2018-12-12 09:41:15,875 :: DEBUG :: ZEROBNL -> node.py :: _update_inputs :: INPUTS {('Base0', 'Tth'): 20, ('Base0', 'demandFlag'): 0, ('Base1', 'COGwflag'): 1, ('Base2', 'Tsupply'): 60.0, ('Base2', 'MDOTsupply'): 0.010369661043810628, ('Base3', 'QDH'): 1039.836157448557, ('Base3', 'Tindoor'): 20.29644265282545}
2018-12-12 09:41:15,875 :: DEBUG :: ZEROBNL -> node.py :: set_attribute :: SET ATTRIBUTE Tthermostat to 20
2018-12-12 09:41:15,880 :: DEBUG :: ZEROBNL -> node.py :: run :: UPDATE DONE
2018-12-12 09:41:15,884 :: DEBUG :: ZEROBNL -> node.py :: run :: STEP
2018-12-12 09:41:15,884 :: DEBUG :: ZEROBNL -> node.py :: step :: NEW TIME
2018-12-12 09:41:15,885 :: DEBUG :: ZEROBNL -> node.py :: get_attribute :: GET ATTRIBUTE QDH
2018-12-12 09:41:15,888 :: DEBUG :: ZEROBNL -> node.py :: get_attribute :: GET ATTRIBUTE Tindoor
2018-12-12 09:41:15,895 :: DEBUG :: ZEROBNL -> node.py :: run :: STATE {'QDH': 1177.260391042223, 'Tindoor': 20.34471943044725}
2018-12-12 09:41:15,895 :: DEBUG :: ZEROBNL -> node.py :: run :: STEP DONE
2018-12-12 09:41:15,898 :: DEBUG :: ZEROBNL -> node.py :: run :: UPDATE
2018-12-12 09:41:15,898 :: DEBUG :: ZEROBNL -> node.py :: _update_inputs :: INPUTS {('Base0', 'Tth'): 20, ('Base0', 'demandFlag'): 0, ('Base1', 'COGwflag'): 1, ('Base2', 'Tsupply'): 60.0, ('Base2', 'MDOTsupply'): 0.010369661043810628, ('Base3', 'QDH'): 1177.260391042223, ('Base3', 'Tindoor'): 20.34471943044725}
2018-12-12 09:41:15,898 :: DEBUG :: ZEROBNL -> node.py :: set_attribute :: SET ATTRIBUTE Tthermostat to 20
2018-12-12 09:41:15,903 :: DEBUG :: ZEROBNL -> node.py :: run :: UPDATE DONE
2018-12-12 09:41:15,910 :: DEBUG :: ZEROBNL -> node.py :: run :: UPDATE
2018-12-12 09:41:15,911 :: DEBUG :: ZEROBNL -> node.py :: _update_inputs :: INPUTS {('Base0', 'Tth'): 20, ('Base0', 'demandFlag'): 0, ('Base1', 'COGwflag'): 1, ('Base2', 'Tsupply'): 60.0, ('Base2', 'MDOTsupply'): 0.010369661043810628, ('Base3', 'QDH'): 1177.260391042223, ('Base3', 'Tindoor'): 20.34471943044725}
2018-12-12 09:41:15,911 :: DEBUG :: ZEROBNL -> node.py :: set_attribute :: SET ATTRIBUTE Tthermostat to 20
2018-12-12 09:41:15,914 :: DEBUG :: ZEROBNL -> node.py :: run :: UPDATE DONE
2018-12-12 09:41:15,921 :: DEBUG :: ZEROBNL -> node.py :: run :: UPDATE
2018-12-12 09:41:15,921 :: DEBUG :: ZEROBNL -> node.py :: _update_inputs :: INPUTS {('Base0', 'Tth'): 20, ('Base0', 'demandFlag'): 0, ('Base1', 'COGwflag'): 1, ('Base2', 'Tsupply'): 60.0, ('Base2', 'MDOTsupply'): 0.010369661043810628, ('Base3', 'QDH'): 1177.260391042223, ('Base3', 'Tindoor'): 20.34471943044725}
2018-12-12 09:41:15,921 :: DEBUG :: ZEROBNL -> node.py :: set_attribute :: SET ATTRIBUTE Tthermostat to 20
2018-12-12 09:41:15,926 :: DEBUG :: ZEROBNL -> node.py :: run :: UPDATE DONE
2018-12-12 09:41:15,950 :: DEBUG :: ZEROBNL -> node.py :: run :: UPDATE
2018-12-12 09:41:15,951 :: DEBUG :: ZEROBNL -> node.py :: _update_inputs :: INPUTS {('Base0', 'Tth'): 20, ('Base0', 'demandFlag'): 0, ('Base1', 'COGwflag'): 1, ('Base2', 'Tsupply'): 60.0, ('Base2', 'MDOTsupply'): 0.01174011033177156, ('Base3', 'QDH'): 1177.260391042223, ('Base3', 'Tindoor'): 20.34471943044725}
2018-12-12 09:41:15,951 :: DEBUG :: ZEROBNL -> node.py :: set_attribute :: SET ATTRIBUTE Tthermostat to 20
2018-12-12 09:41:15,958 :: DEBUG :: ZEROBNL -> node.py :: run :: UPDATE DONE
2018-12-12 09:41:15,962 :: DEBUG :: ZEROBNL -> node.py :: run :: STEP
2018-12-12 09:41:15,962 :: DEBUG :: ZEROBNL -> node.py :: step :: NEW TIME
2018-12-12 09:41:15,963 :: DEBUG :: ZEROBNL -> node.py :: get_attribute :: GET ATTRIBUTE QDH
2018-12-12 09:41:15,964 :: DEBUG :: ZEROBNL -> node.py :: get_attribute :: GET ATTRIBUTE Tindoor
2018-12-12 09:41:15,971 :: DEBUG :: ZEROBNL -> node.py :: run :: STATE {'QDH': 1226.097943163851, 'Tindoor': 20.36346548458718}
2018-12-12 09:41:15,971 :: DEBUG :: ZEROBNL -> node.py :: run :: STEP DONE
2018-12-12 09:41:15,974 :: DEBUG :: ZEROBNL -> node.py :: run :: UPDATE
2018-12-12 09:41:15,975 :: DEBUG :: ZEROBNL -> node.py :: _update_inputs :: INPUTS {('Base0', 'Tth'): 20, ('Base0', 'demandFlag'): 0, ('Base1', 'COGwflag'): 1, ('Base2', 'Tsupply'): 60.0, ('Base2', 'MDOTsupply'): 0.01174011033177156, ('Base3', 'QDH'): 1226.097943163851, ('Base3', 'Tindoor'): 20.36346548458718}
2018-12-12 09:41:15,975 :: DEBUG :: ZEROBNL -> node.py :: set_attribute :: SET ATTRIBUTE Tthermostat to 20
2018-12-12 09:41:15,980 :: DEBUG :: ZEROBNL -> node.py :: run :: UPDATE DONE
2018-12-12 09:41:15,988 :: DEBUG :: ZEROBNL -> node.py :: run :: UPDATE
2018-12-12 09:41:15,989 :: DEBUG :: ZEROBNL -> node.py :: _update_inputs :: INPUTS {('Base0', 'Tth'): 20, ('Base0', 'demandFlag'): 0, ('Base1', 'COGwflag'): 1, ('Base2', 'Tsupply'): 60.0, ('Base2', 'MDOTsupply'): 0.01174011033177156, ('Base3', 'QDH'): 1226.097943163851, ('Base3', 'Tindoor'): 20.36346548458718}
2018-12-12 09:41:15,989 :: DEBUG :: ZEROBNL -> node.py :: set_attribute :: SET ATTRIBUTE Tthermostat to 20
2018-12-12 09:41:15,993 :: DEBUG :: ZEROBNL -> node.py :: run :: UPDATE DONE
2018-12-12 09:41:16,000 :: DEBUG :: ZEROBNL -> node.py :: run :: UPDATE
2018-12-12 09:41:16,001 :: DEBUG :: ZEROBNL -> node.py :: _update_inputs :: INPUTS {('Base0', 'Tth'): 20, ('Base0', 'demandFlag'): 0, ('Base1', 'COGwflag'): 1, ('Base2', 'Tsupply'): 60.0, ('Base2', 'MDOTsupply'): 0.01174011033177156, ('Base3', 'QDH'): 1226.097943163851, ('Base3', 'Tindoor'): 20.36346548458718}
2018-12-12 09:41:16,001 :: DEBUG :: ZEROBNL -> node.py :: set_attribute :: SET ATTRIBUTE Tthermostat to 20
2018-12-12 09:41:16,005 :: DEBUG :: ZEROBNL -> node.py :: run :: UPDATE DONE
2018-12-12 09:41:16,030 :: DEBUG :: ZEROBNL -> node.py :: run :: UPDATE
2018-12-12 09:41:16,030 :: DEBUG :: ZEROBNL -> node.py :: _update_inputs :: INPUTS {('Base0', 'Tth'): 20, ('Base0', 'demandFlag'): 0, ('Base1', 'COGwflag'): 1, ('Base2', 'Tsupply'): 60.0, ('Base2', 'MDOTsupply'): 0.012227137887112015, ('Base3', 'QDH'): 1226.097943163851, ('Base3', 'Tindoor'): 20.36346548458718}
2018-12-12 09:41:16,031 :: DEBUG :: ZEROBNL -> node.py :: set_attribute :: SET ATTRIBUTE Tthermostat to 20
2018-12-12 09:41:16,036 :: DEBUG :: ZEROBNL -> node.py :: run :: UPDATE DONE
2018-12-12 09:41:16,040 :: DEBUG :: ZEROBNL -> node.py :: run :: STEP
2018-12-12 09:41:16,040 :: DEBUG :: ZEROBNL -> node.py :: step :: NEW TIME
2018-12-12 09:41:16,041 :: DEBUG :: ZEROBNL -> node.py :: get_attribute :: GET ATTRIBUTE QDH
2018-12-12 09:41:16,042 :: DEBUG :: ZEROBNL -> node.py :: get_attribute :: GET ATTRIBUTE Tindoor
2018-12-12 09:41:16,048 :: DEBUG :: ZEROBNL -> node.py :: run :: STATE {'QDH': 1249.043278028008, 'Tindoor': 20.36590295320037}
2018-12-12 09:41:16,048 :: DEBUG :: ZEROBNL -> node.py :: run :: STEP DONE
2018-12-12 09:41:16,050 :: DEBUG :: ZEROBNL -> node.py :: run :: UPDATE
2018-12-12 09:41:16,050 :: DEBUG :: ZEROBNL -> node.py :: _update_inputs :: INPUTS {('Base0', 'Tth'): 20, ('Base0', 'demandFlag'): 0, ('Base1', 'COGwflag'): 1, ('Base2', 'Tsupply'): 60.0, ('Base2', 'MDOTsupply'): 0.012227137887112015, ('Base3', 'QDH'): 1249.043278028008, ('Base3', 'Tindoor'): 20.36590295320037}
2018-12-12 09:41:16,050 :: DEBUG :: ZEROBNL -> node.py :: set_attribute :: SET ATTRIBUTE Tthermostat to 20
2018-12-12 09:41:16,055 :: DEBUG :: ZEROBNL -> node.py :: run :: UPDATE DONE
2018-12-12 09:41:16,062 :: DEBUG :: ZEROBNL -> node.py :: run :: UPDATE
2018-12-12 09:41:16,063 :: DEBUG :: ZEROBNL -> node.py :: _update_inputs :: INPUTS {('Base0', 'Tth'): 20, ('Base0', 'demandFlag'): 0, ('Base1', 'COGwflag'): 1, ('Base2', 'Tsupply'): 60.0, ('Base2', 'MDOTsupply'): 0.012227137887112015, ('Base3', 'QDH'): 1249.043278028008, ('Base3', 'Tindoor'): 20.36590295320037}
2018-12-12 09:41:16,063 :: DEBUG :: ZEROBNL -> node.py :: set_attribute :: SET ATTRIBUTE Tthermostat to 20
2018-12-12 09:41:16,067 :: DEBUG :: ZEROBNL -> node.py :: run :: UPDATE DONE
2018-12-12 09:41:16,084 :: DEBUG :: ZEROBNL -> node.py :: run :: UPDATE
2018-12-12 09:41:16,084 :: DEBUG :: ZEROBNL -> node.py :: _update_inputs :: INPUTS {('Base0', 'Tth'): 20, ('Base0', 'demandFlag'): 0, ('Base1', 'COGwflag'): 1, ('Base2', 'Tsupply'): 60.0, ('Base2', 'MDOTsupply'): 0.012227137887112015, ('Base3', 'QDH'): 1249.043278028008, ('Base3', 'Tindoor'): 20.36590295320037}
2018-12-12 09:41:16,085 :: DEBUG :: ZEROBNL -> node.py :: set_attribute :: SET ATTRIBUTE Tthermostat to 20
2018-12-12 09:41:16,089 :: DEBUG :: ZEROBNL -> node.py :: run :: UPDATE DONE
2018-12-12 09:41:16,112 :: DEBUG :: ZEROBNL -> node.py :: run :: UPDATE
2018-12-12 09:41:16,112 :: DEBUG :: ZEROBNL -> node.py :: _update_inputs :: INPUTS {('Base0', 'Tth'): 20, ('Base0', 'demandFlag'): 0, ('Base1', 'COGwflag'): 1, ('Base2', 'Tsupply'): 60.0, ('Base2', 'MDOTsupply'): 0.012455957921279433, ('Base3', 'QDH'): 1249.043278028008, ('Base3', 'Tindoor'): 20.36590295320037}
2018-12-12 09:41:16,112 :: DEBUG :: ZEROBNL -> node.py :: set_attribute :: SET ATTRIBUTE Tthermostat to 20
2018-12-12 09:41:16,118 :: DEBUG :: ZEROBNL -> node.py :: run :: UPDATE DONE
2018-12-12 09:41:16,121 :: DEBUG :: ZEROBNL -> node.py :: run :: STEP
2018-12-12 09:41:16,121 :: DEBUG :: ZEROBNL -> node.py :: step :: NEW TIME
2018-12-12 09:41:16,122 :: DEBUG :: ZEROBNL -> node.py :: get_attribute :: GET ATTRIBUTE QDH
2018-12-12 09:41:16,124 :: DEBUG :: ZEROBNL -> node.py :: get_attribute :: GET ATTRIBUTE Tindoor
2018-12-12 09:41:16,130 :: DEBUG :: ZEROBNL -> node.py :: run :: STATE {'QDH': 1266.247811892271, 'Tindoor': 20.37607275805511}
2018-12-12 09:41:16,130 :: DEBUG :: ZEROBNL -> node.py :: run :: STEP DONE
2018-12-12 09:41:16,133 :: DEBUG :: ZEROBNL -> node.py :: run :: UPDATE
2018-12-12 09:41:16,133 :: DEBUG :: ZEROBNL -> node.py :: _update_inputs :: INPUTS {('Base0', 'Tth'): 20, ('Base0', 'demandFlag'): 0, ('Base1', 'COGwflag'): 1, ('Base2', 'Tsupply'): 60.0, ('Base2', 'MDOTsupply'): 0.012455957921279433, ('Base3', 'QDH'): 1266.247811892271, ('Base3', 'Tindoor'): 20.37607275805511}
2018-12-12 09:41:16,133 :: DEBUG :: ZEROBNL -> node.py :: set_attribute :: SET ATTRIBUTE Tthermostat to 20
2018-12-12 09:41:16,137 :: DEBUG :: ZEROBNL -> node.py :: run :: UPDATE DONE
2018-12-12 09:41:16,143 :: DEBUG :: ZEROBNL -> node.py :: run :: UPDATE
2018-12-12 09:41:16,143 :: DEBUG :: ZEROBNL -> node.py :: _update_inputs :: INPUTS {('Base0', 'Tth'): 20, ('Base0', 'demandFlag'): 0, ('Base1', 'COGwflag'): 1, ('Base2', 'Tsupply'): 60.0, ('Base2', 'MDOTsupply'): 0.012455957921279433, ('Base3', 'QDH'): 1266.247811892271, ('Base3', 'Tindoor'): 20.37607275805511}
2018-12-12 09:41:16,144 :: DEBUG :: ZEROBNL -> node.py :: set_attribute :: SET ATTRIBUTE Tthermostat to 20
2018-12-12 09:41:16,149 :: DEBUG :: ZEROBNL -> node.py :: run :: UPDATE DONE
2018-12-12 09:41:16,155 :: DEBUG :: ZEROBNL -> node.py :: run :: UPDATE
2018-12-12 09:41:16,156 :: DEBUG :: ZEROBNL -> node.py :: _update_inputs :: INPUTS {('Base0', 'Tth'): 20, ('Base0', 'demandFlag'): 0, ('Base1', 'COGwflag'): 1, ('Base2', 'Tsupply'): 60.0, ('Base2', 'MDOTsupply'): 0.012455957921279433, ('Base3', 'QDH'): 1266.247811892271, ('Base3', 'Tindoor'): 20.37607275805511}
2018-12-12 09:41:16,156 :: DEBUG :: ZEROBNL -> node.py :: set_attribute :: SET ATTRIBUTE Tthermostat to 20
2018-12-12 09:41:16,161 :: DEBUG :: ZEROBNL -> node.py :: run :: UPDATE DONE
2018-12-12 09:41:16,182 :: DEBUG :: ZEROBNL -> node.py :: run :: UPDATE
2018-12-12 09:41:16,182 :: DEBUG :: ZEROBNL -> node.py :: _update_inputs :: INPUTS {('Base0', 'Tth'): 20, ('Base0', 'demandFlag'): 0, ('Base1', 'COGwflag'): 1, ('Base2', 'Tsupply'): 60.0, ('Base2', 'MDOTsupply'): 0.012627528397367678, ('Base3', 'QDH'): 1266.247811892271, ('Base3', 'Tindoor'): 20.37607275805511}
2018-12-12 09:41:16,182 :: DEBUG :: ZEROBNL -> node.py :: set_attribute :: SET ATTRIBUTE Tthermostat to 20
2018-12-12 09:41:16,187 :: DEBUG :: ZEROBNL -> node.py :: run :: UPDATE DONE
2018-12-12 09:41:16,191 :: DEBUG :: ZEROBNL -> node.py :: run :: STEP
2018-12-12 09:41:16,191 :: DEBUG :: ZEROBNL -> node.py :: step :: NEW TIME
2018-12-12 09:41:16,192 :: DEBUG :: ZEROBNL -> node.py :: get_attribute :: GET ATTRIBUTE QDH
2018-12-12 09:41:16,193 :: DEBUG :: ZEROBNL -> node.py :: get_attribute :: GET ATTRIBUTE Tindoor
2018-12-12 09:41:16,199 :: DEBUG :: ZEROBNL -> node.py :: run :: STATE {'QDH': 1265.57579963824, 'Tindoor': 20.37535480024352}
2018-12-12 09:41:16,199 :: DEBUG :: ZEROBNL -> node.py :: run :: STEP DONE
2018-12-12 09:41:16,201 :: DEBUG :: ZEROBNL -> node.py :: run :: UPDATE
2018-12-12 09:41:16,201 :: DEBUG :: ZEROBNL -> node.py :: _update_inputs :: INPUTS {('Base0', 'Tth'): 20, ('Base0', 'demandFlag'): 0, ('Base1', 'COGwflag'): 1, ('Base2', 'Tsupply'): 60.0, ('Base2', 'MDOTsupply'): 0.012627528397367678, ('Base3', 'QDH'): 1265.57579963824, ('Base3', 'Tindoor'): 20.37535480024352}
2018-12-12 09:41:16,202 :: DEBUG :: ZEROBNL -> node.py :: set_attribute :: SET ATTRIBUTE Tthermostat to 20
2018-12-12 09:41:16,206 :: DEBUG :: ZEROBNL -> node.py :: run :: UPDATE DONE
2018-12-12 09:41:16,213 :: DEBUG :: ZEROBNL -> node.py :: run :: UPDATE
2018-12-12 09:41:16,214 :: DEBUG :: ZEROBNL -> node.py :: _update_inputs :: INPUTS {('Base0', 'Tth'): 20, ('Base0', 'demandFlag'): 0, ('Base1', 'COGwflag'): 1, ('Base2', 'Tsupply'): 60.0, ('Base2', 'MDOTsupply'): 0.012627528397367678, ('Base3', 'QDH'): 1265.57579963824, ('Base3', 'Tindoor'): 20.37535480024352}
2018-12-12 09:41:16,214 :: DEBUG :: ZEROBNL -> node.py :: set_attribute :: SET ATTRIBUTE Tthermostat to 20
2018-12-12 09:41:16,217 :: DEBUG :: ZEROBNL -> node.py :: run :: UPDATE DONE
2018-12-12 09:41:16,223 :: DEBUG :: ZEROBNL -> node.py :: run :: UPDATE
2018-12-12 09:41:16,224 :: DEBUG :: ZEROBNL -> node.py :: _update_inputs :: INPUTS {('Base0', 'Tth'): 20, ('Base0', 'demandFlag'): 0, ('Base1', 'COGwflag'): 1, ('Base2', 'Tsupply'): 60.0, ('Base2', 'MDOTsupply'): 0.012627528397367678, ('Base3', 'QDH'): 1265.57579963824, ('Base3', 'Tindoor'): 20.37535480024352}
2018-12-12 09:41:16,224 :: DEBUG :: ZEROBNL -> node.py :: set_attribute :: SET ATTRIBUTE Tthermostat to 20
2018-12-12 09:41:16,229 :: DEBUG :: ZEROBNL -> node.py :: run :: UPDATE DONE
2018-12-12 09:41:16,249 :: DEBUG :: ZEROBNL -> node.py :: run :: UPDATE
2018-12-12 09:41:16,249 :: DEBUG :: ZEROBNL -> node.py :: _update_inputs :: INPUTS {('Base0', 'Tth'): 20, ('Base0', 'demandFlag'): 0, ('Base1', 'COGwflag'): 1, ('Base2', 'Tsupply'): 60.0, ('Base2', 'MDOTsupply'): 0.012620826823040875, ('Base3', 'QDH'): 1265.57579963824, ('Base3', 'Tindoor'): 20.37535480024352}
2018-12-12 09:41:16,249 :: DEBUG :: ZEROBNL -> node.py :: set_attribute :: SET ATTRIBUTE Tthermostat to 20
2018-12-12 09:41:16,254 :: DEBUG :: ZEROBNL -> node.py :: run :: UPDATE DONE
2018-12-12 09:41:16,257 :: DEBUG :: ZEROBNL -> node.py :: run :: STEP
2018-12-12 09:41:16,258 :: DEBUG :: ZEROBNL -> node.py :: step :: NEW TIME
2018-12-12 09:41:16,259 :: DEBUG :: ZEROBNL -> node.py :: get_attribute :: GET ATTRIBUTE QDH
2018-12-12 09:41:16,260 :: DEBUG :: ZEROBNL -> node.py :: get_attribute :: GET ATTRIBUTE Tindoor
2018-12-12 09:41:16,266 :: DEBUG :: ZEROBNL -> node.py :: run :: STATE {'QDH': 1264.071790436385, 'Tindoor': 20.37427822756668}
2018-12-12 09:41:16,266 :: DEBUG :: ZEROBNL -> node.py :: run :: STEP DONE
2018-12-12 09:41:16,269 :: DEBUG :: ZEROBNL -> node.py :: run :: UPDATE
2018-12-12 09:41:16,269 :: DEBUG :: ZEROBNL -> node.py :: _update_inputs :: INPUTS {('Base0', 'Tth'): 20, ('Base0', 'demandFlag'): 0, ('Base1', 'COGwflag'): 1, ('Base2', 'Tsupply'): 60.0, ('Base2', 'MDOTsupply'): 0.012620826823040875, ('Base3', 'QDH'): 1264.071790436385, ('Base3', 'Tindoor'): 20.37427822756668}
2018-12-12 09:41:16,269 :: DEBUG :: ZEROBNL -> node.py :: set_attribute :: SET ATTRIBUTE Tthermostat to 20
2018-12-12 09:41:16,274 :: DEBUG :: ZEROBNL -> node.py :: run :: UPDATE DONE
2018-12-12 09:41:16,280 :: DEBUG :: ZEROBNL -> node.py :: run :: UPDATE
2018-12-12 09:41:16,281 :: DEBUG :: ZEROBNL -> node.py :: _update_inputs :: INPUTS {('Base0', 'Tth'): 20, ('Base0', 'demandFlag'): 0, ('Base1', 'COGwflag'): 1, ('Base2', 'Tsupply'): 60.0, ('Base2', 'MDOTsupply'): 0.012620826823040875, ('Base3', 'QDH'): 1264.071790436385, ('Base3', 'Tindoor'): 20.37427822756668}
2018-12-12 09:41:16,281 :: DEBUG :: ZEROBNL -> node.py :: set_attribute :: SET ATTRIBUTE Tthermostat to 20
2018-12-12 09:41:16,285 :: DEBUG :: ZEROBNL -> node.py :: run :: UPDATE DONE
2018-12-12 09:41:16,291 :: DEBUG :: ZEROBNL -> node.py :: run :: UPDATE
2018-12-12 09:41:16,291 :: DEBUG :: ZEROBNL -> node.py :: _update_inputs :: INPUTS {('Base0', 'Tth'): 20, ('Base0', 'demandFlag'): 0, ('Base1', 'COGwflag'): 1, ('Base2', 'Tsupply'): 60.0, ('Base2', 'MDOTsupply'): 0.012620826823040875, ('Base3', 'QDH'): 1264.071790436385, ('Base3', 'Tindoor'): 20.37427822756668}
2018-12-12 09:41:16,292 :: DEBUG :: ZEROBNL -> node.py :: set_attribute :: SET ATTRIBUTE Tthermostat to 20
2018-12-12 09:41:16,297 :: DEBUG :: ZEROBNL -> node.py :: run :: UPDATE DONE
2018-12-12 09:41:16,321 :: DEBUG :: ZEROBNL -> node.py :: run :: UPDATE
2018-12-12 09:41:16,321 :: DEBUG :: ZEROBNL -> node.py :: _update_inputs :: INPUTS {('Base0', 'Tth'): 20, ('Base0', 'demandFlag'): 0, ('Base1', 'COGwflag'): 1, ('Base2', 'Tsupply'): 60.0, ('Base2', 'MDOTsupply'): 0.012605828243203712, ('Base3', 'QDH'): 1264.071790436385, ('Base3', 'Tindoor'): 20.37427822756668}
2018-12-12 09:41:16,322 :: DEBUG :: ZEROBNL -> node.py :: set_attribute :: SET ATTRIBUTE Tthermostat to 20
2018-12-12 09:41:16,326 :: DEBUG :: ZEROBNL -> node.py :: run :: UPDATE DONE
2018-12-12 09:41:16,331 :: DEBUG :: ZEROBNL -> node.py :: run :: STEP
2018-12-12 09:41:16,331 :: DEBUG :: ZEROBNL -> node.py :: step :: NEW TIME
2018-12-12 09:41:16,332 :: DEBUG :: ZEROBNL -> node.py :: get_attribute :: GET ATTRIBUTE QDH
2018-12-12 09:41:16,333 :: DEBUG :: ZEROBNL -> node.py :: get_attribute :: GET ATTRIBUTE Tindoor
2018-12-12 09:41:16,340 :: DEBUG :: ZEROBNL -> node.py :: run :: STATE {'QDH': 1261.512151531688, 'Tindoor': 20.3754098164394}
2018-12-12 09:41:16,340 :: DEBUG :: ZEROBNL -> node.py :: run :: STEP DONE
2018-12-12 09:41:16,343 :: DEBUG :: ZEROBNL -> node.py :: run :: UPDATE
2018-12-12 09:41:16,343 :: DEBUG :: ZEROBNL -> node.py :: _update_inputs :: INPUTS {('Base0', 'Tth'): 20, ('Base0', 'demandFlag'): 0, ('Base1', 'COGwflag'): 1, ('Base2', 'Tsupply'): 60.0, ('Base2', 'MDOTsupply'): 0.012605828243203712, ('Base3', 'QDH'): 1261.512151531688, ('Base3', 'Tindoor'): 20.3754098164394}
2018-12-12 09:41:16,344 :: DEBUG :: ZEROBNL -> node.py :: set_attribute :: SET ATTRIBUTE Tthermostat to 20
2018-12-12 09:41:16,347 :: DEBUG :: ZEROBNL -> node.py :: run :: UPDATE DONE
2018-12-12 09:41:16,355 :: DEBUG :: ZEROBNL -> node.py :: run :: UPDATE
2018-12-12 09:41:16,355 :: DEBUG :: ZEROBNL -> node.py :: _update_inputs :: INPUTS {('Base0', 'Tth'): 20, ('Base0', 'demandFlag'): 0, ('Base1', 'COGwflag'): 1, ('Base2', 'Tsupply'): 60.0, ('Base2', 'MDOTsupply'): 0.012605828243203712, ('Base3', 'QDH'): 1261.512151531688, ('Base3', 'Tindoor'): 20.3754098164394}
2018-12-12 09:41:16,356 :: DEBUG :: ZEROBNL -> node.py :: set_attribute :: SET ATTRIBUTE Tthermostat to 20
2018-12-12 09:41:16,361 :: DEBUG :: ZEROBNL -> node.py :: run :: UPDATE DONE
2018-12-12 09:41:16,367 :: DEBUG :: ZEROBNL -> node.py :: run :: UPDATE
2018-12-12 09:41:16,368 :: DEBUG :: ZEROBNL -> node.py :: _update_inputs :: INPUTS {('Base0', 'Tth'): 20, ('Base0', 'demandFlag'): 0, ('Base1', 'COGwflag'): 1, ('Base2', 'Tsupply'): 60.0, ('Base2', 'MDOTsupply'): 0.012605828243203712, ('Base3', 'QDH'): 1261.512151531688, ('Base3', 'Tindoor'): 20.3754098164394}
2018-12-12 09:41:16,368 :: DEBUG :: ZEROBNL -> node.py :: set_attribute :: SET ATTRIBUTE Tthermostat to 20
2018-12-12 09:41:16,375 :: DEBUG :: ZEROBNL -> node.py :: run :: UPDATE DONE
2018-12-12 09:41:16,402 :: DEBUG :: ZEROBNL -> node.py :: run :: UPDATE
2018-12-12 09:41:16,403 :: DEBUG :: ZEROBNL -> node.py :: _update_inputs :: INPUTS {('Base0', 'Tth'): 20, ('Base0', 'demandFlag'): 0, ('Base1', 'COGwflag'): 1, ('Base2', 'Tsupply'): 60.0, ('Base2', 'MDOTsupply'): 0.012580302502786243, ('Base3', 'QDH'): 1261.512151531688, ('Base3', 'Tindoor'): 20.3754098164394}
2018-12-12 09:41:16,403 :: DEBUG :: ZEROBNL -> node.py :: set_attribute :: SET ATTRIBUTE Tthermostat to 20
2018-12-12 09:41:16,410 :: DEBUG :: ZEROBNL -> node.py :: run :: UPDATE DONE
2018-12-12 09:41:16,415 :: DEBUG :: ZEROBNL -> node.py :: run :: STEP
2018-12-12 09:41:16,415 :: DEBUG :: ZEROBNL -> node.py :: step :: NEW TIME
2018-12-12 09:41:16,416 :: DEBUG :: ZEROBNL -> node.py :: get_attribute :: GET ATTRIBUTE QDH
2018-12-12 09:41:16,417 :: DEBUG :: ZEROBNL -> node.py :: get_attribute :: GET ATTRIBUTE Tindoor
2018-12-12 09:41:16,423 :: DEBUG :: ZEROBNL -> node.py :: run :: STATE {'QDH': 1261.757558918539, 'Tindoor': 20.37671977713849}
2018-12-12 09:41:16,423 :: DEBUG :: ZEROBNL -> node.py :: run :: STEP DONE
2018-12-12 09:41:16,425 :: DEBUG :: ZEROBNL -> node.py :: run :: UPDATE
2018-12-12 09:41:16,425 :: DEBUG :: ZEROBNL -> node.py :: _update_inputs :: INPUTS {('Base0', 'Tth'): 20, ('Base0', 'demandFlag'): 0, ('Base1', 'COGwflag'): 1, ('Base2', 'Tsupply'): 60.0, ('Base2', 'MDOTsupply'): 0.012580302502786243, ('Base3', 'QDH'): 1261.757558918539, ('Base3', 'Tindoor'): 20.37671977713849}
2018-12-12 09:41:16,425 :: DEBUG :: ZEROBNL -> node.py :: set_attribute :: SET ATTRIBUTE Tthermostat to 20
2018-12-12 09:41:16,430 :: DEBUG :: ZEROBNL -> node.py :: run :: UPDATE DONE
2018-12-12 09:41:16,438 :: DEBUG :: ZEROBNL -> node.py :: run :: UPDATE
2018-12-12 09:41:16,439 :: DEBUG :: ZEROBNL -> node.py :: _update_inputs :: INPUTS {('Base0', 'Tth'): 20, ('Base0', 'demandFlag'): 0, ('Base1', 'COGwflag'): 1, ('Base2', 'Tsupply'): 60.0, ('Base2', 'MDOTsupply'): 0.012580302502786243, ('Base3', 'QDH'): 1261.757558918539, ('Base3', 'Tindoor'): 20.37671977713849}
2018-12-12 09:41:16,439 :: DEBUG :: ZEROBNL -> node.py :: set_attribute :: SET ATTRIBUTE Tthermostat to 20
2018-12-12 09:41:16,444 :: DEBUG :: ZEROBNL -> node.py :: run :: UPDATE DONE
2018-12-12 09:41:16,450 :: DEBUG :: ZEROBNL -> node.py :: run :: UPDATE
2018-12-12 09:41:16,451 :: DEBUG :: ZEROBNL -> node.py :: _update_inputs :: INPUTS {('Base0', 'Tth'): 20, ('Base0', 'demandFlag'): 0, ('Base1', 'COGwflag'): 1, ('Base2', 'Tsupply'): 60.0, ('Base2', 'MDOTsupply'): 0.012580302502786243, ('Base3', 'QDH'): 1261.757558918539, ('Base3', 'Tindoor'): 20.37671977713849}
2018-12-12 09:41:16,451 :: DEBUG :: ZEROBNL -> node.py :: set_attribute :: SET ATTRIBUTE Tthermostat to 20
2018-12-12 09:41:16,455 :: DEBUG :: ZEROBNL -> node.py :: run :: UPDATE DONE
2018-12-12 09:41:16,479 :: DEBUG :: ZEROBNL -> node.py :: run :: UPDATE
2018-12-12 09:41:16,479 :: DEBUG :: ZEROBNL -> node.py :: _update_inputs :: INPUTS {('Base0', 'Tth'): 20, ('Base0', 'demandFlag'): 0, ('Base1', 'COGwflag'): 1, ('Base2', 'Tsupply'): 60.0, ('Base2', 'MDOTsupply'): 0.012582749803158409, ('Base3', 'QDH'): 1261.757558918539, ('Base3', 'Tindoor'): 20.37671977713849}
2018-12-12 09:41:16,479 :: DEBUG :: ZEROBNL -> node.py :: set_attribute :: SET ATTRIBUTE Tthermostat to 20
2018-12-12 09:41:16,484 :: DEBUG :: ZEROBNL -> node.py :: run :: UPDATE DONE
2018-12-12 09:41:16,488 :: DEBUG :: ZEROBNL -> node.py :: run :: STEP
2018-12-12 09:41:16,489 :: DEBUG :: ZEROBNL -> node.py :: step :: NEW TIME
2018-12-12 09:41:16,490 :: DEBUG :: ZEROBNL -> node.py :: get_attribute :: GET ATTRIBUTE QDH
2018-12-12 09:41:16,492 :: DEBUG :: ZEROBNL -> node.py :: get_attribute :: GET ATTRIBUTE Tindoor
2018-12-12 09:41:16,498 :: DEBUG :: ZEROBNL -> node.py :: run :: STATE {'QDH': 1268.5763083212, 'Tindoor': 20.38059284103169}
2018-12-12 09:41:16,498 :: DEBUG :: ZEROBNL -> node.py :: run :: STEP DONE
2018-12-12 09:41:16,500 :: DEBUG :: ZEROBNL -> node.py :: exit :: EXIT
