2018-12-10 13:38:25,270 :: DEBUG :: ZEROBNL -> node.py :: __init__ :: LOAD CONFIG NODE
2018-12-10 13:38:25,271 :: DEBUG :: ZEROBNL -> node.py :: __init__ :: CONNECT REDIS
2018-12-10 13:38:25,273 :: DEBUG :: ZEROBNL -> node.py :: __init__ :: CREATE SUB/SEND
2018-12-10 13:38:25,273 :: DEBUG :: ZEROBNL -> node.py :: __init__ :: CONNECT TO SUB/SEND
2018-12-10 13:38:25,273 :: DEBUG :: ZEROBNL -> node.py :: __init__ :: SUBSCRIBED TO GRP/ALL
2018-12-10 13:38:25,273 :: DEBUG :: ZEROBNL -> node.py :: __init__ :: INIT DONE
2018-12-10 13:38:25,274 :: DEBUG :: ZEROBNL -> node.py :: run :: INIT VALUES DONE
2018-12-10 13:38:27,897 :: DEBUG :: ZEROBNL -> node.py :: run :: UPDATE
2018-12-10 13:38:27,897 :: DEBUG :: ZEROBNL -> node.py :: _update_inputs :: INPUTS {}
2018-12-10 13:38:27,897 :: DEBUG :: ZEROBNL -> node.py :: run :: UPDATE DONE
2018-12-10 13:38:28,002 :: DEBUG :: ZEROBNL -> node.py :: run :: UPDATE
2018-12-10 13:38:28,003 :: DEBUG :: ZEROBNL -> node.py :: _update_inputs :: INPUTS {('Base0', 'Tsupply'): 43.97025039442919, ('Base0', 'MDOTsupply'): 0.04}
2018-12-10 13:38:28,003 :: DEBUG :: ZEROBNL -> node.py :: run :: UPDATE DONE
2018-12-10 13:38:28,006 :: DEBUG :: ZEROBNL -> node.py :: run :: UPDATE
2018-12-10 13:38:28,007 :: DEBUG :: ZEROBNL -> node.py :: _update_inputs :: INPUTS {('Base0', 'Tsupply'): 43.97025039442919, ('Base0', 'MDOTsupply'): 0.04, ('Base1', 'TS'): 43.97025039442919}
2018-12-10 13:38:28,007 :: DEBUG :: ZEROBNL -> node.py :: run :: UPDATE DONE
2018-12-10 13:38:28,019 :: DEBUG :: ZEROBNL -> node.py :: run :: UPDATE
2018-12-10 13:38:28,019 :: DEBUG :: ZEROBNL -> node.py :: _update_inputs :: INPUTS {('Base0', 'Tsupply'): 43.97025039442919, ('Base0', 'MDOTsupply'): 0.04, ('Base1', 'TS'): 43.97025039442919, ('Base2', 'CDEM_TR'): 13.970250394429193, ('Base2', 'CDEM_mdotR'): 0.04, ('Base2', 'CDEM_cmf'): 1.0}
2018-12-10 13:38:28,019 :: DEBUG :: ZEROBNL -> node.py :: set_attribute :: SET ATTRIBUTE demandOK to 1.0
2018-12-10 13:38:28,020 :: DEBUG :: ZEROBNL -> node.py :: get_attribute :: GET ATTRIBUTE demandOK
2018-12-10 13:38:28,022 :: DEBUG :: ZEROBNL -> node.py :: run :: UPDATE DONE
2018-12-10 13:38:28,023 :: DEBUG :: ZEROBNL -> node.py :: run :: STEP
2018-12-10 13:38:28,023 :: DEBUG :: ZEROBNL -> node.py :: step :: NEW TIME
2018-12-10 13:38:28,023 :: DEBUG :: ZEROBNL -> node.py :: get_attribute :: GET ATTRIBUTE COGwflag
2018-12-10 13:38:28,024 :: DEBUG :: ZEROBNL -> node.py :: get_attribute :: GET ATTRIBUTE COGwflag
2018-12-10 13:38:28,024 :: DEBUG :: ZEROBNL -> node.py :: run :: STATE {'COGwflag': 1}
2018-12-10 13:38:28,024 :: DEBUG :: ZEROBNL -> node.py :: run :: STEP DONE
2018-12-10 13:38:28,026 :: DEBUG :: ZEROBNL -> node.py :: run :: UPDATE
2018-12-10 13:38:28,026 :: DEBUG :: ZEROBNL -> node.py :: _update_inputs :: INPUTS {('Base0', 'Tsupply'): 43.97025039442919, ('Base0', 'MDOTsupply'): 0.04, ('Base1', 'TS'): 43.97025039442919, ('Base2', 'CDEM_TR'): 13.970250394429193, ('Base2', 'CDEM_mdotR'): 0.04, ('Base2', 'CDEM_cmf'): 1.0, ('Base3', 'COGwflag'): 1}
2018-12-10 13:38:28,026 :: DEBUG :: ZEROBNL -> node.py :: set_attribute :: SET ATTRIBUTE demandOK to 1.0
2018-12-10 13:38:28,026 :: DEBUG :: ZEROBNL -> node.py :: get_attribute :: GET ATTRIBUTE demandOK
2018-12-10 13:38:28,027 :: DEBUG :: ZEROBNL -> node.py :: run :: UPDATE DONE
2018-12-10 13:38:28,054 :: DEBUG :: ZEROBNL -> node.py :: run :: UPDATE
2018-12-10 13:38:28,055 :: DEBUG :: ZEROBNL -> node.py :: _update_inputs :: INPUTS {('Base0', 'Tsupply'): 43.953579310475426, ('Base0', 'MDOTsupply'): 0.04, ('Base1', 'TS'): 43.97025039442919, ('Base2', 'CDEM_TR'): 13.970250394429193, ('Base2', 'CDEM_mdotR'): 0.04, ('Base2', 'CDEM_cmf'): 1.0, ('Base3', 'COGwflag'): 1}
2018-12-10 13:38:28,055 :: DEBUG :: ZEROBNL -> node.py :: set_attribute :: SET ATTRIBUTE demandOK to 1.0
2018-12-10 13:38:28,055 :: DEBUG :: ZEROBNL -> node.py :: get_attribute :: GET ATTRIBUTE demandOK
2018-12-10 13:38:28,055 :: DEBUG :: ZEROBNL -> node.py :: run :: UPDATE DONE
2018-12-10 13:38:28,070 :: DEBUG :: ZEROBNL -> node.py :: run :: UPDATE
2018-12-10 13:38:28,071 :: DEBUG :: ZEROBNL -> node.py :: _update_inputs :: INPUTS {('Base0', 'Tsupply'): 43.953579310475426, ('Base0', 'MDOTsupply'): 0.04, ('Base1', 'TS'): 43.953579310475426, ('Base2', 'CDEM_TR'): 13.970250394429193, ('Base2', 'CDEM_mdotR'): 0.04, ('Base2', 'CDEM_cmf'): 1.0, ('Base3', 'COGwflag'): 1}
2018-12-10 13:38:28,071 :: DEBUG :: ZEROBNL -> node.py :: set_attribute :: SET ATTRIBUTE demandOK to 1.0
2018-12-10 13:38:28,072 :: DEBUG :: ZEROBNL -> node.py :: get_attribute :: GET ATTRIBUTE demandOK
2018-12-10 13:38:28,073 :: DEBUG :: ZEROBNL -> node.py :: run :: UPDATE DONE
2018-12-10 13:38:28,079 :: DEBUG :: ZEROBNL -> node.py :: run :: UPDATE
2018-12-10 13:38:28,080 :: DEBUG :: ZEROBNL -> node.py :: _update_inputs :: INPUTS {('Base0', 'Tsupply'): 43.953579310475426, ('Base0', 'MDOTsupply'): 0.04, ('Base1', 'TS'): 43.953579310475426, ('Base2', 'CDEM_TR'): 13.953579310475426, ('Base2', 'CDEM_mdotR'): 0.04, ('Base2', 'CDEM_cmf'): 1.0, ('Base3', 'COGwflag'): 1}
2018-12-10 13:38:28,080 :: DEBUG :: ZEROBNL -> node.py :: set_attribute :: SET ATTRIBUTE demandOK to 1.0
2018-12-10 13:38:28,080 :: DEBUG :: ZEROBNL -> node.py :: get_attribute :: GET ATTRIBUTE demandOK
2018-12-10 13:38:28,082 :: DEBUG :: ZEROBNL -> node.py :: run :: UPDATE DONE
2018-12-10 13:38:28,089 :: DEBUG :: ZEROBNL -> node.py :: run :: STEP
2018-12-10 13:38:28,089 :: DEBUG :: ZEROBNL -> node.py :: step :: NEW TIME
2018-12-10 13:38:28,089 :: DEBUG :: ZEROBNL -> node.py :: get_attribute :: GET ATTRIBUTE COGwflag
2018-12-10 13:38:28,090 :: DEBUG :: ZEROBNL -> node.py :: get_attribute :: GET ATTRIBUTE COGwflag
2018-12-10 13:38:28,090 :: DEBUG :: ZEROBNL -> node.py :: run :: STATE {'COGwflag': 1}
2018-12-10 13:38:28,090 :: DEBUG :: ZEROBNL -> node.py :: run :: STEP DONE
2018-12-10 13:38:28,094 :: DEBUG :: ZEROBNL -> node.py :: run :: UPDATE
2018-12-10 13:38:28,095 :: DEBUG :: ZEROBNL -> node.py :: _update_inputs :: INPUTS {('Base0', 'Tsupply'): 43.953579310475426, ('Base0', 'MDOTsupply'): 0.04, ('Base1', 'TS'): 43.953579310475426, ('Base2', 'CDEM_TR'): 13.953579310475426, ('Base2', 'CDEM_mdotR'): 0.04, ('Base2', 'CDEM_cmf'): 1.0, ('Base3', 'COGwflag'): 1}
2018-12-10 13:38:28,095 :: DEBUG :: ZEROBNL -> node.py :: set_attribute :: SET ATTRIBUTE demandOK to 1.0
2018-12-10 13:38:28,095 :: DEBUG :: ZEROBNL -> node.py :: get_attribute :: GET ATTRIBUTE demandOK
2018-12-10 13:38:28,096 :: DEBUG :: ZEROBNL -> node.py :: run :: UPDATE DONE
2018-12-10 13:38:28,120 :: DEBUG :: ZEROBNL -> node.py :: run :: UPDATE
2018-12-10 13:38:28,120 :: DEBUG :: ZEROBNL -> node.py :: _update_inputs :: INPUTS {('Base0', 'Tsupply'): 43.95874992485089, ('Base0', 'MDOTsupply'): 0.04, ('Base1', 'TS'): 43.953579310475426, ('Base2', 'CDEM_TR'): 13.953579310475426, ('Base2', 'CDEM_mdotR'): 0.04, ('Base2', 'CDEM_cmf'): 1.0, ('Base3', 'COGwflag'): 1}
2018-12-10 13:38:28,120 :: DEBUG :: ZEROBNL -> node.py :: set_attribute :: SET ATTRIBUTE demandOK to 1.0
2018-12-10 13:38:28,121 :: DEBUG :: ZEROBNL -> node.py :: get_attribute :: GET ATTRIBUTE demandOK
2018-12-10 13:38:28,121 :: DEBUG :: ZEROBNL -> node.py :: run :: UPDATE DONE
2018-12-10 13:38:28,131 :: DEBUG :: ZEROBNL -> node.py :: run :: UPDATE
2018-12-10 13:38:28,131 :: DEBUG :: ZEROBNL -> node.py :: _update_inputs :: INPUTS {('Base0', 'Tsupply'): 43.95874992485089, ('Base0', 'MDOTsupply'): 0.04, ('Base1', 'TS'): 43.95874992485089, ('Base2', 'CDEM_TR'): 13.953579310475426, ('Base2', 'CDEM_mdotR'): 0.04, ('Base2', 'CDEM_cmf'): 1.0, ('Base3', 'COGwflag'): 1}
2018-12-10 13:38:28,131 :: DEBUG :: ZEROBNL -> node.py :: set_attribute :: SET ATTRIBUTE demandOK to 1.0
2018-12-10 13:38:28,131 :: DEBUG :: ZEROBNL -> node.py :: get_attribute :: GET ATTRIBUTE demandOK
2018-12-10 13:38:28,132 :: DEBUG :: ZEROBNL -> node.py :: run :: UPDATE DONE
2018-12-10 13:38:28,146 :: DEBUG :: ZEROBNL -> node.py :: run :: UPDATE
2018-12-10 13:38:28,146 :: DEBUG :: ZEROBNL -> node.py :: _update_inputs :: INPUTS {('Base0', 'Tsupply'): 43.95874992485089, ('Base0', 'MDOTsupply'): 0.04, ('Base1', 'TS'): 43.95874992485089, ('Base2', 'CDEM_TR'): 13.958749924850892, ('Base2', 'CDEM_mdotR'): 0.04, ('Base2', 'CDEM_cmf'): 1.0, ('Base3', 'COGwflag'): 1}
2018-12-10 13:38:28,146 :: DEBUG :: ZEROBNL -> node.py :: set_attribute :: SET ATTRIBUTE demandOK to 1.0
2018-12-10 13:38:28,146 :: DEBUG :: ZEROBNL -> node.py :: get_attribute :: GET ATTRIBUTE demandOK
2018-12-10 13:38:28,147 :: DEBUG :: ZEROBNL -> node.py :: run :: UPDATE DONE
2018-12-10 13:38:28,156 :: DEBUG :: ZEROBNL -> node.py :: run :: STEP
2018-12-10 13:38:28,156 :: DEBUG :: ZEROBNL -> node.py :: step :: NEW TIME
2018-12-10 13:38:28,156 :: DEBUG :: ZEROBNL -> node.py :: get_attribute :: GET ATTRIBUTE COGwflag
2018-12-10 13:38:28,157 :: DEBUG :: ZEROBNL -> node.py :: get_attribute :: GET ATTRIBUTE COGwflag
2018-12-10 13:38:28,157 :: DEBUG :: ZEROBNL -> node.py :: run :: STATE {'COGwflag': 1}
2018-12-10 13:38:28,157 :: DEBUG :: ZEROBNL -> node.py :: run :: STEP DONE
2018-12-10 13:38:28,158 :: DEBUG :: ZEROBNL -> node.py :: run :: UPDATE
2018-12-10 13:38:28,158 :: DEBUG :: ZEROBNL -> node.py :: _update_inputs :: INPUTS {('Base0', 'Tsupply'): 43.95874992485089, ('Base0', 'MDOTsupply'): 0.04, ('Base1', 'TS'): 43.95874992485089, ('Base2', 'CDEM_TR'): 13.958749924850892, ('Base2', 'CDEM_mdotR'): 0.04, ('Base2', 'CDEM_cmf'): 1.0, ('Base3', 'COGwflag'): 1}
2018-12-10 13:38:28,158 :: DEBUG :: ZEROBNL -> node.py :: set_attribute :: SET ATTRIBUTE demandOK to 1.0
2018-12-10 13:38:28,158 :: DEBUG :: ZEROBNL -> node.py :: get_attribute :: GET ATTRIBUTE demandOK
2018-12-10 13:38:28,160 :: DEBUG :: ZEROBNL -> node.py :: run :: UPDATE DONE
2018-12-10 13:38:28,187 :: DEBUG :: ZEROBNL -> node.py :: run :: UPDATE
2018-12-10 13:38:28,187 :: DEBUG :: ZEROBNL -> node.py :: _update_inputs :: INPUTS {('Base0', 'Tsupply'): 43.955032880021626, ('Base0', 'MDOTsupply'): 0.04, ('Base1', 'TS'): 43.95874992485089, ('Base2', 'CDEM_TR'): 13.958749924850892, ('Base2', 'CDEM_mdotR'): 0.04, ('Base2', 'CDEM_cmf'): 1.0, ('Base3', 'COGwflag'): 1}
2018-12-10 13:38:28,187 :: DEBUG :: ZEROBNL -> node.py :: set_attribute :: SET ATTRIBUTE demandOK to 1.0
2018-12-10 13:38:28,187 :: DEBUG :: ZEROBNL -> node.py :: get_attribute :: GET ATTRIBUTE demandOK
2018-12-10 13:38:28,189 :: DEBUG :: ZEROBNL -> node.py :: run :: UPDATE DONE
2018-12-10 13:38:28,198 :: DEBUG :: ZEROBNL -> node.py :: run :: UPDATE
2018-12-10 13:38:28,199 :: DEBUG :: ZEROBNL -> node.py :: _update_inputs :: INPUTS {('Base0', 'Tsupply'): 43.955032880021626, ('Base0', 'MDOTsupply'): 0.04, ('Base1', 'TS'): 43.955032880021626, ('Base2', 'CDEM_TR'): 13.958749924850892, ('Base2', 'CDEM_mdotR'): 0.04, ('Base2', 'CDEM_cmf'): 1.0, ('Base3', 'COGwflag'): 1}
2018-12-10 13:38:28,199 :: DEBUG :: ZEROBNL -> node.py :: set_attribute :: SET ATTRIBUTE demandOK to 1.0
2018-12-10 13:38:28,199 :: DEBUG :: ZEROBNL -> node.py :: get_attribute :: GET ATTRIBUTE demandOK
2018-12-10 13:38:28,199 :: DEBUG :: ZEROBNL -> node.py :: run :: UPDATE DONE
2018-12-10 13:38:28,212 :: DEBUG :: ZEROBNL -> node.py :: run :: UPDATE
2018-12-10 13:38:28,212 :: DEBUG :: ZEROBNL -> node.py :: _update_inputs :: INPUTS {('Base0', 'Tsupply'): 43.955032880021626, ('Base0', 'MDOTsupply'): 0.04, ('Base1', 'TS'): 43.955032880021626, ('Base2', 'CDEM_TR'): 13.955032880021626, ('Base2', 'CDEM_mdotR'): 0.04, ('Base2', 'CDEM_cmf'): 1.0, ('Base3', 'COGwflag'): 1}
2018-12-10 13:38:28,213 :: DEBUG :: ZEROBNL -> node.py :: set_attribute :: SET ATTRIBUTE demandOK to 1.0
2018-12-10 13:38:28,213 :: DEBUG :: ZEROBNL -> node.py :: get_attribute :: GET ATTRIBUTE demandOK
2018-12-10 13:38:28,213 :: DEBUG :: ZEROBNL -> node.py :: run :: UPDATE DONE
2018-12-10 13:38:28,224 :: DEBUG :: ZEROBNL -> node.py :: run :: STEP
2018-12-10 13:38:28,224 :: DEBUG :: ZEROBNL -> node.py :: step :: NEW TIME
2018-12-10 13:38:28,224 :: DEBUG :: ZEROBNL -> node.py :: get_attribute :: GET ATTRIBUTE COGwflag
2018-12-10 13:38:28,224 :: DEBUG :: ZEROBNL -> node.py :: get_attribute :: GET ATTRIBUTE COGwflag
2018-12-10 13:38:28,225 :: DEBUG :: ZEROBNL -> node.py :: run :: STATE {'COGwflag': 1}
2018-12-10 13:38:28,225 :: DEBUG :: ZEROBNL -> node.py :: run :: STEP DONE
2018-12-10 13:38:28,226 :: DEBUG :: ZEROBNL -> node.py :: run :: UPDATE
2018-12-10 13:38:28,226 :: DEBUG :: ZEROBNL -> node.py :: _update_inputs :: INPUTS {('Base0', 'Tsupply'): 43.955032880021626, ('Base0', 'MDOTsupply'): 0.04, ('Base1', 'TS'): 43.955032880021626, ('Base2', 'CDEM_TR'): 13.955032880021626, ('Base2', 'CDEM_mdotR'): 0.04, ('Base2', 'CDEM_cmf'): 1.0, ('Base3', 'COGwflag'): 1}
2018-12-10 13:38:28,226 :: DEBUG :: ZEROBNL -> node.py :: set_attribute :: SET ATTRIBUTE demandOK to 1.0
2018-12-10 13:38:28,226 :: DEBUG :: ZEROBNL -> node.py :: get_attribute :: GET ATTRIBUTE demandOK
2018-12-10 13:38:28,227 :: DEBUG :: ZEROBNL -> node.py :: run :: UPDATE DONE
2018-12-10 13:38:28,258 :: DEBUG :: ZEROBNL -> node.py :: run :: UPDATE
2018-12-10 13:38:28,258 :: DEBUG :: ZEROBNL -> node.py :: _update_inputs :: INPUTS {('Base0', 'Tsupply'): 43.95612221146615, ('Base0', 'MDOTsupply'): 0.04, ('Base1', 'TS'): 43.955032880021626, ('Base2', 'CDEM_TR'): 13.955032880021626, ('Base2', 'CDEM_mdotR'): 0.04, ('Base2', 'CDEM_cmf'): 1.0, ('Base3', 'COGwflag'): 1}
2018-12-10 13:38:28,258 :: DEBUG :: ZEROBNL -> node.py :: set_attribute :: SET ATTRIBUTE demandOK to 1.0
2018-12-10 13:38:28,258 :: DEBUG :: ZEROBNL -> node.py :: get_attribute :: GET ATTRIBUTE demandOK
2018-12-10 13:38:28,259 :: DEBUG :: ZEROBNL -> node.py :: run :: UPDATE DONE
2018-12-10 13:38:28,272 :: DEBUG :: ZEROBNL -> node.py :: run :: UPDATE
2018-12-10 13:38:28,272 :: DEBUG :: ZEROBNL -> node.py :: _update_inputs :: INPUTS {('Base0', 'Tsupply'): 43.95612221146615, ('Base0', 'MDOTsupply'): 0.04, ('Base1', 'TS'): 43.95612221146615, ('Base2', 'CDEM_TR'): 13.955032880021626, ('Base2', 'CDEM_mdotR'): 0.04, ('Base2', 'CDEM_cmf'): 1.0, ('Base3', 'COGwflag'): 1}
2018-12-10 13:38:28,272 :: DEBUG :: ZEROBNL -> node.py :: set_attribute :: SET ATTRIBUTE demandOK to 1.0
2018-12-10 13:38:28,272 :: DEBUG :: ZEROBNL -> node.py :: get_attribute :: GET ATTRIBUTE demandOK
2018-12-10 13:38:28,273 :: DEBUG :: ZEROBNL -> node.py :: run :: UPDATE DONE
2018-12-10 13:38:28,287 :: DEBUG :: ZEROBNL -> node.py :: run :: UPDATE
2018-12-10 13:38:28,287 :: DEBUG :: ZEROBNL -> node.py :: _update_inputs :: INPUTS {('Base0', 'Tsupply'): 43.95612221146615, ('Base0', 'MDOTsupply'): 0.04, ('Base1', 'TS'): 43.95612221146615, ('Base2', 'CDEM_TR'): 13.956122211466152, ('Base2', 'CDEM_mdotR'): 0.04, ('Base2', 'CDEM_cmf'): 1.0, ('Base3', 'COGwflag'): 1}
2018-12-10 13:38:28,287 :: DEBUG :: ZEROBNL -> node.py :: set_attribute :: SET ATTRIBUTE demandOK to 1.0
2018-12-10 13:38:28,287 :: DEBUG :: ZEROBNL -> node.py :: get_attribute :: GET ATTRIBUTE demandOK
2018-12-10 13:38:28,288 :: DEBUG :: ZEROBNL -> node.py :: run :: UPDATE DONE
2018-12-10 13:38:28,297 :: DEBUG :: ZEROBNL -> node.py :: run :: STEP
2018-12-10 13:38:28,297 :: DEBUG :: ZEROBNL -> node.py :: step :: NEW TIME
2018-12-10 13:38:28,297 :: DEBUG :: ZEROBNL -> node.py :: get_attribute :: GET ATTRIBUTE COGwflag
2018-12-10 13:38:28,298 :: DEBUG :: ZEROBNL -> node.py :: get_attribute :: GET ATTRIBUTE COGwflag
2018-12-10 13:38:28,298 :: DEBUG :: ZEROBNL -> node.py :: run :: STATE {'COGwflag': 1}
2018-12-10 13:38:28,298 :: DEBUG :: ZEROBNL -> node.py :: run :: STEP DONE
2018-12-10 13:38:28,299 :: DEBUG :: ZEROBNL -> node.py :: run :: UPDATE
2018-12-10 13:38:28,300 :: DEBUG :: ZEROBNL -> node.py :: _update_inputs :: INPUTS {('Base0', 'Tsupply'): 43.95612221146615, ('Base0', 'MDOTsupply'): 0.04, ('Base1', 'TS'): 43.95612221146615, ('Base2', 'CDEM_TR'): 13.956122211466152, ('Base2', 'CDEM_mdotR'): 0.04, ('Base2', 'CDEM_cmf'): 1.0, ('Base3', 'COGwflag'): 1}
2018-12-10 13:38:28,300 :: DEBUG :: ZEROBNL -> node.py :: set_attribute :: SET ATTRIBUTE demandOK to 1.0
2018-12-10 13:38:28,300 :: DEBUG :: ZEROBNL -> node.py :: get_attribute :: GET ATTRIBUTE demandOK
2018-12-10 13:38:28,301 :: DEBUG :: ZEROBNL -> node.py :: run :: UPDATE DONE
2018-12-10 13:38:28,330 :: DEBUG :: ZEROBNL -> node.py :: run :: UPDATE
2018-12-10 13:38:28,330 :: DEBUG :: ZEROBNL -> node.py :: _update_inputs :: INPUTS {('Base0', 'Tsupply'): 43.95586306831089, ('Base0', 'MDOTsupply'): 0.04, ('Base1', 'TS'): 43.95612221146615, ('Base2', 'CDEM_TR'): 13.956122211466152, ('Base2', 'CDEM_mdotR'): 0.04, ('Base2', 'CDEM_cmf'): 1.0, ('Base3', 'COGwflag'): 1}
2018-12-10 13:38:28,330 :: DEBUG :: ZEROBNL -> node.py :: set_attribute :: SET ATTRIBUTE demandOK to 1.0
2018-12-10 13:38:28,330 :: DEBUG :: ZEROBNL -> node.py :: get_attribute :: GET ATTRIBUTE demandOK
2018-12-10 13:38:28,331 :: DEBUG :: ZEROBNL -> node.py :: run :: UPDATE DONE
2018-12-10 13:38:28,344 :: DEBUG :: ZEROBNL -> node.py :: run :: UPDATE
2018-12-10 13:38:28,345 :: DEBUG :: ZEROBNL -> node.py :: _update_inputs :: INPUTS {('Base0', 'Tsupply'): 43.95586306831089, ('Base0', 'MDOTsupply'): 0.04, ('Base1', 'TS'): 43.95586306831089, ('Base2', 'CDEM_TR'): 13.956122211466152, ('Base2', 'CDEM_mdotR'): 0.04, ('Base2', 'CDEM_cmf'): 1.0, ('Base3', 'COGwflag'): 1}
2018-12-10 13:38:28,345 :: DEBUG :: ZEROBNL -> node.py :: set_attribute :: SET ATTRIBUTE demandOK to 1.0
2018-12-10 13:38:28,345 :: DEBUG :: ZEROBNL -> node.py :: get_attribute :: GET ATTRIBUTE demandOK
2018-12-10 13:38:28,346 :: DEBUG :: ZEROBNL -> node.py :: run :: UPDATE DONE
2018-12-10 13:38:28,363 :: DEBUG :: ZEROBNL -> node.py :: run :: UPDATE
2018-12-10 13:38:28,364 :: DEBUG :: ZEROBNL -> node.py :: _update_inputs :: INPUTS {('Base0', 'Tsupply'): 43.95586306831089, ('Base0', 'MDOTsupply'): 0.04, ('Base1', 'TS'): 43.95586306831089, ('Base2', 'CDEM_TR'): 13.95586306831089, ('Base2', 'CDEM_mdotR'): 0.04, ('Base2', 'CDEM_cmf'): 1.0, ('Base3', 'COGwflag'): 1}
2018-12-10 13:38:28,364 :: DEBUG :: ZEROBNL -> node.py :: set_attribute :: SET ATTRIBUTE demandOK to 1.0
2018-12-10 13:38:28,364 :: DEBUG :: ZEROBNL -> node.py :: get_attribute :: GET ATTRIBUTE demandOK
2018-12-10 13:38:28,365 :: DEBUG :: ZEROBNL -> node.py :: run :: UPDATE DONE
2018-12-10 13:38:28,381 :: DEBUG :: ZEROBNL -> node.py :: run :: STEP
2018-12-10 13:38:28,382 :: DEBUG :: ZEROBNL -> node.py :: step :: NEW TIME
2018-12-10 13:38:28,382 :: DEBUG :: ZEROBNL -> node.py :: get_attribute :: GET ATTRIBUTE COGwflag
2018-12-10 13:38:28,383 :: DEBUG :: ZEROBNL -> node.py :: get_attribute :: GET ATTRIBUTE COGwflag
2018-12-10 13:38:28,383 :: DEBUG :: ZEROBNL -> node.py :: run :: STATE {'COGwflag': 1}
2018-12-10 13:38:28,383 :: DEBUG :: ZEROBNL -> node.py :: run :: STEP DONE
2018-12-10 13:38:28,384 :: DEBUG :: ZEROBNL -> node.py :: run :: UPDATE
2018-12-10 13:38:28,384 :: DEBUG :: ZEROBNL -> node.py :: _update_inputs :: INPUTS {('Base0', 'Tsupply'): 43.95586306831089, ('Base0', 'MDOTsupply'): 0.04, ('Base1', 'TS'): 43.95586306831089, ('Base2', 'CDEM_TR'): 13.95586306831089, ('Base2', 'CDEM_mdotR'): 0.04, ('Base2', 'CDEM_cmf'): 1.0, ('Base3', 'COGwflag'): 1}
2018-12-10 13:38:28,384 :: DEBUG :: ZEROBNL -> node.py :: set_attribute :: SET ATTRIBUTE demandOK to 1.0
2018-12-10 13:38:28,385 :: DEBUG :: ZEROBNL -> node.py :: get_attribute :: GET ATTRIBUTE demandOK
2018-12-10 13:38:28,385 :: DEBUG :: ZEROBNL -> node.py :: run :: UPDATE DONE
2018-12-10 13:38:28,416 :: DEBUG :: ZEROBNL -> node.py :: run :: UPDATE
2018-12-10 13:38:28,416 :: DEBUG :: ZEROBNL -> node.py :: _update_inputs :: INPUTS {('Base0', 'Tsupply'): 43.95591911780098, ('Base0', 'MDOTsupply'): 0.04, ('Base1', 'TS'): 43.95586306831089, ('Base2', 'CDEM_TR'): 13.95586306831089, ('Base2', 'CDEM_mdotR'): 0.04, ('Base2', 'CDEM_cmf'): 1.0, ('Base3', 'COGwflag'): 1}
2018-12-10 13:38:28,416 :: DEBUG :: ZEROBNL -> node.py :: set_attribute :: SET ATTRIBUTE demandOK to 1.0
2018-12-10 13:38:28,416 :: DEBUG :: ZEROBNL -> node.py :: get_attribute :: GET ATTRIBUTE demandOK
2018-12-10 13:38:28,417 :: DEBUG :: ZEROBNL -> node.py :: run :: UPDATE DONE
2018-12-10 13:38:28,434 :: DEBUG :: ZEROBNL -> node.py :: run :: UPDATE
2018-12-10 13:38:28,434 :: DEBUG :: ZEROBNL -> node.py :: _update_inputs :: INPUTS {('Base0', 'Tsupply'): 43.95591911780098, ('Base0', 'MDOTsupply'): 0.04, ('Base1', 'TS'): 43.95591911780098, ('Base2', 'CDEM_TR'): 13.95586306831089, ('Base2', 'CDEM_mdotR'): 0.04, ('Base2', 'CDEM_cmf'): 1.0, ('Base3', 'COGwflag'): 1}
2018-12-10 13:38:28,436 :: DEBUG :: ZEROBNL -> node.py :: set_attribute :: SET ATTRIBUTE demandOK to 1.0
2018-12-10 13:38:28,437 :: DEBUG :: ZEROBNL -> node.py :: get_attribute :: GET ATTRIBUTE demandOK
2018-12-10 13:38:28,439 :: DEBUG :: ZEROBNL -> node.py :: run :: UPDATE DONE
2018-12-10 13:38:28,457 :: DEBUG :: ZEROBNL -> node.py :: run :: UPDATE
2018-12-10 13:38:28,457 :: DEBUG :: ZEROBNL -> node.py :: _update_inputs :: INPUTS {('Base0', 'Tsupply'): 43.95591911780098, ('Base0', 'MDOTsupply'): 0.04, ('Base1', 'TS'): 43.95591911780098, ('Base2', 'CDEM_TR'): 13.955919117800981, ('Base2', 'CDEM_mdotR'): 0.04, ('Base2', 'CDEM_cmf'): 1.0, ('Base3', 'COGwflag'): 1}
2018-12-10 13:38:28,457 :: DEBUG :: ZEROBNL -> node.py :: set_attribute :: SET ATTRIBUTE demandOK to 1.0
2018-12-10 13:38:28,458 :: DEBUG :: ZEROBNL -> node.py :: get_attribute :: GET ATTRIBUTE demandOK
2018-12-10 13:38:28,460 :: DEBUG :: ZEROBNL -> node.py :: run :: UPDATE DONE
2018-12-10 13:38:28,470 :: DEBUG :: ZEROBNL -> node.py :: run :: STEP
2018-12-10 13:38:28,470 :: DEBUG :: ZEROBNL -> node.py :: step :: NEW TIME
2018-12-10 13:38:28,470 :: DEBUG :: ZEROBNL -> node.py :: get_attribute :: GET ATTRIBUTE COGwflag
2018-12-10 13:38:28,471 :: DEBUG :: ZEROBNL -> node.py :: get_attribute :: GET ATTRIBUTE COGwflag
2018-12-10 13:38:28,471 :: DEBUG :: ZEROBNL -> node.py :: run :: STATE {'COGwflag': 1}
2018-12-10 13:38:28,471 :: DEBUG :: ZEROBNL -> node.py :: run :: STEP DONE
2018-12-10 13:38:28,474 :: DEBUG :: ZEROBNL -> node.py :: run :: UPDATE
2018-12-10 13:38:28,475 :: DEBUG :: ZEROBNL -> node.py :: _update_inputs :: INPUTS {('Base0', 'Tsupply'): 43.95591911780098, ('Base0', 'MDOTsupply'): 0.04, ('Base1', 'TS'): 43.95591911780098, ('Base2', 'CDEM_TR'): 13.955919117800981, ('Base2', 'CDEM_mdotR'): 0.04, ('Base2', 'CDEM_cmf'): 1.0, ('Base3', 'COGwflag'): 1}
2018-12-10 13:38:28,475 :: DEBUG :: ZEROBNL -> node.py :: set_attribute :: SET ATTRIBUTE demandOK to 1.0
2018-12-10 13:38:28,475 :: DEBUG :: ZEROBNL -> node.py :: get_attribute :: GET ATTRIBUTE demandOK
2018-12-10 13:38:28,476 :: DEBUG :: ZEROBNL -> node.py :: run :: UPDATE DONE
2018-12-10 13:38:28,503 :: DEBUG :: ZEROBNL -> node.py :: run :: UPDATE
2018-12-10 13:38:28,503 :: DEBUG :: ZEROBNL -> node.py :: _update_inputs :: INPUTS {('Base0', 'Tsupply'): 43.955907637438706, ('Base0', 'MDOTsupply'): 0.04, ('Base1', 'TS'): 43.95591911780098, ('Base2', 'CDEM_TR'): 13.955919117800981, ('Base2', 'CDEM_mdotR'): 0.04, ('Base2', 'CDEM_cmf'): 1.0, ('Base3', 'COGwflag'): 1}
2018-12-10 13:38:28,503 :: DEBUG :: ZEROBNL -> node.py :: set_attribute :: SET ATTRIBUTE demandOK to 1.0
2018-12-10 13:38:28,503 :: DEBUG :: ZEROBNL -> node.py :: get_attribute :: GET ATTRIBUTE demandOK
2018-12-10 13:38:28,505 :: DEBUG :: ZEROBNL -> node.py :: run :: UPDATE DONE
2018-12-10 13:38:28,516 :: DEBUG :: ZEROBNL -> node.py :: run :: UPDATE
2018-12-10 13:38:28,516 :: DEBUG :: ZEROBNL -> node.py :: _update_inputs :: INPUTS {('Base0', 'Tsupply'): 43.955907637438706, ('Base0', 'MDOTsupply'): 0.04, ('Base1', 'TS'): 43.955907637438706, ('Base2', 'CDEM_TR'): 13.955919117800981, ('Base2', 'CDEM_mdotR'): 0.04, ('Base2', 'CDEM_cmf'): 1.0, ('Base3', 'COGwflag'): 1}
2018-12-10 13:38:28,516 :: DEBUG :: ZEROBNL -> node.py :: set_attribute :: SET ATTRIBUTE demandOK to 1.0
2018-12-10 13:38:28,516 :: DEBUG :: ZEROBNL -> node.py :: get_attribute :: GET ATTRIBUTE demandOK
2018-12-10 13:38:28,518 :: DEBUG :: ZEROBNL -> node.py :: run :: UPDATE DONE
2018-12-10 13:38:28,531 :: DEBUG :: ZEROBNL -> node.py :: run :: UPDATE
2018-12-10 13:38:28,532 :: DEBUG :: ZEROBNL -> node.py :: _update_inputs :: INPUTS {('Base0', 'Tsupply'): 43.955907637438706, ('Base0', 'MDOTsupply'): 0.04, ('Base1', 'TS'): 43.955907637438706, ('Base2', 'CDEM_TR'): 13.955907637438706, ('Base2', 'CDEM_mdotR'): 0.04, ('Base2', 'CDEM_cmf'): 1.0, ('Base3', 'COGwflag'): 1}
2018-12-10 13:38:28,532 :: DEBUG :: ZEROBNL -> node.py :: set_attribute :: SET ATTRIBUTE demandOK to 1.0
2018-12-10 13:38:28,533 :: DEBUG :: ZEROBNL -> node.py :: get_attribute :: GET ATTRIBUTE demandOK
2018-12-10 13:38:28,534 :: DEBUG :: ZEROBNL -> node.py :: run :: UPDATE DONE
2018-12-10 13:38:28,541 :: DEBUG :: ZEROBNL -> node.py :: run :: STEP
2018-12-10 13:38:28,541 :: DEBUG :: ZEROBNL -> node.py :: step :: NEW TIME
2018-12-10 13:38:28,541 :: DEBUG :: ZEROBNL -> node.py :: get_attribute :: GET ATTRIBUTE COGwflag
2018-12-10 13:38:28,541 :: DEBUG :: ZEROBNL -> node.py :: get_attribute :: GET ATTRIBUTE COGwflag
2018-12-10 13:38:28,541 :: DEBUG :: ZEROBNL -> node.py :: run :: STATE {'COGwflag': 1}
2018-12-10 13:38:28,542 :: DEBUG :: ZEROBNL -> node.py :: run :: STEP DONE
2018-12-10 13:38:28,543 :: DEBUG :: ZEROBNL -> node.py :: run :: UPDATE
2018-12-10 13:38:28,543 :: DEBUG :: ZEROBNL -> node.py :: _update_inputs :: INPUTS {('Base0', 'Tsupply'): 43.955907637438706, ('Base0', 'MDOTsupply'): 0.04, ('Base1', 'TS'): 43.955907637438706, ('Base2', 'CDEM_TR'): 13.955907637438706, ('Base2', 'CDEM_mdotR'): 0.04, ('Base2', 'CDEM_cmf'): 1.0, ('Base3', 'COGwflag'): 1}
2018-12-10 13:38:28,543 :: DEBUG :: ZEROBNL -> node.py :: set_attribute :: SET ATTRIBUTE demandOK to 1.0
2018-12-10 13:38:28,543 :: DEBUG :: ZEROBNL -> node.py :: get_attribute :: GET ATTRIBUTE demandOK
2018-12-10 13:38:28,544 :: DEBUG :: ZEROBNL -> node.py :: run :: UPDATE DONE
2018-12-10 13:38:28,571 :: DEBUG :: ZEROBNL -> node.py :: run :: UPDATE
2018-12-10 13:38:28,571 :: DEBUG :: ZEROBNL -> node.py :: _update_inputs :: INPUTS {('Base0', 'Tsupply'): 43.955909907817784, ('Base0', 'MDOTsupply'): 0.04, ('Base1', 'TS'): 43.955907637438706, ('Base2', 'CDEM_TR'): 13.955907637438706, ('Base2', 'CDEM_mdotR'): 0.04, ('Base2', 'CDEM_cmf'): 1.0, ('Base3', 'COGwflag'): 1}
2018-12-10 13:38:28,571 :: DEBUG :: ZEROBNL -> node.py :: set_attribute :: SET ATTRIBUTE demandOK to 1.0
2018-12-10 13:38:28,571 :: DEBUG :: ZEROBNL -> node.py :: get_attribute :: GET ATTRIBUTE demandOK
2018-12-10 13:38:28,573 :: DEBUG :: ZEROBNL -> node.py :: run :: UPDATE DONE
2018-12-10 13:38:28,585 :: DEBUG :: ZEROBNL -> node.py :: run :: UPDATE
2018-12-10 13:38:28,585 :: DEBUG :: ZEROBNL -> node.py :: _update_inputs :: INPUTS {('Base0', 'Tsupply'): 43.955909907817784, ('Base0', 'MDOTsupply'): 0.04, ('Base1', 'TS'): 43.955909907817784, ('Base2', 'CDEM_TR'): 13.955907637438706, ('Base2', 'CDEM_mdotR'): 0.04, ('Base2', 'CDEM_cmf'): 1.0, ('Base3', 'COGwflag'): 1}
2018-12-10 13:38:28,585 :: DEBUG :: ZEROBNL -> node.py :: set_attribute :: SET ATTRIBUTE demandOK to 1.0
2018-12-10 13:38:28,585 :: DEBUG :: ZEROBNL -> node.py :: get_attribute :: GET ATTRIBUTE demandOK
2018-12-10 13:38:28,586 :: DEBUG :: ZEROBNL -> node.py :: run :: UPDATE DONE
2018-12-10 13:38:28,596 :: DEBUG :: ZEROBNL -> node.py :: run :: UPDATE
2018-12-10 13:38:28,596 :: DEBUG :: ZEROBNL -> node.py :: _update_inputs :: INPUTS {('Base0', 'Tsupply'): 43.955909907817784, ('Base0', 'MDOTsupply'): 0.04, ('Base1', 'TS'): 43.955909907817784, ('Base2', 'CDEM_TR'): 13.955909907817784, ('Base2', 'CDEM_mdotR'): 0.04, ('Base2', 'CDEM_cmf'): 1.0, ('Base3', 'COGwflag'): 1}
2018-12-10 13:38:28,596 :: DEBUG :: ZEROBNL -> node.py :: set_attribute :: SET ATTRIBUTE demandOK to 1.0
2018-12-10 13:38:28,596 :: DEBUG :: ZEROBNL -> node.py :: get_attribute :: GET ATTRIBUTE demandOK
2018-12-10 13:38:28,596 :: DEBUG :: ZEROBNL -> node.py :: run :: UPDATE DONE
2018-12-10 13:38:28,605 :: DEBUG :: ZEROBNL -> node.py :: run :: STEP
2018-12-10 13:38:28,606 :: DEBUG :: ZEROBNL -> node.py :: step :: NEW TIME
2018-12-10 13:38:28,606 :: DEBUG :: ZEROBNL -> node.py :: get_attribute :: GET ATTRIBUTE COGwflag
2018-12-10 13:38:28,606 :: DEBUG :: ZEROBNL -> node.py :: get_attribute :: GET ATTRIBUTE COGwflag
2018-12-10 13:38:28,607 :: DEBUG :: ZEROBNL -> node.py :: run :: STATE {'COGwflag': 1}
2018-12-10 13:38:28,607 :: DEBUG :: ZEROBNL -> node.py :: run :: STEP DONE
2018-12-10 13:38:28,608 :: DEBUG :: ZEROBNL -> node.py :: run :: UPDATE
2018-12-10 13:38:28,608 :: DEBUG :: ZEROBNL -> node.py :: _update_inputs :: INPUTS {('Base0', 'Tsupply'): 43.955909907817784, ('Base0', 'MDOTsupply'): 0.04, ('Base1', 'TS'): 43.955909907817784, ('Base2', 'CDEM_TR'): 13.955909907817784, ('Base2', 'CDEM_mdotR'): 0.04, ('Base2', 'CDEM_cmf'): 1.0, ('Base3', 'COGwflag'): 1}
2018-12-10 13:38:28,609 :: DEBUG :: ZEROBNL -> node.py :: set_attribute :: SET ATTRIBUTE demandOK to 1.0
2018-12-10 13:38:28,609 :: DEBUG :: ZEROBNL -> node.py :: get_attribute :: GET ATTRIBUTE demandOK
2018-12-10 13:38:28,610 :: DEBUG :: ZEROBNL -> node.py :: run :: UPDATE DONE
2018-12-10 13:38:28,637 :: DEBUG :: ZEROBNL -> node.py :: run :: UPDATE
2018-12-10 13:38:28,638 :: DEBUG :: ZEROBNL -> node.py :: _update_inputs :: INPUTS {('Base0', 'Tsupply'): 43.95590946963424, ('Base0', 'MDOTsupply'): 0.04, ('Base1', 'TS'): 43.955909907817784, ('Base2', 'CDEM_TR'): 13.955909907817784, ('Base2', 'CDEM_mdotR'): 0.04, ('Base2', 'CDEM_cmf'): 1.0, ('Base3', 'COGwflag'): 1}
2018-12-10 13:38:28,638 :: DEBUG :: ZEROBNL -> node.py :: set_attribute :: SET ATTRIBUTE demandOK to 1.0
2018-12-10 13:38:28,638 :: DEBUG :: ZEROBNL -> node.py :: get_attribute :: GET ATTRIBUTE demandOK
2018-12-10 13:38:28,638 :: DEBUG :: ZEROBNL -> node.py :: run :: UPDATE DONE
2018-12-10 13:38:28,651 :: DEBUG :: ZEROBNL -> node.py :: run :: UPDATE
2018-12-10 13:38:28,652 :: DEBUG :: ZEROBNL -> node.py :: _update_inputs :: INPUTS {('Base0', 'Tsupply'): 43.95590946963424, ('Base0', 'MDOTsupply'): 0.04, ('Base1', 'TS'): 43.95590946963424, ('Base2', 'CDEM_TR'): 13.955909907817784, ('Base2', 'CDEM_mdotR'): 0.04, ('Base2', 'CDEM_cmf'): 1.0, ('Base3', 'COGwflag'): 1}
2018-12-10 13:38:28,652 :: DEBUG :: ZEROBNL -> node.py :: set_attribute :: SET ATTRIBUTE demandOK to 1.0
2018-12-10 13:38:28,653 :: DEBUG :: ZEROBNL -> node.py :: get_attribute :: GET ATTRIBUTE demandOK
2018-12-10 13:38:28,654 :: DEBUG :: ZEROBNL -> node.py :: run :: UPDATE DONE
2018-12-10 13:38:28,664 :: DEBUG :: ZEROBNL -> node.py :: run :: UPDATE
2018-12-10 13:38:28,664 :: DEBUG :: ZEROBNL -> node.py :: _update_inputs :: INPUTS {('Base0', 'Tsupply'): 43.95590946963424, ('Base0', 'MDOTsupply'): 0.04, ('Base1', 'TS'): 43.95590946963424, ('Base2', 'CDEM_TR'): 13.955909469634243, ('Base2', 'CDEM_mdotR'): 0.04, ('Base2', 'CDEM_cmf'): 1.0, ('Base3', 'COGwflag'): 1}
2018-12-10 13:38:28,665 :: DEBUG :: ZEROBNL -> node.py :: set_attribute :: SET ATTRIBUTE demandOK to 1.0
2018-12-10 13:38:28,665 :: DEBUG :: ZEROBNL -> node.py :: get_attribute :: GET ATTRIBUTE demandOK
2018-12-10 13:38:28,669 :: DEBUG :: ZEROBNL -> node.py :: run :: UPDATE DONE
2018-12-10 13:38:28,675 :: DEBUG :: ZEROBNL -> node.py :: run :: STEP
2018-12-10 13:38:28,675 :: DEBUG :: ZEROBNL -> node.py :: step :: NEW TIME
2018-12-10 13:38:28,675 :: DEBUG :: ZEROBNL -> node.py :: get_attribute :: GET ATTRIBUTE COGwflag
2018-12-10 13:38:28,676 :: DEBUG :: ZEROBNL -> node.py :: get_attribute :: GET ATTRIBUTE COGwflag
2018-12-10 13:38:28,676 :: DEBUG :: ZEROBNL -> node.py :: run :: STATE {'COGwflag': 1}
2018-12-10 13:38:28,676 :: DEBUG :: ZEROBNL -> node.py :: run :: STEP DONE
2018-12-10 13:38:28,677 :: DEBUG :: ZEROBNL -> node.py :: run :: UPDATE
2018-12-10 13:38:28,678 :: DEBUG :: ZEROBNL -> node.py :: _update_inputs :: INPUTS {('Base0', 'Tsupply'): 43.95590946963424, ('Base0', 'MDOTsupply'): 0.04, ('Base1', 'TS'): 43.95590946963424, ('Base2', 'CDEM_TR'): 13.955909469634243, ('Base2', 'CDEM_mdotR'): 0.04, ('Base2', 'CDEM_cmf'): 1.0, ('Base3', 'COGwflag'): 1}
2018-12-10 13:38:28,678 :: DEBUG :: ZEROBNL -> node.py :: set_attribute :: SET ATTRIBUTE demandOK to 1.0
2018-12-10 13:38:28,678 :: DEBUG :: ZEROBNL -> node.py :: get_attribute :: GET ATTRIBUTE demandOK
2018-12-10 13:38:28,680 :: DEBUG :: ZEROBNL -> node.py :: run :: UPDATE DONE
2018-12-10 13:38:28,703 :: DEBUG :: ZEROBNL -> node.py :: run :: UPDATE
2018-12-10 13:38:28,703 :: DEBUG :: ZEROBNL -> node.py :: _update_inputs :: INPUTS {('Base0', 'Tsupply'): 43.955909552694294, ('Base0', 'MDOTsupply'): 0.04, ('Base1', 'TS'): 43.95590946963424, ('Base2', 'CDEM_TR'): 13.955909469634243, ('Base2', 'CDEM_mdotR'): 0.04, ('Base2', 'CDEM_cmf'): 1.0, ('Base3', 'COGwflag'): 1}
2018-12-10 13:38:28,703 :: DEBUG :: ZEROBNL -> node.py :: set_attribute :: SET ATTRIBUTE demandOK to 1.0
2018-12-10 13:38:28,703 :: DEBUG :: ZEROBNL -> node.py :: get_attribute :: GET ATTRIBUTE demandOK
2018-12-10 13:38:28,704 :: DEBUG :: ZEROBNL -> node.py :: run :: UPDATE DONE
2018-12-10 13:38:28,717 :: DEBUG :: ZEROBNL -> node.py :: run :: UPDATE
2018-12-10 13:38:28,719 :: DEBUG :: ZEROBNL -> node.py :: _update_inputs :: INPUTS {('Base0', 'Tsupply'): 43.955909552694294, ('Base0', 'MDOTsupply'): 0.04, ('Base1', 'TS'): 43.955909552694294, ('Base2', 'CDEM_TR'): 13.955909469634243, ('Base2', 'CDEM_mdotR'): 0.04, ('Base2', 'CDEM_cmf'): 1.0, ('Base3', 'COGwflag'): 1}
2018-12-10 13:38:28,719 :: DEBUG :: ZEROBNL -> node.py :: set_attribute :: SET ATTRIBUTE demandOK to 1.0
2018-12-10 13:38:28,719 :: DEBUG :: ZEROBNL -> node.py :: get_attribute :: GET ATTRIBUTE demandOK
2018-12-10 13:38:28,721 :: DEBUG :: ZEROBNL -> node.py :: run :: UPDATE DONE
2018-12-10 13:38:28,728 :: DEBUG :: ZEROBNL -> node.py :: run :: UPDATE
2018-12-10 13:38:28,729 :: DEBUG :: ZEROBNL -> node.py :: _update_inputs :: INPUTS {('Base0', 'Tsupply'): 43.955909552694294, ('Base0', 'MDOTsupply'): 0.04, ('Base1', 'TS'): 43.955909552694294, ('Base2', 'CDEM_TR'): 13.955909552694294, ('Base2', 'CDEM_mdotR'): 0.04, ('Base2', 'CDEM_cmf'): 1.0, ('Base3', 'COGwflag'): 1}
2018-12-10 13:38:28,729 :: DEBUG :: ZEROBNL -> node.py :: set_attribute :: SET ATTRIBUTE demandOK to 1.0
2018-12-10 13:38:28,729 :: DEBUG :: ZEROBNL -> node.py :: get_attribute :: GET ATTRIBUTE demandOK
2018-12-10 13:38:28,730 :: DEBUG :: ZEROBNL -> node.py :: run :: UPDATE DONE
2018-12-10 13:38:28,738 :: DEBUG :: ZEROBNL -> node.py :: run :: STEP
2018-12-10 13:38:28,739 :: DEBUG :: ZEROBNL -> node.py :: step :: NEW TIME
2018-12-10 13:38:28,739 :: DEBUG :: ZEROBNL -> node.py :: get_attribute :: GET ATTRIBUTE COGwflag
2018-12-10 13:38:28,739 :: DEBUG :: ZEROBNL -> node.py :: get_attribute :: GET ATTRIBUTE COGwflag
2018-12-10 13:38:28,739 :: DEBUG :: ZEROBNL -> node.py :: run :: STATE {'COGwflag': 1}
2018-12-10 13:38:28,739 :: DEBUG :: ZEROBNL -> node.py :: run :: STEP DONE
2018-12-10 13:38:28,740 :: DEBUG :: ZEROBNL -> node.py :: run :: UPDATE
2018-12-10 13:38:28,741 :: DEBUG :: ZEROBNL -> node.py :: _update_inputs :: INPUTS {('Base0', 'Tsupply'): 43.955909552694294, ('Base0', 'MDOTsupply'): 0.04, ('Base1', 'TS'): 43.955909552694294, ('Base2', 'CDEM_TR'): 13.955909552694294, ('Base2', 'CDEM_mdotR'): 0.04, ('Base2', 'CDEM_cmf'): 1.0, ('Base3', 'COGwflag'): 1}
2018-12-10 13:38:28,741 :: DEBUG :: ZEROBNL -> node.py :: set_attribute :: SET ATTRIBUTE demandOK to 1.0
2018-12-10 13:38:28,741 :: DEBUG :: ZEROBNL -> node.py :: get_attribute :: GET ATTRIBUTE demandOK
2018-12-10 13:38:28,742 :: DEBUG :: ZEROBNL -> node.py :: run :: UPDATE DONE
2018-12-10 13:38:28,770 :: DEBUG :: ZEROBNL -> node.py :: run :: UPDATE
2018-12-10 13:38:28,770 :: DEBUG :: ZEROBNL -> node.py :: _update_inputs :: INPUTS {('Base0', 'Tsupply'): 43.955909537166015, ('Base0', 'MDOTsupply'): 0.04, ('Base1', 'TS'): 43.955909552694294, ('Base2', 'CDEM_TR'): 13.955909552694294, ('Base2', 'CDEM_mdotR'): 0.04, ('Base2', 'CDEM_cmf'): 1.0, ('Base3', 'COGwflag'): 1}
2018-12-10 13:38:28,770 :: DEBUG :: ZEROBNL -> node.py :: set_attribute :: SET ATTRIBUTE demandOK to 1.0
2018-12-10 13:38:28,771 :: DEBUG :: ZEROBNL -> node.py :: get_attribute :: GET ATTRIBUTE demandOK
2018-12-10 13:38:28,772 :: DEBUG :: ZEROBNL -> node.py :: run :: UPDATE DONE
2018-12-10 13:38:28,785 :: DEBUG :: ZEROBNL -> node.py :: run :: UPDATE
2018-12-10 13:38:28,787 :: DEBUG :: ZEROBNL -> node.py :: _update_inputs :: INPUTS {('Base0', 'Tsupply'): 43.955909537166015, ('Base0', 'MDOTsupply'): 0.04, ('Base1', 'TS'): 43.955909537166015, ('Base2', 'CDEM_TR'): 13.955909552694294, ('Base2', 'CDEM_mdotR'): 0.04, ('Base2', 'CDEM_cmf'): 1.0, ('Base3', 'COGwflag'): 1}
2018-12-10 13:38:28,788 :: DEBUG :: ZEROBNL -> node.py :: set_attribute :: SET ATTRIBUTE demandOK to 1.0
2018-12-10 13:38:28,788 :: DEBUG :: ZEROBNL -> node.py :: get_attribute :: GET ATTRIBUTE demandOK
2018-12-10 13:38:28,789 :: DEBUG :: ZEROBNL -> node.py :: run :: UPDATE DONE
2018-12-10 13:38:28,796 :: DEBUG :: ZEROBNL -> node.py :: run :: UPDATE
2018-12-10 13:38:28,796 :: DEBUG :: ZEROBNL -> node.py :: _update_inputs :: INPUTS {('Base0', 'Tsupply'): 43.955909537166015, ('Base0', 'MDOTsupply'): 0.04, ('Base1', 'TS'): 43.955909537166015, ('Base2', 'CDEM_TR'): 13.955909537166015, ('Base2', 'CDEM_mdotR'): 0.04, ('Base2', 'CDEM_cmf'): 1.0, ('Base3', 'COGwflag'): 1}
2018-12-10 13:38:28,796 :: DEBUG :: ZEROBNL -> node.py :: set_attribute :: SET ATTRIBUTE demandOK to 1.0
2018-12-10 13:38:28,796 :: DEBUG :: ZEROBNL -> node.py :: get_attribute :: GET ATTRIBUTE demandOK
2018-12-10 13:38:28,798 :: DEBUG :: ZEROBNL -> node.py :: run :: UPDATE DONE
2018-12-10 13:38:28,805 :: DEBUG :: ZEROBNL -> node.py :: run :: STEP
2018-12-10 13:38:28,805 :: DEBUG :: ZEROBNL -> node.py :: step :: NEW TIME
2018-12-10 13:38:28,806 :: DEBUG :: ZEROBNL -> node.py :: get_attribute :: GET ATTRIBUTE COGwflag
2018-12-10 13:38:28,806 :: DEBUG :: ZEROBNL -> node.py :: get_attribute :: GET ATTRIBUTE COGwflag
2018-12-10 13:38:28,806 :: DEBUG :: ZEROBNL -> node.py :: run :: STATE {'COGwflag': 1}
2018-12-10 13:38:28,806 :: DEBUG :: ZEROBNL -> node.py :: run :: STEP DONE
2018-12-10 13:38:28,807 :: DEBUG :: ZEROBNL -> node.py :: run :: UPDATE
2018-12-10 13:38:28,808 :: DEBUG :: ZEROBNL -> node.py :: _update_inputs :: INPUTS {('Base0', 'Tsupply'): 43.955909537166015, ('Base0', 'MDOTsupply'): 0.04, ('Base1', 'TS'): 43.955909537166015, ('Base2', 'CDEM_TR'): 13.955909537166015, ('Base2', 'CDEM_mdotR'): 0.04, ('Base2', 'CDEM_cmf'): 1.0, ('Base3', 'COGwflag'): 1}
2018-12-10 13:38:28,808 :: DEBUG :: ZEROBNL -> node.py :: set_attribute :: SET ATTRIBUTE demandOK to 1.0
2018-12-10 13:38:28,808 :: DEBUG :: ZEROBNL -> node.py :: get_attribute :: GET ATTRIBUTE demandOK
2018-12-10 13:38:28,809 :: DEBUG :: ZEROBNL -> node.py :: run :: UPDATE DONE
2018-12-10 13:38:28,834 :: DEBUG :: ZEROBNL -> node.py :: run :: UPDATE
2018-12-10 13:38:28,834 :: DEBUG :: ZEROBNL -> node.py :: _update_inputs :: INPUTS {('Base0', 'Tsupply'): 43.955909540065484, ('Base0', 'MDOTsupply'): 0.04, ('Base1', 'TS'): 43.955909537166015, ('Base2', 'CDEM_TR'): 13.955909537166015, ('Base2', 'CDEM_mdotR'): 0.04, ('Base2', 'CDEM_cmf'): 1.0, ('Base3', 'COGwflag'): 1}
2018-12-10 13:38:28,834 :: DEBUG :: ZEROBNL -> node.py :: set_attribute :: SET ATTRIBUTE demandOK to 1.0
2018-12-10 13:38:28,834 :: DEBUG :: ZEROBNL -> node.py :: get_attribute :: GET ATTRIBUTE demandOK
2018-12-10 13:38:28,836 :: DEBUG :: ZEROBNL -> node.py :: run :: UPDATE DONE
2018-12-10 13:38:28,845 :: DEBUG :: ZEROBNL -> node.py :: run :: UPDATE
2018-12-10 13:38:28,845 :: DEBUG :: ZEROBNL -> node.py :: _update_inputs :: INPUTS {('Base0', 'Tsupply'): 43.955909540065484, ('Base0', 'MDOTsupply'): 0.04, ('Base1', 'TS'): 43.955909540065484, ('Base2', 'CDEM_TR'): 13.955909537166015, ('Base2', 'CDEM_mdotR'): 0.04, ('Base2', 'CDEM_cmf'): 1.0, ('Base3', 'COGwflag'): 1}
2018-12-10 13:38:28,845 :: DEBUG :: ZEROBNL -> node.py :: set_attribute :: SET ATTRIBUTE demandOK to 1.0
2018-12-10 13:38:28,846 :: DEBUG :: ZEROBNL -> node.py :: get_attribute :: GET ATTRIBUTE demandOK
2018-12-10 13:38:28,847 :: DEBUG :: ZEROBNL -> node.py :: run :: UPDATE DONE
2018-12-10 13:38:28,859 :: DEBUG :: ZEROBNL -> node.py :: run :: UPDATE
2018-12-10 13:38:28,859 :: DEBUG :: ZEROBNL -> node.py :: _update_inputs :: INPUTS {('Base0', 'Tsupply'): 43.955909540065484, ('Base0', 'MDOTsupply'): 0.04, ('Base1', 'TS'): 43.955909540065484, ('Base2', 'CDEM_TR'): 13.955909540065484, ('Base2', 'CDEM_mdotR'): 0.04, ('Base2', 'CDEM_cmf'): 1.0, ('Base3', 'COGwflag'): 1}
2018-12-10 13:38:28,859 :: DEBUG :: ZEROBNL -> node.py :: set_attribute :: SET ATTRIBUTE demandOK to 1.0
2018-12-10 13:38:28,859 :: DEBUG :: ZEROBNL -> node.py :: get_attribute :: GET ATTRIBUTE demandOK
2018-12-10 13:38:28,860 :: DEBUG :: ZEROBNL -> node.py :: run :: UPDATE DONE
2018-12-10 13:38:28,868 :: DEBUG :: ZEROBNL -> node.py :: run :: STEP
2018-12-10 13:38:28,868 :: DEBUG :: ZEROBNL -> node.py :: step :: NEW TIME
2018-12-10 13:38:28,868 :: DEBUG :: ZEROBNL -> node.py :: get_attribute :: GET ATTRIBUTE COGwflag
2018-12-10 13:38:28,869 :: DEBUG :: ZEROBNL -> node.py :: get_attribute :: GET ATTRIBUTE COGwflag
2018-12-10 13:38:28,869 :: DEBUG :: ZEROBNL -> node.py :: run :: STATE {'COGwflag': 1}
2018-12-10 13:38:28,869 :: DEBUG :: ZEROBNL -> node.py :: run :: STEP DONE
2018-12-10 13:38:28,870 :: DEBUG :: ZEROBNL -> node.py :: run :: UPDATE
2018-12-10 13:38:28,870 :: DEBUG :: ZEROBNL -> node.py :: _update_inputs :: INPUTS {('Base0', 'Tsupply'): 43.955909540065484, ('Base0', 'MDOTsupply'): 0.04, ('Base1', 'TS'): 43.955909540065484, ('Base2', 'CDEM_TR'): 13.955909540065484, ('Base2', 'CDEM_mdotR'): 0.04, ('Base2', 'CDEM_cmf'): 1.0, ('Base3', 'COGwflag'): 1}
2018-12-10 13:38:28,871 :: DEBUG :: ZEROBNL -> node.py :: set_attribute :: SET ATTRIBUTE demandOK to 1.0
2018-12-10 13:38:28,871 :: DEBUG :: ZEROBNL -> node.py :: get_attribute :: GET ATTRIBUTE demandOK
2018-12-10 13:38:28,872 :: DEBUG :: ZEROBNL -> node.py :: run :: UPDATE DONE
2018-12-10 13:38:28,898 :: DEBUG :: ZEROBNL -> node.py :: run :: UPDATE
2018-12-10 13:38:28,899 :: DEBUG :: ZEROBNL -> node.py :: _update_inputs :: INPUTS {('Base0', 'Tsupply'): 43.95590953952677, ('Base0', 'MDOTsupply'): 0.04, ('Base1', 'TS'): 43.955909540065484, ('Base2', 'CDEM_TR'): 13.955909540065484, ('Base2', 'CDEM_mdotR'): 0.04, ('Base2', 'CDEM_cmf'): 1.0, ('Base3', 'COGwflag'): 1}
2018-12-10 13:38:28,899 :: DEBUG :: ZEROBNL -> node.py :: set_attribute :: SET ATTRIBUTE demandOK to 1.0
2018-12-10 13:38:28,899 :: DEBUG :: ZEROBNL -> node.py :: get_attribute :: GET ATTRIBUTE demandOK
2018-12-10 13:38:28,901 :: DEBUG :: ZEROBNL -> node.py :: run :: UPDATE DONE
2018-12-10 13:38:28,912 :: DEBUG :: ZEROBNL -> node.py :: run :: UPDATE
2018-12-10 13:38:28,913 :: DEBUG :: ZEROBNL -> node.py :: _update_inputs :: INPUTS {('Base0', 'Tsupply'): 43.95590953952677, ('Base0', 'MDOTsupply'): 0.04, ('Base1', 'TS'): 43.95590953952677, ('Base2', 'CDEM_TR'): 13.955909540065484, ('Base2', 'CDEM_mdotR'): 0.04, ('Base2', 'CDEM_cmf'): 1.0, ('Base3', 'COGwflag'): 1}
2018-12-10 13:38:28,913 :: DEBUG :: ZEROBNL -> node.py :: set_attribute :: SET ATTRIBUTE demandOK to 1.0
2018-12-10 13:38:28,913 :: DEBUG :: ZEROBNL -> node.py :: get_attribute :: GET ATTRIBUTE demandOK
2018-12-10 13:38:28,917 :: DEBUG :: ZEROBNL -> node.py :: run :: UPDATE DONE
2018-12-10 13:38:28,925 :: DEBUG :: ZEROBNL -> node.py :: run :: UPDATE
2018-12-10 13:38:28,925 :: DEBUG :: ZEROBNL -> node.py :: _update_inputs :: INPUTS {('Base0', 'Tsupply'): 43.95590953952677, ('Base0', 'MDOTsupply'): 0.04, ('Base1', 'TS'): 43.95590953952677, ('Base2', 'CDEM_TR'): 13.955909539526772, ('Base2', 'CDEM_mdotR'): 0.04, ('Base2', 'CDEM_cmf'): 1.0, ('Base3', 'COGwflag'): 1}
2018-12-10 13:38:28,925 :: DEBUG :: ZEROBNL -> node.py :: set_attribute :: SET ATTRIBUTE demandOK to 1.0
2018-12-10 13:38:28,925 :: DEBUG :: ZEROBNL -> node.py :: get_attribute :: GET ATTRIBUTE demandOK
2018-12-10 13:38:28,926 :: DEBUG :: ZEROBNL -> node.py :: run :: UPDATE DONE
2018-12-10 13:38:28,933 :: DEBUG :: ZEROBNL -> node.py :: run :: STEP
2018-12-10 13:38:28,934 :: DEBUG :: ZEROBNL -> node.py :: step :: NEW TIME
2018-12-10 13:38:28,934 :: DEBUG :: ZEROBNL -> node.py :: get_attribute :: GET ATTRIBUTE COGwflag
2018-12-10 13:38:28,935 :: DEBUG :: ZEROBNL -> node.py :: get_attribute :: GET ATTRIBUTE COGwflag
2018-12-10 13:38:28,935 :: DEBUG :: ZEROBNL -> node.py :: run :: STATE {'COGwflag': 1}
2018-12-10 13:38:28,935 :: DEBUG :: ZEROBNL -> node.py :: run :: STEP DONE
2018-12-10 13:38:28,936 :: DEBUG :: ZEROBNL -> node.py :: run :: UPDATE
2018-12-10 13:38:28,937 :: DEBUG :: ZEROBNL -> node.py :: _update_inputs :: INPUTS {('Base0', 'Tsupply'): 43.95590953952677, ('Base0', 'MDOTsupply'): 0.04, ('Base1', 'TS'): 43.95590953952677, ('Base2', 'CDEM_TR'): 13.955909539526772, ('Base2', 'CDEM_mdotR'): 0.04, ('Base2', 'CDEM_cmf'): 1.0, ('Base3', 'COGwflag'): 1}
2018-12-10 13:38:28,937 :: DEBUG :: ZEROBNL -> node.py :: set_attribute :: SET ATTRIBUTE demandOK to 1.0
2018-12-10 13:38:28,937 :: DEBUG :: ZEROBNL -> node.py :: get_attribute :: GET ATTRIBUTE demandOK
2018-12-10 13:38:28,938 :: DEBUG :: ZEROBNL -> node.py :: run :: UPDATE DONE
2018-12-10 13:38:28,971 :: DEBUG :: ZEROBNL -> node.py :: run :: UPDATE
2018-12-10 13:38:28,971 :: DEBUG :: ZEROBNL -> node.py :: _update_inputs :: INPUTS {('Base0', 'Tsupply'): 43.955909539593975, ('Base0', 'MDOTsupply'): 0.04, ('Base1', 'TS'): 43.95590953952677, ('Base2', 'CDEM_TR'): 13.955909539526772, ('Base2', 'CDEM_mdotR'): 0.04, ('Base2', 'CDEM_cmf'): 1.0, ('Base3', 'COGwflag'): 1}
2018-12-10 13:38:28,972 :: DEBUG :: ZEROBNL -> node.py :: set_attribute :: SET ATTRIBUTE demandOK to 1.0
2018-12-10 13:38:28,972 :: DEBUG :: ZEROBNL -> node.py :: get_attribute :: GET ATTRIBUTE demandOK
2018-12-10 13:38:28,973 :: DEBUG :: ZEROBNL -> node.py :: run :: UPDATE DONE
2018-12-10 13:38:28,985 :: DEBUG :: ZEROBNL -> node.py :: run :: UPDATE
2018-12-10 13:38:28,986 :: DEBUG :: ZEROBNL -> node.py :: _update_inputs :: INPUTS {('Base0', 'Tsupply'): 43.955909539593975, ('Base0', 'MDOTsupply'): 0.04, ('Base1', 'TS'): 43.955909539593975, ('Base2', 'CDEM_TR'): 13.955909539526772, ('Base2', 'CDEM_mdotR'): 0.04, ('Base2', 'CDEM_cmf'): 1.0, ('Base3', 'COGwflag'): 1}
2018-12-10 13:38:28,986 :: DEBUG :: ZEROBNL -> node.py :: set_attribute :: SET ATTRIBUTE demandOK to 1.0
2018-12-10 13:38:28,987 :: DEBUG :: ZEROBNL -> node.py :: get_attribute :: GET ATTRIBUTE demandOK
2018-12-10 13:38:28,988 :: DEBUG :: ZEROBNL -> node.py :: run :: UPDATE DONE
2018-12-10 13:38:28,996 :: DEBUG :: ZEROBNL -> node.py :: run :: UPDATE
2018-12-10 13:38:28,996 :: DEBUG :: ZEROBNL -> node.py :: _update_inputs :: INPUTS {('Base0', 'Tsupply'): 43.955909539593975, ('Base0', 'MDOTsupply'): 0.04, ('Base1', 'TS'): 43.955909539593975, ('Base2', 'CDEM_TR'): 13.955909539593975, ('Base2', 'CDEM_mdotR'): 0.04, ('Base2', 'CDEM_cmf'): 1.0, ('Base3', 'COGwflag'): 1}
2018-12-10 13:38:28,996 :: DEBUG :: ZEROBNL -> node.py :: set_attribute :: SET ATTRIBUTE demandOK to 1.0
2018-12-10 13:38:28,997 :: DEBUG :: ZEROBNL -> node.py :: get_attribute :: GET ATTRIBUTE demandOK
2018-12-10 13:38:28,998 :: DEBUG :: ZEROBNL -> node.py :: run :: UPDATE DONE
2018-12-10 13:38:29,005 :: DEBUG :: ZEROBNL -> node.py :: run :: STEP
2018-12-10 13:38:29,006 :: DEBUG :: ZEROBNL -> node.py :: step :: NEW TIME
2018-12-10 13:38:29,006 :: DEBUG :: ZEROBNL -> node.py :: get_attribute :: GET ATTRIBUTE COGwflag
2018-12-10 13:38:29,006 :: DEBUG :: ZEROBNL -> node.py :: get_attribute :: GET ATTRIBUTE COGwflag
2018-12-10 13:38:29,007 :: DEBUG :: ZEROBNL -> node.py :: run :: STATE {'COGwflag': 1}
2018-12-10 13:38:29,007 :: DEBUG :: ZEROBNL -> node.py :: run :: STEP DONE
2018-12-10 13:38:29,007 :: DEBUG :: ZEROBNL -> node.py :: run :: UPDATE
2018-12-10 13:38:29,008 :: DEBUG :: ZEROBNL -> node.py :: _update_inputs :: INPUTS {('Base0', 'Tsupply'): 43.955909539593975, ('Base0', 'MDOTsupply'): 0.04, ('Base1', 'TS'): 43.955909539593975, ('Base2', 'CDEM_TR'): 13.955909539593975, ('Base2', 'CDEM_mdotR'): 0.04, ('Base2', 'CDEM_cmf'): 1.0, ('Base3', 'COGwflag'): 1}
2018-12-10 13:38:29,008 :: DEBUG :: ZEROBNL -> node.py :: set_attribute :: SET ATTRIBUTE demandOK to 1.0
2018-12-10 13:38:29,008 :: DEBUG :: ZEROBNL -> node.py :: get_attribute :: GET ATTRIBUTE demandOK
2018-12-10 13:38:29,009 :: DEBUG :: ZEROBNL -> node.py :: run :: UPDATE DONE
2018-12-10 13:38:29,042 :: DEBUG :: ZEROBNL -> node.py :: run :: UPDATE
2018-12-10 13:38:29,043 :: DEBUG :: ZEROBNL -> node.py :: _update_inputs :: INPUTS {('Base0', 'Tsupply'): 43.95590953958388, ('Base0', 'MDOTsupply'): 0.04, ('Base1', 'TS'): 43.955909539593975, ('Base2', 'CDEM_TR'): 13.955909539593975, ('Base2', 'CDEM_mdotR'): 0.04, ('Base2', 'CDEM_cmf'): 1.0, ('Base3', 'COGwflag'): 1}
2018-12-10 13:38:29,043 :: DEBUG :: ZEROBNL -> node.py :: set_attribute :: SET ATTRIBUTE demandOK to 1.0
2018-12-10 13:38:29,043 :: DEBUG :: ZEROBNL -> node.py :: get_attribute :: GET ATTRIBUTE demandOK
2018-12-10 13:38:29,044 :: DEBUG :: ZEROBNL -> node.py :: run :: UPDATE DONE
2018-12-10 13:38:29,051 :: DEBUG :: ZEROBNL -> node.py :: run :: UPDATE
2018-12-10 13:38:29,052 :: DEBUG :: ZEROBNL -> node.py :: _update_inputs :: INPUTS {('Base0', 'Tsupply'): 43.95590953958388, ('Base0', 'MDOTsupply'): 0.04, ('Base1', 'TS'): 43.95590953958388, ('Base2', 'CDEM_TR'): 13.955909539593975, ('Base2', 'CDEM_mdotR'): 0.04, ('Base2', 'CDEM_cmf'): 1.0, ('Base3', 'COGwflag'): 1}
2018-12-10 13:38:29,052 :: DEBUG :: ZEROBNL -> node.py :: set_attribute :: SET ATTRIBUTE demandOK to 1.0
2018-12-10 13:38:29,052 :: DEBUG :: ZEROBNL -> node.py :: get_attribute :: GET ATTRIBUTE demandOK
2018-12-10 13:38:29,053 :: DEBUG :: ZEROBNL -> node.py :: run :: UPDATE DONE
2018-12-10 13:38:29,067 :: DEBUG :: ZEROBNL -> node.py :: run :: UPDATE
2018-12-10 13:38:29,069 :: DEBUG :: ZEROBNL -> node.py :: _update_inputs :: INPUTS {('Base0', 'Tsupply'): 43.95590953958388, ('Base0', 'MDOTsupply'): 0.04, ('Base1', 'TS'): 43.95590953958388, ('Base2', 'CDEM_TR'): 13.955909539583878, ('Base2', 'CDEM_mdotR'): 0.04, ('Base2', 'CDEM_cmf'): 1.0, ('Base3', 'COGwflag'): 1}
2018-12-10 13:38:29,070 :: DEBUG :: ZEROBNL -> node.py :: set_attribute :: SET ATTRIBUTE demandOK to 1.0
2018-12-10 13:38:29,070 :: DEBUG :: ZEROBNL -> node.py :: get_attribute :: GET ATTRIBUTE demandOK
2018-12-10 13:38:29,071 :: DEBUG :: ZEROBNL -> node.py :: run :: UPDATE DONE
2018-12-10 13:38:29,074 :: DEBUG :: ZEROBNL -> node.py :: run :: STEP
2018-12-10 13:38:29,075 :: DEBUG :: ZEROBNL -> node.py :: step :: NEW TIME
2018-12-10 13:38:29,075 :: DEBUG :: ZEROBNL -> node.py :: get_attribute :: GET ATTRIBUTE COGwflag
2018-12-10 13:38:29,075 :: DEBUG :: ZEROBNL -> node.py :: get_attribute :: GET ATTRIBUTE COGwflag
2018-12-10 13:38:29,075 :: DEBUG :: ZEROBNL -> node.py :: run :: STATE {'COGwflag': 1}
2018-12-10 13:38:29,075 :: DEBUG :: ZEROBNL -> node.py :: run :: STEP DONE
2018-12-10 13:38:29,077 :: DEBUG :: ZEROBNL -> node.py :: run :: UPDATE
2018-12-10 13:38:29,077 :: DEBUG :: ZEROBNL -> node.py :: _update_inputs :: INPUTS {('Base0', 'Tsupply'): 43.95590953958388, ('Base0', 'MDOTsupply'): 0.04, ('Base1', 'TS'): 43.95590953958388, ('Base2', 'CDEM_TR'): 13.955909539583878, ('Base2', 'CDEM_mdotR'): 0.04, ('Base2', 'CDEM_cmf'): 1.0, ('Base3', 'COGwflag'): 1}
2018-12-10 13:38:29,077 :: DEBUG :: ZEROBNL -> node.py :: set_attribute :: SET ATTRIBUTE demandOK to 1.0
2018-12-10 13:38:29,077 :: DEBUG :: ZEROBNL -> node.py :: get_attribute :: GET ATTRIBUTE demandOK
2018-12-10 13:38:29,079 :: DEBUG :: ZEROBNL -> node.py :: run :: UPDATE DONE
2018-12-10 13:38:29,104 :: DEBUG :: ZEROBNL -> node.py :: run :: UPDATE
2018-12-10 13:38:29,105 :: DEBUG :: ZEROBNL -> node.py :: _update_inputs :: INPUTS {('Base0', 'Tsupply'): 43.955909539599986, ('Base0', 'MDOTsupply'): 0.04, ('Base1', 'TS'): 43.95590953958388, ('Base2', 'CDEM_TR'): 13.955909539583878, ('Base2', 'CDEM_mdotR'): 0.04, ('Base2', 'CDEM_cmf'): 1.0, ('Base3', 'COGwflag'): 1}
2018-12-10 13:38:29,105 :: DEBUG :: ZEROBNL -> node.py :: set_attribute :: SET ATTRIBUTE demandOK to 1.0
2018-12-10 13:38:29,105 :: DEBUG :: ZEROBNL -> node.py :: get_attribute :: GET ATTRIBUTE demandOK
2018-12-10 13:38:29,106 :: DEBUG :: ZEROBNL -> node.py :: run :: UPDATE DONE
2018-12-10 13:38:29,116 :: DEBUG :: ZEROBNL -> node.py :: run :: UPDATE
2018-12-10 13:38:29,118 :: DEBUG :: ZEROBNL -> node.py :: _update_inputs :: INPUTS {('Base0', 'Tsupply'): 43.955909539599986, ('Base0', 'MDOTsupply'): 0.04, ('Base1', 'TS'): 43.955909539599986, ('Base2', 'CDEM_TR'): 13.955909539583878, ('Base2', 'CDEM_mdotR'): 0.04, ('Base2', 'CDEM_cmf'): 1.0, ('Base3', 'COGwflag'): 1}
2018-12-10 13:38:29,118 :: DEBUG :: ZEROBNL -> node.py :: set_attribute :: SET ATTRIBUTE demandOK to 1.0
2018-12-10 13:38:29,119 :: DEBUG :: ZEROBNL -> node.py :: get_attribute :: GET ATTRIBUTE demandOK
2018-12-10 13:38:29,120 :: DEBUG :: ZEROBNL -> node.py :: run :: UPDATE DONE
2018-12-10 13:38:29,130 :: DEBUG :: ZEROBNL -> node.py :: run :: UPDATE
2018-12-10 13:38:29,131 :: DEBUG :: ZEROBNL -> node.py :: _update_inputs :: INPUTS {('Base0', 'Tsupply'): 43.955909539599986, ('Base0', 'MDOTsupply'): 0.04, ('Base1', 'TS'): 43.955909539599986, ('Base2', 'CDEM_TR'): 13.955909539599986, ('Base2', 'CDEM_mdotR'): 0.04, ('Base2', 'CDEM_cmf'): 1.0, ('Base3', 'COGwflag'): 1}
2018-12-10 13:38:29,131 :: DEBUG :: ZEROBNL -> node.py :: set_attribute :: SET ATTRIBUTE demandOK to 1.0
2018-12-10 13:38:29,131 :: DEBUG :: ZEROBNL -> node.py :: get_attribute :: GET ATTRIBUTE demandOK
2018-12-10 13:38:29,132 :: DEBUG :: ZEROBNL -> node.py :: run :: UPDATE DONE
2018-12-10 13:38:29,140 :: DEBUG :: ZEROBNL -> node.py :: run :: STEP
2018-12-10 13:38:29,141 :: DEBUG :: ZEROBNL -> node.py :: step :: NEW TIME
2018-12-10 13:38:29,141 :: DEBUG :: ZEROBNL -> node.py :: get_attribute :: GET ATTRIBUTE COGwflag
2018-12-10 13:38:29,142 :: DEBUG :: ZEROBNL -> node.py :: get_attribute :: GET ATTRIBUTE COGwflag
2018-12-10 13:38:29,142 :: DEBUG :: ZEROBNL -> node.py :: run :: STATE {'COGwflag': 1}
2018-12-10 13:38:29,142 :: DEBUG :: ZEROBNL -> node.py :: run :: STEP DONE
2018-12-10 13:38:29,143 :: DEBUG :: ZEROBNL -> node.py :: run :: UPDATE
2018-12-10 13:38:29,143 :: DEBUG :: ZEROBNL -> node.py :: _update_inputs :: INPUTS {('Base0', 'Tsupply'): 43.955909539599986, ('Base0', 'MDOTsupply'): 0.04, ('Base1', 'TS'): 43.955909539599986, ('Base2', 'CDEM_TR'): 13.955909539599986, ('Base2', 'CDEM_mdotR'): 0.04, ('Base2', 'CDEM_cmf'): 1.0, ('Base3', 'COGwflag'): 1}
2018-12-10 13:38:29,143 :: DEBUG :: ZEROBNL -> node.py :: set_attribute :: SET ATTRIBUTE demandOK to 1.0
2018-12-10 13:38:29,144 :: DEBUG :: ZEROBNL -> node.py :: get_attribute :: GET ATTRIBUTE demandOK
2018-12-10 13:38:29,145 :: DEBUG :: ZEROBNL -> node.py :: run :: UPDATE DONE
2018-12-10 13:38:29,168 :: DEBUG :: ZEROBNL -> node.py :: run :: UPDATE
2018-12-10 13:38:29,168 :: DEBUG :: ZEROBNL -> node.py :: _update_inputs :: INPUTS {('Base0', 'Tsupply'): 43.95590953957898, ('Base0', 'MDOTsupply'): 0.04, ('Base1', 'TS'): 43.955909539599986, ('Base2', 'CDEM_TR'): 13.955909539599986, ('Base2', 'CDEM_mdotR'): 0.04, ('Base2', 'CDEM_cmf'): 1.0, ('Base3', 'COGwflag'): 1}
2018-12-10 13:38:29,169 :: DEBUG :: ZEROBNL -> node.py :: set_attribute :: SET ATTRIBUTE demandOK to 1.0
2018-12-10 13:38:29,169 :: DEBUG :: ZEROBNL -> node.py :: get_attribute :: GET ATTRIBUTE demandOK
2018-12-10 13:38:29,170 :: DEBUG :: ZEROBNL -> node.py :: run :: UPDATE DONE
2018-12-10 13:38:29,179 :: DEBUG :: ZEROBNL -> node.py :: run :: UPDATE
2018-12-10 13:38:29,180 :: DEBUG :: ZEROBNL -> node.py :: _update_inputs :: INPUTS {('Base0', 'Tsupply'): 43.95590953957898, ('Base0', 'MDOTsupply'): 0.04, ('Base1', 'TS'): 43.95590953957898, ('Base2', 'CDEM_TR'): 13.955909539599986, ('Base2', 'CDEM_mdotR'): 0.04, ('Base2', 'CDEM_cmf'): 1.0, ('Base3', 'COGwflag'): 1}
2018-12-10 13:38:29,180 :: DEBUG :: ZEROBNL -> node.py :: set_attribute :: SET ATTRIBUTE demandOK to 1.0
2018-12-10 13:38:29,180 :: DEBUG :: ZEROBNL -> node.py :: get_attribute :: GET ATTRIBUTE demandOK
2018-12-10 13:38:29,183 :: DEBUG :: ZEROBNL -> node.py :: run :: UPDATE DONE
2018-12-10 13:38:29,193 :: DEBUG :: ZEROBNL -> node.py :: run :: UPDATE
2018-12-10 13:38:29,194 :: DEBUG :: ZEROBNL -> node.py :: _update_inputs :: INPUTS {('Base0', 'Tsupply'): 43.95590953957898, ('Base0', 'MDOTsupply'): 0.04, ('Base1', 'TS'): 43.95590953957898, ('Base2', 'CDEM_TR'): 13.955909539578983, ('Base2', 'CDEM_mdotR'): 0.04, ('Base2', 'CDEM_cmf'): 1.0, ('Base3', 'COGwflag'): 1}
2018-12-10 13:38:29,194 :: DEBUG :: ZEROBNL -> node.py :: set_attribute :: SET ATTRIBUTE demandOK to 1.0
2018-12-10 13:38:29,195 :: DEBUG :: ZEROBNL -> node.py :: get_attribute :: GET ATTRIBUTE demandOK
2018-12-10 13:38:29,196 :: DEBUG :: ZEROBNL -> node.py :: run :: UPDATE DONE
2018-12-10 13:38:29,203 :: DEBUG :: ZEROBNL -> node.py :: run :: STEP
2018-12-10 13:38:29,203 :: DEBUG :: ZEROBNL -> node.py :: step :: NEW TIME
2018-12-10 13:38:29,203 :: DEBUG :: ZEROBNL -> node.py :: get_attribute :: GET ATTRIBUTE COGwflag
2018-12-10 13:38:29,203 :: DEBUG :: ZEROBNL -> node.py :: get_attribute :: GET ATTRIBUTE COGwflag
2018-12-10 13:38:29,204 :: DEBUG :: ZEROBNL -> node.py :: run :: STATE {'COGwflag': 1}
2018-12-10 13:38:29,204 :: DEBUG :: ZEROBNL -> node.py :: run :: STEP DONE
2018-12-10 13:38:29,205 :: DEBUG :: ZEROBNL -> node.py :: run :: UPDATE
2018-12-10 13:38:29,205 :: DEBUG :: ZEROBNL -> node.py :: _update_inputs :: INPUTS {('Base0', 'Tsupply'): 43.95590953957898, ('Base0', 'MDOTsupply'): 0.04, ('Base1', 'TS'): 43.95590953957898, ('Base2', 'CDEM_TR'): 13.955909539578983, ('Base2', 'CDEM_mdotR'): 0.04, ('Base2', 'CDEM_cmf'): 1.0, ('Base3', 'COGwflag'): 1}
2018-12-10 13:38:29,206 :: DEBUG :: ZEROBNL -> node.py :: set_attribute :: SET ATTRIBUTE demandOK to 1.0
2018-12-10 13:38:29,206 :: DEBUG :: ZEROBNL -> node.py :: get_attribute :: GET ATTRIBUTE demandOK
2018-12-10 13:38:29,206 :: DEBUG :: ZEROBNL -> node.py :: run :: UPDATE DONE
2018-12-10 13:38:29,232 :: DEBUG :: ZEROBNL -> node.py :: run :: UPDATE
2018-12-10 13:38:29,232 :: DEBUG :: ZEROBNL -> node.py :: _update_inputs :: INPUTS {('Base0', 'Tsupply'): 43.95590953959705, ('Base0', 'MDOTsupply'): 0.04, ('Base1', 'TS'): 43.95590953957898, ('Base2', 'CDEM_TR'): 13.955909539578983, ('Base2', 'CDEM_mdotR'): 0.04, ('Base2', 'CDEM_cmf'): 1.0, ('Base3', 'COGwflag'): 1}
2018-12-10 13:38:29,233 :: DEBUG :: ZEROBNL -> node.py :: set_attribute :: SET ATTRIBUTE demandOK to 1.0
2018-12-10 13:38:29,233 :: DEBUG :: ZEROBNL -> node.py :: get_attribute :: GET ATTRIBUTE demandOK
2018-12-10 13:38:29,234 :: DEBUG :: ZEROBNL -> node.py :: run :: UPDATE DONE
2018-12-10 13:38:29,247 :: DEBUG :: ZEROBNL -> node.py :: run :: UPDATE
2018-12-10 13:38:29,248 :: DEBUG :: ZEROBNL -> node.py :: _update_inputs :: INPUTS {('Base0', 'Tsupply'): 43.95590953959705, ('Base0', 'MDOTsupply'): 0.04, ('Base1', 'TS'): 43.95590953959705, ('Base2', 'CDEM_TR'): 13.955909539578983, ('Base2', 'CDEM_mdotR'): 0.04, ('Base2', 'CDEM_cmf'): 1.0, ('Base3', 'COGwflag'): 1}
2018-12-10 13:38:29,248 :: DEBUG :: ZEROBNL -> node.py :: set_attribute :: SET ATTRIBUTE demandOK to 1.0
2018-12-10 13:38:29,248 :: DEBUG :: ZEROBNL -> node.py :: get_attribute :: GET ATTRIBUTE demandOK
2018-12-10 13:38:29,250 :: DEBUG :: ZEROBNL -> node.py :: run :: UPDATE DONE
2018-12-10 13:38:29,256 :: DEBUG :: ZEROBNL -> node.py :: run :: UPDATE
2018-12-10 13:38:29,256 :: DEBUG :: ZEROBNL -> node.py :: _update_inputs :: INPUTS {('Base0', 'Tsupply'): 43.95590953959705, ('Base0', 'MDOTsupply'): 0.04, ('Base1', 'TS'): 43.95590953959705, ('Base2', 'CDEM_TR'): 13.955909539597052, ('Base2', 'CDEM_mdotR'): 0.04, ('Base2', 'CDEM_cmf'): 1.0, ('Base3', 'COGwflag'): 1}
2018-12-10 13:38:29,256 :: DEBUG :: ZEROBNL -> node.py :: set_attribute :: SET ATTRIBUTE demandOK to 1.0
2018-12-10 13:38:29,256 :: DEBUG :: ZEROBNL -> node.py :: get_attribute :: GET ATTRIBUTE demandOK
2018-12-10 13:38:29,258 :: DEBUG :: ZEROBNL -> node.py :: run :: UPDATE DONE
2018-12-10 13:38:29,266 :: DEBUG :: ZEROBNL -> node.py :: run :: STEP
2018-12-10 13:38:29,266 :: DEBUG :: ZEROBNL -> node.py :: step :: NEW TIME
2018-12-10 13:38:29,266 :: DEBUG :: ZEROBNL -> node.py :: get_attribute :: GET ATTRIBUTE COGwflag
2018-12-10 13:38:29,267 :: DEBUG :: ZEROBNL -> node.py :: get_attribute :: GET ATTRIBUTE COGwflag
2018-12-10 13:38:29,267 :: DEBUG :: ZEROBNL -> node.py :: run :: STATE {'COGwflag': 1}
2018-12-10 13:38:29,267 :: DEBUG :: ZEROBNL -> node.py :: run :: STEP DONE
2018-12-10 13:38:29,268 :: DEBUG :: ZEROBNL -> node.py :: run :: UPDATE
2018-12-10 13:38:29,268 :: DEBUG :: ZEROBNL -> node.py :: _update_inputs :: INPUTS {('Base0', 'Tsupply'): 43.95590953959705, ('Base0', 'MDOTsupply'): 0.04, ('Base1', 'TS'): 43.95590953959705, ('Base2', 'CDEM_TR'): 13.955909539597052, ('Base2', 'CDEM_mdotR'): 0.04, ('Base2', 'CDEM_cmf'): 1.0, ('Base3', 'COGwflag'): 1}
2018-12-10 13:38:29,268 :: DEBUG :: ZEROBNL -> node.py :: set_attribute :: SET ATTRIBUTE demandOK to 1.0
2018-12-10 13:38:29,268 :: DEBUG :: ZEROBNL -> node.py :: get_attribute :: GET ATTRIBUTE demandOK
2018-12-10 13:38:29,269 :: DEBUG :: ZEROBNL -> node.py :: run :: UPDATE DONE
2018-12-10 13:38:29,297 :: DEBUG :: ZEROBNL -> node.py :: run :: UPDATE
2018-12-10 13:38:29,298 :: DEBUG :: ZEROBNL -> node.py :: _update_inputs :: INPUTS {('Base0', 'Tsupply'): 43.95590953960147, ('Base0', 'MDOTsupply'): 0.04, ('Base1', 'TS'): 43.95590953959705, ('Base2', 'CDEM_TR'): 13.955909539597052, ('Base2', 'CDEM_mdotR'): 0.04, ('Base2', 'CDEM_cmf'): 1.0, ('Base3', 'COGwflag'): 1}
2018-12-10 13:38:29,298 :: DEBUG :: ZEROBNL -> node.py :: set_attribute :: SET ATTRIBUTE demandOK to 1.0
2018-12-10 13:38:29,298 :: DEBUG :: ZEROBNL -> node.py :: get_attribute :: GET ATTRIBUTE demandOK
2018-12-10 13:38:29,299 :: DEBUG :: ZEROBNL -> node.py :: run :: UPDATE DONE
2018-12-10 13:38:29,310 :: DEBUG :: ZEROBNL -> node.py :: run :: UPDATE
2018-12-10 13:38:29,310 :: DEBUG :: ZEROBNL -> node.py :: _update_inputs :: INPUTS {('Base0', 'Tsupply'): 43.95590953960147, ('Base0', 'MDOTsupply'): 0.04, ('Base1', 'TS'): 43.95590953960147, ('Base2', 'CDEM_TR'): 13.955909539597052, ('Base2', 'CDEM_mdotR'): 0.04, ('Base2', 'CDEM_cmf'): 1.0, ('Base3', 'COGwflag'): 1}
2018-12-10 13:38:29,310 :: DEBUG :: ZEROBNL -> node.py :: set_attribute :: SET ATTRIBUTE demandOK to 1.0
2018-12-10 13:38:29,310 :: DEBUG :: ZEROBNL -> node.py :: get_attribute :: GET ATTRIBUTE demandOK
2018-12-10 13:38:29,311 :: DEBUG :: ZEROBNL -> node.py :: run :: UPDATE DONE
2018-12-10 13:38:29,323 :: DEBUG :: ZEROBNL -> node.py :: run :: UPDATE
2018-12-10 13:38:29,323 :: DEBUG :: ZEROBNL -> node.py :: _update_inputs :: INPUTS {('Base0', 'Tsupply'): 43.95590953960147, ('Base0', 'MDOTsupply'): 0.04, ('Base1', 'TS'): 43.95590953960147, ('Base2', 'CDEM_TR'): 13.955909539601471, ('Base2', 'CDEM_mdotR'): 0.04, ('Base2', 'CDEM_cmf'): 1.0, ('Base3', 'COGwflag'): 1}
2018-12-10 13:38:29,324 :: DEBUG :: ZEROBNL -> node.py :: set_attribute :: SET ATTRIBUTE demandOK to 1.0
2018-12-10 13:38:29,324 :: DEBUG :: ZEROBNL -> node.py :: get_attribute :: GET ATTRIBUTE demandOK
2018-12-10 13:38:29,325 :: DEBUG :: ZEROBNL -> node.py :: run :: UPDATE DONE
2018-12-10 13:38:29,333 :: DEBUG :: ZEROBNL -> node.py :: run :: STEP
2018-12-10 13:38:29,333 :: DEBUG :: ZEROBNL -> node.py :: step :: NEW TIME
2018-12-10 13:38:29,334 :: DEBUG :: ZEROBNL -> node.py :: get_attribute :: GET ATTRIBUTE COGwflag
2018-12-10 13:38:29,334 :: DEBUG :: ZEROBNL -> node.py :: get_attribute :: GET ATTRIBUTE COGwflag
2018-12-10 13:38:29,335 :: DEBUG :: ZEROBNL -> node.py :: run :: STATE {'COGwflag': 1}
2018-12-10 13:38:29,335 :: DEBUG :: ZEROBNL -> node.py :: run :: STEP DONE
2018-12-10 13:38:29,336 :: DEBUG :: ZEROBNL -> node.py :: run :: UPDATE
2018-12-10 13:38:29,336 :: DEBUG :: ZEROBNL -> node.py :: _update_inputs :: INPUTS {('Base0', 'Tsupply'): 43.95590953960147, ('Base0', 'MDOTsupply'): 0.04, ('Base1', 'TS'): 43.95590953960147, ('Base2', 'CDEM_TR'): 13.955909539601471, ('Base2', 'CDEM_mdotR'): 0.04, ('Base2', 'CDEM_cmf'): 1.0, ('Base3', 'COGwflag'): 1}
2018-12-10 13:38:29,336 :: DEBUG :: ZEROBNL -> node.py :: set_attribute :: SET ATTRIBUTE demandOK to 1.0
2018-12-10 13:38:29,336 :: DEBUG :: ZEROBNL -> node.py :: get_attribute :: GET ATTRIBUTE demandOK
2018-12-10 13:38:29,337 :: DEBUG :: ZEROBNL -> node.py :: run :: UPDATE DONE
2018-12-10 13:38:29,364 :: DEBUG :: ZEROBNL -> node.py :: run :: UPDATE
2018-12-10 13:38:29,364 :: DEBUG :: ZEROBNL -> node.py :: _update_inputs :: INPUTS {('Base0', 'Tsupply'): 43.95590953960019, ('Base0', 'MDOTsupply'): 0.04, ('Base1', 'TS'): 43.95590953960147, ('Base2', 'CDEM_TR'): 13.955909539601471, ('Base2', 'CDEM_mdotR'): 0.04, ('Base2', 'CDEM_cmf'): 1.0, ('Base3', 'COGwflag'): 1}
2018-12-10 13:38:29,364 :: DEBUG :: ZEROBNL -> node.py :: set_attribute :: SET ATTRIBUTE demandOK to 1.0
2018-12-10 13:38:29,364 :: DEBUG :: ZEROBNL -> node.py :: get_attribute :: GET ATTRIBUTE demandOK
2018-12-10 13:38:29,365 :: DEBUG :: ZEROBNL -> node.py :: run :: UPDATE DONE
2018-12-10 13:38:29,378 :: DEBUG :: ZEROBNL -> node.py :: run :: UPDATE
2018-12-10 13:38:29,378 :: DEBUG :: ZEROBNL -> node.py :: _update_inputs :: INPUTS {('Base0', 'Tsupply'): 43.95590953960019, ('Base0', 'MDOTsupply'): 0.04, ('Base1', 'TS'): 43.95590953960019, ('Base2', 'CDEM_TR'): 13.955909539601471, ('Base2', 'CDEM_mdotR'): 0.04, ('Base2', 'CDEM_cmf'): 1.0, ('Base3', 'COGwflag'): 1}
2018-12-10 13:38:29,378 :: DEBUG :: ZEROBNL -> node.py :: set_attribute :: SET ATTRIBUTE demandOK to 1.0
2018-12-10 13:38:29,378 :: DEBUG :: ZEROBNL -> node.py :: get_attribute :: GET ATTRIBUTE demandOK
2018-12-10 13:38:29,379 :: DEBUG :: ZEROBNL -> node.py :: run :: UPDATE DONE
2018-12-10 13:38:29,392 :: DEBUG :: ZEROBNL -> node.py :: run :: UPDATE
2018-12-10 13:38:29,394 :: DEBUG :: ZEROBNL -> node.py :: _update_inputs :: INPUTS {('Base0', 'Tsupply'): 43.95590953960019, ('Base0', 'MDOTsupply'): 0.04, ('Base1', 'TS'): 43.95590953960019, ('Base2', 'CDEM_TR'): 13.955909539600192, ('Base2', 'CDEM_mdotR'): 0.04, ('Base2', 'CDEM_cmf'): 1.0, ('Base3', 'COGwflag'): 1}
2018-12-10 13:38:29,395 :: DEBUG :: ZEROBNL -> node.py :: set_attribute :: SET ATTRIBUTE demandOK to 1.0
2018-12-10 13:38:29,397 :: DEBUG :: ZEROBNL -> node.py :: get_attribute :: GET ATTRIBUTE demandOK
2018-12-10 13:38:29,399 :: DEBUG :: ZEROBNL -> node.py :: run :: UPDATE DONE
2018-12-10 13:38:29,404 :: DEBUG :: ZEROBNL -> node.py :: run :: STEP
2018-12-10 13:38:29,404 :: DEBUG :: ZEROBNL -> node.py :: step :: NEW TIME
2018-12-10 13:38:29,404 :: DEBUG :: ZEROBNL -> node.py :: get_attribute :: GET ATTRIBUTE COGwflag
2018-12-10 13:38:29,405 :: DEBUG :: ZEROBNL -> node.py :: get_attribute :: GET ATTRIBUTE COGwflag
2018-12-10 13:38:29,405 :: DEBUG :: ZEROBNL -> node.py :: run :: STATE {'COGwflag': 1}
2018-12-10 13:38:29,405 :: DEBUG :: ZEROBNL -> node.py :: run :: STEP DONE
2018-12-10 13:38:29,406 :: DEBUG :: ZEROBNL -> node.py :: run :: UPDATE
2018-12-10 13:38:29,407 :: DEBUG :: ZEROBNL -> node.py :: _update_inputs :: INPUTS {('Base0', 'Tsupply'): 43.95590953960019, ('Base0', 'MDOTsupply'): 0.04, ('Base1', 'TS'): 43.95590953960019, ('Base2', 'CDEM_TR'): 13.955909539600192, ('Base2', 'CDEM_mdotR'): 0.04, ('Base2', 'CDEM_cmf'): 1.0, ('Base3', 'COGwflag'): 1}
2018-12-10 13:38:29,407 :: DEBUG :: ZEROBNL -> node.py :: set_attribute :: SET ATTRIBUTE demandOK to 1.0
2018-12-10 13:38:29,407 :: DEBUG :: ZEROBNL -> node.py :: get_attribute :: GET ATTRIBUTE demandOK
2018-12-10 13:38:29,408 :: DEBUG :: ZEROBNL -> node.py :: run :: UPDATE DONE
2018-12-10 13:38:29,439 :: DEBUG :: ZEROBNL -> node.py :: run :: UPDATE
2018-12-10 13:38:29,439 :: DEBUG :: ZEROBNL -> node.py :: _update_inputs :: INPUTS {('Base0', 'Tsupply'): 43.95590953957773, ('Base0', 'MDOTsupply'): 0.04, ('Base1', 'TS'): 43.95590953960019, ('Base2', 'CDEM_TR'): 13.955909539600192, ('Base2', 'CDEM_mdotR'): 0.04, ('Base2', 'CDEM_cmf'): 1.0, ('Base3', 'COGwflag'): 1}
2018-12-10 13:38:29,439 :: DEBUG :: ZEROBNL -> node.py :: set_attribute :: SET ATTRIBUTE demandOK to 1.0
2018-12-10 13:38:29,439 :: DEBUG :: ZEROBNL -> node.py :: get_attribute :: GET ATTRIBUTE demandOK
2018-12-10 13:38:29,440 :: DEBUG :: ZEROBNL -> node.py :: run :: UPDATE DONE
2018-12-10 13:38:29,454 :: DEBUG :: ZEROBNL -> node.py :: run :: UPDATE
2018-12-10 13:38:29,454 :: DEBUG :: ZEROBNL -> node.py :: _update_inputs :: INPUTS {('Base0', 'Tsupply'): 43.95590953957773, ('Base0', 'MDOTsupply'): 0.04, ('Base1', 'TS'): 43.95590953957773, ('Base2', 'CDEM_TR'): 13.955909539600192, ('Base2', 'CDEM_mdotR'): 0.04, ('Base2', 'CDEM_cmf'): 1.0, ('Base3', 'COGwflag'): 1}
2018-12-10 13:38:29,454 :: DEBUG :: ZEROBNL -> node.py :: set_attribute :: SET ATTRIBUTE demandOK to 1.0
2018-12-10 13:38:29,454 :: DEBUG :: ZEROBNL -> node.py :: get_attribute :: GET ATTRIBUTE demandOK
2018-12-10 13:38:29,456 :: DEBUG :: ZEROBNL -> node.py :: run :: UPDATE DONE
2018-12-10 13:38:29,467 :: DEBUG :: ZEROBNL -> node.py :: run :: UPDATE
2018-12-10 13:38:29,469 :: DEBUG :: ZEROBNL -> node.py :: _update_inputs :: INPUTS {('Base0', 'Tsupply'): 43.95590953957773, ('Base0', 'MDOTsupply'): 0.04, ('Base1', 'TS'): 43.95590953957773, ('Base2', 'CDEM_TR'): 13.955909539577732, ('Base2', 'CDEM_mdotR'): 0.04, ('Base2', 'CDEM_cmf'): 1.0, ('Base3', 'COGwflag'): 1}
2018-12-10 13:38:29,469 :: DEBUG :: ZEROBNL -> node.py :: set_attribute :: SET ATTRIBUTE demandOK to 1.0
2018-12-10 13:38:29,470 :: DEBUG :: ZEROBNL -> node.py :: get_attribute :: GET ATTRIBUTE demandOK
2018-12-10 13:38:29,472 :: DEBUG :: ZEROBNL -> node.py :: run :: UPDATE DONE
2018-12-10 13:38:29,477 :: DEBUG :: ZEROBNL -> node.py :: run :: STEP
2018-12-10 13:38:29,478 :: DEBUG :: ZEROBNL -> node.py :: step :: NEW TIME
2018-12-10 13:38:29,478 :: DEBUG :: ZEROBNL -> node.py :: get_attribute :: GET ATTRIBUTE COGwflag
2018-12-10 13:38:29,478 :: DEBUG :: ZEROBNL -> node.py :: get_attribute :: GET ATTRIBUTE COGwflag
2018-12-10 13:38:29,478 :: DEBUG :: ZEROBNL -> node.py :: run :: STATE {'COGwflag': 1}
2018-12-10 13:38:29,479 :: DEBUG :: ZEROBNL -> node.py :: run :: STEP DONE
2018-12-10 13:38:29,480 :: DEBUG :: ZEROBNL -> node.py :: run :: UPDATE
2018-12-10 13:38:29,481 :: DEBUG :: ZEROBNL -> node.py :: _update_inputs :: INPUTS {('Base0', 'Tsupply'): 43.95590953957773, ('Base0', 'MDOTsupply'): 0.04, ('Base1', 'TS'): 43.95590953957773, ('Base2', 'CDEM_TR'): 13.955909539577732, ('Base2', 'CDEM_mdotR'): 0.04, ('Base2', 'CDEM_cmf'): 1.0, ('Base3', 'COGwflag'): 1}
2018-12-10 13:38:29,482 :: DEBUG :: ZEROBNL -> node.py :: set_attribute :: SET ATTRIBUTE demandOK to 1.0
2018-12-10 13:38:29,482 :: DEBUG :: ZEROBNL -> node.py :: get_attribute :: GET ATTRIBUTE demandOK
2018-12-10 13:38:29,483 :: DEBUG :: ZEROBNL -> node.py :: run :: UPDATE DONE
2018-12-10 13:38:29,507 :: DEBUG :: ZEROBNL -> node.py :: run :: UPDATE
2018-12-10 13:38:29,507 :: DEBUG :: ZEROBNL -> node.py :: _update_inputs :: INPUTS {('Base0', 'Tsupply'): 43.955909539611255, ('Base0', 'MDOTsupply'): 0.04, ('Base1', 'TS'): 43.95590953957773, ('Base2', 'CDEM_TR'): 13.955909539577732, ('Base2', 'CDEM_mdotR'): 0.04, ('Base2', 'CDEM_cmf'): 1.0, ('Base3', 'COGwflag'): 1}
2018-12-10 13:38:29,507 :: DEBUG :: ZEROBNL -> node.py :: set_attribute :: SET ATTRIBUTE demandOK to 1.0
2018-12-10 13:38:29,507 :: DEBUG :: ZEROBNL -> node.py :: get_attribute :: GET ATTRIBUTE demandOK
2018-12-10 13:38:29,508 :: DEBUG :: ZEROBNL -> node.py :: run :: UPDATE DONE
2018-12-10 13:38:29,520 :: DEBUG :: ZEROBNL -> node.py :: run :: UPDATE
2018-12-10 13:38:29,520 :: DEBUG :: ZEROBNL -> node.py :: _update_inputs :: INPUTS {('Base0', 'Tsupply'): 43.955909539611255, ('Base0', 'MDOTsupply'): 0.04, ('Base1', 'TS'): 43.955909539611255, ('Base2', 'CDEM_TR'): 13.955909539577732, ('Base2', 'CDEM_mdotR'): 0.04, ('Base2', 'CDEM_cmf'): 1.0, ('Base3', 'COGwflag'): 1}
2018-12-10 13:38:29,520 :: DEBUG :: ZEROBNL -> node.py :: set_attribute :: SET ATTRIBUTE demandOK to 1.0
2018-12-10 13:38:29,520 :: DEBUG :: ZEROBNL -> node.py :: get_attribute :: GET ATTRIBUTE demandOK
2018-12-10 13:38:29,523 :: DEBUG :: ZEROBNL -> node.py :: run :: UPDATE DONE
2018-12-10 13:38:29,535 :: DEBUG :: ZEROBNL -> node.py :: run :: UPDATE
2018-12-10 13:38:29,536 :: DEBUG :: ZEROBNL -> node.py :: _update_inputs :: INPUTS {('Base0', 'Tsupply'): 43.955909539611255, ('Base0', 'MDOTsupply'): 0.04, ('Base1', 'TS'): 43.955909539611255, ('Base2', 'CDEM_TR'): 13.955909539611255, ('Base2', 'CDEM_mdotR'): 0.04, ('Base2', 'CDEM_cmf'): 1.0, ('Base3', 'COGwflag'): 1}
2018-12-10 13:38:29,536 :: DEBUG :: ZEROBNL -> node.py :: set_attribute :: SET ATTRIBUTE demandOK to 1.0
2018-12-10 13:38:29,537 :: DEBUG :: ZEROBNL -> node.py :: get_attribute :: GET ATTRIBUTE demandOK
2018-12-10 13:38:29,538 :: DEBUG :: ZEROBNL -> node.py :: run :: UPDATE DONE
2018-12-10 13:38:29,545 :: DEBUG :: ZEROBNL -> node.py :: run :: STEP
2018-12-10 13:38:29,545 :: DEBUG :: ZEROBNL -> node.py :: step :: NEW TIME
2018-12-10 13:38:29,545 :: DEBUG :: ZEROBNL -> node.py :: get_attribute :: GET ATTRIBUTE COGwflag
2018-12-10 13:38:29,546 :: DEBUG :: ZEROBNL -> node.py :: get_attribute :: GET ATTRIBUTE COGwflag
2018-12-10 13:38:29,546 :: DEBUG :: ZEROBNL -> node.py :: run :: STATE {'COGwflag': 1}
2018-12-10 13:38:29,546 :: DEBUG :: ZEROBNL -> node.py :: run :: STEP DONE
2018-12-10 13:38:29,547 :: DEBUG :: ZEROBNL -> node.py :: run :: UPDATE
2018-12-10 13:38:29,548 :: DEBUG :: ZEROBNL -> node.py :: _update_inputs :: INPUTS {('Base0', 'Tsupply'): 43.955909539611255, ('Base0', 'MDOTsupply'): 0.04, ('Base1', 'TS'): 43.955909539611255, ('Base2', 'CDEM_TR'): 13.955909539611255, ('Base2', 'CDEM_mdotR'): 0.04, ('Base2', 'CDEM_cmf'): 1.0, ('Base3', 'COGwflag'): 1}
2018-12-10 13:38:29,548 :: DEBUG :: ZEROBNL -> node.py :: set_attribute :: SET ATTRIBUTE demandOK to 1.0
2018-12-10 13:38:29,548 :: DEBUG :: ZEROBNL -> node.py :: get_attribute :: GET ATTRIBUTE demandOK
2018-12-10 13:38:29,550 :: DEBUG :: ZEROBNL -> node.py :: run :: UPDATE DONE
2018-12-10 13:38:29,585 :: DEBUG :: ZEROBNL -> node.py :: run :: UPDATE
2018-12-10 13:38:29,585 :: DEBUG :: ZEROBNL -> node.py :: _update_inputs :: INPUTS {('Base0', 'Tsupply'): 43.955909539581654, ('Base0', 'MDOTsupply'): 0.04, ('Base1', 'TS'): 43.955909539611255, ('Base2', 'CDEM_TR'): 13.955909539611255, ('Base2', 'CDEM_mdotR'): 0.04, ('Base2', 'CDEM_cmf'): 1.0, ('Base3', 'COGwflag'): 1}
2018-12-10 13:38:29,585 :: DEBUG :: ZEROBNL -> node.py :: set_attribute :: SET ATTRIBUTE demandOK to 1.0
2018-12-10 13:38:29,585 :: DEBUG :: ZEROBNL -> node.py :: get_attribute :: GET ATTRIBUTE demandOK
2018-12-10 13:38:29,586 :: DEBUG :: ZEROBNL -> node.py :: run :: UPDATE DONE
2018-12-10 13:38:29,602 :: DEBUG :: ZEROBNL -> node.py :: run :: UPDATE
2018-12-10 13:38:29,602 :: DEBUG :: ZEROBNL -> node.py :: _update_inputs :: INPUTS {('Base0', 'Tsupply'): 43.955909539581654, ('Base0', 'MDOTsupply'): 0.04, ('Base1', 'TS'): 43.955909539581654, ('Base2', 'CDEM_TR'): 13.955909539611255, ('Base2', 'CDEM_mdotR'): 0.04, ('Base2', 'CDEM_cmf'): 1.0, ('Base3', 'COGwflag'): 1}
2018-12-10 13:38:29,602 :: DEBUG :: ZEROBNL -> node.py :: set_attribute :: SET ATTRIBUTE demandOK to 1.0
2018-12-10 13:38:29,602 :: DEBUG :: ZEROBNL -> node.py :: get_attribute :: GET ATTRIBUTE demandOK
2018-12-10 13:38:29,603 :: DEBUG :: ZEROBNL -> node.py :: run :: UPDATE DONE
2018-12-10 13:38:29,618 :: DEBUG :: ZEROBNL -> node.py :: run :: UPDATE
2018-12-10 13:38:29,619 :: DEBUG :: ZEROBNL -> node.py :: _update_inputs :: INPUTS {('Base0', 'Tsupply'): 43.955909539581654, ('Base0', 'MDOTsupply'): 0.04, ('Base1', 'TS'): 43.955909539581654, ('Base2', 'CDEM_TR'): 13.955909539581654, ('Base2', 'CDEM_mdotR'): 0.04, ('Base2', 'CDEM_cmf'): 1.0, ('Base3', 'COGwflag'): 1}
2018-12-10 13:38:29,619 :: DEBUG :: ZEROBNL -> node.py :: set_attribute :: SET ATTRIBUTE demandOK to 1.0
2018-12-10 13:38:29,619 :: DEBUG :: ZEROBNL -> node.py :: get_attribute :: GET ATTRIBUTE demandOK
2018-12-10 13:38:29,620 :: DEBUG :: ZEROBNL -> node.py :: run :: UPDATE DONE
2018-12-10 13:38:29,630 :: DEBUG :: ZEROBNL -> node.py :: run :: STEP
2018-12-10 13:38:29,630 :: DEBUG :: ZEROBNL -> node.py :: step :: NEW TIME
2018-12-10 13:38:29,630 :: DEBUG :: ZEROBNL -> node.py :: get_attribute :: GET ATTRIBUTE COGwflag
2018-12-10 13:38:29,631 :: DEBUG :: ZEROBNL -> node.py :: get_attribute :: GET ATTRIBUTE COGwflag
2018-12-10 13:38:29,631 :: DEBUG :: ZEROBNL -> node.py :: run :: STATE {'COGwflag': 1}
2018-12-10 13:38:29,631 :: DEBUG :: ZEROBNL -> node.py :: run :: STEP DONE
2018-12-10 13:38:29,632 :: DEBUG :: ZEROBNL -> node.py :: exit :: EXIT
