2018-12-28 10:29:02,393 :: DEBUG :: ZEROBNL -> deploy.py :: run :: CREATE NODES
2018-12-28 10:29:03,437 :: DEBUG :: ZEROBNL -> deploy.py :: run :: CREATE ORCH
2018-12-28 10:29:03,509 :: DEBUG :: ZEROBNL -> deploy.py :: run :: LAUNCH NETWORK+REDIS
2018-12-28 10:29:03,531 :: DEBUG :: ZEROBNL -> deploy.py :: run :: DUMP YAML
2018-12-28 10:29:03,532 :: WARNING :: ZEROBNL -> deploy.py :: run :: Local node to run in [TMP_FOLDER\base2] > python wrapper.py
2018-12-28 10:29:03,539 :: WARNING :: ZEROBNL -> deploy.py :: run :: Local node to run in [TMP_FOLDER\base3] > python wrapper.py
2018-12-28 10:29:03,542 :: INFO :: ZEROBNL -> deploy.py :: run :: Waiting for local nodes to run...
2018-12-28 10:29:31,790 :: INFO :: ZEROBNL -> deploy.py :: run :: Simulation finished in 0 min and 28 sec
2018-12-28 10:29:31,791 :: DEBUG :: ZEROBNL -> deploy.py :: run :: FINISHED PROCESS
2018-12-28 10:29:31,858 :: INFO :: ZEROBNL -> results.py :: get_results_by_pattern :: Matching results: Base0 - demandFlag_mdot
2018-12-28 10:29:31,859 :: INFO :: ZEROBNL -> results.py :: get_results_by_pattern :: Matching results: Base0 - Tth
2018-12-28 10:29:31,861 :: INFO :: ZEROBNL -> results.py :: get_results_by_pattern :: Matching results: Base0 - TsetP
2018-12-28 10:29:31,862 :: INFO :: ZEROBNL -> results.py :: get_results_by_pattern :: Matching results: Base0 - demandFlag
2018-12-28 10:29:31,922 :: INFO :: ZEROBNL -> results.py :: get_results_by_pattern :: Matching results: Base1 - HOB_FlagOUT
2018-12-28 10:29:31,923 :: INFO :: ZEROBNL -> results.py :: get_results_by_pattern :: Matching results: Base1 - TES_FlagOUT
2018-12-28 10:29:31,924 :: INFO :: ZEROBNL -> results.py :: get_results_by_pattern :: Matching results: Base1 - COG_FlagOUT
2018-12-28 10:29:31,977 :: INFO :: ZEROBNL -> results.py :: get_results_by_pattern :: Matching results: Base2 - COG_Tout
2018-12-28 10:29:31,978 :: INFO :: ZEROBNL -> results.py :: get_results_by_pattern :: Matching results: Base2 - COG_MDOTtoTES
2018-12-28 10:29:31,979 :: INFO :: ZEROBNL -> results.py :: get_results_by_pattern :: Matching results: Base2 - COG_MDOTtot
2018-12-28 10:29:31,980 :: INFO :: ZEROBNL -> results.py :: get_results_by_pattern :: Matching results: Base2 - COG_MDOTfromTES
2018-12-28 10:29:31,981 :: INFO :: ZEROBNL -> results.py :: get_results_by_pattern :: Matching results: Base2 - COG_TTESin
2018-12-28 10:29:32,048 :: INFO :: ZEROBNL -> results.py :: get_results_by_pattern :: Matching results: Base3 - QDH
2018-12-28 10:29:32,051 :: INFO :: ZEROBNL -> results.py :: get_results_by_pattern :: Matching results: Base3 - Tindoor
2018-12-28 10:29:32,094 :: INFO :: ZEROBNL -> results.py :: get_results_by_pattern :: Matching results: Base5 - TES_ToutD
2018-12-28 10:29:32,095 :: INFO :: ZEROBNL -> results.py :: get_results_by_pattern :: Matching results: Base5 - TES_MDOToutD
2018-12-28 10:29:32,096 :: INFO :: ZEROBNL -> results.py :: get_results_by_pattern :: Matching results: Base5 - TES_socOUT
2018-12-28 10:29:32,160 :: INFO :: ZEROBNL -> results.py :: get_results_by_pattern :: Matching results: Base6 - TdryBulb
